TN:
SF:components/atoms/ActionButton.js
FN:7,ActionButton
FNF:1
FNH:1
FNDA:32,ActionButton
DA:8,32
DA:11,32
DA:13,32
DA:43,10
LF:4
LH:4
BRDA:13,0,0,15
BRDA:13,0,1,17
BRDA:16,1,0,7
BRDA:16,1,1,8
BRDA:30,2,0,2
BRDA:30,2,1,15
BRF:6
BRH:6
end_of_record
TN:
SF:components/atoms/BenefitCardHeaderActive.js
FN:6,BenefitCardHeaderActive
FN:8,(anonymous_1)
FNF:2
FNH:2
FNDA:9,BenefitCardHeaderActive
FNDA:9,(anonymous_1)
DA:7,9
DA:8,9
DA:9,9
DA:10,2
DA:12,7
DA:16,9
LF:6
LH:6
BRDA:7,0,0,9
BRDA:7,0,1,0
BRDA:9,1,0,2
BRDA:9,1,1,7
BRDA:44,2,0,9
BRDA:44,2,1,0
BRDA:58,3,0,8
BRDA:58,3,1,1
BRF:8
BRH:6
end_of_record
TN:
SF:components/atoms/BenefitCardHeaderInactive.js
FN:6,BenefitCardHeaderInactive
FN:8,(anonymous_1)
FNF:2
FNH:2
FNDA:4,BenefitCardHeaderInactive
FNDA:4,(anonymous_1)
DA:7,4
DA:8,4
DA:9,4
DA:12,4
LF:4
LH:4
BRDA:7,0,0,4
BRDA:7,0,1,0
BRF:2
BRH:1
end_of_record
TN:
SF:components/atoms/BenefitCardHeaderPending.js
FN:6,BenefitCardHeaderPending
FN:8,(anonymous_1)
FNF:2
FNH:2
FNDA:7,BenefitCardHeaderPending
FNDA:7,(anonymous_1)
DA:7,7
DA:8,7
DA:9,7
DA:10,2
DA:12,5
DA:16,7
LF:6
LH:6
BRDA:7,0,0,7
BRDA:7,0,1,0
BRDA:9,1,0,2
BRDA:9,1,1,5
BRF:4
BRH:3
end_of_record
TN:
SF:components/atoms/BenefitDetailPart.js
FN:6,(anonymous_0)
FNF:1
FNH:1
FNDA:4,(anonymous_0)
DA:6,4
DA:7,4
DA:9,4
DA:32,4
LF:4
LH:4
BRDA:7,0,0,3
BRDA:7,0,1,1
BRDA:25,1,0,4
BRDA:25,1,1,2
BRF:4
BRH:4
end_of_record
TN:
SF:components/atoms/Breadcrumb.js
FN:7,Breadcrumb
FN:20,(anonymous_1)
FNF:2
FNH:2
FNDA:3,Breadcrumb
FNDA:1,(anonymous_1)
DA:8,3
DA:21,1
DA:41,1
LF:3
LH:3
BRDA:19,0,0,1
BRDA:19,0,1,2
BRF:2
BRH:2
end_of_record
TN:
SF:components/atoms/Card.js
FN:4,Card
FNF:1
FNH:1
FNDA:2,Card
DA:5,2
DA:23,1
LF:2
LH:2
BRF:0
BRH:0
end_of_record
TN:
SF:components/atoms/DateModified.js
FN:6,DateModified
FNF:1
FNH:1
FNDA:4,DateModified
DA:7,4
DA:15,3
DA:20,3
LF:3
LH:3
BRF:0
BRH:0
end_of_record
TN:
SF:components/atoms/HorizontalRule.js
FN:4,HorizontalRule
FNF:1
FNH:1
FNDA:73,HorizontalRule
DA:5,73
DA:6,0
DA:11,73
DA:12,0
DA:17,73
DA:18,44
DA:24,29
LF:7
LH:5
BRDA:5,0,0,0
BRDA:5,0,1,73
BRDA:5,1,0,73
BRDA:5,1,1,0
BRDA:11,2,0,0
BRDA:11,2,1,73
BRDA:17,3,0,44
BRDA:17,3,1,29
BRF:8
BRH:5
end_of_record
TN:
SF:components/atoms/Meta.js
FN:5,Meta
FN:24,(anonymous_1)
FNF:2
FNH:2
FNDA:2,Meta
FNDA:2,(anonymous_1)
DA:6,2
DA:25,2
DA:63,2
DA:69,2
LF:4
LH:4
BRDA:18,0,0,1
BRDA:18,0,1,1
BRDA:39,1,0,2
BRDA:39,1,1,1
BRF:4
BRH:4
end_of_record
TN:
SF:components/atoms/NoBenefitCardHeader.js
FN:5,BenefitCardHeaderActive
FN:9,(anonymous_1)
FNF:2
FNH:2
FNDA:8,BenefitCardHeaderActive
FNDA:16,(anonymous_1)
DA:6,8
DA:7,8
DA:9,8
DA:10,16
DA:13,8
LF:5
LH:5
BRDA:6,0,0,8
BRDA:6,0,1,0
BRF:2
BRH:1
end_of_record
TN:
SF:components/atoms/PhaseBanner.js
FN:7,PhaseBanner
FNF:1
FNH:1
FNDA:2,PhaseBanner
DA:8,2
DA:31,2
LF:2
LH:2
BRF:0
BRH:0
end_of_record
TN:
SF:components/atoms/ViewMoreLessButton.js
FN:4,ViewMoreLessButton
FNF:1
FNH:1
FNDA:14,ViewMoreLessButton
DA:5,14
DA:25,4
LF:2
LH:2
BRDA:17,0,0,1
BRDA:17,0,1,13
BRF:2
BRH:2
end_of_record
TN:
SF:components/molecules/ActiveBenefitDetails.js
FN:8,(anonymous_0)
FNF:1
FNH:1
FNDA:1,(anonymous_0)
DA:8,3
DA:9,1
DA:11,1
DA:52,3
LF:4
LH:4
BRDA:9,0,0,1
BRDA:9,0,1,0
BRDA:22,1,0,0
BRDA:22,1,1,1
BRF:4
BRH:2
end_of_record
TN:
SF:components/molecules/BenefitApplicationCard.js
FN:8,(anonymous_0)
FN:14,(anonymous_1)
FN:22,(anonymous_2)
FNF:3
FNH:3
FNDA:15,(anonymous_0)
FNDA:15,(anonymous_1)
FNDA:30,(anonymous_2)
DA:8,2
DA:9,15
DA:10,15
DA:11,15
DA:12,15
DA:14,15
DA:15,15
DA:22,15
DA:23,30
DA:28,15
DA:93,2
LF:11
LH:11
BRDA:9,0,0,15
BRDA:9,0,1,0
BRDA:16,1,0,15
BRDA:16,1,1,9
BRDA:16,1,2,14
BRDA:23,2,0,14
BRDA:23,2,1,16
BRDA:57,3,0,4
BRDA:57,3,1,11
BRF:9
BRH:8
end_of_record
TN:
SF:components/molecules/BenefitCard.js
FN:14,(anonymous_0)
FN:20,(anonymous_1)
FN:25,(anonymous_2)
FN:38,(anonymous_3)
FN:66,(anonymous_4)
FN:114,(anonymous_5)
FN:143,(anonymous_6)
FNF:7
FNH:3
FNDA:12,(anonymous_0)
FNDA:0,(anonymous_1)
FNDA:0,(anonymous_2)
FNDA:12,(anonymous_3)
FNDA:12,(anonymous_4)
FNDA:0,(anonymous_5)
FNDA:0,(anonymous_6)
DA:14,2
DA:15,12
DA:16,12
DA:17,12
DA:18,12
DA:19,12
DA:20,12
DA:21,0
DA:22,0
DA:25,12
DA:26,0
DA:27,0
DA:38,12
DA:39,12
DA:41,6
DA:48,4
DA:55,2
DA:62,0
DA:66,12
DA:67,12
DA:69,6
DA:76,4
DA:83,2
DA:89,0
DA:93,12
DA:115,0
DA:144,0
DA:145,0
DA:157,2
LF:29
LH:20
BRDA:15,0,0,12
BRDA:15,0,1,0
BRDA:21,1,0,0
BRDA:21,1,1,0
BRDA:26,2,0,0
BRDA:26,2,1,0
BRDA:26,3,0,0
BRDA:26,3,1,0
BRDA:27,4,0,0
BRDA:27,4,1,0
BRDA:39,5,0,6
BRDA:39,5,1,4
BRDA:39,5,2,2
BRDA:39,5,3,0
BRDA:67,6,0,6
BRDA:67,6,1,4
BRDA:67,6,2,2
BRDA:67,6,3,0
BRDA:107,7,0,10
BRDA:107,7,1,2
BRDA:113,8,0,2
BRDA:113,8,1,0
BRDA:130,9,0,0
BRDA:130,9,1,12
BRDA:130,10,0,12
BRDA:130,10,1,0
BRDA:137,11,0,12
BRDA:137,11,1,10
BRDA:138,12,0,12
BRDA:138,12,1,2
BRF:30
BRH:16
end_of_record
TN:
SF:components/molecules/BenefitTasks.js
FN:5,BenefitTasks
FN:22,(anonymous_1)
FNF:2
FNH:2
FNDA:19,BenefitTasks
FNDA:77,(anonymous_1)
DA:6,19
DA:7,19
DA:10,19
DA:12,19
DA:23,77
DA:39,4
LF:6
LH:6
BRDA:6,0,0,6
BRDA:6,0,1,13
BRDA:7,1,0,0
BRDA:7,1,1,19
BRDA:15,2,0,1
BRDA:15,2,1,18
BRDA:17,3,0,6
BRDA:17,3,1,12
BRF:8
BRH:7
end_of_record
TN:
SF:components/molecules/DSFooter.js
FN:3,DSFooter
FNF:1
FNH:1
FNDA:4,DSFooter
DA:4,4
LF:1
LH:1
BRF:0
BRH:0
end_of_record
TN:
SF:components/molecules/DSHeader.js
FN:5,DSHeader
FN:29,noRefCheck
FN:35,noRefCheck
FN:36,noRefCheck
FNF:4
FNH:1
FNDA:12,DSHeader
FNDA:0,noRefCheck
FNDA:0,noRefCheck
FNDA:0,noRefCheck
DA:6,12
DA:7,6
LF:2
LH:2
BRDA:6,0,0,5
BRDA:6,0,1,1
BRF:2
BRH:2
end_of_record
TN:
SF:components/molecules/Footer.js
FN:8,Footer
FN:28,(anonymous_1)
FN:54,(anonymous_2)
FNF:3
FNH:3
FNDA:2,Footer
FNDA:3,(anonymous_1)
FNDA:5,(anonymous_2)
DA:9,2
DA:29,3
DA:55,5
DA:90,2
LF:4
LH:4
BRDA:59,0,0,2
BRDA:59,0,1,3
BRF:2
BRH:2
end_of_record
TN:
SF:components/molecules/Greeting.js
FN:4,Greeting
FNF:1
FNH:1
FNDA:1,Greeting
DA:5,1
DA:7,1
LF:2
LH:2
BRDA:5,0,0,1
BRDA:5,0,1,0
BRF:2
BRH:1
end_of_record
TN:
SF:components/molecules/Header.js
FN:7,Header
FN:13,(anonymous_1)
FNF:2
FNH:2
FNDA:3,Header
FNDA:3,(anonymous_1)
DA:8,3
DA:9,3
DA:10,3
DA:12,3
DA:13,3
DA:15,3
DA:16,0
DA:20,3
DA:23,3
DA:129,2
LF:10
LH:9
BRDA:15,0,0,0
BRDA:15,0,1,3
BRDA:15,1,0,3
BRDA:15,1,1,0
BRDA:15,1,2,0
BRDA:47,2,0,2
BRDA:47,2,1,1
BRDA:52,3,0,2
BRDA:52,3,1,1
BRDA:62,4,0,3
BRDA:62,4,1,3
BRDA:63,5,0,2
BRDA:63,5,1,1
BRDA:68,6,0,2
BRDA:68,6,1,1
BRDA:70,7,0,2
BRDA:70,7,1,1
BRDA:79,8,0,3
BRDA:79,8,1,3
BRDA:80,9,0,2
BRDA:80,9,1,1
BRDA:86,10,0,2
BRDA:86,10,1,1
BRDA:88,11,0,2
BRDA:88,11,1,1
BRF:25
BRH:22
end_of_record
TN:
SF:components/molecules/Menu.js
FN:9,Menu
FN:41,(anonymous_1)
FNF:2
FNH:2
FNDA:6,Menu
FNDA:18,(anonymous_1)
DA:11,6
DA:13,6
DA:42,18
DA:44,18
DA:78,3
LF:5
LH:5
BRDA:48,0,0,12
BRDA:48,0,1,6
BRDA:48,1,0,18
BRDA:48,1,1,12
BRDA:53,2,0,15
BRDA:53,2,1,3
BRF:6
BRH:6
end_of_record
TN:
SF:components/molecules/NoBenefitCard.js
FN:9,(anonymous_0)
FN:15,(anonymous_1)
FN:20,(anonymous_2)
FN:52,(anonymous_3)
FNF:4
FNH:1
FNDA:6,(anonymous_0)
FNDA:0,(anonymous_1)
FNDA:0,(anonymous_2)
FNDA:0,(anonymous_3)
DA:9,2
DA:10,6
DA:11,6
DA:12,6
DA:13,6
DA:14,6
DA:15,6
DA:16,0
DA:17,0
DA:20,6
DA:21,0
DA:22,0
DA:33,6
DA:53,0
DA:54,0
DA:65,2
LF:16
LH:10
BRDA:10,0,0,6
BRDA:10,0,1,0
BRDA:16,1,0,0
BRDA:16,1,1,0
BRDA:21,2,0,0
BRDA:21,2,1,0
BRDA:21,3,0,0
BRDA:21,3,1,0
BRDA:22,4,0,0
BRDA:22,4,1,0
BRDA:49,5,0,6
BRDA:49,5,1,1
BRF:12
BRH:3
end_of_record
TN:
SF:components/molecules/SplashLanguageSelect.js
FN:5,SplashLanguageSelect
FNF:1
FNH:1
FNDA:3,SplashLanguageSelect
DA:6,3
LF:1
LH:1
BRF:0
BRH:0
end_of_record
TN:
SF:components/organisms/Layout.js
FN:15,Layout
FN:18,(anonymous_1)
FNF:2
FNH:2
FNDA:1,Layout
FNDA:1,(anonymous_1)
DA:16,1
DA:18,1
DA:19,1
DA:20,0
DA:34,1
DA:149,1
DA:172,1
LF:7
LH:6
BRDA:16,0,0,1
BRDA:16,0,1,0
BRDA:19,1,0,0
BRDA:19,1,1,1
BRDA:24,2,0,0
BRDA:24,2,1,0
BRDA:36,3,0,0
BRDA:36,3,1,1
BRDA:55,4,0,0
BRDA:55,4,1,1
BRDA:74,5,0,0
BRDA:74,5,1,1
BRF:12
BRH:5
end_of_record
TN:
SF:pages/400.js
FN:4,Error400
FNF:1
FNH:1
FNDA:2,Error400
DA:5,2
LF:1
LH:1
BRF:0
BRH:0
end_of_record
TN:
SF:pages/404.js
FN:4,Error404
FNF:1
FNH:1
FNDA:2,Error404
DA:5,2
LF:1
LH:1
BRF:0
BRH:0
end_of_record
TN:
SF:pages/500.js
FN:4,Error500
FNF:1
FNH:1
FNDA:2,Error500
DA:5,2
LF:1
LH:1
BRF:0
BRH:0
end_of_record
TN:
SF:pages/503.js
FN:4,Error503
FNF:1
FNH:1
FNDA:2,Error503
DA:5,2
LF:1
LH:1
BRF:0
BRH:0
end_of_record
TN:
SF:pages/_app.js
FN:4,MyApp
FNF:1
FNH:0
FNDA:0,MyApp
DA:5,0
LF:1
LH:0
BRF:0
BRH:0
end_of_record
TN:
SF:pages/_document.js
FN:4,(anonymous_0)
FN:9,(anonymous_1)
FNF:2
FNH:0
FNDA:0,(anonymous_0)
FNDA:0,(anonymous_1)
DA:5,0
DA:6,0
DA:10,0
LF:3
LH:0
BRF:0
BRH:0
end_of_record
TN:
SF:pages/dashboard.js
FN:60,Dashboard
FNF:1
FNH:1
FNDA:2,Dashboard
DA:61,2
LF:1
LH:1
BRF:0
BRH:0
end_of_record
TN:
SF:pages/index.js
FN:8,Index
FN:23,getStaticProps
FNF:2
FNH:1
FNDA:1,Index
FNDA:0,getStaticProps
DA:9,1
DA:24,0
DA:30,0
DA:37,1
LF:4
LH:2
BRF:0
BRH:0
end_of_record
TN:
SF:pages/api/metrics.js
FN:5,handler
FNF:1
FNH:0
FNDA:0,handler
DA:3,0
DA:6,0
DA:7,0
LF:3
LH:0
BRF:0
BRH:0
end_of_record
