TN:
SF:components/atoms/ActionButton.js
FN:7,ActionButton
FNF:1
FNH:1
FNDA:138,ActionButton
DA:20,138
DA:22,138
DA:52,11
LF:3
LH:3
BRDA:22,0,0,135
BRDA:22,0,1,3
BRDA:25,1,0,12
BRDA:25,1,1,123
BRDA:39,2,0,2
BRDA:39,2,1,1
BRF:6
BRH:6
end_of_record
TN:
SF:components/atoms/Breadcrumb.js
FN:7,Breadcrumb
FN:20,(anonymous_1)
FNF:2
FNH:2
FNDA:3,Breadcrumb
FNDA:1,(anonymous_1)
DA:8,3
DA:21,1
DA:41,1
LF:3
LH:3
BRDA:19,0,0,1
BRDA:19,0,1,2
BRF:2
BRH:2
end_of_record
TN:
SF:components/atoms/Card.js
FN:4,(anonymous_0)
FNF:1
FNH:1
FNDA:52,(anonymous_0)
DA:4,4
DA:12,52
DA:28,4
LF:3
LH:3
BRF:0
BRH:0
end_of_record
TN:
SF:components/atoms/ContactCard.js
FN:4,(anonymous_0)
FNF:1
FNH:1
FNDA:31,(anonymous_0)
DA:4,3
DA:13,31
DA:38,3
LF:3
LH:3
BRF:0
BRH:0
end_of_record
TN:
SF:components/atoms/DateModified.js
FN:6,DateModified
FNF:1
FNH:1
FNDA:16,DateModified
DA:7,16
DA:15,4
DA:20,4
LF:3
LH:3
BRF:0
BRH:0
end_of_record
TN:
SF:components/atoms/Meta.js
FN:4,Meta
FNF:1
FNH:1
FNDA:13,Meta
DA:5,13
DA:26,3
DA:32,3
LF:3
LH:3
BRDA:12,0,0,3
BRDA:12,0,1,10
BRF:2
BRH:2
end_of_record
TN:
SF:components/atoms/SearchBar.js
FN:8,SearchBar
FN:11,(anonymous_1)
FN:32,(anonymous_2)
FNF:3
FNH:1
FNDA:20,SearchBar
FNDA:0,(anonymous_1)
FNDA:0,(anonymous_2)
DA:9,20
DA:10,20
DA:11,20
DA:12,0
DA:15,0
DA:16,0
DA:25,20
DA:32,0
DA:62,5
LF:9
LH:5
BRDA:15,0,0,0
BRDA:15,0,1,0
BRDA:56,1,0,20
BRDA:56,1,1,2
BRF:4
BRH:2
end_of_record
TN:
SF:components/molecules/CardList.js
FN:4,(anonymous_0)
FN:5,(anonymous_1)
FNF:2
FNH:2
FNDA:14,(anonymous_0)
FNDA:50,(anonymous_1)
DA:4,3
DA:5,14
DA:6,50
DA:17,14
DA:27,3
LF:5
LH:5
BRDA:22,0,0,14
BRDA:22,0,1,0
BRF:2
BRH:1
end_of_record
TN:
SF:components/molecules/ContactUs.js
FN:4,(anonymous_0)
FN:10,(anonymous_1)
FNF:2
FNH:2
FNDA:11,(anonymous_0)
FNDA:29,(anonymous_1)
DA:4,2
DA:5,11
DA:11,29
DA:28,2
LF:4
LH:4
BRF:0
BRH:0
end_of_record
TN:
SF:components/molecules/FeatureBlock.js
FN:7,FeatureBlock
FNF:1
FNH:1
FNDA:13,FeatureBlock
DA:8,13
DA:50,2
LF:2
LH:2
BRF:0
BRH:0
end_of_record
TN:
SF:components/molecules/Footer.js
FN:8,Footer
FN:28,(anonymous_1)
FN:54,(anonymous_2)
FNF:3
FNH:3
FNDA:14,Footer
FNDA:111,(anonymous_1)
FNDA:65,(anonymous_2)
DA:9,14
DA:29,111
DA:55,65
DA:90,3
LF:4
LH:4
BRDA:59,0,0,14
BRDA:59,0,1,51
BRF:2
BRH:2
end_of_record
TN:
SF:components/molecules/Header.js
FN:6,Header
FNF:1
FNH:1
FNDA:15,Header
DA:9,15
DA:11,15
DA:114,3
LF:3
LH:3
BRDA:34,0,0,5
BRDA:34,0,1,10
BRDA:36,1,0,5
BRDA:36,1,1,10
BRDA:47,2,0,5
BRDA:47,2,1,10
BRDA:52,3,0,5
BRDA:52,3,1,10
BRDA:54,4,0,5
BRDA:54,4,1,10
BRDA:64,5,0,5
BRDA:64,5,1,10
BRDA:70,6,0,5
BRDA:70,6,1,10
BRDA:72,7,0,5
BRDA:72,7,1,10
BRF:16
BRH:16
end_of_record
TN:
SF:components/molecules/Menu.js
FN:9,Menu
FN:36,(anonymous_1)
FNF:2
FNH:2
FNDA:18,Menu
FNDA:54,(anonymous_1)
DA:11,18
DA:13,18
DA:37,54
DA:39,54
DA:73,4
LF:5
LH:5
BRDA:43,0,0,36
BRDA:43,0,1,18
BRDA:43,1,0,54
BRDA:43,1,1,36
BRDA:48,2,0,39
BRDA:48,2,1,15
BRF:6
BRH:6
end_of_record
TN:
SF:components/molecules/SearchCard.js
FN:5,SearchCard
FNF:1
FNH:1
FNDA:13,SearchCard
DA:6,13
DA:32,2
LF:2
LH:2
BRF:0
BRH:0
end_of_record
TN:
SF:components/molecules/SearchHeader.js
FN:4,SearchHeader
FNF:1
FNH:1
FNDA:6,SearchHeader
DA:5,6
DA:45,2
LF:2
LH:2
BRF:0
BRH:0
end_of_record
TN:
SF:components/molecules/ServiceCanada.js
FN:4,(anonymous_0)
FNF:1
FNH:1
FNDA:11,(anonymous_0)
DA:4,2
DA:12,11
DA:36,2
LF:3
LH:3
BRF:0
BRH:0
end_of_record
TN:
SF:components/molecules/TopTasks.js
FN:4,TopTasks
FN:12,(anonymous_1)
FNF:2
FNH:2
FNDA:11,TopTasks
FNDA:38,(anonymous_1)
DA:5,11
DA:13,38
DA:26,2
LF:3
LH:3
BRF:0
BRH:0
end_of_record
TN:
SF:components/organisms/Layout.js
FN:13,Layout
FNF:1
FNH:1
FNDA:12,Layout
DA:14,12
DA:16,12
DA:104,2
LF:3
LH:3
BRDA:14,0,0,3
BRDA:14,0,1,9
BRDA:93,1,0,0
BRDA:93,1,1,12
BRF:4
BRH:3
end_of_record
TN:
SF:pages/_app.js
FN:4,MyApp
FNF:1
FNH:0
FNDA:0,MyApp
DA:5,0
LF:1
LH:0
BRF:0
BRH:0
end_of_record
TN:
SF:pages/_document.js
FN:4,(anonymous_0)
FN:9,(anonymous_1)
FNF:2
FNH:0
FNDA:0,(anonymous_0)
FNDA:0,(anonymous_1)
DA:5,0
DA:6,0
DA:10,0
LF:3
LH:0
BRDA:13,0,0,0
BRDA:13,0,1,0
BRF:2
BRH:0
end_of_record
TN:
SF:pages/home.js
FN:17,Home
FN:126,getStaticProps
FNF:2
FNH:1
FNDA:10,Home
FNDA:0,getStaticProps
DA:18,10
DA:20,9
DA:127,0
DA:128,0
DA:129,0
DA:135,0
DA:136,0
DA:137,0
DA:138,0
DA:139,0
DA:144,0
DA:148,0
DA:150,0
DA:155,0
DA:157,0
DA:158,0
DA:161,0
LF:17
LH:2
BRDA:18,0,0,1
BRDA:18,0,1,8
BRDA:135,1,0,0
BRDA:135,1,1,0
BRDA:138,2,0,0
BRDA:138,2,1,0
BRDA:138,3,0,0
BRDA:138,3,1,0
BRF:8
BRH:2
end_of_record
TN:
SF:pages/index.js
FN:3,Splash
FNF:1
FNH:1
FNDA:1,Splash
DA:4,1
LF:1
LH:1
BRF:0
BRH:0
end_of_record
TN:
SF:pages/searchResult.js
FN:12,SearchResult
FN:55,(anonymous_1)
FN:93,getStaticProps
FNF:3
FNH:2
FNDA:3,SearchResult
FNDA:3,(anonymous_1)
FNDA:0,getStaticProps
DA:13,3
DA:14,3
DA:15,3
DA:16,3
DA:55,3
DA:56,3
DA:57,0
DA:61,3
DA:94,0
DA:95,0
DA:101,0
DA:102,0
DA:103,0
DA:104,0
DA:105,0
DA:111,0
DA:113,0
DA:114,0
DA:117,0
LF:19
LH:7
BRDA:13,0,0,2
BRDA:13,0,1,1
BRDA:56,1,0,0
BRDA:56,1,1,3
BRDA:66,2,0,3
BRDA:66,2,1,0
BRDA:86,3,0,0
BRDA:86,3,1,3
BRDA:101,4,0,0
BRDA:101,4,1,0
BRDA:104,5,0,0
BRDA:104,5,1,0
BRDA:104,6,0,0
BRDA:104,6,1,0
BRF:14
BRH:5
end_of_record
TN:
SF:pages/api/getData.js
FN:8,getLocalBenefits
FN:21,getBenefitsAndServices
FN:29,getAEMFragment
FN:37,getAEMElements
FNF:4
FNH:0
FNDA:0,getLocalBenefits
FNDA:0,getBenefitsAndServices
FNDA:0,getAEMFragment
FNDA:0,getAEMElements
DA:14,0
DA:22,0
DA:23,0
DA:24,0
DA:26,0
DA:30,0
DA:31,0
DA:32,0
DA:34,0
DA:38,0
DA:39,0
DA:41,0
LF:12
LH:0
BRDA:23,0,0,0
BRDA:23,0,1,0
BRDA:24,1,0,0
BRDA:24,1,1,0
BRDA:31,2,0,0
BRDA:31,2,1,0
BRDA:32,3,0,0
BRDA:32,3,1,0
BRF:8
BRH:0
end_of_record
TN:
SF:pages/api/hello.js
FN:3,handler
FNF:1
FNH:0
FNDA:0,handler
DA:4,0
LF:1
LH:0
BRF:0
BRH:0
end_of_record
TN:
SF:pages/api/metrics.js
FN:5,handler
FNF:1
FNH:0
FNDA:0,handler
DA:3,0
DA:6,0
DA:7,0
LF:3
LH:0
BRF:0
BRH:0
end_of_record
