TN:
SF:components/atoms/ActionButton.js
FN:7,ActionButton
FNF:1
FNH:1
FNDA:58,ActionButton
DA:8,58
DA:11,58
DA:13,58
DA:43,11
LF:4
LH:4
BRDA:13,0,0,15
BRDA:13,0,1,43
BRDA:16,1,0,7
BRDA:16,1,1,8
BRDA:30,2,0,2
BRDA:30,2,1,41
BRF:6
BRH:6
end_of_record
TN:
SF:components/atoms/BenefitCardHeaderActive.js
FN:12,BenefitCardHeaderActive
FN:14,(anonymous_1)
FN:22,(anonymous_2)
FN:28,(anonymous_3)
FN:40,(anonymous_4)
FN:43,(anonymous_5)
FN:56,(anonymous_6)
FNF:7
FNH:4
FNDA:17,BenefitCardHeaderActive
FNDA:17,(anonymous_1)
FNDA:0,(anonymous_2)
FNDA:0,(anonymous_3)
FNDA:0,(anonymous_4)
FNDA:17,(anonymous_5)
FNDA:17,(anonymous_6)
DA:13,17
DA:14,17
DA:15,17
DA:16,4
DA:17,13
DA:21,0
DA:22,0
DA:24,13
DA:28,17
DA:30,0
DA:31,0
DA:32,0
DA:36,0
DA:38,0
DA:40,0
DA:43,17
DA:44,17
DA:45,0
DA:46,17
DA:50,0
DA:52,17
DA:56,17
DA:57,17
DA:58,0
DA:59,17
DA:63,0
DA:65,17
DA:69,17
LF:28
LH:16
BRDA:13,0,0,5
BRDA:13,0,1,12
BRDA:15,1,0,4
BRDA:15,1,1,13
BRDA:17,2,0,0
BRDA:17,2,1,13
BRDA:18,3,0,13
BRDA:18,3,1,7
BRDA:30,4,0,0
BRDA:30,4,1,0
BRDA:30,5,0,0
BRDA:30,5,1,0
BRDA:32,6,0,0
BRDA:32,6,1,0
BRDA:33,7,0,0
BRDA:33,7,1,0
BRDA:44,8,0,0
BRDA:44,8,1,17
BRDA:44,9,0,17
BRDA:44,9,1,7
BRDA:46,10,0,0
BRDA:46,10,1,17
BRDA:47,11,0,17
BRDA:47,11,1,3
BRDA:57,12,0,0
BRDA:57,12,1,17
BRDA:57,13,0,17
BRDA:57,13,1,7
BRDA:59,14,0,0
BRDA:59,14,1,17
BRDA:60,15,0,17
BRDA:60,15,1,3
BRDA:102,16,0,14
BRDA:102,16,1,3
BRF:34
BRH:21
end_of_record
TN:
SF:components/atoms/BenefitCardHeaderActiveAgreement.js
FN:7,BenefitCardHeaderActiveAgreement
FN:9,(anonymous_1)
FNF:2
FNH:2
FNDA:4,BenefitCardHeaderActiveAgreement
FNDA:4,(anonymous_1)
DA:8,4
DA:9,4
DA:10,4
DA:11,0
DA:13,4
DA:17,4
LF:6
LH:5
BRDA:8,0,0,1
BRDA:8,0,1,3
BRDA:10,1,0,0
BRDA:10,1,1,4
BRF:4
BRH:3
end_of_record
TN:
SF:components/atoms/BenefitCardHeaderInactive.js
FN:7,BenefitCardHeaderInactive
FN:9,(anonymous_1)
FNF:2
FNH:2
FNDA:8,BenefitCardHeaderInactive
FNDA:8,(anonymous_1)
DA:8,8
DA:9,8
DA:10,8
DA:13,8
LF:4
LH:4
BRDA:8,0,0,2
BRDA:8,0,1,6
BRF:2
BRH:2
end_of_record
TN:
SF:components/atoms/BenefitCardHeaderPending.js
FN:7,BenefitCardHeaderPending
FN:9,(anonymous_1)
FNF:2
FNH:2
FNDA:15,BenefitCardHeaderPending
FNDA:15,(anonymous_1)
DA:8,15
DA:9,15
DA:10,15
DA:11,4
DA:13,11
DA:17,15
LF:6
LH:6
BRDA:8,0,0,3
BRDA:8,0,1,12
BRDA:10,1,0,4
BRDA:10,1,1,11
BRF:4
BRH:4
end_of_record
TN:
SF:components/atoms/Breadcrumb.js
FN:7,Breadcrumb
FN:20,(anonymous_1)
FNF:2
FNH:2
FNDA:3,Breadcrumb
FNDA:1,(anonymous_1)
DA:8,3
DA:21,1
DA:41,1
LF:3
LH:3
BRDA:19,0,0,1
BRDA:19,0,1,2
BRF:2
BRH:2
end_of_record
TN:
SF:components/atoms/Card.js
FN:4,Card
FNF:1
FNH:1
FNDA:2,Card
DA:5,2
DA:23,1
LF:2
LH:2
BRF:0
BRH:0
end_of_record
TN:
SF:components/atoms/DateModified.js
FN:6,DateModified
FNF:1
FNH:1
FNDA:4,DateModified
DA:7,4
DA:15,3
DA:20,3
LF:3
LH:3
BRF:0
BRH:0
end_of_record
TN:
SF:components/atoms/HorizontalRule.js
FN:4,HorizontalRule
FNF:1
FNH:1
FNDA:170,HorizontalRule
DA:5,170
DA:6,0
DA:11,170
DA:12,0
DA:17,170
DA:18,94
DA:24,76
LF:7
LH:5
BRDA:5,0,0,0
BRDA:5,0,1,170
BRDA:5,1,0,170
BRDA:5,1,1,0
BRDA:11,2,0,0
BRDA:11,2,1,170
BRDA:17,3,0,94
BRDA:17,3,1,76
BRF:8
BRH:5
end_of_record
TN:
SF:components/atoms/Meta.js
FN:5,Meta
FN:24,(anonymous_1)
FNF:2
FNH:2
FNDA:1,Meta
FNDA:2,(anonymous_1)
DA:6,1
DA:25,2
DA:63,2
DA:69,2
LF:4
LH:4
BRDA:18,0,0,1
BRDA:18,0,1,0
BRDA:39,1,0,1
BRDA:39,1,1,1
BRF:4
BRH:3
end_of_record
TN:
SF:components/atoms/NoBenefitCardHeader.js
FN:5,BenefitCardHeaderActive
FN:9,(anonymous_1)
FNF:2
FNH:2
FNDA:16,BenefitCardHeaderActive
FNDA:32,(anonymous_1)
DA:6,16
DA:7,16
DA:9,16
DA:10,32
DA:13,16
LF:5
LH:5
BRDA:6,0,0,4
BRDA:6,0,1,12
BRF:2
BRH:2
end_of_record
TN:
SF:components/atoms/PhaseBanner.js
FN:7,PhaseBanner
FNF:1
FNH:1
FNDA:2,PhaseBanner
DA:8,2
DA:31,2
LF:2
LH:2
BRF:0
BRH:0
end_of_record
TN:
SF:components/atoms/ProfileInfoSection.js
FN:6,ProfileInfoSection
FN:15,(anonymous_1)
FN:32,(anonymous_2)
FNF:3
FNH:3
FNDA:8,ProfileInfoSection
FNDA:22,(anonymous_1)
FNDA:36,(anonymous_2)
DA:7,8
DA:8,8
DA:16,22
DA:33,36
DA:44,3
LF:5
LH:5
BRDA:7,0,0,0
BRDA:7,0,1,8
BRDA:20,1,0,0
BRDA:20,1,1,22
BRF:4
BRH:2
end_of_record
TN:
SF:components/atoms/StatusBadge.js
FN:10,StatusBadge
FNF:1
FNH:1
FNDA:49,StatusBadge
DA:11,49
DA:12,49
DA:34,7
LF:3
LH:3
BRDA:11,0,0,11
BRDA:11,0,1,38
BRDA:19,1,0,17
BRDA:19,1,1,32
BRDA:21,2,0,0
BRDA:21,2,1,32
BRDA:23,3,0,15
BRDA:23,3,1,17
BRDA:28,4,0,49
BRDA:28,4,1,9
BRF:10
BRH:9
end_of_record
TN:
SF:components/atoms/TabList.js
FN:7,TabList
FN:8,(anonymous_1)
FN:9,(anonymous_2)
FN:15,(anonymous_3)
FN:30,(anonymous_4)
FNF:5
FNH:3
FNDA:4,TabList
FNDA:4,(anonymous_1)
FNDA:9,(anonymous_2)
FNDA:0,(anonymous_3)
FNDA:0,(anonymous_4)
DA:8,4
DA:9,4
DA:10,9
DA:16,0
DA:17,0
DA:30,0
DA:37,4
DA:44,2
LF:8
LH:5
BRDA:16,0,0,0
BRDA:16,0,1,0
BRDA:25,1,0,4
BRDA:25,1,1,5
BRF:4
BRH:2
end_of_record
TN:
SF:components/atoms/ViewMoreLessButton.js
FN:4,ViewMoreLessButton
FNF:1
FNH:1
FNDA:42,ViewMoreLessButton
DA:5,42
DA:25,5
LF:2
LH:2
BRDA:17,0,0,1
BRDA:17,0,1,39
BRF:2
BRH:2
end_of_record
TN:
SF:components/molecules/BenefitApplicationCard.js
FN:8,(anonymous_0)
FN:14,(anonymous_1)
FN:22,(anonymous_2)
FNF:3
FNH:3
FNDA:33,(anonymous_0)
FNDA:33,(anonymous_1)
FNDA:66,(anonymous_2)
DA:8,2
DA:9,33
DA:10,33
DA:11,33
DA:12,33
DA:14,33
DA:15,33
DA:22,33
DA:23,66
DA:28,33
DA:93,2
LF:11
LH:11
BRDA:9,0,0,3
BRDA:9,0,1,30
BRDA:16,1,0,33
BRDA:16,1,1,7
BRDA:16,1,2,27
BRDA:23,2,0,64
BRDA:23,2,1,2
BRDA:57,3,0,14
BRDA:57,3,1,19
BRF:9
BRH:9
end_of_record
TN:
SF:components/molecules/BenefitCard.js
FN:16,(anonymous_0)
FN:22,(anonymous_1)
FN:27,(anonymous_2)
FN:42,(anonymous_3)
FN:45,(anonymous_4)
FN:58,(anonymous_5)
FN:95,(anonymous_6)
FN:150,(anonymous_7)
FN:172,(anonymous_8)
FNF:9
FNH:4
FNDA:35,(anonymous_0)
FNDA:0,(anonymous_1)
FNDA:28,(anonymous_2)
FNDA:0,(anonymous_3)
FNDA:0,(anonymous_4)
FNDA:35,(anonymous_5)
FNDA:67,(anonymous_6)
FNDA:0,(anonymous_7)
FNDA:0,(anonymous_8)
DA:16,2
DA:17,35
DA:18,35
DA:19,35
DA:20,35
DA:21,35
DA:22,35
DA:23,0
DA:24,0
DA:27,35
DA:29,28
DA:31,0
DA:32,28
DA:37,0
DA:40,28
DA:42,0
DA:45,35
DA:46,0
DA:47,0
DA:58,35
DA:59,35
DA:61,14
DA:70,12
DA:77,6
DA:84,3
DA:91,0
DA:95,35
DA:96,67
DA:98,28
DA:105,24
DA:112,12
DA:118,3
DA:122,35
DA:151,0
DA:173,0
DA:174,0
DA:186,2
LF:37
LH:26
BRDA:17,0,0,2
BRDA:17,0,1,33
BRDA:23,1,0,0
BRDA:23,1,1,0
BRDA:29,2,0,0
BRDA:29,2,1,28
BRDA:29,3,0,28
BRDA:29,3,1,10
BRDA:32,4,0,0
BRDA:32,4,1,28
BRDA:33,5,0,28
BRDA:33,5,1,6
BRDA:46,6,0,0
BRDA:46,6,1,0
BRDA:46,7,0,0
BRDA:46,7,1,0
BRDA:47,8,0,0
BRDA:47,8,1,0
BRDA:59,9,0,14
BRDA:59,9,1,12
BRDA:59,9,2,6
BRDA:59,9,3,3
BRDA:59,9,4,0
BRDA:96,10,0,28
BRDA:96,10,1,24
BRDA:96,10,2,12
BRDA:96,10,3,3
BRDA:129,11,0,32
BRDA:129,11,1,3
BRDA:141,12,0,12
BRDA:141,12,1,23
BRDA:143,13,0,23
BRDA:143,13,1,12
BRDA:149,14,0,12
BRDA:149,14,1,0
BRDA:166,15,0,35
BRDA:166,15,1,29
BRDA:167,16,0,35
BRDA:167,16,1,6
BRF:39
BRH:27
end_of_record
TN:
SF:components/molecules/BenefitCardHeaderSummary.js
FN:7,BenefitCardHeaderSummary
FN:11,(anonymous_1)
FN:36,(anonymous_2)
FNF:3
FNH:3
FNDA:1,BenefitCardHeaderSummary
FNDA:1,(anonymous_1)
FNDA:1,(anonymous_2)
DA:8,1
DA:9,1
DA:11,1
DA:12,1
DA:14,1
DA:19,0
DA:23,0
DA:24,0
DA:26,0
DA:27,0
DA:31,1
DA:36,1
DA:48,3
LF:13
LH:8
BRDA:8,0,0,1
BRDA:8,0,1,0
BRDA:12,1,0,1
BRDA:12,1,1,0
BRDA:12,1,2,0
BRDA:12,1,3,0
BRDA:12,1,4,0
BRDA:35,2,0,1
BRDA:35,2,1,1
BRDA:36,3,0,0
BRDA:36,3,1,1
BRF:11
BRH:5
end_of_record
TN:
SF:components/molecules/BenefitTasks.js
FN:5,BenefitTasks
FN:22,(anonymous_1)
FNF:2
FNH:2
FNDA:40,BenefitTasks
FNDA:175,(anonymous_1)
DA:6,40
DA:7,40
DA:10,40
DA:12,40
DA:23,175
DA:39,5
LF:6
LH:6
BRDA:6,0,0,5
BRDA:6,0,1,35
BRDA:7,1,0,0
BRDA:7,1,1,40
BRDA:15,2,0,1
BRDA:15,2,1,39
BRDA:17,3,0,14
BRDA:17,3,1,25
BRF:8
BRH:7
end_of_record
TN:
SF:components/molecules/DSFooter.js
FN:3,DSFooter
FNF:1
FNH:1
FNDA:2,DSFooter
DA:4,2
LF:1
LH:1
BRF:0
BRH:0
end_of_record
TN:
SF:components/molecules/DSHeader.js
FN:6,DSHeader
FN:32,(anonymous_1)
FN:38,noRefCheck
FN:39,noRefCheck
FNF:4
FNH:1
FNDA:2,DSHeader
FNDA:0,(anonymous_1)
FNDA:0,noRefCheck
FNDA:0,noRefCheck
DA:7,2
DA:8,1
DA:18,1
DA:32,0
LF:4
LH:3
BRDA:7,0,0,0
BRDA:7,0,1,1
BRDA:24,1,0,0
BRDA:24,1,1,1
BRF:4
BRH:2
end_of_record
TN:
SF:components/molecules/Footer.js
FN:8,Footer
FN:28,(anonymous_1)
FN:54,(anonymous_2)
FNF:3
FNH:3
FNDA:2,Footer
FNDA:3,(anonymous_1)
FNDA:5,(anonymous_2)
DA:9,2
DA:29,3
DA:55,5
DA:90,2
LF:4
LH:4
BRDA:59,0,0,2
BRDA:59,0,1,3
BRF:2
BRH:2
end_of_record
TN:
SF:components/molecules/Greeting.js
FN:5,Greeting
FNF:1
FNH:1
FNDA:3,Greeting
DA:6,3
DA:8,3
LF:2
LH:2
BRDA:6,0,0,0
BRDA:6,0,1,3
BRF:2
BRH:1
end_of_record
TN:
SF:components/molecules/Header.js
FN:7,Header
FN:13,(anonymous_1)
FNF:2
FNH:2
FNDA:3,Header
FNDA:3,(anonymous_1)
DA:8,3
DA:9,3
DA:10,3
DA:12,3
DA:13,3
DA:15,3
DA:16,0
DA:20,3
DA:23,3
DA:129,1
LF:10
LH:9
BRDA:15,0,0,0
BRDA:15,0,1,3
BRDA:15,1,0,3
BRDA:15,1,1,0
BRDA:15,1,2,0
BRDA:47,2,0,2
BRDA:47,2,1,1
BRDA:52,3,0,2
BRDA:52,3,1,1
BRDA:62,4,0,3
BRDA:62,4,1,3
BRDA:63,5,0,2
BRDA:63,5,1,1
BRDA:68,6,0,2
BRDA:68,6,1,1
BRDA:70,7,0,2
BRDA:70,7,1,1
BRDA:79,8,0,3
BRDA:79,8,1,3
BRDA:80,9,0,2
BRDA:80,9,1,1
BRDA:86,10,0,2
BRDA:86,10,1,1
BRDA:88,11,0,2
BRDA:88,11,1,1
BRF:25
BRH:22
end_of_record
TN:
SF:components/molecules/Menu.js
FN:9,Menu
FN:41,(anonymous_1)
FNF:2
FNH:2
FNDA:6,Menu
FNDA:18,(anonymous_1)
DA:11,6
DA:13,6
DA:42,18
DA:44,18
DA:78,2
LF:5
LH:5
BRDA:48,0,0,12
BRDA:48,0,1,6
BRDA:48,1,0,18
BRDA:48,1,1,12
BRDA:53,2,0,15
BRDA:53,2,1,3
BRF:6
BRH:6
end_of_record
TN:
SF:components/molecules/NoBenefitCard.js
FN:9,(anonymous_0)
FN:15,(anonymous_1)
FN:20,(anonymous_2)
FN:52,(anonymous_3)
FNF:4
FNH:1
FNDA:14,(anonymous_0)
FNDA:0,(anonymous_1)
FNDA:0,(anonymous_2)
FNDA:0,(anonymous_3)
DA:9,2
DA:10,14
DA:11,14
DA:12,14
DA:13,14
DA:14,14
DA:15,14
DA:16,0
DA:17,0
DA:20,14
DA:21,0
DA:22,0
DA:33,14
DA:53,0
DA:54,0
DA:65,2
LF:16
LH:10
BRDA:10,0,0,2
BRDA:10,0,1,12
BRDA:16,1,0,0
BRDA:16,1,1,0
BRDA:21,2,0,0
BRDA:21,2,1,0
BRDA:21,3,0,0
BRDA:21,3,1,0
BRDA:22,4,0,0
BRDA:22,4,1,0
BRDA:49,5,0,14
BRDA:49,5,1,3
BRF:12
BRH:4
end_of_record
TN:
SF:components/molecules/ProfileInfo.js
FN:4,ProfileInfo
FN:7,(anonymous_1)
FNF:2
FNH:2
FNDA:3,ProfileInfo
FNDA:6,(anonymous_1)
DA:5,3
DA:8,6
DA:19,2
LF:3
LH:3
BRF:0
BRH:0
end_of_record
TN:
SF:components/molecules/SplashLanguageSelect.js
FN:5,SplashLanguageSelect
FNF:1
FNH:1
FNDA:3,SplashLanguageSelect
DA:6,3
LF:1
LH:1
BRF:0
BRH:0
end_of_record
TN:
SF:components/molecules/UniversalBenefitCard.js
FN:11,UniversalBenefitCard
FN:38,(anonymous_1)
FN:55,(anonymous_2)
FN:73,(anonymous_3)
FNF:4
FNH:1
FNDA:9,UniversalBenefitCard
FNDA:0,(anonymous_1)
FNDA:0,(anonymous_2)
FNDA:0,(anonymous_3)
DA:12,9
DA:13,5
DA:15,5
DA:20,5
DA:21,5
DA:22,5
DA:39,0
DA:56,0
DA:57,0
DA:58,0
DA:62,0
DA:74,0
DA:92,2
LF:13
LH:7
BRDA:12,0,0,1
BRDA:12,0,1,4
BRDA:35,1,0,5
BRDA:35,1,1,0
BRDA:35,2,0,5
BRDA:35,2,1,0
BRDA:57,3,0,0
BRDA:57,3,1,0
BRDA:68,4,0,5
BRDA:68,4,1,0
BRDA:68,5,0,5
BRDA:68,5,1,0
BRDA:71,6,0,0
BRDA:71,6,1,0
BRF:14
BRH:6
end_of_record
TN:
SF:components/organisms/DashboardUtils.js
FN:7,getProgramBenefit
FN:8,(anonymous_1)
FN:16,getBenefitCode
FN:17,(anonymous_3)
FN:25,getBenefitType
FN:26,(anonymous_5)
FN:34,formatDate
FNF:7
FNH:0
FNDA:0,getProgramBenefit
FNDA:0,(anonymous_1)
FNDA:0,getBenefitCode
FNDA:0,(anonymous_3)
FNDA:0,getBenefitType
FNDA:0,(anonymous_5)
FNDA:0,formatDate
DA:8,0
DA:9,0
DA:10,0
DA:13,0
DA:17,0
DA:18,0
DA:19,0
DA:22,0
DA:26,0
DA:27,0
DA:28,0
DA:31,0
DA:35,0
DA:36,0
LF:14
LH:0
BRDA:9,0,0,0
BRDA:9,0,1,0
BRDA:18,1,0,0
BRDA:18,1,1,0
BRDA:27,2,0,0
BRDA:27,2,1,0
BRF:6
BRH:0
end_of_record
TN:
SF:components/organisms/Layout.js
FN:17,Layout
FN:22,(anonymous_1)
FNF:2
FNH:0
FNDA:0,Layout
FNDA:0,(anonymous_1)
DA:18,0
DA:20,0
DA:22,0
DA:23,0
DA:24,0
DA:38,0
DA:167,1
DA:205,1
LF:8
LH:2
BRDA:18,0,0,0
BRDA:18,0,1,0
BRDA:20,1,0,0
BRDA:20,1,1,0
BRDA:23,2,0,0
BRDA:23,2,1,0
BRDA:28,3,0,0
BRDA:28,3,1,0
BRDA:40,4,0,0
BRDA:40,4,1,0
BRDA:59,5,0,0
BRDA:59,5,1,0
BRDA:71,6,0,0
BRDA:71,6,1,0
BRDA:83,7,0,0
BRDA:83,7,1,0
BRDA:90,8,0,0
BRDA:90,8,1,0
BRDA:92,9,0,0
BRDA:92,9,1,0
BRF:20
BRH:0
end_of_record
TN:
SF:pages/400.js
FN:3,Error400
FN:15,getStaticProps
FNF:2
FNH:1
FNDA:2,Error400
FNDA:0,getStaticProps
DA:4,2
DA:5,1
DA:16,0
DA:17,0
DA:22,0
DA:25,0
LF:6
LH:2
BRDA:4,0,0,0
BRDA:4,0,1,1
BRDA:16,1,0,0
BRDA:16,1,1,0
BRF:4
BRH:1
end_of_record
TN:
SF:pages/404.js
FN:3,Error404
FN:15,getStaticProps
FNF:2
FNH:1
FNDA:2,Error404
FNDA:0,getStaticProps
DA:4,2
DA:5,1
DA:16,0
DA:17,0
DA:22,0
DA:25,0
LF:6
LH:2
BRDA:4,0,0,0
BRDA:4,0,1,1
BRDA:16,1,0,0
BRDA:16,1,1,0
BRF:4
BRH:1
end_of_record
TN:
SF:pages/500.js
FN:3,Error500
FN:15,getStaticProps
FNF:2
FNH:1
FNDA:2,Error500
FNDA:0,getStaticProps
DA:4,2
DA:5,1
DA:16,0
DA:17,0
DA:22,0
DA:25,0
LF:6
LH:2
BRDA:4,0,0,0
BRDA:4,0,1,1
BRDA:16,1,0,0
BRDA:16,1,1,0
BRF:4
BRH:1
end_of_record
TN:
SF:pages/503.js
FN:3,Error503
FN:15,getStaticProps
FNF:2
FNH:1
FNDA:2,Error503
FNDA:0,getStaticProps
DA:4,2
DA:5,1
DA:16,0
DA:17,0
DA:22,0
DA:25,0
LF:6
LH:2
BRDA:4,0,0,0
BRDA:4,0,1,1
BRDA:16,1,0,0
BRDA:16,1,1,0
BRF:4
BRH:1
end_of_record
TN:
SF:pages/_app.js
FN:5,MyApp
FNF:1
FNH:0
FNDA:0,MyApp
DA:6,0
LF:1
LH:0
BRF:0
BRH:0
end_of_record
TN:
SF:pages/_document.js
FN:4,(anonymous_0)
FN:9,(anonymous_1)
FNF:2
FNH:0
FNDA:0,(anonymous_0)
FNDA:0,(anonymous_1)
DA:5,0
DA:6,0
DA:10,0
LF:3
LH:0
BRF:0
BRH:0
end_of_record
TN:
SF:pages/dashboard.js
FN:67,Dashboard
FN:79,(anonymous_1)
FN:125,(anonymous_2)
FN:126,(anonymous_3)
FN:133,(anonymous_4)
FN:134,FetchProgramData
FN:137,(anonymous_6)
FN:138,(anonymous_7)
FN:144,(anonymous_8)
FN:147,(anonymous_9)
FN:163,(anonymous_10)
FN:239,(anonymous_11)
FN:251,(anonymous_12)
FN:286,getServerSideProps
FN:325,BuildAdvertisingCards
FN:354,CheckAllBenefitsForAdvertising
FN:358,(anonymous_16)
FN:361,(anonymous_17)
FN:368,(anonymous_18)
FNF:19
FNH:13
FNDA:5,Dashboard
FNDA:3,(anonymous_1)
FNDA:0,(anonymous_2)
FNDA:0,(anonymous_3)
FNDA:3,(anonymous_4)
FNDA:6,FetchProgramData
FNDA:3,(anonymous_6)
FNDA:3,(anonymous_7)
FNDA:0,(anonymous_8)
FNDA:3,(anonymous_9)
FNDA:7,(anonymous_10)
FNDA:20,(anonymous_11)
FNDA:20,(anonymous_12)
FNDA:0,getServerSideProps
FNDA:0,BuildAdvertisingCards
FNDA:12,CheckAllBenefitsForAdvertising
FNDA:12,(anonymous_16)
FNDA:12,(anonymous_17)
FNDA:0,(anonymous_18)
DA:68,5
DA:71,4
DA:72,4
DA:73,4
DA:75,4
DA:76,4
DA:78,4
DA:81,3
DA:82,3
DA:83,3
DA:91,0
DA:93,3
DA:100,0
DA:102,3
DA:109,0
DA:111,3
DA:119,0
DA:124,3
DA:126,0
DA:133,4
DA:135,6
DA:136,3
DA:137,3
DA:139,3
DA:140,3
DA:141,3
DA:142,3
DA:145,0
DA:147,3
DA:151,3
DA:152,3
DA:155,4
DA:164,7
DA:240,20
DA:252,20
DA:287,0
DA:289,0
DA:293,0
DA:294,0
DA:296,0
DA:297,0
DA:306,0
DA:312,0
DA:314,0
DA:327,0
DA:329,0
DA:330,0
DA:331,0
DA:332,0
DA:333,0
DA:334,0
DA:335,0
DA:338,0
DA:341,0
DA:342,0
DA:343,0
DA:344,0
DA:346,0
DA:356,12
DA:358,12
DA:360,6
DA:361,12
DA:364,12
DA:368,0
LF:64
LH:34
BRDA:82,0,0,3
BRDA:82,0,1,0
BRDA:82,1,0,3
BRDA:82,1,1,3
BRDA:83,2,0,0
BRDA:83,2,1,3
BRDA:93,3,0,0
BRDA:93,3,1,3
BRDA:102,4,0,0
BRDA:102,4,1,3
BRDA:111,5,0,0
BRDA:111,5,1,3
BRDA:124,6,0,0
BRDA:124,6,1,3
BRDA:135,7,0,3
BRDA:135,7,1,3
BRDA:160,8,0,2
BRDA:160,8,1,2
BRDA:160,9,0,4
BRDA:160,9,1,3
BRDA:161,10,0,1
BRDA:161,10,1,3
BRDA:161,11,0,4
BRDA:161,11,1,4
BRDA:289,12,0,0
BRDA:289,12,1,0
BRDA:290,13,0,0
BRDA:290,13,1,0
BRDA:294,14,0,0
BRDA:294,14,1,0
BRDA:296,15,0,0
BRDA:296,15,1,0
BRDA:312,16,0,0
BRDA:312,16,1,0
BRDA:356,17,0,6
BRDA:356,17,1,6
BRDA:361,18,0,12
BRDA:361,18,1,0
BRDA:364,19,0,12
BRDA:364,19,1,0
BRF:40
BRH:22
end_of_record
TN:
SF:pages/index.js
FN:4,Index
FN:12,getStaticProps
FNF:2
FNH:1
FNDA:1,Index
FNDA:0,getStaticProps
DA:5,1
DA:13,0
DA:18,0
DA:24,0
DA:33,1
LF:5
LH:2
BRF:0
BRH:0
end_of_record
TN:
SF:pages/profile.js
FN:8,Profile
FN:94,(anonymous_1)
FN:110,(anonymous_2)
FN:138,getStaticProps
FNF:4
FNH:1
FNDA:1,Profile
FNDA:0,(anonymous_1)
FNDA:0,(anonymous_2)
FNDA:0,getStaticProps
DA:9,1
DA:10,1
DA:11,1
DA:12,1
DA:37,1
DA:55,1
DA:87,1
DA:94,0
DA:110,0
DA:139,0
DA:140,0
DA:142,0
DA:148,0
DA:155,0
LF:14
LH:7
BRDA:9,0,0,0
BRDA:9,0,1,1
BRDA:106,1,0,1
BRDA:106,1,1,0
BRDA:125,2,0,0
BRDA:125,2,1,0
BRDA:139,3,0,0
BRDA:139,3,1,0
BRDA:140,4,0,0
BRDA:140,4,1,0
BRF:10
BRH:2
end_of_record
TN:
SF:pages/api/metrics.js
FN:5,handler
FNF:1
FNH:0
FNDA:0,handler
DA:3,0
DA:6,0
DA:7,0
LF:3
LH:0
BRF:0
BRH:0
end_of_record
TN:
SF:pages/api/auth/[...nextauth].js
FN:23,(anonymous_0)
FN:36,(anonymous_1)
FNF:2
FNH:0
FNDA:0,(anonymous_0)
FNDA:0,(anonymous_1)
DA:24,0
DA:37,0
DA:38,0
LF:3
LH:0
BRF:0
BRH:0
end_of_record
TN:
SF:pages/api/programData/cpp.js
FN:3,handler
FNF:1
FNH:0
FNDA:0,handler
DA:4,0
DA:5,0
DA:6,0
DA:11,0
DA:14,0
DA:16,0
DA:17,0
DA:20,0
DA:22,0
LF:9
LH:0
BRDA:4,0,0,0
BRDA:4,0,1,0
BRF:2
BRH:0
end_of_record
TN:
SF:pages/api/programData/ei.js
FN:3,handler
FNF:1
FNH:0
FNDA:0,handler
DA:4,0
DA:5,0
DA:6,0
DA:11,0
DA:14,0
DA:16,0
DA:17,0
DA:20,0
DA:22,0
LF:9
LH:0
BRDA:4,0,0,0
BRDA:4,0,1,0
BRF:2
BRH:0
end_of_record
