TN:
SF:components/atoms/ActionButton.js
FN:7,ActionButton
FNF:1
FNH:1
FNDA:122,ActionButton
DA:8,122
DA:11,122
DA:13,122
DA:43,14
LF:4
LH:4
BRDA:13,0,0,119
BRDA:13,0,1,3
BRDA:16,1,0,18
BRDA:16,1,1,101
BRDA:30,2,0,2
BRDA:30,2,1,1
BRF:6
BRH:6
end_of_record
TN:
SF:components/atoms/BenefitCardHeaderActive.js
FN:6,BenefitCardHeaderActive
FNF:1
FNH:1
FNDA:6,BenefitCardHeaderActive
DA:7,6
DA:9,6
LF:2
LH:2
BRDA:7,0,0,6
BRDA:7,0,1,0
BRF:2
BRH:1
end_of_record
TN:
SF:components/atoms/BenefitCardHeaderPending.js
FN:5,BenefitCardHeaderPending
FNF:1
FNH:1
FNDA:3,BenefitCardHeaderPending
DA:6,3
DA:8,3
LF:2
LH:2
BRDA:6,0,0,2
BRDA:6,0,1,1
BRF:2
BRH:2
end_of_record
TN:
SF:components/atoms/Breadcrumb.js
FN:7,Breadcrumb
FN:20,(anonymous_1)
FNF:2
FNH:2
FNDA:3,Breadcrumb
FNDA:1,(anonymous_1)
DA:8,3
DA:21,1
DA:41,1
LF:3
LH:3
BRDA:19,0,0,1
BRDA:19,0,1,2
BRF:2
BRH:2
end_of_record
TN:
SF:components/atoms/Card.js
FN:4,Card
FNF:1
FNH:1
FNDA:30,Card
DA:5,30
DA:23,5
LF:2
LH:2
BRF:0
BRH:0
end_of_record
TN:
SF:components/atoms/CircleProgressBar.js
FN:6,CircleProgressBar
FNF:1
FNH:1
FNDA:8,CircleProgressBar
DA:7,8
DA:9,8
DA:29,4
LF:3
LH:3
BRF:0
BRH:0
end_of_record
TN:
SF:components/atoms/ContactCard.js
FN:4,ContactCard
FNF:1
FNH:1
FNDA:31,ContactCard
DA:5,31
DA:32,3
LF:2
LH:2
BRF:0
BRH:0
end_of_record
TN:
SF:components/atoms/DateModified.js
FN:6,DateModified
FNF:1
FNH:1
FNDA:16,DateModified
DA:7,16
DA:15,5
DA:20,5
LF:3
LH:3
BRF:0
BRH:0
end_of_record
TN:
SF:components/atoms/HorizontalRule.js
FN:4,HorizontalRule
FNF:1
FNH:1
FNDA:28,HorizontalRule
DA:5,28
DA:6,0
DA:11,28
DA:12,0
DA:17,28
DA:18,10
DA:24,18
LF:7
LH:5
BRDA:5,0,0,0
BRDA:5,0,1,28
BRDA:5,1,0,28
BRDA:5,1,1,0
BRDA:11,2,0,0
BRDA:11,2,1,28
BRDA:17,3,0,10
BRDA:17,3,1,18
BRF:8
BRH:5
end_of_record
TN:
SF:components/atoms/Meta.js
FN:5,Meta
FN:24,(anonymous_1)
FNF:2
FNH:2
FNDA:14,Meta
FNDA:2,(anonymous_1)
DA:6,14
DA:25,2
DA:63,4
DA:69,4
LF:4
LH:4
BRDA:18,0,0,1
BRDA:18,0,1,13
BRDA:39,1,0,14
BRDA:39,1,1,1
BRF:4
BRH:4
end_of_record
TN:
SF:components/atoms/PhaseBanner.js
FN:7,PhaseBanner
FNF:1
FNH:1
FNDA:14,PhaseBanner
DA:8,14
DA:31,4
LF:2
LH:2
BRF:0
BRH:0
end_of_record
TN:
SF:components/atoms/SearchBar.js
FN:8,SearchBar
FN:11,(anonymous_1)
FN:32,(anonymous_2)
FNF:3
FNH:1
FNDA:19,SearchBar
FNDA:0,(anonymous_1)
FNDA:0,(anonymous_2)
DA:9,19
DA:10,19
DA:11,19
DA:12,0
DA:15,0
DA:16,0
DA:25,19
DA:32,0
DA:64,5
LF:9
LH:5
BRDA:15,0,0,0
BRDA:15,0,1,0
BRDA:58,1,0,19
BRDA:58,1,1,2
BRF:4
BRH:2
end_of_record
TN:
SF:components/atoms/VerticalStepper.js
FN:6,(anonymous_0)
FN:11,StepList
FN:12,(anonymous_2)
FN:29,onClick
FNF:4
FNH:3
FNDA:5,(anonymous_0)
FNDA:5,StepList
FNDA:15,(anonymous_2)
FNDA:0,onClick
DA:6,5
DA:7,5
DA:9,5
DA:12,5
DA:13,15
DA:30,0
DA:33,5
DA:56,5
LF:8
LH:7
BRDA:7,0,0,4
BRDA:7,0,1,1
BRDA:9,1,0,5
BRDA:9,1,1,0
BRF:4
BRH:3
end_of_record
TN:
SF:components/molecules/ActiveBenefitDetails.js
FN:8,(anonymous_0)
FNF:1
FNH:1
FNDA:2,(anonymous_0)
DA:8,3
DA:9,2
DA:11,2
DA:125,3
LF:4
LH:4
BRDA:9,0,0,2
BRDA:9,0,1,0
BRDA:35,1,0,2
BRDA:35,1,1,0
BRDA:40,2,0,2
BRDA:40,2,1,0
BRDA:49,3,0,0
BRDA:49,3,1,2
BRDA:56,4,0,0
BRDA:56,4,1,2
BRDA:71,5,0,2
BRDA:71,5,1,0
BRDA:78,6,0,2
BRDA:78,6,1,0
BRDA:95,7,0,2
BRDA:95,7,1,0
BRDA:102,8,0,2
BRDA:102,8,1,0
BRF:18
BRH:9
end_of_record
TN:
SF:components/molecules/BenefitCard.js
FN:12,(anonymous_0)
FN:16,(anonymous_1)
FN:21,(anonymous_2)
FNF:3
FNH:1
FNDA:6,(anonymous_0)
FNDA:0,(anonymous_1)
FNDA:0,(anonymous_2)
DA:12,2
DA:13,6
DA:14,6
DA:15,6
DA:16,6
DA:17,0
DA:18,0
DA:21,6
DA:22,0
DA:24,0
DA:31,0
DA:35,0
DA:39,6
DA:92,2
LF:14
LH:8
BRDA:13,0,0,6
BRDA:13,0,1,0
BRDA:17,1,0,0
BRDA:17,1,1,0
BRDA:22,2,0,0
BRDA:22,2,1,0
BRDA:22,2,2,0
BRDA:44,3,0,4
BRDA:44,3,1,2
BRDA:61,4,0,4
BRDA:61,4,1,2
BRDA:79,5,0,6
BRDA:79,5,1,0
BRF:13
BRH:6
end_of_record
TN:
SF:components/molecules/BenefitTasks.js
FN:3,BenefitTasks
FN:59,(anonymous_1)
FNF:2
FNH:2
FNDA:6,BenefitTasks
FNDA:36,(anonymous_1)
DA:4,6
DA:51,6
DA:53,6
DA:60,36
DA:79,2
LF:5
LH:5
BRDA:51,0,0,0
BRDA:51,0,1,6
BRF:2
BRH:1
end_of_record
TN:
SF:components/molecules/CardList.js
FN:4,CardList
FN:5,(anonymous_1)
FNF:2
FNH:2
FNDA:16,CardList
FNDA:28,(anonymous_1)
DA:5,16
DA:6,28
DA:16,16
DA:26,4
LF:4
LH:4
BRDA:21,0,0,16
BRDA:21,0,1,0
BRF:2
BRH:1
end_of_record
TN:
SF:components/molecules/ContactUs.js
FN:4,ContactUs
FN:10,(anonymous_1)
FNF:2
FNH:2
FNDA:11,ContactUs
FNDA:29,(anonymous_1)
DA:5,11
DA:11,29
DA:28,2
LF:3
LH:3
BRF:0
BRH:0
end_of_record
TN:
SF:components/molecules/FeatureBlock.js
FN:7,FeatureBlock
FNF:1
FNH:1
FNDA:11,FeatureBlock
DA:8,11
DA:43,2
LF:2
LH:2
BRF:0
BRH:0
end_of_record
TN:
SF:components/molecules/Footer.js
FN:8,Footer
FN:28,(anonymous_1)
FN:54,(anonymous_2)
FNF:3
FNH:3
FNDA:14,Footer
FNDA:111,(anonymous_1)
FNDA:65,(anonymous_2)
DA:9,14
DA:29,111
DA:55,65
DA:90,4
LF:4
LH:4
BRDA:59,0,0,14
BRDA:59,0,1,51
BRF:2
BRH:2
end_of_record
TN:
SF:components/molecules/Header.js
FN:7,Header
FN:13,(anonymous_1)
FNF:2
FNH:2
FNDA:15,Header
FNDA:15,(anonymous_1)
DA:8,15
DA:9,15
DA:10,15
DA:12,15
DA:13,15
DA:15,15
DA:16,0
DA:20,15
DA:23,15
DA:129,4
LF:10
LH:9
BRDA:15,0,0,0
BRDA:15,0,1,15
BRDA:15,1,0,15
BRDA:15,1,1,12
BRDA:15,1,2,0
BRDA:47,2,0,7
BRDA:47,2,1,8
BRDA:52,3,0,7
BRDA:52,3,1,8
BRDA:62,4,0,15
BRDA:62,4,1,15
BRDA:63,5,0,7
BRDA:63,5,1,8
BRDA:68,6,0,7
BRDA:68,6,1,8
BRDA:70,7,0,7
BRDA:70,7,1,8
BRDA:79,8,0,15
BRDA:79,8,1,15
BRDA:80,9,0,7
BRDA:80,9,1,8
BRDA:86,10,0,7
BRDA:86,10,1,8
BRDA:88,11,0,7
BRDA:88,11,1,8
BRF:25
BRH:23
end_of_record
TN:
SF:components/molecules/Menu.js
FN:9,Menu
FN:41,(anonymous_1)
FNF:2
FNH:2
FNDA:18,Menu
FNDA:54,(anonymous_1)
DA:11,18
DA:13,18
DA:42,54
DA:44,54
DA:78,5
LF:5
LH:5
BRDA:48,0,0,36
BRDA:48,0,1,18
BRDA:48,1,0,54
BRDA:48,1,1,36
BRDA:53,2,0,39
BRDA:53,2,1,15
BRF:6
BRH:6
end_of_record
TN:
SF:components/molecules/ModalElement.js
FN:4,ModalElement
FNF:1
FNH:1
FNDA:3,ModalElement
DA:5,3
DA:6,3
DA:9,0
DA:14,0
DA:36,1
LF:5
LH:3
BRDA:5,0,0,3
BRDA:5,0,1,0
BRDA:9,1,0,0
BRDA:9,1,1,0
BRF:4
BRH:1
end_of_record
TN:
SF:components/molecules/PendingBenefitDetails.js
FN:8,(anonymous_0)
FNF:1
FNH:1
FNDA:1,(anonymous_0)
DA:8,3
DA:9,1
DA:11,1
DA:43,3
LF:4
LH:4
BRDA:9,0,0,0
BRDA:9,0,1,1
BRF:2
BRH:1
end_of_record
TN:
SF:components/molecules/SearchCard.js
FN:5,SearchCard
FNF:1
FNH:1
FNDA:11,SearchCard
DA:6,11
DA:34,2
LF:2
LH:2
BRF:0
BRH:0
end_of_record
TN:
SF:components/molecules/SearchFilterForm.js
FN:3,SearchFilterForm
FN:5,(anonymous_1)
FN:15,(anonymous_2)
FN:25,(anonymous_3)
FNF:4
FNH:4
FNDA:5,SearchFilterForm
FNDA:23,(anonymous_1)
FNDA:12,(anonymous_2)
FNDA:12,(anonymous_3)
DA:4,5
DA:6,23
DA:14,5
DA:16,12
DA:24,5
DA:26,12
DA:42,5
DA:100,2
LF:8
LH:8
BRDA:4,0,0,4
BRDA:4,0,1,1
BRDA:14,1,0,4
BRDA:14,1,1,1
BRDA:24,2,0,4
BRDA:24,2,1,1
BRF:6
BRH:6
end_of_record
TN:
SF:components/molecules/SearchHeader.js
FN:4,SearchHeader
FN:31,(anonymous_1)
FNF:2
FNH:1
FNDA:6,SearchHeader
FNDA:0,(anonymous_1)
DA:5,6
DA:31,0
DA:46,2
LF:3
LH:2
BRF:0
BRH:0
end_of_record
TN:
SF:components/molecules/ServiceCanada.js
FN:4,ServiceCanada
FNF:1
FNH:1
FNDA:11,ServiceCanada
DA:5,11
DA:29,2
LF:2
LH:2
BRF:0
BRH:0
end_of_record
TN:
SF:components/molecules/SplashLanguageSelect.js
FN:5,SplashLanguageSelect
FNF:1
FNH:1
FNDA:3,SplashLanguageSelect
DA:6,3
LF:1
LH:1
BRF:0
BRH:0
end_of_record
TN:
SF:components/molecules/TopTasks.js
FN:4,TopTasks
FN:12,(anonymous_1)
FNF:2
FNH:2
FNDA:11,TopTasks
FNDA:11,(anonymous_1)
DA:5,11
DA:13,11
DA:26,2
LF:3
LH:3
BRF:0
BRH:0
end_of_record
TN:
SF:components/organisms/ImageBox.js
FN:8,ImageBox
FNF:1
FNH:1
FNDA:11,ImageBox
DA:9,11
DA:32,2
LF:2
LH:2
BRF:0
BRH:0
end_of_record
TN:
SF:components/organisms/Layout.js
FN:15,Layout
FN:18,(anonymous_1)
FNF:2
FNH:2
FNDA:13,Layout
FNDA:13,(anonymous_1)
DA:16,13
DA:18,13
DA:19,13
DA:20,0
DA:34,13
DA:149,3
DA:172,3
LF:7
LH:6
BRDA:16,0,0,6
BRDA:16,0,1,7
BRDA:19,1,0,0
BRDA:19,1,1,13
BRDA:24,2,0,0
BRDA:24,2,1,0
BRDA:36,3,0,0
BRDA:36,3,1,13
BRDA:55,4,0,12
BRDA:55,4,1,1
BRDA:74,5,0,12
BRDA:74,5,1,1
BRF:12
BRH:8
end_of_record
TN:
SF:components/organisms/MostRequestedPages.js
FN:4,MostRequestedPages
FNF:1
FNH:1
FNDA:11,MostRequestedPages
DA:5,11
DA:13,2
LF:2
LH:2
BRF:0
BRH:0
end_of_record
TN:
SF:pages/404.js
FN:1,Error404
FNF:1
FNH:1
FNDA:1,Error404
DA:2,1
LF:1
LH:1
BRF:0
BRH:0
end_of_record
TN:
SF:pages/500.js
FN:1,Error500
FNF:1
FNH:1
FNDA:1,Error500
DA:2,1
LF:1
LH:1
BRF:0
BRH:0
end_of_record
TN:
SF:pages/_app.js
FN:4,MyApp
FNF:1
FNH:0
FNDA:0,MyApp
DA:5,0
LF:1
LH:0
BRF:0
BRH:0
end_of_record
TN:
SF:pages/_document.js
FN:4,(anonymous_0)
FN:9,(anonymous_1)
FNF:2
FNH:0
FNDA:0,(anonymous_0)
FNDA:0,(anonymous_1)
DA:5,0
DA:6,0
DA:10,0
LF:3
LH:0
BRF:0
BRH:0
end_of_record
TN:
SF:pages/dashboard.js
FN:3,Dashboard
FNF:1
FNH:1
FNDA:1,Dashboard
DA:4,1
DA:47,1
DA:92,1
DA:135,1
DA:178,1
LF:5
LH:5
BRF:0
BRH:0
end_of_record
TN:
SF:pages/home.js
FN:25,Home
FN:91,getStaticProps
FNF:2
FNH:1
FNDA:9,Home
FNDA:0,getStaticProps
DA:26,9
DA:28,9
DA:98,0
DA:100,0
DA:112,1
LF:5
LH:3
BRDA:26,0,0,3
BRDA:26,0,1,6
BRF:2
BRH:2
end_of_record
TN:
SF:pages/index.js
FN:9,Index
FN:24,getStaticProps
FNF:2
FNH:1
FNDA:1,Index
FNDA:0,getStaticProps
DA:10,1
DA:25,0
DA:27,0
DA:34,1
LF:4
LH:2
BRF:0
BRH:0
end_of_record
TN:
SF:pages/search.js
FN:16,Search
FN:48,(anonymous_1)
FN:55,filterSubmitHandler
FN:60,filterCancelHandler
FN:129,getStaticProps
FNF:5
FNH:2
FNDA:3,Search
FNDA:3,(anonymous_1)
FNDA:0,filterSubmitHandler
FNDA:0,filterCancelHandler
FNDA:0,getStaticProps
DA:17,3
DA:18,3
DA:19,3
DA:20,3
DA:24,3
DA:33,3
DA:38,3
DA:48,3
DA:49,3
DA:50,0
DA:56,0
DA:57,0
DA:61,0
DA:62,0
DA:65,3
DA:130,0
DA:132,0
DA:141,1
LF:18
LH:11
BRDA:17,0,0,2
BRDA:17,0,1,1
BRDA:49,1,0,0
BRDA:49,1,1,3
BRDA:75,2,0,3
BRDA:75,2,1,0
BRF:6
BRH:4
end_of_record
TN:
SF:pages/api/AEMServiceClass.js
FN:32,(anonymous_0)
FN:44,(anonymous_1)
FN:78,(anonymous_2)
FN:86,(anonymous_3)
FN:94,(anonymous_4)
FN:101,(anonymous_5)
FN:109,(anonymous_6)
FN:146,(anonymous_7)
FNF:8
FNH:3
FNDA:13,(anonymous_0)
FNDA:7,(anonymous_1)
FNDA:2,(anonymous_2)
FNDA:0,(anonymous_3)
FNDA:0,(anonymous_4)
FNDA:0,(anonymous_5)
FNDA:0,(anonymous_6)
FNDA:0,(anonymous_7)
DA:8,4
DA:10,4
DA:33,13
DA:35,11
DA:38,11
DA:41,11
DA:45,7
DA:48,7
DA:49,0
DA:54,7
DA:55,0
DA:56,7
DA:57,7
DA:59,0
DA:63,7
DA:67,7
DA:68,7
DA:71,7
DA:72,7
DA:75,7
DA:79,2
DA:80,2
DA:87,0
DA:88,0
DA:95,0
DA:96,0
DA:97,0
DA:98,0
DA:100,0
DA:101,0
DA:102,0
DA:108,0
DA:110,0
DA:115,0
DA:137,0
DA:147,0
DA:148,0
DA:158,4
LF:38
LH:20
BRDA:33,0,0,2
BRDA:33,0,1,11
BRDA:35,1,0,4
BRDA:35,1,1,7
BRDA:45,2,0,0
BRDA:45,2,1,7
BRDA:48,3,0,0
BRDA:48,3,1,7
BRDA:54,4,0,0
BRDA:54,4,1,7
BRDA:56,5,0,7
BRDA:56,5,1,0
BRDA:67,6,0,0
BRDA:67,6,1,7
BRDA:68,7,0,0
BRDA:68,7,1,7
BRDA:71,8,0,7
BRDA:71,8,1,0
BRDA:81,9,0,2
BRDA:81,9,1,2
BRDA:100,10,0,0
BRDA:100,10,1,0
BRDA:116,11,0,0
BRDA:116,11,1,0
BRDA:117,12,0,0
BRDA:117,12,1,0
BRDA:118,13,0,0
BRDA:118,13,1,0
BRDA:119,14,0,0
BRDA:119,14,1,0
BRDA:149,15,0,0
BRDA:149,15,1,0
BRDA:150,16,0,0
BRDA:150,16,1,0
BRDA:151,17,0,0
BRDA:151,17,1,0
BRDA:152,18,0,0
BRDA:152,18,1,0
BRF:38
BRH:13
end_of_record
TN:
SF:pages/api/aemServiceInstance.js
FNF:0
FNH:0
DA:3,3
LF:1
LH:1
BRF:0
BRH:0
end_of_record
TN:
SF:pages/api/metrics.js
FN:5,handler
FNF:1
FNH:0
FNDA:0,handler
DA:3,0
DA:6,0
DA:7,0
LF:3
LH:0
BRF:0
BRH:0
end_of_record
TN:
SF:pages/benefits/[id].js
FN:9,BenefitPage
FN:39,getStaticPaths
FN:41,(anonymous_2)
FN:53,getStaticProps
FNF:4
FNH:0
FNDA:0,BenefitPage
FNDA:0,getStaticPaths
FNDA:0,(anonymous_2)
FNDA:0,getStaticProps
DA:10,0
DA:12,0
DA:14,0
DA:40,0
DA:41,0
DA:42,0
DA:47,0
DA:54,0
DA:56,0
DA:65,0
LF:10
LH:0
BRDA:12,0,0,0
BRDA:12,0,1,0
BRDA:23,1,0,0
BRDA:23,1,1,0
BRDA:30,2,0,0
BRDA:30,2,1,0
BRF:6
BRH:0
end_of_record
