<?xml version="1.0" encoding="UTF-8"?>
<coverage generated="1654624837585" clover="3.2.0">
  <project timestamp="1654624837585" name="All files">
    <metrics statements="358" coveredstatements="184" conditionals="277" coveredconditionals="118" methods="123" coveredmethods="73" elements="758" coveredelements="375" complexity="0" loc="358" ncloc="358" packages="7" files="44" classes="44"/>
    <package name="components.atoms">
      <metrics statements="48" coveredstatements="43" conditionals="48" coveredconditionals="34" methods="21" coveredmethods="19"/>
      <file name="ActionButton.js" path="/home/runner/work/sc-digital-centre/sc-digital-centre/components/atoms/ActionButton.js">
        <metrics statements="4" coveredstatements="4" conditionals="8" coveredconditionals="7" methods="1" coveredmethods="1"/>
        <line num="8" count="22" type="stmt"/>
        <line num="11" count="22" type="stmt"/>
        <line num="13" count="22" type="cond" truecount="2" falsecount="0"/>
        <line num="44" count="10" type="stmt"/>
      </file>
      <file name="Breadcrumb.js" path="/home/runner/work/sc-digital-centre/sc-digital-centre/components/atoms/Breadcrumb.js">
        <metrics statements="3" coveredstatements="3" conditionals="2" coveredconditionals="2" methods="2" coveredmethods="2"/>
        <line num="8" count="3" type="stmt"/>
        <line num="21" count="1" type="stmt"/>
        <line num="41" count="1" type="stmt"/>
      </file>
      <file name="Card.js" path="/home/runner/work/sc-digital-centre/sc-digital-centre/components/atoms/Card.js">
        <metrics statements="2" coveredstatements="2" conditionals="0" coveredconditionals="0" methods="1" coveredmethods="1"/>
        <line num="5" count="2" type="stmt"/>
        <line num="23" count="1" type="stmt"/>
      </file>
      <file name="DateModified.js" path="/home/runner/work/sc-digital-centre/sc-digital-centre/components/atoms/DateModified.js">
        <metrics statements="3" coveredstatements="3" conditionals="0" coveredconditionals="0" methods="1" coveredmethods="1"/>
        <line num="7" count="4" type="stmt"/>
        <line num="15" count="2" type="stmt"/>
        <line num="20" count="2" type="stmt"/>
      </file>
      <file name="HorizontalRule.js" path="/home/runner/work/sc-digital-centre/sc-digital-centre/components/atoms/HorizontalRule.js">
        <metrics statements="7" coveredstatements="5" conditionals="8" coveredconditionals="5" methods="1" coveredmethods="1"/>
        <line num="5" count="29" type="cond" truecount="2" falsecount="2"/>
        <line num="6" count="0" type="stmt"/>
        <line num="11" count="29" type="cond" truecount="1" falsecount="1"/>
        <line num="12" count="0" type="stmt"/>
        <line num="17" count="29" type="cond" truecount="2" falsecount="0"/>
        <line num="18" count="24" type="stmt"/>
        <line num="24" count="5" type="stmt"/>
      </file>
      <file name="Meta.js" path="/home/runner/work/sc-digital-centre/sc-digital-centre/components/atoms/Meta.js">
        <metrics statements="4" coveredstatements="4" conditionals="4" coveredconditionals="3" methods="2" coveredmethods="2"/>
        <line num="6" count="1" type="stmt"/>
        <line num="25" count="2" type="stmt"/>
        <line num="63" count="1" type="stmt"/>
        <line num="69" count="1" type="stmt"/>
      </file>
      <file name="NoBenefitCardHeader.js" path="/home/runner/work/sc-digital-centre/sc-digital-centre/components/atoms/NoBenefitCardHeader.js">
        <metrics statements="5" coveredstatements="5" conditionals="2" coveredconditionals="2" methods="2" coveredmethods="2"/>
        <line num="6" count="8" type="cond" truecount="2" falsecount="0"/>
        <line num="7" count="8" type="stmt"/>
        <line num="9" count="8" type="stmt"/>
        <line num="10" count="16" type="stmt"/>
        <line num="13" count="8" type="stmt"/>
      </file>
      <file name="PhaseBanner.js" path="/home/runner/work/sc-digital-centre/sc-digital-centre/components/atoms/PhaseBanner.js">
        <metrics statements="2" coveredstatements="2" conditionals="0" coveredconditionals="0" methods="1" coveredmethods="1"/>
        <line num="8" count="2" type="stmt"/>
        <line num="31" count="1" type="stmt"/>
      </file>
      <file name="ProfileInfoSection.js" path="/home/runner/work/sc-digital-centre/sc-digital-centre/components/atoms/ProfileInfoSection.js">
        <metrics statements="5" coveredstatements="5" conditionals="4" coveredconditionals="2" methods="3" coveredmethods="3"/>
        <line num="7" count="8" type="cond" truecount="1" falsecount="1"/>
        <line num="8" count="8" type="stmt"/>
        <line num="16" count="22" type="stmt"/>
        <line num="33" count="36" type="stmt"/>
        <line num="44" count="3" type="stmt"/>
      </file>
      <file name="StatusBadge.js" path="/home/runner/work/sc-digital-centre/sc-digital-centre/components/atoms/StatusBadge.js">
        <metrics statements="3" coveredstatements="3" conditionals="14" coveredconditionals="9" methods="1" coveredmethods="1"/>
        <line num="11" count="1" type="cond" truecount="1" falsecount="1"/>
        <line num="12" count="1" type="stmt"/>
        <line num="38" count="2" type="stmt"/>
      </file>
      <file name="TabList.js" path="/home/runner/work/sc-digital-centre/sc-digital-centre/components/atoms/TabList.js">
        <metrics statements="8" coveredstatements="5" conditionals="4" coveredconditionals="2" methods="5" coveredmethods="3"/>
        <line num="8" count="4" type="stmt"/>
        <line num="9" count="4" type="stmt"/>
        <line num="10" count="9" type="stmt"/>
        <line num="16" count="0" type="cond" truecount="0" falsecount="2"/>
        <line num="17" count="0" type="stmt"/>
        <line num="30" count="0" type="stmt"/>
        <line num="37" count="4" type="stmt"/>
        <line num="44" count="2" type="stmt"/>
      </file>
      <file name="ViewMoreLessButton.js" path="/home/runner/work/sc-digital-centre/sc-digital-centre/components/atoms/ViewMoreLessButton.js">
        <metrics statements="2" coveredstatements="2" conditionals="2" coveredconditionals="2" methods="1" coveredmethods="1"/>
        <line num="5" count="5" type="stmt"/>
        <line num="36" count="4" type="stmt"/>
      </file>
    </package>
    <package name="components.molecules">
      <metrics statements="96" coveredstatements="73" conditionals="103" coveredconditionals="59" methods="34" coveredmethods="25"/>
      <file name="BenefitApplicationCard.js" path="/home/runner/work/sc-digital-centre/sc-digital-centre/components/molecules/BenefitApplicationCard.js">
        <metrics statements="11" coveredstatements="11" conditionals="9" coveredconditionals="9" methods="3" coveredmethods="3"/>
        <line num="8" count="2" type="stmt"/>
        <line num="9" count="15" type="cond" truecount="2" falsecount="0"/>
        <line num="10" count="15" type="stmt"/>
        <line num="11" count="15" type="stmt"/>
        <line num="12" count="15" type="stmt"/>
        <line num="14" count="15" type="stmt"/>
        <line num="15" count="15" type="stmt"/>
        <line num="22" count="15" type="stmt"/>
        <line num="23" count="30" type="cond" truecount="2" falsecount="0"/>
        <line num="28" count="15" type="stmt"/>
        <line num="93" count="2" type="stmt"/>
      </file>
      <file name="BenefitCardHeaderSummary.js" path="/home/runner/work/sc-digital-centre/sc-digital-centre/components/molecules/BenefitCardHeaderSummary.js">
        <metrics statements="20" coveredstatements="11" conditionals="25" coveredconditionals="6" methods="4" coveredmethods="4"/>
        <line num="8" count="1" type="cond" truecount="1" falsecount="1"/>
        <line num="9" count="1" type="stmt"/>
        <line num="18" count="1" type="stmt"/>
        <line num="19" count="1" type="cond" truecount="1" falsecount="14"/>
        <line num="23" count="1" type="stmt"/>
        <line num="28" count="0" type="stmt"/>
        <line num="35" count="0" type="stmt"/>
        <line num="36" count="0" type="stmt"/>
        <line num="40" count="0" type="stmt"/>
        <line num="41" count="0" type="stmt"/>
        <line num="44" count="0" type="stmt"/>
        <line num="46" count="0" type="stmt"/>
        <line num="47" count="0" type="stmt"/>
        <line num="51" count="1" type="stmt"/>
        <line num="52" count="1" type="cond" truecount="1" falsecount="1"/>
        <line num="54" count="0" type="stmt"/>
        <line num="60" count="1" type="cond" truecount="2" falsecount="0"/>
        <line num="64" count="1" type="stmt"/>
        <line num="70" count="5" type="cond" truecount="1" falsecount="1"/>
        <line num="82" count="3" type="stmt"/>
      </file>
      <file name="BenefitTasks.js" path="/home/runner/work/sc-digital-centre/sc-digital-centre/components/molecules/BenefitTasks.js">
        <metrics statements="4" coveredstatements="4" conditionals="2" coveredconditionals="2" methods="2" coveredmethods="2"/>
        <line num="7" count="7" type="cond" truecount="2" falsecount="0"/>
        <line num="9" count="7" type="stmt"/>
        <line num="16" count="18" type="stmt"/>
        <line num="32" count="4" type="stmt"/>
      </file>
      <file name="DSFooter.js" path="/home/runner/work/sc-digital-centre/sc-digital-centre/components/molecules/DSFooter.js">
        <metrics statements="1" coveredstatements="1" conditionals="0" coveredconditionals="0" methods="1" coveredmethods="1"/>
        <line num="4" count="1" type="stmt"/>
      </file>
      <file name="DSHeader.js" path="/home/runner/work/sc-digital-centre/sc-digital-centre/components/molecules/DSHeader.js">
        <metrics statements="4" coveredstatements="3" conditionals="4" coveredconditionals="2" methods="4" coveredmethods="1"/>
        <line num="7" count="2" type="cond" truecount="1" falsecount="1"/>
        <line num="8" count="1" type="stmt"/>
        <line num="18" count="1" type="stmt"/>
        <line num="32" count="0" type="stmt"/>
      </file>
      <file name="Footer.js" path="/home/runner/work/sc-digital-centre/sc-digital-centre/components/molecules/Footer.js">
        <metrics statements="4" coveredstatements="4" conditionals="2" coveredconditionals="2" methods="3" coveredmethods="3"/>
        <line num="9" count="2" type="stmt"/>
        <line num="29" count="3" type="stmt"/>
        <line num="55" count="5" type="stmt"/>
        <line num="90" count="1" type="stmt"/>
      </file>
      <file name="Greeting.js" path="/home/runner/work/sc-digital-centre/sc-digital-centre/components/molecules/Greeting.js">
        <metrics statements="2" coveredstatements="2" conditionals="2" coveredconditionals="1" methods="1" coveredmethods="1"/>
        <line num="6" count="1" type="cond" truecount="1" falsecount="1"/>
        <line num="8" count="1" type="stmt"/>
      </file>
      <file name="Header.js" path="/home/runner/work/sc-digital-centre/sc-digital-centre/components/molecules/Header.js">
        <metrics statements="10" coveredstatements="9" conditionals="25" coveredconditionals="22" methods="2" coveredmethods="2"/>
        <line num="8" count="3" type="stmt"/>
        <line num="9" count="3" type="stmt"/>
        <line num="10" count="3" type="stmt"/>
        <line num="12" count="3" type="stmt"/>
        <line num="13" count="3" type="stmt"/>
        <line num="15" count="3" type="cond" truecount="2" falsecount="3"/>
        <line num="16" count="0" type="stmt"/>
        <line num="20" count="3" type="stmt"/>
        <line num="23" count="3" type="stmt"/>
        <line num="129" count="1" type="stmt"/>
      </file>
      <file name="Menu.js" path="/home/runner/work/sc-digital-centre/sc-digital-centre/components/molecules/Menu.js">
        <metrics statements="5" coveredstatements="5" conditionals="6" coveredconditionals="6" methods="2" coveredmethods="2"/>
        <line num="11" count="6" type="stmt"/>
        <line num="13" count="6" type="stmt"/>
        <line num="42" count="18" type="stmt"/>
        <line num="44" count="18" type="stmt"/>
        <line num="78" count="2" type="stmt"/>
      </file>
      <file name="NoBenefitCard.js" path="/home/runner/work/sc-digital-centre/sc-digital-centre/components/molecules/NoBenefitCard.js">
        <metrics statements="16" coveredstatements="10" conditionals="12" coveredconditionals="3" methods="4" coveredmethods="1"/>
        <line num="9" count="2" type="stmt"/>
        <line num="10" count="7" type="cond" truecount="2" falsecount="0"/>
        <line num="11" count="6" type="stmt"/>
        <line num="12" count="6" type="stmt"/>
        <line num="13" count="6" type="stmt"/>
        <line num="14" count="6" type="stmt"/>
        <line num="15" count="6" type="stmt"/>
        <line num="16" count="0" type="cond" truecount="0" falsecount="2"/>
        <line num="17" count="0" type="stmt"/>
        <line num="20" count="6" type="stmt"/>
        <line num="21" count="0" type="cond" truecount="0" falsecount="4"/>
        <line num="22" count="0" type="cond" truecount="0" falsecount="2"/>
        <line num="33" count="6" type="stmt"/>
        <line num="47" count="0" type="stmt"/>
        <line num="48" count="0" type="stmt"/>
        <line num="59" count="2" type="stmt"/>
      </file>
      <file name="ProfileInfo.js" path="/home/runner/work/sc-digital-centre/sc-digital-centre/components/molecules/ProfileInfo.js">
        <metrics statements="3" coveredstatements="3" conditionals="0" coveredconditionals="0" methods="2" coveredmethods="2"/>
        <line num="5" count="3" type="stmt"/>
        <line num="8" count="6" type="stmt"/>
        <line num="19" count="2" type="stmt"/>
      </file>
      <file name="SplashLanguageSelect.js" path="/home/runner/work/sc-digital-centre/sc-digital-centre/components/molecules/SplashLanguageSelect.js">
        <metrics statements="1" coveredstatements="1" conditionals="0" coveredconditionals="0" methods="1" coveredmethods="1"/>
        <line num="6" count="3" type="stmt"/>
      </file>
      <file name="UniversalBenefitCard.js" path="/home/runner/work/sc-digital-centre/sc-digital-centre/components/molecules/UniversalBenefitCard.js">
        <metrics statements="15" coveredstatements="9" conditionals="16" coveredconditionals="6" methods="5" coveredmethods="2"/>
        <line num="12" count="3" type="cond" truecount="1" falsecount="1"/>
        <line num="13" count="1" type="stmt"/>
        <line num="15" count="1" type="stmt"/>
        <line num="20" count="1" type="stmt"/>
        <line num="21" count="1" type="stmt"/>
        <line num="23" count="1" type="stmt"/>
        <line num="24" count="1" type="cond" truecount="1" falsecount="1"/>
        <line num="37" count="1" type="stmt"/>
        <line num="73" count="0" type="stmt"/>
        <line num="93" count="0" type="stmt"/>
        <line num="94" count="0" type="cond" truecount="0" falsecount="2"/>
        <line num="95" count="0" type="stmt"/>
        <line num="99" count="0" type="stmt"/>
        <line num="113" count="0" type="stmt"/>
        <line num="126" count="2" type="stmt"/>
      </file>
    </package>
    <package name="components.organisms">
      <metrics statements="8" coveredstatements="0" conditionals="20" coveredconditionals="0" methods="2" coveredmethods="0"/>
      <file name="Layout.js" path="/home/runner/work/sc-digital-centre/sc-digital-centre/components/organisms/Layout.js">
        <metrics statements="8" coveredstatements="0" conditionals="20" coveredconditionals="0" methods="2" coveredmethods="0"/>
        <line num="18" count="0" type="cond" truecount="0" falsecount="2"/>
        <line num="20" count="0" type="cond" truecount="0" falsecount="2"/>
        <line num="22" count="0" type="stmt"/>
        <line num="23" count="0" type="cond" truecount="0" falsecount="2"/>
        <line num="24" count="0" type="stmt"/>
        <line num="38" count="0" type="stmt"/>
        <line num="167" count="0" type="stmt"/>
        <line num="205" count="0" type="stmt"/>
      </file>
    </package>
    <package name="pages">
      <metrics statements="121" coveredstatements="68" conditionals="68" coveredconditionals="25" methods="51" coveredmethods="29"/>
      <file name="400.js" path="/home/runner/work/sc-digital-centre/sc-digital-centre/pages/400.js">
        <metrics statements="6" coveredstatements="2" conditionals="4" coveredconditionals="1" methods="2" coveredmethods="1"/>
        <line num="4" count="2" type="cond" truecount="1" falsecount="1"/>
        <line num="5" count="1" type="stmt"/>
        <line num="16" count="0" type="cond" truecount="0" falsecount="2"/>
        <line num="17" count="0" type="stmt"/>
        <line num="22" count="0" type="stmt"/>
        <line num="25" count="0" type="stmt"/>
      </file>
      <file name="404.js" path="/home/runner/work/sc-digital-centre/sc-digital-centre/pages/404.js">
        <metrics statements="6" coveredstatements="2" conditionals="4" coveredconditionals="1" methods="2" coveredmethods="1"/>
        <line num="4" count="2" type="cond" truecount="1" falsecount="1"/>
        <line num="5" count="1" type="stmt"/>
        <line num="16" count="0" type="cond" truecount="0" falsecount="2"/>
        <line num="17" count="0" type="stmt"/>
        <line num="22" count="0" type="stmt"/>
        <line num="25" count="0" type="stmt"/>
      </file>
      <file name="500.js" path="/home/runner/work/sc-digital-centre/sc-digital-centre/pages/500.js">
        <metrics statements="6" coveredstatements="2" conditionals="4" coveredconditionals="1" methods="2" coveredmethods="1"/>
        <line num="4" count="2" type="cond" truecount="1" falsecount="1"/>
        <line num="5" count="1" type="stmt"/>
        <line num="16" count="0" type="cond" truecount="0" falsecount="2"/>
        <line num="17" count="0" type="stmt"/>
        <line num="22" count="0" type="stmt"/>
        <line num="25" count="0" type="stmt"/>
      </file>
      <file name="503.js" path="/home/runner/work/sc-digital-centre/sc-digital-centre/pages/503.js">
        <metrics statements="6" coveredstatements="2" conditionals="4" coveredconditionals="1" methods="2" coveredmethods="1"/>
        <line num="4" count="2" type="cond" truecount="1" falsecount="1"/>
        <line num="5" count="1" type="stmt"/>
        <line num="16" count="0" type="cond" truecount="0" falsecount="2"/>
        <line num="17" count="0" type="stmt"/>
        <line num="22" count="0" type="stmt"/>
        <line num="25" count="0" type="stmt"/>
      </file>
      <file name="_app.js" path="/home/runner/work/sc-digital-centre/sc-digital-centre/pages/_app.js">
        <metrics statements="1" coveredstatements="0" conditionals="0" coveredconditionals="0" methods="1" coveredmethods="0"/>
        <line num="6" count="0" type="stmt"/>
      </file>
      <file name="_document.js" path="/home/runner/work/sc-digital-centre/sc-digital-centre/pages/_document.js">
        <metrics statements="3" coveredstatements="0" conditionals="0" coveredconditionals="0" methods="2" coveredmethods="0"/>
        <line num="5" count="0" type="stmt"/>
        <line num="6" count="0" type="stmt"/>
        <line num="10" count="0" type="stmt"/>
      </file>
      <file name="dashboard.js" path="/home/runner/work/sc-digital-centre/sc-digital-centre/pages/dashboard.js">
        <metrics statements="74" coveredstatements="51" conditionals="42" coveredconditionals="19" methods="34" coveredmethods="23"/>
        <line num="12" count="4" type="stmt"/>
        <line num="15" count="3" type="stmt"/>
        <line num="17" count="3" type="stmt"/>
        <line num="18" count="3" type="stmt"/>
        <line num="19" count="3" type="stmt"/>
        <line num="21" count="3" type="stmt"/>
        <line num="22" count="3" type="stmt"/>
        <line num="23" count="3" type="stmt"/>
        <line num="25" count="3" type="stmt"/>
        <line num="26" count="3" type="stmt"/>
        <line num="27" count="3" type="stmt"/>
        <line num="29" count="3" type="stmt"/>
        <line num="30" count="3" type="stmt"/>
        <line num="31" count="3" type="stmt"/>
        <line num="33" count="3" type="stmt"/>
        <line num="34" count="3" type="stmt"/>
        <line num="35" count="3" type="stmt"/>
        <line num="37" count="3" type="stmt"/>
        <line num="38" count="3" type="stmt"/>
        <line num="39" count="3" type="stmt"/>
        <line num="41" count="3" type="stmt"/>
        <line num="42" count="1" type="stmt"/>
        <line num="43" count="1" type="stmt"/>
        <line num="45" count="1" type="stmt"/>
        <line num="48" count="1" type="stmt"/>
        <line num="50" count="1" type="stmt"/>
        <line num="52" count="1" type="stmt"/>
        <line num="53" count="1" type="stmt"/>
        <line num="55" count="1" type="stmt"/>
        <line num="58" count="0" type="stmt"/>
        <line num="60" count="1" type="stmt"/>
        <line num="62" count="1" type="stmt"/>
        <line num="63" count="1" type="stmt"/>
        <line num="65" count="1" type="stmt"/>
        <line num="68" count="0" type="stmt"/>
        <line num="70" count="1" type="stmt"/>
        <line num="72" count="1" type="stmt"/>
        <line num="73" count="1" type="stmt"/>
        <line num="75" count="1" type="stmt"/>
        <line num="78" count="0" type="stmt"/>
        <line num="80" count="1" type="stmt"/>
        <line num="82" count="1" type="stmt"/>
        <line num="83" count="1" type="stmt"/>
        <line num="85" count="1" type="stmt"/>
        <line num="88" count="0" type="stmt"/>
        <line num="90" count="1" type="stmt"/>
        <line num="92" count="1" type="stmt"/>
        <line num="93" count="1" type="stmt"/>
        <line num="95" count="1" type="stmt"/>
        <line num="98" count="0" type="stmt"/>
        <line num="100" count="1" type="stmt"/>
        <line num="103" count="3" type="stmt"/>
        <line num="110" count="0" type="stmt"/>
        <line num="123" count="0" type="stmt"/>
        <line num="136" count="0" type="stmt"/>
        <line num="149" count="0" type="stmt"/>
        <line num="162" count="0" type="stmt"/>
        <line num="179" count="12" type="cond" truecount="3" falsecount="1"/>
        <line num="180" count="0" type="stmt"/>
        <line num="181" count="12" type="cond" truecount="3" falsecount="1"/>
        <line num="182" count="0" type="stmt"/>
        <line num="184" count="12" type="stmt"/>
        <line num="195" count="4" type="stmt"/>
        <line num="207" count="0" type="stmt"/>
        <line num="209" count="0" type="stmt"/>
        <line num="210" count="0" type="stmt"/>
        <line num="212" count="0" type="cond" truecount="0" falsecount="2"/>
        <line num="216" count="0" type="stmt"/>
        <line num="217" count="0" type="cond" truecount="0" falsecount="2"/>
        <line num="219" count="0" type="cond" truecount="0" falsecount="2"/>
        <line num="220" count="0" type="stmt"/>
        <line num="229" count="0" type="stmt"/>
        <line num="235" count="0" type="cond" truecount="0" falsecount="2"/>
        <line num="237" count="0" type="stmt"/>
      </file>
      <file name="index.js" path="/home/runner/work/sc-digital-centre/sc-digital-centre/pages/index.js">
        <metrics statements="5" coveredstatements="2" conditionals="0" coveredconditionals="0" methods="2" coveredmethods="1"/>
        <line num="5" count="1" type="stmt"/>
        <line num="13" count="0" type="stmt"/>
        <line num="18" count="0" type="stmt"/>
        <line num="24" count="0" type="stmt"/>
        <line num="33" count="1" type="stmt"/>
      </file>
      <file name="profile.js" path="/home/runner/work/sc-digital-centre/sc-digital-centre/pages/profile.js">
        <metrics statements="14" coveredstatements="7" conditionals="10" coveredconditionals="2" methods="4" coveredmethods="1"/>
        <line num="9" count="1" type="cond" truecount="1" falsecount="1"/>
        <line num="10" count="1" type="stmt"/>
        <line num="11" count="1" type="stmt"/>
        <line num="12" count="1" type="stmt"/>
        <line num="37" count="1" type="stmt"/>
        <line num="55" count="1" type="stmt"/>
        <line num="87" count="1" type="stmt"/>
        <line num="94" count="0" type="stmt"/>
        <line num="110" count="0" type="stmt"/>
        <line num="139" count="0" type="cond" truecount="0" falsecount="2"/>
        <line num="140" count="0" type="cond" truecount="0" falsecount="2"/>
        <line num="142" count="0" type="stmt"/>
        <line num="148" count="0" type="stmt"/>
        <line num="155" count="0" type="stmt"/>
      </file>
    </package>
    <package name="pages.api">
      <metrics statements="3" coveredstatements="0" conditionals="0" coveredconditionals="0" methods="1" coveredmethods="0"/>
      <file name="metrics.js" path="/home/runner/work/sc-digital-centre/sc-digital-centre/pages/api/metrics.js">
        <metrics statements="3" coveredstatements="0" conditionals="0" coveredconditionals="0" methods="1" coveredmethods="0"/>
        <line num="3" count="0" type="stmt"/>
        <line num="6" count="0" type="stmt"/>
        <line num="7" count="0" type="stmt"/>
      </file>
    </package>
    <package name="pages.api.auth">
      <metrics statements="3" coveredstatements="0" conditionals="0" coveredconditionals="0" methods="2" coveredmethods="0"/>
      <file name="[...nextauth].js" path="/home/runner/work/sc-digital-centre/sc-digital-centre/pages/api/auth/[...nextauth].js">
        <metrics statements="3" coveredstatements="0" conditionals="0" coveredconditionals="0" methods="2" coveredmethods="0"/>
        <line num="24" count="0" type="stmt"/>
        <line num="37" count="0" type="stmt"/>
        <line num="38" count="0" type="stmt"/>
      </file>
    </package>
    <package name="pages.api.programData">
      <metrics statements="79" coveredstatements="0" conditionals="38" coveredconditionals="0" methods="12" coveredmethods="0"/>
      <file name="_middleware.js" path="/home/runner/work/sc-digital-centre/sc-digital-centre/pages/api/programData/_middleware.js">
        <metrics statements="4" coveredstatements="0" conditionals="6" coveredconditionals="0" methods="1" coveredmethods="0"/>
        <line num="4" count="0" type="cond" truecount="0" falsecount="2"/>
        <line num="9" count="0" type="stmt"/>
        <line num="11" count="0" type="cond" truecount="0" falsecount="2"/>
        <line num="12" count="0" type="stmt"/>
      </file>
      <file name="cpp.js" path="/home/runner/work/sc-digital-centre/sc-digital-centre/pages/api/programData/cpp.js">
        <metrics statements="17" coveredstatements="0" conditionals="6" coveredconditionals="0" methods="2" coveredmethods="0"/>
        <line num="6" count="0" type="stmt"/>
        <line num="7" count="0" type="cond" truecount="0" falsecount="2"/>
        <line num="8" count="0" type="stmt"/>
        <line num="10" count="0" type="stmt"/>
        <line num="11" count="0" type="cond" truecount="0" falsecount="2"/>
        <line num="13" count="0" type="stmt"/>
        <line num="15" count="0" type="stmt"/>
        <line num="21" count="0" type="stmt"/>
        <line num="24" count="0" type="stmt"/>
        <line num="26" count="0" type="cond" truecount="0" falsecount="2"/>
        <line num="27" count="0" type="stmt"/>
        <line num="28" count="0" type="stmt"/>
        <line num="31" count="0" type="stmt"/>
        <line num="33" count="0" type="stmt"/>
        <line num="34" count="0" type="stmt"/>
        <line num="37" count="0" type="stmt"/>
        <line num="39" count="0" type="stmt"/>
      </file>
      <file name="cppd.js" path="/home/runner/work/sc-digital-centre/sc-digital-centre/pages/api/programData/cppd.js">
        <metrics statements="11" coveredstatements="0" conditionals="6" coveredconditionals="0" methods="2" coveredmethods="0"/>
        <line num="6" count="0" type="cond" truecount="0" falsecount="2"/>
        <line num="9" count="0" type="stmt"/>
        <line num="10" count="0" type="cond" truecount="0" falsecount="2"/>
        <line num="13" count="0" type="stmt"/>
        <line num="21" count="0" type="stmt"/>
        <line num="22" count="0" type="cond" truecount="0" falsecount="2"/>
        <line num="23" count="0" type="stmt"/>
        <line num="25" count="0" type="stmt"/>
        <line num="28" count="0" type="stmt"/>
        <line num="30" count="0" type="stmt"/>
        <line num="32" count="0" type="stmt"/>
      </file>
      <file name="ei.js" path="/home/runner/work/sc-digital-centre/sc-digital-centre/pages/api/programData/ei.js">
        <metrics statements="17" coveredstatements="0" conditionals="6" coveredconditionals="0" methods="2" coveredmethods="0"/>
        <line num="6" count="0" type="stmt"/>
        <line num="7" count="0" type="cond" truecount="0" falsecount="2"/>
        <line num="8" count="0" type="stmt"/>
        <line num="10" count="0" type="stmt"/>
        <line num="11" count="0" type="cond" truecount="0" falsecount="2"/>
        <line num="13" count="0" type="stmt"/>
        <line num="15" count="0" type="stmt"/>
        <line num="21" count="0" type="stmt"/>
        <line num="24" count="0" type="stmt"/>
        <line num="26" count="0" type="cond" truecount="0" falsecount="2"/>
        <line num="27" count="0" type="stmt"/>
        <line num="28" count="0" type="stmt"/>
        <line num="31" count="0" type="stmt"/>
        <line num="33" count="0" type="stmt"/>
        <line num="34" count="0" type="stmt"/>
        <line num="37" count="0" type="stmt"/>
        <line num="39" count="0" type="stmt"/>
      </file>
      <file name="gis.js" path="/home/runner/work/sc-digital-centre/sc-digital-centre/pages/api/programData/gis.js">
        <metrics statements="10" coveredstatements="0" conditionals="4" coveredconditionals="0" methods="2" coveredmethods="0"/>
        <line num="6" count="0" type="cond" truecount="0" falsecount="2"/>
        <line num="7" count="0" type="stmt"/>
        <line num="8" count="0" type="cond" truecount="0" falsecount="2"/>
        <line num="10" count="0" type="stmt"/>
        <line num="11" count="0" type="stmt"/>
        <line num="14" count="0" type="stmt"/>
        <line num="15" count="0" type="stmt"/>
        <line num="18" count="0" type="stmt"/>
        <line num="23" count="0" type="stmt"/>
        <line num="25" count="0" type="stmt"/>
      </file>
      <file name="oas.js" path="/home/runner/work/sc-digital-centre/sc-digital-centre/pages/api/programData/oas.js">
        <metrics statements="10" coveredstatements="0" conditionals="4" coveredconditionals="0" methods="2" coveredmethods="0"/>
        <line num="6" count="0" type="cond" truecount="0" falsecount="2"/>
        <line num="7" count="0" type="stmt"/>
        <line num="8" count="0" type="cond" truecount="0" falsecount="2"/>
        <line num="10" count="0" type="stmt"/>
        <line num="11" count="0" type="stmt"/>
        <line num="13" count="0" type="stmt"/>
        <line num="14" count="0" type="stmt"/>
        <line num="17" count="0" type="stmt"/>
        <line num="22" count="0" type="stmt"/>
        <line num="24" count="0" type="stmt"/>
      </file>
      <file name="seb.js" path="/home/runner/work/sc-digital-centre/sc-digital-centre/pages/api/programData/seb.js">
        <metrics statements="10" coveredstatements="0" conditionals="6" coveredconditionals="0" methods="1" coveredmethods="0"/>
        <line num="6" count="0" type="cond" truecount="0" falsecount="2"/>
        <line num="9" count="0" type="stmt"/>
        <line num="10" count="0" type="cond" truecount="0" falsecount="2"/>
        <line num="12" count="0" type="stmt"/>
        <line num="19" count="0" type="cond" truecount="0" falsecount="2"/>
        <line num="20" count="0" type="stmt"/>
        <line num="21" count="0" type="stmt"/>
        <line num="23" count="0" type="stmt"/>
        <line num="26" count="0" type="stmt"/>
        <line num="28" count="0" type="stmt"/>
      </file>
    </package>
  </project>
</coverage>
