TN:
SF:components/atoms/ActionButton.js
FN:7,ActionButton
FNF:1
FNH:1
FNDA:29,ActionButton
DA:8,29
DA:11,29
DA:13,29
DA:44,11
LF:4
LH:4
BRDA:13,0,0,15
BRDA:13,0,1,14
BRDA:16,1,0,7
BRDA:16,1,1,8
BRDA:30,2,0,0
BRDA:30,2,1,14
BRDA:31,3,0,2
BRDA:31,3,1,12
BRF:8
BRH:7
end_of_record
TN:
SF:components/atoms/BenefitCardHeaderActive.js
FN:12,BenefitCardHeaderActive
FN:14,(anonymous_1)
FN:22,(anonymous_2)
FN:28,(anonymous_3)
FN:40,(anonymous_4)
FN:43,(anonymous_5)
FN:56,(anonymous_6)
FNF:7
FNH:4
FNDA:5,BenefitCardHeaderActive
FNDA:5,(anonymous_1)
FNDA:0,(anonymous_2)
FNDA:0,(anonymous_3)
FNDA:0,(anonymous_4)
FNDA:5,(anonymous_5)
FNDA:5,(anonymous_6)
DA:13,5
DA:14,5
DA:15,5
DA:16,1
DA:17,4
DA:21,0
DA:22,0
DA:24,4
DA:28,5
DA:30,0
DA:31,0
DA:32,0
DA:36,0
DA:38,0
DA:40,0
DA:43,5
DA:44,5
DA:45,0
DA:46,5
DA:50,0
DA:52,5
DA:56,5
DA:57,5
DA:58,0
DA:59,5
DA:63,0
DA:65,5
DA:69,5
LF:28
LH:16
BRDA:13,0,0,5
BRDA:13,0,1,0
BRDA:15,1,0,1
BRDA:15,1,1,4
BRDA:17,2,0,0
BRDA:17,2,1,4
BRDA:18,3,0,4
BRDA:18,3,1,4
BRDA:30,4,0,0
BRDA:30,4,1,0
BRDA:30,5,0,0
BRDA:30,5,1,0
BRDA:32,6,0,0
BRDA:32,6,1,0
BRDA:33,7,0,0
BRDA:33,7,1,0
BRDA:44,8,0,0
BRDA:44,8,1,5
BRDA:44,9,0,5
BRDA:44,9,1,4
BRDA:46,10,0,0
BRDA:46,10,1,5
BRDA:47,11,0,5
BRDA:47,11,1,0
BRDA:57,12,0,0
BRDA:57,12,1,5
BRDA:57,13,0,5
BRDA:57,13,1,4
BRDA:59,14,0,0
BRDA:59,14,1,5
BRDA:60,15,0,5
BRDA:60,15,1,0
BRDA:102,16,0,5
BRDA:102,16,1,0
BRF:34
BRH:17
end_of_record
TN:
SF:components/atoms/BenefitCardHeaderActiveAgreement.js
FN:7,BenefitCardHeaderActiveAgreement
FN:9,(anonymous_1)
FNF:2
FNH:2
FNDA:1,BenefitCardHeaderActiveAgreement
FNDA:1,(anonymous_1)
DA:8,1
DA:9,1
DA:10,1
DA:11,0
DA:13,1
DA:17,1
LF:6
LH:5
BRDA:8,0,0,1
BRDA:8,0,1,0
BRDA:10,1,0,0
BRDA:10,1,1,1
BRF:4
BRH:2
end_of_record
TN:
SF:components/atoms/BenefitCardHeaderInactive.js
FN:7,BenefitCardHeaderInactive
FN:9,(anonymous_1)
FNF:2
FNH:2
FNDA:4,BenefitCardHeaderInactive
FNDA:4,(anonymous_1)
DA:8,4
DA:9,4
DA:10,4
DA:13,4
LF:4
LH:4
BRDA:8,0,0,2
BRDA:8,0,1,2
BRF:2
BRH:2
end_of_record
TN:
SF:components/atoms/BenefitCardHeaderPending.js
FN:7,BenefitCardHeaderPending
FN:9,(anonymous_1)
FNF:2
FNH:2
FNDA:7,BenefitCardHeaderPending
FNDA:7,(anonymous_1)
DA:8,7
DA:9,7
DA:10,7
DA:11,2
DA:13,5
DA:17,7
LF:6
LH:6
BRDA:8,0,0,3
BRDA:8,0,1,4
BRDA:10,1,0,2
BRDA:10,1,1,5
BRF:4
BRH:4
end_of_record
TN:
SF:components/atoms/Breadcrumb.js
FN:7,Breadcrumb
FN:20,(anonymous_1)
FNF:2
FNH:2
FNDA:3,Breadcrumb
FNDA:1,(anonymous_1)
DA:8,3
DA:21,1
DA:41,1
LF:3
LH:3
BRDA:19,0,0,1
BRDA:19,0,1,2
BRF:2
BRH:2
end_of_record
TN:
SF:components/atoms/Card.js
FN:4,Card
FNF:1
FNH:1
FNDA:2,Card
DA:5,2
DA:23,1
LF:2
LH:2
BRF:0
BRH:0
end_of_record
TN:
SF:components/atoms/DateModified.js
FN:6,DateModified
FNF:1
FNH:1
FNDA:4,DateModified
DA:7,4
DA:15,2
DA:20,2
LF:3
LH:3
BRF:0
BRH:0
end_of_record
TN:
SF:components/atoms/HorizontalRule.js
FN:4,HorizontalRule
FNF:1
FNH:1
FNDA:62,HorizontalRule
DA:5,62
DA:6,0
DA:11,62
DA:12,0
DA:17,62
DA:18,41
DA:24,21
LF:7
LH:5
BRDA:5,0,0,0
BRDA:5,0,1,62
BRDA:5,1,0,62
BRDA:5,1,1,0
BRDA:11,2,0,0
BRDA:11,2,1,62
BRDA:17,3,0,41
BRDA:17,3,1,21
BRF:8
BRH:5
end_of_record
TN:
SF:components/atoms/Meta.js
FN:5,Meta
FN:24,(anonymous_1)
FNF:2
FNH:2
FNDA:1,Meta
FNDA:2,(anonymous_1)
DA:6,1
DA:25,2
DA:63,1
DA:69,1
LF:4
LH:4
BRDA:18,0,0,1
BRDA:18,0,1,0
BRDA:39,1,0,1
BRDA:39,1,1,1
BRF:4
BRH:3
end_of_record
TN:
SF:components/atoms/NoBenefitCardHeader.js
FN:5,BenefitCardHeaderActive
FN:9,(anonymous_1)
FNF:2
FNH:2
FNDA:8,BenefitCardHeaderActive
FNDA:16,(anonymous_1)
DA:6,8
DA:7,8
DA:9,8
DA:10,16
DA:13,8
LF:5
LH:5
BRDA:6,0,0,4
BRDA:6,0,1,4
BRF:2
BRH:2
end_of_record
TN:
SF:components/atoms/PhaseBanner.js
FN:7,PhaseBanner
FNF:1
FNH:1
FNDA:2,PhaseBanner
DA:8,2
DA:31,1
LF:2
LH:2
BRF:0
BRH:0
end_of_record
TN:
SF:components/atoms/ProfileInfoSection.js
FN:6,ProfileInfoSection
FN:15,(anonymous_1)
FN:32,(anonymous_2)
FNF:3
FNH:3
FNDA:8,ProfileInfoSection
FNDA:22,(anonymous_1)
FNDA:36,(anonymous_2)
DA:7,8
DA:8,8
DA:16,22
DA:33,36
DA:44,3
LF:5
LH:5
BRDA:7,0,0,0
BRDA:7,0,1,8
BRDA:20,1,0,0
BRDA:20,1,1,22
BRF:4
BRH:2
end_of_record
TN:
SF:components/atoms/StatusBadge.js
FN:10,StatusBadge
FNF:1
FNH:1
FNDA:18,StatusBadge
DA:11,18
DA:12,18
DA:38,7
LF:3
LH:3
BRDA:11,0,0,11
BRDA:11,0,1,7
BRDA:19,1,0,5
BRDA:19,1,1,13
BRDA:21,2,0,0
BRDA:21,2,1,13
BRDA:23,3,0,7
BRDA:23,3,1,6
BRDA:23,4,0,13
BRDA:23,4,1,6
BRDA:26,5,0,0
BRDA:26,5,1,6
BRDA:32,6,0,18
BRDA:32,6,1,2
BRF:14
BRH:12
end_of_record
TN:
SF:components/atoms/TabList.js
FN:7,TabList
FN:8,(anonymous_1)
FN:9,(anonymous_2)
FN:15,(anonymous_3)
FN:30,(anonymous_4)
FNF:5
FNH:3
FNDA:4,TabList
FNDA:4,(anonymous_1)
FNDA:9,(anonymous_2)
FNDA:0,(anonymous_3)
FNDA:0,(anonymous_4)
DA:8,4
DA:9,4
DA:10,9
DA:16,0
DA:17,0
DA:30,0
DA:37,4
DA:44,2
LF:8
LH:5
BRDA:16,0,0,0
BRDA:16,0,1,0
BRDA:25,1,0,4
BRDA:25,1,1,5
BRF:4
BRH:2
end_of_record
TN:
SF:components/atoms/ViewMoreLessButton.js
FN:4,ViewMoreLessButton
FNF:1
FNH:1
FNDA:12,ViewMoreLessButton
DA:5,12
DA:36,5
LF:2
LH:2
BRDA:16,0,0,1
BRDA:16,0,1,10
BRF:2
BRH:2
end_of_record
TN:
SF:components/molecules/BenefitApplicationCard.js
FN:8,(anonymous_0)
FN:14,(anonymous_1)
FN:22,(anonymous_2)
FNF:3
FNH:3
FNDA:15,(anonymous_0)
FNDA:15,(anonymous_1)
FNDA:30,(anonymous_2)
DA:8,2
DA:9,15
DA:10,15
DA:11,15
DA:12,15
DA:14,15
DA:15,15
DA:22,15
DA:23,30
DA:28,15
DA:93,2
LF:11
LH:11
BRDA:9,0,0,3
BRDA:9,0,1,12
BRDA:16,1,0,15
BRDA:16,1,1,9
BRDA:16,1,2,14
BRDA:23,2,0,14
BRDA:23,2,1,16
BRDA:57,3,0,4
BRDA:57,3,1,11
BRF:9
BRH:9
end_of_record
TN:
SF:components/molecules/BenefitCard.js
FN:16,(anonymous_0)
FN:22,(anonymous_1)
FN:27,(anonymous_2)
FN:42,(anonymous_3)
FN:45,(anonymous_4)
FN:58,(anonymous_5)
FN:95,(anonymous_6)
FN:146,(anonymous_7)
FN:171,(anonymous_8)
FNF:9
FNH:4
FNDA:8,(anonymous_0)
FNDA:0,(anonymous_1)
FNDA:4,(anonymous_2)
FNDA:0,(anonymous_3)
FNDA:0,(anonymous_4)
FNDA:8,(anonymous_5)
FNDA:16,(anonymous_6)
FNDA:0,(anonymous_7)
FNDA:0,(anonymous_8)
DA:16,2
DA:17,8
DA:18,8
DA:19,8
DA:20,8
DA:21,8
DA:22,8
DA:23,0
DA:24,0
DA:27,8
DA:29,4
DA:31,0
DA:32,4
DA:37,0
DA:40,4
DA:42,0
DA:45,8
DA:46,0
DA:47,0
DA:58,8
DA:59,8
DA:61,2
DA:70,4
DA:77,2
DA:84,0
DA:91,0
DA:95,8
DA:96,16
DA:98,4
DA:105,8
DA:112,4
DA:118,0
DA:122,8
DA:147,0
DA:148,0
DA:172,0
DA:192,2
LF:37
LH:24
BRDA:17,0,0,2
BRDA:17,0,1,6
BRDA:23,1,0,0
BRDA:23,1,1,0
BRDA:29,2,0,0
BRDA:29,2,1,4
BRDA:29,3,0,4
BRDA:29,3,1,4
BRDA:32,4,0,0
BRDA:32,4,1,4
BRDA:33,5,0,4
BRDA:33,5,1,0
BRDA:46,6,0,0
BRDA:46,6,1,0
BRDA:46,7,0,0
BRDA:46,7,1,0
BRDA:47,8,0,0
BRDA:47,8,1,0
BRDA:59,9,0,2
BRDA:59,9,1,4
BRDA:59,9,2,2
BRDA:59,9,3,0
BRDA:59,9,4,0
BRDA:96,10,0,4
BRDA:96,10,1,8
BRDA:96,10,2,4
BRDA:96,10,3,0
BRDA:129,11,0,8
BRDA:129,11,1,0
BRDA:138,12,0,8
BRDA:138,12,1,6
BRDA:139,13,0,8
BRDA:139,13,1,2
BRDA:160,14,0,2
BRDA:160,14,1,6
BRDA:163,15,0,6
BRDA:163,15,1,2
BRDA:170,16,0,2
BRDA:170,16,1,0
BRF:39
BRH:23
end_of_record
TN:
SF:components/molecules/BenefitCardHeaderSummary.js
FN:7,BenefitCardHeaderSummary
FN:17,(anonymous_1)
FN:54,(anonymous_2)
FNF:3
FNH:3
FNDA:1,BenefitCardHeaderSummary
FNDA:1,(anonymous_1)
FNDA:5,(anonymous_2)
DA:8,1
DA:9,1
DA:17,1
DA:18,1
DA:22,1
DA:27,0
DA:33,0
DA:34,0
DA:38,0
DA:39,0
DA:42,0
DA:44,0
DA:45,0
DA:49,1
DA:54,5
DA:66,3
LF:16
LH:8
BRDA:8,0,0,1
BRDA:8,0,1,0
BRDA:18,1,0,0
BRDA:18,1,1,0
BRDA:18,1,2,1
BRDA:18,1,3,0
BRDA:18,1,4,0
BRDA:18,1,5,0
BRDA:18,1,6,0
BRDA:18,1,7,0
BRDA:18,1,8,0
BRDA:18,1,9,0
BRDA:18,1,10,0
BRDA:18,1,11,0
BRDA:18,1,12,0
BRDA:18,1,13,0
BRDA:53,2,0,1
BRDA:53,2,1,1
BRDA:54,3,0,0
BRDA:54,3,1,1
BRF:20
BRH:5
end_of_record
TN:
SF:components/molecules/BenefitTasks.js
FN:6,BenefitTasks
FN:23,(anonymous_1)
FNF:2
FNH:2
FNDA:15,BenefitTasks
FNDA:56,(anonymous_1)
DA:7,15
DA:8,15
DA:11,15
DA:13,15
DA:24,56
DA:40,5
LF:6
LH:6
BRDA:7,0,0,7
BRDA:7,0,1,8
BRDA:8,1,0,0
BRDA:8,1,1,15
BRDA:16,2,0,1
BRDA:16,2,1,14
BRDA:18,3,0,6
BRDA:18,3,1,8
BRF:8
BRH:7
end_of_record
TN:
SF:components/molecules/DSFooter.js
FN:3,DSFooter
FNF:1
FNH:1
FNDA:2,DSFooter
DA:4,2
LF:1
LH:1
BRF:0
BRH:0
end_of_record
TN:
SF:components/molecules/DSHeader.js
FN:6,DSHeader
FN:32,(anonymous_1)
FN:38,noRefCheck
FN:39,noRefCheck
FNF:4
FNH:1
FNDA:2,DSHeader
FNDA:0,(anonymous_1)
FNDA:0,noRefCheck
FNDA:0,noRefCheck
DA:7,2
DA:8,1
DA:18,1
DA:32,0
LF:4
LH:3
BRDA:7,0,0,0
BRDA:7,0,1,1
BRDA:24,1,0,0
BRDA:24,1,1,1
BRF:4
BRH:2
end_of_record
TN:
SF:components/molecules/Footer.js
FN:8,Footer
FN:28,(anonymous_1)
FN:54,(anonymous_2)
FNF:3
FNH:3
FNDA:2,Footer
FNDA:3,(anonymous_1)
FNDA:5,(anonymous_2)
DA:9,2
DA:29,3
DA:55,5
DA:90,1
LF:4
LH:4
BRDA:59,0,0,2
BRDA:59,0,1,3
BRF:2
BRH:2
end_of_record
TN:
SF:components/molecules/Greeting.js
FN:5,Greeting
FNF:1
FNH:1
FNDA:1,Greeting
DA:6,1
DA:8,1
LF:2
LH:2
BRDA:6,0,0,0
BRDA:6,0,1,1
BRF:2
BRH:1
end_of_record
TN:
SF:components/molecules/Header.js
FN:7,Header
FN:13,(anonymous_1)
FNF:2
FNH:2
FNDA:3,Header
FNDA:3,(anonymous_1)
DA:8,3
DA:9,3
DA:10,3
DA:12,3
DA:13,3
DA:15,3
DA:16,0
DA:20,3
DA:23,3
DA:129,1
LF:10
LH:9
BRDA:15,0,0,0
BRDA:15,0,1,3
BRDA:15,1,0,3
BRDA:15,1,1,0
BRDA:15,1,2,0
BRDA:47,2,0,2
BRDA:47,2,1,1
BRDA:52,3,0,2
BRDA:52,3,1,1
BRDA:62,4,0,3
BRDA:62,4,1,3
BRDA:63,5,0,2
BRDA:63,5,1,1
BRDA:68,6,0,2
BRDA:68,6,1,1
BRDA:70,7,0,2
BRDA:70,7,1,1
BRDA:79,8,0,3
BRDA:79,8,1,3
BRDA:80,9,0,2
BRDA:80,9,1,1
BRDA:86,10,0,2
BRDA:86,10,1,1
BRDA:88,11,0,2
BRDA:88,11,1,1
BRF:25
BRH:22
end_of_record
TN:
SF:components/molecules/Menu.js
FN:9,Menu
FN:41,(anonymous_1)
FNF:2
FNH:2
FNDA:6,Menu
FNDA:18,(anonymous_1)
DA:11,6
DA:13,6
DA:42,18
DA:44,18
DA:78,2
LF:5
LH:5
BRDA:48,0,0,12
BRDA:48,0,1,6
BRDA:48,1,0,18
BRDA:48,1,1,12
BRDA:53,2,0,15
BRDA:53,2,1,3
BRF:6
BRH:6
end_of_record
TN:
SF:components/molecules/NoBenefitCard.js
FN:9,(anonymous_0)
FN:15,(anonymous_1)
FN:20,(anonymous_2)
FN:52,(anonymous_3)
FNF:4
FNH:1
FNDA:6,(anonymous_0)
FNDA:0,(anonymous_1)
FNDA:0,(anonymous_2)
FNDA:0,(anonymous_3)
DA:9,2
DA:10,6
DA:11,6
DA:12,6
DA:13,6
DA:14,6
DA:15,6
DA:16,0
DA:17,0
DA:20,6
DA:21,0
DA:22,0
DA:33,6
DA:53,0
DA:54,0
DA:65,2
LF:16
LH:10
BRDA:10,0,0,2
BRDA:10,0,1,4
BRDA:16,1,0,0
BRDA:16,1,1,0
BRDA:21,2,0,0
BRDA:21,2,1,0
BRDA:21,3,0,0
BRDA:21,3,1,0
BRDA:22,4,0,0
BRDA:22,4,1,0
BRDA:49,5,0,6
BRDA:49,5,1,1
BRF:12
BRH:4
end_of_record
TN:
SF:components/molecules/ProfileInfo.js
FN:4,ProfileInfo
FN:7,(anonymous_1)
FNF:2
FNH:2
FNDA:3,ProfileInfo
FNDA:6,(anonymous_1)
DA:5,3
DA:8,6
DA:19,2
LF:3
LH:3
BRF:0
BRH:0
end_of_record
TN:
SF:components/molecules/SplashLanguageSelect.js
FN:5,SplashLanguageSelect
FNF:1
FNH:1
FNDA:3,SplashLanguageSelect
DA:6,3
LF:1
LH:1
BRF:0
BRH:0
end_of_record
TN:
SF:components/molecules/UniversalBenefitCard.js
FN:11,UniversalBenefitCard
FN:23,(anonymous_1)
FN:72,(anonymous_2)
FN:92,(anonymous_3)
FN:112,(anonymous_4)
FNF:5
FNH:2
FNDA:3,UniversalBenefitCard
FNDA:1,(anonymous_1)
FNDA:0,(anonymous_2)
FNDA:0,(anonymous_3)
FNDA:0,(anonymous_4)
DA:12,3
DA:13,1
DA:15,1
DA:20,1
DA:21,1
DA:23,1
DA:24,1
DA:37,1
DA:73,0
DA:93,0
DA:94,0
DA:95,0
DA:99,0
DA:113,0
DA:131,2
LF:15
LH:9
BRDA:12,0,0,1
BRDA:12,0,1,0
BRDA:24,1,0,1
BRDA:24,1,1,0
BRDA:53,2,0,1
BRDA:53,2,1,0
BRDA:53,3,0,1
BRDA:53,3,1,0
BRDA:94,4,0,0
BRDA:94,4,1,0
BRDA:107,5,0,1
BRDA:107,5,1,0
BRDA:107,6,0,1
BRDA:107,6,1,0
BRDA:110,7,0,0
BRDA:110,7,1,0
BRF:16
BRH:6
end_of_record
TN:
SF:components/organisms/DashboardUtils.js
FN:7,getProgramBenefit
FN:8,(anonymous_1)
FN:16,getBenefitCode
FN:17,(anonymous_3)
FN:25,getBenefitType
FN:26,(anonymous_5)
FN:34,formatDate
FNF:7
FNH:0
FNDA:0,getProgramBenefit
FNDA:0,(anonymous_1)
FNDA:0,getBenefitCode
FNDA:0,(anonymous_3)
FNDA:0,getBenefitType
FNDA:0,(anonymous_5)
FNDA:0,formatDate
DA:8,0
DA:9,0
DA:10,0
DA:13,0
DA:17,0
DA:18,0
DA:19,0
DA:22,0
DA:26,0
DA:27,0
DA:28,0
DA:31,0
DA:35,0
DA:36,0
LF:14
LH:0
BRDA:9,0,0,0
BRDA:9,0,1,0
BRDA:18,1,0,0
BRDA:18,1,1,0
BRDA:27,2,0,0
BRDA:27,2,1,0
BRF:6
BRH:0
end_of_record
TN:
SF:components/organisms/Layout.js
FN:17,Layout
FN:22,(anonymous_1)
FNF:2
FNH:0
FNDA:0,Layout
FNDA:0,(anonymous_1)
DA:18,0
DA:20,0
DA:22,0
DA:23,0
DA:24,0
DA:38,0
DA:167,0
DA:205,0
LF:8
LH:0
BRDA:18,0,0,0
BRDA:18,0,1,0
BRDA:20,1,0,0
BRDA:20,1,1,0
BRDA:23,2,0,0
BRDA:23,2,1,0
BRDA:28,3,0,0
BRDA:28,3,1,0
BRDA:40,4,0,0
BRDA:40,4,1,0
BRDA:59,5,0,0
BRDA:59,5,1,0
BRDA:71,6,0,0
BRDA:71,6,1,0
BRDA:83,7,0,0
BRDA:83,7,1,0
BRDA:90,8,0,0
BRDA:90,8,1,0
BRDA:92,9,0,0
BRDA:92,9,1,0
BRF:20
BRH:0
end_of_record
TN:
SF:pages/400.js
FN:3,Error400
FN:15,getStaticProps
FNF:2
FNH:1
FNDA:2,Error400
FNDA:0,getStaticProps
DA:4,2
DA:5,1
DA:16,0
DA:17,0
DA:22,0
DA:25,0
LF:6
LH:2
BRDA:4,0,0,0
BRDA:4,0,1,1
BRDA:16,1,0,0
BRDA:16,1,1,0
BRF:4
BRH:1
end_of_record
TN:
SF:pages/404.js
FN:3,Error404
FN:15,getStaticProps
FNF:2
FNH:1
FNDA:2,Error404
FNDA:0,getStaticProps
DA:4,2
DA:5,1
DA:16,0
DA:17,0
DA:22,0
DA:25,0
LF:6
LH:2
BRDA:4,0,0,0
BRDA:4,0,1,1
BRDA:16,1,0,0
BRDA:16,1,1,0
BRF:4
BRH:1
end_of_record
TN:
SF:pages/500.js
FN:3,Error500
FN:15,getStaticProps
FNF:2
FNH:1
FNDA:2,Error500
FNDA:0,getStaticProps
DA:4,2
DA:5,1
DA:16,0
DA:17,0
DA:22,0
DA:25,0
LF:6
LH:2
BRDA:4,0,0,0
BRDA:4,0,1,1
BRDA:16,1,0,0
BRDA:16,1,1,0
BRF:4
BRH:1
end_of_record
TN:
SF:pages/503.js
FN:3,Error503
FN:15,getStaticProps
FNF:2
FNH:1
FNDA:2,Error503
FNDA:0,getStaticProps
DA:4,2
DA:5,1
DA:16,0
DA:17,0
DA:22,0
DA:25,0
LF:6
LH:2
BRDA:4,0,0,0
BRDA:4,0,1,1
BRDA:16,1,0,0
BRDA:16,1,1,0
BRF:4
BRH:1
end_of_record
TN:
SF:pages/_app.js
FN:5,MyApp
FNF:1
FNH:0
FNDA:0,MyApp
DA:6,0
LF:1
LH:0
BRF:0
BRH:0
end_of_record
TN:
SF:pages/_document.js
FN:4,(anonymous_0)
FN:9,(anonymous_1)
FNF:2
FNH:0
FNDA:0,(anonymous_0)
FNDA:0,(anonymous_1)
DA:5,0
DA:6,0
DA:10,0
LF:3
LH:0
BRF:0
BRH:0
end_of_record
TN:
SF:pages/dashboard.js
FN:13,Dashboard
FN:40,(anonymous_1)
FN:42,(anonymous_2)
FN:43,(anonymous_3)
FN:46,(anonymous_4)
FN:49,(anonymous_5)
FN:52,(anonymous_6)
FN:53,(anonymous_7)
FN:56,(anonymous_8)
FN:59,(anonymous_9)
FN:62,(anonymous_10)
FN:63,(anonymous_11)
FN:66,(anonymous_12)
FN:69,(anonymous_13)
FN:72,(anonymous_14)
FN:73,(anonymous_15)
FN:76,(anonymous_16)
FN:79,(anonymous_17)
FN:82,(anonymous_18)
FN:83,(anonymous_19)
FN:86,(anonymous_20)
FN:89,(anonymous_21)
FN:98,(anonymous_22)
FN:146,(anonymous_23)
FN:155,(anonymous_24)
FN:171,(anonymous_25)
FN:183,getServerSideProps
FNF:27
FNH:21
FNDA:4,Dashboard
FNDA:1,(anonymous_1)
FNDA:1,(anonymous_2)
FNDA:1,(anonymous_3)
FNDA:1,(anonymous_4)
FNDA:1,(anonymous_5)
FNDA:1,(anonymous_6)
FNDA:1,(anonymous_7)
FNDA:0,(anonymous_8)
FNDA:1,(anonymous_9)
FNDA:1,(anonymous_10)
FNDA:1,(anonymous_11)
FNDA:0,(anonymous_12)
FNDA:1,(anonymous_13)
FNDA:1,(anonymous_14)
FNDA:1,(anonymous_15)
FNDA:0,(anonymous_16)
FNDA:1,(anonymous_17)
FNDA:1,(anonymous_18)
FNDA:1,(anonymous_19)
FNDA:0,(anonymous_20)
FNDA:1,(anonymous_21)
FNDA:0,(anonymous_22)
FNDA:6,(anonymous_23)
FNDA:12,(anonymous_24)
FNDA:4,(anonymous_25)
FNDA:0,getServerSideProps
DA:14,4
DA:15,3
DA:18,3
DA:20,3
DA:21,3
DA:22,3
DA:24,3
DA:25,3
DA:26,3
DA:28,3
DA:29,3
DA:30,3
DA:32,3
DA:33,3
DA:34,3
DA:36,3
DA:37,3
DA:38,3
DA:40,3
DA:41,1
DA:42,1
DA:44,1
DA:47,1
DA:49,1
DA:51,1
DA:52,1
DA:54,1
DA:57,0
DA:59,1
DA:61,1
DA:62,1
DA:64,1
DA:67,0
DA:69,1
DA:71,1
DA:72,1
DA:74,1
DA:77,0
DA:79,1
DA:81,1
DA:82,1
DA:84,1
DA:87,0
DA:89,1
DA:92,3
DA:99,0
DA:147,6
DA:156,12
DA:157,0
DA:158,12
DA:159,0
DA:161,12
DA:172,4
DA:184,0
DA:186,0
DA:187,0
DA:189,0
DA:193,0
DA:194,0
DA:196,0
DA:197,0
DA:206,0
DA:212,0
DA:214,0
LF:64
LH:46
BRDA:96,0,0,0
BRDA:96,0,1,3
BRDA:97,1,0,2
BRDA:97,1,1,1
BRDA:109,2,0,0
BRDA:109,2,1,1
BRDA:110,3,0,0
BRDA:110,3,1,1
BRDA:118,4,0,0
BRDA:118,4,1,1
BRDA:119,5,0,0
BRDA:119,5,1,1
BRDA:127,6,0,0
BRDA:127,6,1,1
BRDA:128,7,0,0
BRDA:128,7,1,1
BRDA:136,8,0,0
BRDA:136,8,1,1
BRDA:137,9,0,0
BRDA:137,9,1,1
BRDA:156,10,0,0
BRDA:156,10,1,12
BRDA:156,11,0,12
BRDA:156,11,1,8
BRDA:158,12,0,0
BRDA:158,12,1,12
BRDA:158,13,0,12
BRDA:158,13,1,1
BRDA:189,14,0,0
BRDA:189,14,1,0
BRDA:190,15,0,0
BRDA:190,15,1,0
BRDA:194,16,0,0
BRDA:194,16,1,0
BRDA:196,17,0,0
BRDA:196,17,1,0
BRDA:212,18,0,0
BRDA:212,18,1,0
BRF:38
BRH:17
end_of_record
TN:
SF:pages/index.js
FN:4,Index
FN:12,getStaticProps
FNF:2
FNH:1
FNDA:1,Index
FNDA:0,getStaticProps
DA:5,1
DA:13,0
DA:18,0
DA:24,0
DA:33,1
LF:5
LH:2
BRF:0
BRH:0
end_of_record
TN:
SF:pages/profile.js
FN:8,Profile
FN:94,(anonymous_1)
FN:110,(anonymous_2)
FN:138,getStaticProps
FNF:4
FNH:1
FNDA:1,Profile
FNDA:0,(anonymous_1)
FNDA:0,(anonymous_2)
FNDA:0,getStaticProps
DA:9,1
DA:10,1
DA:11,1
DA:12,1
DA:37,1
DA:55,1
DA:87,1
DA:94,0
DA:110,0
DA:139,0
DA:140,0
DA:142,0
DA:148,0
DA:155,0
LF:14
LH:7
BRDA:9,0,0,0
BRDA:9,0,1,1
BRDA:106,1,0,1
BRDA:106,1,1,0
BRDA:125,2,0,0
BRDA:125,2,1,0
BRDA:139,3,0,0
BRDA:139,3,1,0
BRDA:140,4,0,0
BRDA:140,4,1,0
BRF:10
BRH:2
end_of_record
TN:
SF:pages/api/metrics.js
FN:5,handler
FNF:1
FNH:0
FNDA:0,handler
DA:3,0
DA:6,0
DA:7,0
LF:3
LH:0
BRF:0
BRH:0
end_of_record
TN:
SF:pages/api/auth/[...nextauth].js
FN:23,(anonymous_0)
FN:36,(anonymous_1)
FNF:2
FNH:0
FNDA:0,(anonymous_0)
FNDA:0,(anonymous_1)
DA:24,0
DA:37,0
DA:38,0
LF:3
LH:0
BRF:0
BRH:0
end_of_record
TN:
SF:pages/api/programData/_middleware.js
FN:3,middleware
FNF:1
FNH:0
FNDA:0,middleware
DA:4,0
DA:9,0
DA:11,0
DA:12,0
LF:4
LH:0
BRDA:4,0,0,0
BRDA:4,0,1,0
BRDA:5,1,0,0
BRDA:5,1,1,0
BRDA:11,2,0,0
BRDA:11,2,1,0
BRF:6
BRH:0
end_of_record
TN:
SF:pages/api/programData/cpp.js
FN:4,handler
FNF:1
FNH:0
FNDA:0,handler
DA:5,0
DA:6,0
DA:7,0
DA:12,0
DA:15,0
DA:16,0
DA:18,0
DA:20,0
DA:21,0
DA:24,0
DA:26,0
LF:11
LH:0
BRDA:5,0,0,0
BRDA:5,0,1,0
BRDA:15,1,0,0
BRDA:15,1,1,0
BRF:4
BRH:0
end_of_record
TN:
SF:pages/api/programData/cppd.js
FN:6,handler
FNF:1
FNH:0
FNDA:0,handler
DA:7,0
DA:8,0
DA:9,0
DA:11,0
DA:13,0
DA:14,0
DA:17,0
DA:43,0
DA:45,0
LF:9
LH:0
BRDA:7,0,0,0
BRDA:7,0,1,0
BRDA:9,1,0,0
BRDA:9,1,1,0
BRF:4
BRH:0
end_of_record
TN:
SF:pages/api/programData/ei.js
FN:3,handler
FNF:1
FNH:0
FNDA:0,handler
DA:4,0
DA:5,0
DA:6,0
DA:11,0
DA:14,0
DA:16,0
DA:17,0
DA:20,0
DA:22,0
LF:9
LH:0
BRDA:4,0,0,0
BRDA:4,0,1,0
BRF:2
BRH:0
end_of_record
TN:
SF:pages/api/programData/oas.js
FN:3,handler
FNF:1
FNH:0
FNDA:0,handler
DA:4,0
DA:5,0
DA:18,0
DA:20,0
LF:4
LH:0
BRDA:4,0,0,0
BRDA:4,0,1,0
BRF:2
BRH:0
end_of_record
TN:
SF:pages/api/programData/seb.js
FN:3,handler
FNF:1
FNH:0
FNDA:0,handler
DA:4,0
DA:5,0
DA:18,0
DA:20,0
LF:4
LH:0
BRDA:4,0,0,0
BRDA:4,0,1,0
BRF:2
BRH:0
end_of_record
