<?xml version="1.0" encoding="UTF-8"?>
<coverage generated="1635878524664" clover="3.2.0">
  <project timestamp="1635878524664" name="All files">
    <metrics statements="105" coveredstatements="69" conditionals="62" coveredconditionals="44" methods="38" coveredmethods="29" elements="205" coveredelements="142" complexity="0" loc="105" ncloc="105" packages="5" files="25" classes="25"/>
    <package name="components.atoms">
      <metrics statements="27" coveredstatements="23" conditionals="12" coveredconditionals="10" methods="10" coveredmethods="8"/>
      <file name="ActionButton.js" path="/home/runner/work/sc-digital-centre/sc-digital-centre/components/atoms/ActionButton.js">
        <metrics statements="3" coveredstatements="3" conditionals="6" coveredconditionals="6" methods="1" coveredmethods="1"/>
        <line num="20" count="138" type="stmt"/>
        <line num="22" count="138" type="cond" truecount="2" falsecount="0"/>
        <line num="52" count="11" type="stmt"/>
      </file>
      <file name="Breadcrumb.js" path="/home/runner/work/sc-digital-centre/sc-digital-centre/components/atoms/Breadcrumb.js">
        <metrics statements="3" coveredstatements="3" conditionals="2" coveredconditionals="2" methods="2" coveredmethods="2"/>
        <line num="8" count="3" type="stmt"/>
        <line num="21" count="1" type="stmt"/>
        <line num="41" count="1" type="stmt"/>
      </file>
      <file name="Card.js" path="/home/runner/work/sc-digital-centre/sc-digital-centre/components/atoms/Card.js">
        <metrics statements="3" coveredstatements="3" conditionals="0" coveredconditionals="0" methods="1" coveredmethods="1"/>
        <line num="4" count="4" type="stmt"/>
        <line num="12" count="52" type="stmt"/>
        <line num="28" count="4" type="stmt"/>
      </file>
      <file name="ContactCard.js" path="/home/runner/work/sc-digital-centre/sc-digital-centre/components/atoms/ContactCard.js">
        <metrics statements="3" coveredstatements="3" conditionals="0" coveredconditionals="0" methods="1" coveredmethods="1"/>
        <line num="4" count="3" type="stmt"/>
        <line num="13" count="31" type="stmt"/>
        <line num="38" count="3" type="stmt"/>
      </file>
      <file name="DateModified.js" path="/home/runner/work/sc-digital-centre/sc-digital-centre/components/atoms/DateModified.js">
        <metrics statements="3" coveredstatements="3" conditionals="0" coveredconditionals="0" methods="1" coveredmethods="1"/>
        <line num="7" count="16" type="stmt"/>
        <line num="15" count="4" type="stmt"/>
        <line num="20" count="4" type="stmt"/>
      </file>
      <file name="Meta.js" path="/home/runner/work/sc-digital-centre/sc-digital-centre/components/atoms/Meta.js">
        <metrics statements="3" coveredstatements="3" conditionals="0" coveredconditionals="0" methods="1" coveredmethods="1"/>
        <line num="5" count="13" type="stmt"/>
        <line num="18" count="3" type="stmt"/>
        <line num="24" count="3" type="stmt"/>
      </file>
      <file name="SearchBar.js" path="/home/runner/work/sc-digital-centre/sc-digital-centre/components/atoms/SearchBar.js">
        <metrics statements="9" coveredstatements="5" conditionals="4" coveredconditionals="2" methods="3" coveredmethods="1"/>
        <line num="9" count="20" type="stmt"/>
        <line num="10" count="20" type="stmt"/>
        <line num="11" count="20" type="stmt"/>
        <line num="12" count="0" type="stmt"/>
        <line num="15" count="0" type="cond" truecount="0" falsecount="2"/>
        <line num="16" count="0" type="stmt"/>
        <line num="25" count="20" type="stmt"/>
        <line num="32" count="0" type="stmt"/>
        <line num="62" count="5" type="stmt"/>
      </file>
    </package>
    <package name="components.molecules">
      <metrics statements="33" coveredstatements="33" conditionals="26" coveredconditionals="25" methods="16" coveredmethods="16"/>
      <file name="CardList.js" path="/home/runner/work/sc-digital-centre/sc-digital-centre/components/molecules/CardList.js">
        <metrics statements="5" coveredstatements="5" conditionals="2" coveredconditionals="1" methods="2" coveredmethods="2"/>
        <line num="4" count="3" type="stmt"/>
        <line num="5" count="14" type="stmt"/>
        <line num="6" count="50" type="stmt"/>
        <line num="17" count="14" type="stmt"/>
        <line num="27" count="3" type="stmt"/>
      </file>
      <file name="ContactUs.js" path="/home/runner/work/sc-digital-centre/sc-digital-centre/components/molecules/ContactUs.js">
        <metrics statements="4" coveredstatements="4" conditionals="0" coveredconditionals="0" methods="2" coveredmethods="2"/>
        <line num="4" count="2" type="stmt"/>
        <line num="5" count="11" type="stmt"/>
        <line num="11" count="29" type="stmt"/>
        <line num="28" count="2" type="stmt"/>
      </file>
      <file name="FeatureBlock.js" path="/home/runner/work/sc-digital-centre/sc-digital-centre/components/molecules/FeatureBlock.js">
        <metrics statements="2" coveredstatements="2" conditionals="0" coveredconditionals="0" methods="1" coveredmethods="1"/>
        <line num="8" count="13" type="stmt"/>
        <line num="48" count="2" type="stmt"/>
      </file>
      <file name="Footer.js" path="/home/runner/work/sc-digital-centre/sc-digital-centre/components/molecules/Footer.js">
        <metrics statements="4" coveredstatements="4" conditionals="2" coveredconditionals="2" methods="3" coveredmethods="3"/>
        <line num="9" count="14" type="stmt"/>
        <line num="29" count="111" type="stmt"/>
        <line num="55" count="65" type="stmt"/>
        <line num="90" count="3" type="stmt"/>
      </file>
      <file name="Header.js" path="/home/runner/work/sc-digital-centre/sc-digital-centre/components/molecules/Header.js">
        <metrics statements="3" coveredstatements="3" conditionals="16" coveredconditionals="16" methods="1" coveredmethods="1"/>
        <line num="9" count="15" type="stmt"/>
        <line num="11" count="15" type="stmt"/>
        <line num="114" count="3" type="stmt"/>
      </file>
      <file name="Menu.js" path="/home/runner/work/sc-digital-centre/sc-digital-centre/components/molecules/Menu.js">
        <metrics statements="5" coveredstatements="5" conditionals="6" coveredconditionals="6" methods="2" coveredmethods="2"/>
        <line num="11" count="18" type="stmt"/>
        <line num="13" count="18" type="stmt"/>
        <line num="37" count="54" type="stmt"/>
        <line num="39" count="54" type="stmt"/>
        <line num="73" count="4" type="stmt"/>
      </file>
      <file name="SearchCard.js" path="/home/runner/work/sc-digital-centre/sc-digital-centre/components/molecules/SearchCard.js">
        <metrics statements="2" coveredstatements="2" conditionals="0" coveredconditionals="0" methods="1" coveredmethods="1"/>
        <line num="6" count="13" type="stmt"/>
        <line num="32" count="2" type="stmt"/>
      </file>
      <file name="SearchHeader.js" path="/home/runner/work/sc-digital-centre/sc-digital-centre/components/molecules/SearchHeader.js">
        <metrics statements="2" coveredstatements="2" conditionals="0" coveredconditionals="0" methods="1" coveredmethods="1"/>
        <line num="5" count="6" type="stmt"/>
        <line num="45" count="2" type="stmt"/>
      </file>
      <file name="ServiceCanada.js" path="/home/runner/work/sc-digital-centre/sc-digital-centre/components/molecules/ServiceCanada.js">
        <metrics statements="3" coveredstatements="3" conditionals="0" coveredconditionals="0" methods="1" coveredmethods="1"/>
        <line num="4" count="2" type="stmt"/>
        <line num="12" count="11" type="stmt"/>
        <line num="36" count="2" type="stmt"/>
      </file>
      <file name="TopTasks.js" path="/home/runner/work/sc-digital-centre/sc-digital-centre/components/molecules/TopTasks.js">
        <metrics statements="3" coveredstatements="3" conditionals="0" coveredconditionals="0" methods="2" coveredmethods="2"/>
        <line num="5" count="11" type="stmt"/>
        <line num="13" count="38" type="stmt"/>
        <line num="26" count="2" type="stmt"/>
      </file>
    </package>
    <package name="components.organisms">
      <metrics statements="3" coveredstatements="3" conditionals="2" coveredconditionals="2" methods="1" coveredmethods="1"/>
      <file name="Layout.js" path="/home/runner/work/sc-digital-centre/sc-digital-centre/components/organisms/Layout.js">
        <metrics statements="3" coveredstatements="3" conditionals="2" coveredconditionals="2" methods="1" coveredmethods="1"/>
        <line num="13" count="12" type="cond" truecount="2" falsecount="0"/>
        <line num="15" count="12" type="stmt"/>
        <line num="95" count="2" type="stmt"/>
      </file>
    </package>
    <package name="pages">
      <metrics statements="33" coveredstatements="10" conditionals="18" coveredconditionals="7" methods="7" coveredmethods="4"/>
      <file name="_app.js" path="/home/runner/work/sc-digital-centre/sc-digital-centre/pages/_app.js">
        <metrics statements="1" coveredstatements="0" conditionals="0" coveredconditionals="0" methods="1" coveredmethods="0"/>
        <line num="5" count="0" type="stmt"/>
      </file>
      <file name="home.js" path="/home/runner/work/sc-digital-centre/sc-digital-centre/pages/home.js">
        <metrics statements="12" coveredstatements="2" conditionals="4" coveredconditionals="2" methods="2" coveredmethods="1"/>
        <line num="14" count="10" type="cond" truecount="2" falsecount="0"/>
        <line num="16" count="9" type="stmt"/>
        <line num="123" count="0" type="stmt"/>
        <line num="124" count="0" type="stmt"/>
        <line num="130" count="0" type="cond" truecount="0" falsecount="2"/>
        <line num="133" count="0" type="stmt"/>
        <line num="137" count="0" type="stmt"/>
        <line num="139" count="0" type="stmt"/>
        <line num="144" count="0" type="stmt"/>
        <line num="146" count="0" type="stmt"/>
        <line num="147" count="0" type="stmt"/>
        <line num="150" count="0" type="stmt"/>
      </file>
      <file name="index.js" path="/home/runner/work/sc-digital-centre/sc-digital-centre/pages/index.js">
        <metrics statements="1" coveredstatements="1" conditionals="0" coveredconditionals="0" methods="1" coveredmethods="1"/>
        <line num="4" count="1" type="stmt"/>
      </file>
      <file name="searchResult.js" path="/home/runner/work/sc-digital-centre/sc-digital-centre/pages/searchResult.js">
        <metrics statements="19" coveredstatements="7" conditionals="14" coveredconditionals="5" methods="3" coveredmethods="2"/>
        <line num="13" count="3" type="cond" truecount="2" falsecount="0"/>
        <line num="14" count="3" type="stmt"/>
        <line num="16" count="3" type="stmt"/>
        <line num="17" count="3" type="stmt"/>
        <line num="56" count="3" type="stmt"/>
        <line num="57" count="3" type="cond" truecount="1" falsecount="1"/>
        <line num="58" count="0" type="stmt"/>
        <line num="62" count="3" type="stmt"/>
        <line num="91" count="0" type="stmt"/>
        <line num="92" count="0" type="stmt"/>
        <line num="98" count="0" type="cond" truecount="0" falsecount="2"/>
        <line num="99" count="0" type="stmt"/>
        <line num="100" count="0" type="stmt"/>
        <line num="101" count="0" type="cond" truecount="0" falsecount="4"/>
        <line num="102" count="0" type="stmt"/>
        <line num="108" count="0" type="stmt"/>
        <line num="110" count="0" type="stmt"/>
        <line num="111" count="0" type="stmt"/>
        <line num="114" count="0" type="stmt"/>
      </file>
    </package>
    <package name="pages.api">
      <metrics statements="9" coveredstatements="0" conditionals="4" coveredconditionals="0" methods="4" coveredmethods="0"/>
      <file name="getData.js" path="/home/runner/work/sc-digital-centre/sc-digital-centre/pages/api/getData.js">
        <metrics statements="5" coveredstatements="0" conditionals="4" coveredconditionals="0" methods="2" coveredmethods="0"/>
        <line num="14" count="0" type="stmt"/>
        <line num="22" count="0" type="stmt"/>
        <line num="23" count="0" type="cond" truecount="0" falsecount="2"/>
        <line num="24" count="0" type="cond" truecount="0" falsecount="2"/>
        <line num="26" count="0" type="stmt"/>
      </file>
      <file name="hello.js" path="/home/runner/work/sc-digital-centre/sc-digital-centre/pages/api/hello.js">
        <metrics statements="1" coveredstatements="0" conditionals="0" coveredconditionals="0" methods="1" coveredmethods="0"/>
        <line num="4" count="0" type="stmt"/>
      </file>
      <file name="metrics.js" path="/home/runner/work/sc-digital-centre/sc-digital-centre/pages/api/metrics.js">
        <metrics statements="3" coveredstatements="0" conditionals="0" coveredconditionals="0" methods="1" coveredmethods="0"/>
        <line num="3" count="0" type="stmt"/>
        <line num="6" count="0" type="stmt"/>
        <line num="7" count="0" type="stmt"/>
      </file>
    </package>
  </project>
</coverage>
