{"/home/runner/work/sc-digital-centre/sc-digital-centre/components/atoms/ActionButton.js": {"path":"/home/runner/work/sc-digital-centre/sc-digital-centre/components/atoms/ActionButton.js","statementMap":{"0":{"start":{"line":20,"column":4},"end":{"line":20,"column":249}},"1":{"start":{"line":22,"column":2},"end":{"line":49,"column":3}},"2":{"start":{"line":52,"column":0},"end":{"line":99,"column":1}}},"fnMap":{"0":{"name":"ActionButton","decl":{"start":{"line":7,"column":16},"end":{"line":7,"column":28}},"loc":{"start":{"line":17,"column":3},"end":{"line":50,"column":1}},"line":17}},"branchMap":{"0":{"loc":{"start":{"line":22,"column":9},"end":{"line":49,"column":3}},"type":"cond-expr","locations":[{"start":{"line":23,"column":4},"end":{"line":36,"column":11}},{"start":{"line":38,"column":4},"end":{"line":48,"column":13}}],"line":22},"1":{"loc":{"start":{"line":25,"column":22},"end":{"line":25,"column":59}},"type":"cond-expr","locations":[{"start":{"line":25,"column":35},"end":{"line":25,"column":47}},{"start":{"line":25,"column":50},"end":{"line":25,"column":59}}],"line":25},"2":{"loc":{"start":{"line":39,"column":20},"end":{"line":39,"column":57}},"type":"cond-expr","locations":[{"start":{"line":39,"column":33},"end":{"line":39,"column":45}},{"start":{"line":39,"column":48},"end":{"line":39,"column":57}}],"line":39}},"s":{"0":138,"1":138,"2":11},"f":{"0":138},"b":{"0":[135,3],"1":[12,123],"2":[2,1]},"_coverageSchema":"1a1c01bbd47fc00a2c39e90264f33305004495a9","hash":"4e0f64c92c0efef7cacd6e4049297e4e9ea8c7d7"}
,"/home/runner/work/sc-digital-centre/sc-digital-centre/components/atoms/Breadcrumb.js": {"path":"/home/runner/work/sc-digital-centre/sc-digital-centre/components/atoms/Breadcrumb.js","statementMap":{"0":{"start":{"line":8,"column":2},"end":{"line":38,"column":3}},"1":{"start":{"line":21,"column":14},"end":{"line":33,"column":15}},"2":{"start":{"line":41,"column":0},"end":{"line":58,"column":1}}},"fnMap":{"0":{"name":"Breadcrumb","decl":{"start":{"line":7,"column":16},"end":{"line":7,"column":26}},"loc":{"start":{"line":7,"column":34},"end":{"line":39,"column":1}},"line":7},"1":{"name":"(anonymous_1)","decl":{"start":{"line":20,"column":28},"end":{"line":20,"column":29}},"loc":{"start":{"line":20,"column":43},"end":{"line":34,"column":13}},"line":20}},"branchMap":{"0":{"loc":{"start":{"line":19,"column":9},"end":{"line":35,"column":16}},"type":"cond-expr","locations":[{"start":{"line":20,"column":12},"end":{"line":34,"column":14}},{"start":{"line":35,"column":12},"end":{"line":35,"column":16}}],"line":19}},"s":{"0":3,"1":1,"2":1},"f":{"0":3,"1":1},"b":{"0":[1,2]},"_coverageSchema":"1a1c01bbd47fc00a2c39e90264f33305004495a9","hash":"7a1e0ba50bf40355b718d9b9aa66431eb44b4e07"}
,"/home/runner/work/sc-digital-centre/sc-digital-centre/components/atoms/Card.js": {"path":"/home/runner/work/sc-digital-centre/sc-digital-centre/components/atoms/Card.js","statementMap":{"0":{"start":{"line":4,"column":20},"end":{"line":26,"column":1}},"1":{"start":{"line":12,"column":2},"end":{"line":25,"column":3}},"2":{"start":{"line":28,"column":0},"end":{"line":58,"column":1}}},"fnMap":{"0":{"name":"(anonymous_0)","decl":{"start":{"line":4,"column":20},"end":{"line":4,"column":21}},"loc":{"start":{"line":11,"column":6},"end":{"line":26,"column":1}},"line":11}},"branchMap":{},"s":{"0":4,"1":52,"2":4},"f":{"0":52},"b":{},"_coverageSchema":"1a1c01bbd47fc00a2c39e90264f33305004495a9","hash":"d25d17949b1438bcedac66949bba72c30bfc39a2"}
,"/home/runner/work/sc-digital-centre/sc-digital-centre/components/atoms/ContactCard.js": {"path":"/home/runner/work/sc-digital-centre/sc-digital-centre/components/atoms/ContactCard.js","statementMap":{"0":{"start":{"line":4,"column":27},"end":{"line":36,"column":1}},"1":{"start":{"line":13,"column":2},"end":{"line":35,"column":3}},"2":{"start":{"line":38,"column":0},"end":{"line":72,"column":1}}},"fnMap":{"0":{"name":"(anonymous_0)","decl":{"start":{"line":4,"column":27},"end":{"line":4,"column":28}},"loc":{"start":{"line":12,"column":6},"end":{"line":36,"column":1}},"line":12}},"branchMap":{},"s":{"0":3,"1":31,"2":3},"f":{"0":31},"b":{},"_coverageSchema":"1a1c01bbd47fc00a2c39e90264f33305004495a9","hash":"9943d45348c034680e2dadb045375a09e990a9bd"}
,"/home/runner/work/sc-digital-centre/sc-digital-centre/components/atoms/DateModified.js": {"path":"/home/runner/work/sc-digital-centre/sc-digital-centre/components/atoms/DateModified.js","statementMap":{"0":{"start":{"line":7,"column":2},"end":{"line":12,"column":3}},"1":{"start":{"line":15,"column":0},"end":{"line":18,"column":1}},"2":{"start":{"line":20,"column":0},"end":{"line":26,"column":1}}},"fnMap":{"0":{"name":"DateModified","decl":{"start":{"line":6,"column":24},"end":{"line":6,"column":36}},"loc":{"start":{"line":6,"column":44},"end":{"line":13,"column":1}},"line":6}},"branchMap":{},"s":{"0":16,"1":4,"2":4},"f":{"0":16},"b":{},"_coverageSchema":"1a1c01bbd47fc00a2c39e90264f33305004495a9","hash":"16d0d1db67d68c61297447dbe996d8a91d9e31de"}
,"/home/runner/work/sc-digital-centre/sc-digital-centre/components/atoms/Meta.js": {"path":"/home/runner/work/sc-digital-centre/sc-digital-centre/components/atoms/Meta.js","statementMap":{"0":{"start":{"line":5,"column":2},"end":{"line":15,"column":3}},"1":{"start":{"line":18,"column":0},"end":{"line":22,"column":1}},"2":{"start":{"line":24,"column":0},"end":{"line":33,"column":1}}},"fnMap":{"0":{"name":"Meta","decl":{"start":{"line":4,"column":24},"end":{"line":4,"column":28}},"loc":{"start":{"line":4,"column":69},"end":{"line":16,"column":1}},"line":4}},"branchMap":{},"s":{"0":13,"1":3,"2":3},"f":{"0":13},"b":{},"_coverageSchema":"1a1c01bbd47fc00a2c39e90264f33305004495a9","hash":"c77ae6afe8f929074d920259812955c9ff5f1818"}
,"/home/runner/work/sc-digital-centre/sc-digital-centre/components/atoms/SearchBar.js": {"path":"/home/runner/work/sc-digital-centre/sc-digital-centre/components/atoms/SearchBar.js","statementMap":{"0":{"start":{"line":9,"column":17},"end":{"line":9,"column":28}},"1":{"start":{"line":10,"column":30},"end":{"line":10,"column":42}},"2":{"start":{"line":11,"column":23},"end":{"line":23,"column":3}},"3":{"start":{"line":12,"column":4},"end":{"line":12,"column":22}},"4":{"start":{"line":15,"column":4},"end":{"line":20,"column":5}},"5":{"start":{"line":16,"column":6},"end":{"line":19,"column":8}},"6":{"start":{"line":25,"column":2},"end":{"line":59,"column":3}},"7":{"start":{"line":32,"column":25},"end":{"line":32,"column":50}},"8":{"start":{"line":62,"column":0},"end":{"line":82,"column":1}}},"fnMap":{"0":{"name":"SearchBar","decl":{"start":{"line":8,"column":24},"end":{"line":8,"column":33}},"loc":{"start":{"line":8,"column":41},"end":{"line":60,"column":1}},"line":8},"1":{"name":"(anonymous_1)","decl":{"start":{"line":11,"column":23},"end":{"line":11,"column":24}},"loc":{"start":{"line":11,"column":30},"end":{"line":23,"column":3}},"line":11},"2":{"name":"(anonymous_2)","decl":{"start":{"line":32,"column":18},"end":{"line":32,"column":19}},"loc":{"start":{"line":32,"column":25},"end":{"line":32,"column":50}},"line":32}},"branchMap":{"0":{"loc":{"start":{"line":15,"column":4},"end":{"line":20,"column":5}},"type":"if","locations":[{"start":{"line":15,"column":4},"end":{"line":20,"column":5}},{"start":{"line":15,"column":4},"end":{"line":20,"column":5}}],"line":15},"1":{"loc":{"start":{"line":56,"column":9},"end":{"line":56,"column":28}},"type":"binary-expr","locations":[{"start":{"line":56,"column":9},"end":{"line":56,"column":22}},{"start":{"line":56,"column":26},"end":{"line":56,"column":28}}],"line":56}},"s":{"0":20,"1":20,"2":20,"3":0,"4":0,"5":0,"6":20,"7":0,"8":5},"f":{"0":20,"1":0,"2":0},"b":{"0":[0,0],"1":[20,2]},"_coverageSchema":"1a1c01bbd47fc00a2c39e90264f33305004495a9","hash":"7d219b1a8e2a207f338d8e2df2b8573fc41f41f7"}
,"/home/runner/work/sc-digital-centre/sc-digital-centre/components/molecules/CardList.js": {"path":"/home/runner/work/sc-digital-centre/sc-digital-centre/components/molecules/CardList.js","statementMap":{"0":{"start":{"line":4,"column":24},"end":{"line":25,"column":1}},"1":{"start":{"line":5,"column":23},"end":{"line":16,"column":4}},"2":{"start":{"line":6,"column":4},"end":{"line":15,"column":9}},"3":{"start":{"line":17,"column":2},"end":{"line":24,"column":3}},"4":{"start":{"line":27,"column":0},"end":{"line":59,"column":1}}},"fnMap":{"0":{"name":"(anonymous_0)","decl":{"start":{"line":4,"column":24},"end":{"line":4,"column":25}},"loc":{"start":{"line":4,"column":42},"end":{"line":25,"column":1}},"line":4},"1":{"name":"(anonymous_1)","decl":{"start":{"line":5,"column":36},"end":{"line":5,"column":37}},"loc":{"start":{"line":6,"column":4},"end":{"line":15,"column":9}},"line":6}},"branchMap":{"0":{"loc":{"start":{"line":22,"column":7},"end":{"line":22,"column":35}},"type":"cond-expr","locations":[{"start":{"line":22,"column":18},"end":{"line":22,"column":30}},{"start":{"line":22,"column":33},"end":{"line":22,"column":35}}],"line":22}},"s":{"0":3,"1":14,"2":50,"3":14,"4":3},"f":{"0":14,"1":50},"b":{"0":[14,0]},"_coverageSchema":"1a1c01bbd47fc00a2c39e90264f33305004495a9","hash":"9f5a8d9fb01d88529c1bc1bcd5fb67ec00803c4c"}
,"/home/runner/work/sc-digital-centre/sc-digital-centre/components/molecules/ContactUs.js": {"path":"/home/runner/work/sc-digital-centre/sc-digital-centre/components/molecules/ContactUs.js","statementMap":{"0":{"start":{"line":4,"column":25},"end":{"line":26,"column":1}},"1":{"start":{"line":5,"column":2},"end":{"line":25,"column":3}},"2":{"start":{"line":11,"column":10},"end":{"line":21,"column":15}},"3":{"start":{"line":28,"column":0},"end":{"line":69,"column":1}}},"fnMap":{"0":{"name":"(anonymous_0)","decl":{"start":{"line":4,"column":25},"end":{"line":4,"column":26}},"loc":{"start":{"line":4,"column":57},"end":{"line":26,"column":1}},"line":4},"1":{"name":"(anonymous_1)","decl":{"start":{"line":10,"column":25},"end":{"line":10,"column":26}},"loc":{"start":{"line":11,"column":10},"end":{"line":21,"column":15}},"line":11}},"branchMap":{},"s":{"0":2,"1":11,"2":29,"3":2},"f":{"0":11,"1":29},"b":{},"_coverageSchema":"1a1c01bbd47fc00a2c39e90264f33305004495a9","hash":"fb71054b0d602fea6b14a59f468680ea15e5aeba"}
,"/home/runner/work/sc-digital-centre/sc-digital-centre/components/molecules/FeatureBlock.js": {"path":"/home/runner/work/sc-digital-centre/sc-digital-centre/components/molecules/FeatureBlock.js","statementMap":{"0":{"start":{"line":8,"column":2},"end":{"line":45,"column":3}},"1":{"start":{"line":48,"column":0},"end":{"line":69,"column":1}}},"fnMap":{"0":{"name":"FeatureBlock","decl":{"start":{"line":7,"column":24},"end":{"line":7,"column":36}},"loc":{"start":{"line":7,"column":44},"end":{"line":46,"column":1}},"line":7}},"branchMap":{},"s":{"0":13,"1":2},"f":{"0":13},"b":{},"_coverageSchema":"1a1c01bbd47fc00a2c39e90264f33305004495a9","hash":"52c30c9bf7ddb42e95b8cec967e774f21a32bc71"}
,"/home/runner/work/sc-digital-centre/sc-digital-centre/components/molecules/Footer.js": {"path":"/home/runner/work/sc-digital-centre/sc-digital-centre/components/molecules/Footer.js","statementMap":{"0":{"start":{"line":9,"column":2},"end":{"line":87,"column":3}},"1":{"start":{"line":29,"column":16},"end":{"line":38,"column":17}},"2":{"start":{"line":55,"column":18},"end":{"line":72,"column":19}},"3":{"start":{"line":90,"column":0},"end":{"line":119,"column":1}}},"fnMap":{"0":{"name":"Footer","decl":{"start":{"line":8,"column":24},"end":{"line":8,"column":30}},"loc":{"start":{"line":8,"column":38},"end":{"line":88,"column":1}},"line":8},"1":{"name":"(anonymous_1)","decl":{"start":{"line":28,"column":40},"end":{"line":28,"column":41}},"loc":{"start":{"line":28,"column":58},"end":{"line":39,"column":15}},"line":28},"2":{"name":"(anonymous_2)","decl":{"start":{"line":54,"column":33},"end":{"line":54,"column":34}},"loc":{"start":{"line":54,"column":51},"end":{"line":73,"column":17}},"line":54}},"branchMap":{"0":{"loc":{"start":{"line":59,"column":24},"end":{"line":61,"column":79}},"type":"cond-expr","locations":[{"start":{"line":60,"column":28},"end":{"line":60,"column":92}},{"start":{"line":61,"column":28},"end":{"line":61,"column":79}}],"line":59}},"s":{"0":14,"1":111,"2":65,"3":3},"f":{"0":14,"1":111,"2":65},"b":{"0":[14,51]},"_coverageSchema":"1a1c01bbd47fc00a2c39e90264f33305004495a9","hash":"18657c2c127e13c89499f4a5ff2e715c4ad3d89b"}
,"/home/runner/work/sc-digital-centre/sc-digital-centre/components/molecules/Header.js": {"path":"/home/runner/work/sc-digital-centre/sc-digital-centre/components/molecules/Header.js","statementMap":{"0":{"start":{"line":9,"column":17},"end":{"line":9,"column":28}},"1":{"start":{"line":11,"column":2},"end":{"line":111,"column":3}},"2":{"start":{"line":114,"column":0},"end":{"line":143,"column":1}}},"fnMap":{"0":{"name":"Header","decl":{"start":{"line":6,"column":24},"end":{"line":6,"column":30}},"loc":{"start":{"line":6,"column":48},"end":{"line":112,"column":1}},"line":6}},"branchMap":{"0":{"loc":{"start":{"line":34,"column":21},"end":{"line":34,"column":78}},"type":"cond-expr","locations":[{"start":{"line":34,"column":41},"end":{"line":34,"column":58}},{"start":{"line":34,"column":61},"end":{"line":34,"column":78}}],"line":34},"1":{"loc":{"start":{"line":36,"column":18},"end":{"line":38,"column":46}},"type":"cond-expr","locations":[{"start":{"line":37,"column":22},"end":{"line":37,"column":44}},{"start":{"line":38,"column":22},"end":{"line":38,"column":46}}],"line":36},"2":{"loc":{"start":{"line":47,"column":22},"end":{"line":47,"column":53}},"type":"cond-expr","locations":[{"start":{"line":47,"column":42},"end":{"line":47,"column":46}},{"start":{"line":47,"column":49},"end":{"line":47,"column":53}}],"line":47},"3":{"loc":{"start":{"line":52,"column":22},"end":{"line":52,"column":53}},"type":"cond-expr","locations":[{"start":{"line":52,"column":42},"end":{"line":52,"column":46}},{"start":{"line":52,"column":49},"end":{"line":52,"column":53}}],"line":52},"4":{"loc":{"start":{"line":54,"column":17},"end":{"line":54,"column":48}},"type":"cond-expr","locations":[{"start":{"line":54,"column":37},"end":{"line":54,"column":41}},{"start":{"line":54,"column":44},"end":{"line":54,"column":48}}],"line":54},"5":{"loc":{"start":{"line":64,"column":22},"end":{"line":64,"column":53}},"type":"cond-expr","locations":[{"start":{"line":64,"column":42},"end":{"line":64,"column":46}},{"start":{"line":64,"column":49},"end":{"line":64,"column":53}}],"line":64},"6":{"loc":{"start":{"line":70,"column":22},"end":{"line":70,"column":53}},"type":"cond-expr","locations":[{"start":{"line":70,"column":42},"end":{"line":70,"column":46}},{"start":{"line":70,"column":49},"end":{"line":70,"column":53}}],"line":70},"7":{"loc":{"start":{"line":72,"column":17},"end":{"line":72,"column":59}},"type":"cond-expr","locations":[{"start":{"line":72,"column":37},"end":{"line":72,"column":47}},{"start":{"line":72,"column":50},"end":{"line":72,"column":59}}],"line":72}},"s":{"0":15,"1":15,"2":3},"f":{"0":15},"b":{"0":[5,10],"1":[5,10],"2":[5,10],"3":[5,10],"4":[5,10],"5":[5,10],"6":[5,10],"7":[5,10]},"_coverageSchema":"1a1c01bbd47fc00a2c39e90264f33305004495a9","hash":"6fbfb89844333268bd0ba4ee610eb40fa3ca6d99"}
,"/home/runner/work/sc-digital-centre/sc-digital-centre/components/molecules/Menu.js": {"path":"/home/runner/work/sc-digital-centre/sc-digital-centre/components/molecules/Menu.js","statementMap":{"0":{"start":{"line":11,"column":21},"end":{"line":11,"column":32}},"1":{"start":{"line":13,"column":2},"end":{"line":70,"column":3}},"2":{"start":{"line":37,"column":31},"end":{"line":37,"column":51}},"3":{"start":{"line":39,"column":14},"end":{"line":54,"column":15}},"4":{"start":{"line":73,"column":0},"end":{"line":94,"column":1}}},"fnMap":{"0":{"name":"Menu","decl":{"start":{"line":9,"column":16},"end":{"line":9,"column":20}},"loc":{"start":{"line":9,"column":43},"end":{"line":71,"column":1}},"line":9},"1":{"name":"(anonymous_1)","decl":{"start":{"line":36,"column":23},"end":{"line":36,"column":24}},"loc":{"start":{"line":36,"column":38},"end":{"line":55,"column":13}},"line":36}},"branchMap":{"0":{"loc":{"start":{"line":43,"column":20},"end":{"line":45,"column":32}},"type":"cond-expr","locations":[{"start":{"line":44,"column":24},"end":{"line":44,"column":44}},{"start":{"line":45,"column":24},"end":{"line":45,"column":32}}],"line":43},"1":{"loc":{"start":{"line":43,"column":20},"end":{"line":43,"column":57}},"type":"binary-expr","locations":[{"start":{"line":43,"column":20},"end":{"line":43,"column":29}},{"start":{"line":43,"column":33},"end":{"line":43,"column":57}}],"line":43},"2":{"loc":{"start":{"line":48,"column":32},"end":{"line":48,"column":56}},"type":"cond-expr","locations":[{"start":{"line":48,"column":43},"end":{"line":48,"column":49}},{"start":{"line":48,"column":52},"end":{"line":48,"column":56}}],"line":48}},"s":{"0":18,"1":18,"2":54,"3":54,"4":4},"f":{"0":18,"1":54},"b":{"0":[36,18],"1":[54,36],"2":[39,15]},"_coverageSchema":"1a1c01bbd47fc00a2c39e90264f33305004495a9","hash":"d9355bffc253bb571dd54afdf09e6e8523cc6746"}
,"/home/runner/work/sc-digital-centre/sc-digital-centre/components/molecules/SearchCard.js": {"path":"/home/runner/work/sc-digital-centre/sc-digital-centre/components/molecules/SearchCard.js","statementMap":{"0":{"start":{"line":6,"column":2},"end":{"line":29,"column":3}},"1":{"start":{"line":32,"column":0},"end":{"line":61,"column":1}}},"fnMap":{"0":{"name":"SearchCard","decl":{"start":{"line":5,"column":24},"end":{"line":5,"column":34}},"loc":{"start":{"line":5,"column":42},"end":{"line":30,"column":1}},"line":5}},"branchMap":{},"s":{"0":13,"1":2},"f":{"0":13},"b":{},"_coverageSchema":"1a1c01bbd47fc00a2c39e90264f33305004495a9","hash":"aef71e6baadfec1c39f915cdbae93b3f72c60ce7"}
,"/home/runner/work/sc-digital-centre/sc-digital-centre/components/molecules/SearchHeader.js": {"path":"/home/runner/work/sc-digital-centre/sc-digital-centre/components/molecules/SearchHeader.js","statementMap":{"0":{"start":{"line":5,"column":2},"end":{"line":42,"column":3}},"1":{"start":{"line":45,"column":0},"end":{"line":100,"column":1}}},"fnMap":{"0":{"name":"SearchHeader","decl":{"start":{"line":4,"column":24},"end":{"line":4,"column":36}},"loc":{"start":{"line":4,"column":44},"end":{"line":43,"column":1}},"line":4}},"branchMap":{},"s":{"0":6,"1":2},"f":{"0":6},"b":{},"_coverageSchema":"1a1c01bbd47fc00a2c39e90264f33305004495a9","hash":"9570d072edce40739b252b58a5c2ea94fa4d6c1a"}
,"/home/runner/work/sc-digital-centre/sc-digital-centre/components/molecules/ServiceCanada.js": {"path":"/home/runner/work/sc-digital-centre/sc-digital-centre/components/molecules/ServiceCanada.js","statementMap":{"0":{"start":{"line":4,"column":29},"end":{"line":34,"column":1}},"1":{"start":{"line":12,"column":2},"end":{"line":33,"column":3}},"2":{"start":{"line":36,"column":0},"end":{"line":56,"column":1}}},"fnMap":{"0":{"name":"(anonymous_0)","decl":{"start":{"line":4,"column":29},"end":{"line":4,"column":30}},"loc":{"start":{"line":11,"column":6},"end":{"line":34,"column":1}},"line":11}},"branchMap":{},"s":{"0":2,"1":11,"2":2},"f":{"0":11},"b":{},"_coverageSchema":"1a1c01bbd47fc00a2c39e90264f33305004495a9","hash":"314178a5d64c07c34e2f5522f201b6f2d4ef39b7"}
,"/home/runner/work/sc-digital-centre/sc-digital-centre/components/molecules/TopTasks.js": {"path":"/home/runner/work/sc-digital-centre/sc-digital-centre/components/molecules/TopTasks.js","statementMap":{"0":{"start":{"line":5,"column":2},"end":{"line":23,"column":3}},"1":{"start":{"line":13,"column":10},"end":{"line":19,"column":15}},"2":{"start":{"line":26,"column":0},"end":{"line":44,"column":1}}},"fnMap":{"0":{"name":"TopTasks","decl":{"start":{"line":4,"column":24},"end":{"line":4,"column":32}},"loc":{"start":{"line":4,"column":40},"end":{"line":24,"column":1}},"line":4},"1":{"name":"(anonymous_1)","decl":{"start":{"line":12,"column":32},"end":{"line":12,"column":33}},"loc":{"start":{"line":13,"column":10},"end":{"line":19,"column":15}},"line":13}},"branchMap":{},"s":{"0":11,"1":38,"2":2},"f":{"0":11,"1":38},"b":{},"_coverageSchema":"1a1c01bbd47fc00a2c39e90264f33305004495a9","hash":"70534a4805cd19e0f95fe7c03219e3cd52a13f80"}
,"/home/runner/work/sc-digital-centre/sc-digital-centre/components/organisms/Layout.js": {"path":"/home/runner/work/sc-digital-centre/sc-digital-centre/components/organisms/Layout.js","statementMap":{"0":{"start":{"line":13,"column":12},"end":{"line":13,"column":37}},"1":{"start":{"line":15,"column":2},"end":{"line":92,"column":3}},"2":{"start":{"line":95,"column":0},"end":{"line":104,"column":1}}},"fnMap":{"0":{"name":"Layout","decl":{"start":{"line":12,"column":24},"end":{"line":12,"column":30}},"loc":{"start":{"line":12,"column":60},"end":{"line":93,"column":1}},"line":12}},"branchMap":{"0":{"loc":{"start":{"line":13,"column":12},"end":{"line":13,"column":37}},"type":"cond-expr","locations":[{"start":{"line":13,"column":30},"end":{"line":13,"column":32}},{"start":{"line":13,"column":35},"end":{"line":13,"column":37}}],"line":13}},"s":{"0":12,"1":12,"2":2},"f":{"0":12},"b":{"0":[3,9]},"_coverageSchema":"1a1c01bbd47fc00a2c39e90264f33305004495a9","hash":"fedd7c8ba90d907872ea6d746a680254f64261d3"}
,"/home/runner/work/sc-digital-centre/sc-digital-centre/pages/_app.js": {"path":"/home/runner/work/sc-digital-centre/sc-digital-centre/pages/_app.js","statementMap":{"0":{"start":{"line":5,"column":2},"end":{"line":5,"column":37}}},"fnMap":{"0":{"name":"MyApp","decl":{"start":{"line":4,"column":9},"end":{"line":4,"column":14}},"loc":{"start":{"line":4,"column":41},"end":{"line":6,"column":1}},"line":4}},"branchMap":{},"s":{"0":0},"f":{"0":0},"b":{}}
,"/home/runner/work/sc-digital-centre/sc-digital-centre/pages/home.js": {"path":"/home/runner/work/sc-digital-centre/sc-digital-centre/pages/home.js","statementMap":{"0":{"start":{"line":14,"column":12},"end":{"line":14,"column":43}},"1":{"start":{"line":16,"column":2},"end":{"line":119,"column":3}},"2":{"start":{"line":123,"column":17},"end":{"line":123,"column":19}},"3":{"start":{"line":124,"column":18},"end":{"line":124,"column":23}},"4":{"start":{"line":130,"column":2},"end":{"line":148,"column":3}},"5":{"start":{"line":133,"column":17},"end":{"line":133,"column":19}},"6":{"start":{"line":137,"column":4},"end":{"line":137,"column":21}},"7":{"start":{"line":139,"column":4},"end":{"line":139,"column":21}},"8":{"start":{"line":144,"column":26},"end":{"line":144,"column":44}},"9":{"start":{"line":146,"column":4},"end":{"line":146,"column":24}},"10":{"start":{"line":147,"column":4},"end":{"line":147,"column":21}},"11":{"start":{"line":150,"column":2},"end":{"line":156,"column":3}}},"fnMap":{"0":{"name":"Home","decl":{"start":{"line":13,"column":24},"end":{"line":13,"column":28}},"loc":{"start":{"line":13,"column":36},"end":{"line":120,"column":1}},"line":13},"1":{"name":"getStaticProps","decl":{"start":{"line":122,"column":22},"end":{"line":122,"column":36}},"loc":{"start":{"line":122,"column":49},"end":{"line":157,"column":1}},"line":122}},"branchMap":{"0":{"loc":{"start":{"line":14,"column":12},"end":{"line":14,"column":43}},"type":"cond-expr","locations":[{"start":{"line":14,"column":36},"end":{"line":14,"column":38}},{"start":{"line":14,"column":41},"end":{"line":14,"column":43}}],"line":14},"1":{"loc":{"start":{"line":130,"column":2},"end":{"line":148,"column":3}},"type":"if","locations":[{"start":{"line":130,"column":2},"end":{"line":148,"column":3}},{"start":{"line":130,"column":2},"end":{"line":148,"column":3}}],"line":130}},"s":{"0":10,"1":9,"2":0,"3":0,"4":0,"5":0,"6":0,"7":0,"8":0,"9":0,"10":0,"11":0},"f":{"0":10,"1":0},"b":{"0":[1,8],"1":[0,0]},"_coverageSchema":"1a1c01bbd47fc00a2c39e90264f33305004495a9","hash":"8f7230175b1964ca19f6d2d16bc67b09bef6b36b"}
,"/home/runner/work/sc-digital-centre/sc-digital-centre/pages/index.js": {"path":"/home/runner/work/sc-digital-centre/sc-digital-centre/pages/index.js","statementMap":{"0":{"start":{"line":4,"column":2},"end":{"line":128,"column":3}}},"fnMap":{"0":{"name":"Splash","decl":{"start":{"line":3,"column":24},"end":{"line":3,"column":30}},"loc":{"start":{"line":3,"column":33},"end":{"line":129,"column":1}},"line":3}},"branchMap":{},"s":{"0":1},"f":{"0":1},"b":{},"_coverageSchema":"1a1c01bbd47fc00a2c39e90264f33305004495a9","hash":"3ed34edb23f121e4d912aa9a64154eaf230ea8b2"}
,"/home/runner/work/sc-digital-centre/sc-digital-centre/pages/searchResult.js": {"path":"/home/runner/work/sc-digital-centre/sc-digital-centre/pages/searchResult.js","statementMap":{"0":{"start":{"line":13,"column":12},"end":{"line":13,"column":43}},"1":{"start":{"line":14,"column":17},"end":{"line":14,"column":28}},"2":{"start":{"line":16,"column":30},"end":{"line":16,"column":42}},"3":{"start":{"line":17,"column":40},"end":{"line":54,"column":4}},"4":{"start":{"line":56,"column":2},"end":{"line":60,"column":27}},"5":{"start":{"line":57,"column":4},"end":{"line":59,"column":5}},"6":{"start":{"line":58,"column":6},"end":{"line":58,"column":36}},"7":{"start":{"line":62,"column":2},"end":{"line":87,"column":3}},"8":{"start":{"line":91,"column":17},"end":{"line":91,"column":19}},"9":{"start":{"line":92,"column":18},"end":{"line":92,"column":23}},"10":{"start":{"line":98,"column":2},"end":{"line":112,"column":3}},"11":{"start":{"line":99,"column":31},"end":{"line":99,"column":67}},"12":{"start":{"line":100,"column":4},"end":{"line":100,"column":21}},"13":{"start":{"line":101,"column":4},"end":{"line":103,"column":5}},"14":{"start":{"line":102,"column":6},"end":{"line":102,"column":33}},"15":{"start":{"line":108,"column":26},"end":{"line":108,"column":44}},"16":{"start":{"line":110,"column":4},"end":{"line":110,"column":24}},"17":{"start":{"line":111,"column":4},"end":{"line":111,"column":21}},"18":{"start":{"line":114,"column":2},"end":{"line":120,"column":3}}},"fnMap":{"0":{"name":"SearchResult","decl":{"start":{"line":12,"column":24},"end":{"line":12,"column":36}},"loc":{"start":{"line":12,"column":44},"end":{"line":88,"column":1}},"line":12},"1":{"name":"(anonymous_1)","decl":{"start":{"line":56,"column":12},"end":{"line":56,"column":13}},"loc":{"start":{"line":56,"column":18},"end":{"line":60,"column":3}},"line":56},"2":{"name":"getStaticProps","decl":{"start":{"line":90,"column":22},"end":{"line":90,"column":36}},"loc":{"start":{"line":90,"column":49},"end":{"line":121,"column":1}},"line":90}},"branchMap":{"0":{"loc":{"start":{"line":13,"column":12},"end":{"line":13,"column":43}},"type":"cond-expr","locations":[{"start":{"line":13,"column":36},"end":{"line":13,"column":38}},{"start":{"line":13,"column":41},"end":{"line":13,"column":43}}],"line":13},"1":{"loc":{"start":{"line":57,"column":4},"end":{"line":59,"column":5}},"type":"if","locations":[{"start":{"line":57,"column":4},"end":{"line":59,"column":5}},{"start":{"line":57,"column":4},"end":{"line":59,"column":5}}],"line":57},"2":{"loc":{"start":{"line":67,"column":19},"end":{"line":67,"column":31}},"type":"binary-expr","locations":[{"start":{"line":67,"column":19},"end":{"line":67,"column":25}},{"start":{"line":67,"column":29},"end":{"line":67,"column":31}}],"line":67},"3":{"loc":{"start":{"line":83,"column":25},"end":{"line":83,"column":64}},"type":"cond-expr","locations":[{"start":{"line":83,"column":34},"end":{"line":83,"column":40}},{"start":{"line":83,"column":43},"end":{"line":83,"column":64}}],"line":83},"4":{"loc":{"start":{"line":98,"column":2},"end":{"line":112,"column":3}},"type":"if","locations":[{"start":{"line":98,"column":2},"end":{"line":112,"column":3}},{"start":{"line":98,"column":2},"end":{"line":112,"column":3}}],"line":98},"5":{"loc":{"start":{"line":101,"column":4},"end":{"line":103,"column":5}},"type":"if","locations":[{"start":{"line":101,"column":4},"end":{"line":103,"column":5}},{"start":{"line":101,"column":4},"end":{"line":103,"column":5}}],"line":101},"6":{"loc":{"start":{"line":101,"column":8},"end":{"line":101,"column":29}},"type":"binary-expr","locations":[{"start":{"line":101,"column":8},"end":{"line":101,"column":15}},{"start":{"line":101,"column":19},"end":{"line":101,"column":29}}],"line":101}},"s":{"0":3,"1":3,"2":3,"3":3,"4":3,"5":3,"6":0,"7":3,"8":0,"9":0,"10":0,"11":0,"12":0,"13":0,"14":0,"15":0,"16":0,"17":0,"18":0},"f":{"0":3,"1":3,"2":0},"b":{"0":[2,1],"1":[0,3],"2":[3,0],"3":[0,3],"4":[0,0],"5":[0,0],"6":[0,0]},"_coverageSchema":"1a1c01bbd47fc00a2c39e90264f33305004495a9","hash":"ef2d62fa7abf3e0e8fe785957fa1d6b6bae472e5"}
,"/home/runner/work/sc-digital-centre/sc-digital-centre/pages/api/getData.js": {"path":"/home/runner/work/sc-digital-centre/sc-digital-centre/pages/api/getData.js","statementMap":{"0":{"start":{"line":14,"column":2},"end":{"line":14,"column":26}},"1":{"start":{"line":22,"column":14},"end":{"line":22,"column":79}},"2":{"start":{"line":23,"column":16},"end":{"line":23,"column":43}},"3":{"start":{"line":24,"column":18},"end":{"line":24,"column":50}},"4":{"start":{"line":26,"column":2},"end":{"line":26,"column":27}}},"fnMap":{"0":{"name":"getLocalBenefits","decl":{"start":{"line":8,"column":16},"end":{"line":8,"column":32}},"loc":{"start":{"line":8,"column":35},"end":{"line":15,"column":1}},"line":8},"1":{"name":"getBenefitsAndServices","decl":{"start":{"line":21,"column":22},"end":{"line":21,"column":44}},"loc":{"start":{"line":21,"column":55},"end":{"line":27,"column":1}},"line":21}},"branchMap":{"0":{"loc":{"start":{"line":23,"column":16},"end":{"line":23,"column":43}},"type":"cond-expr","locations":[{"start":{"line":23,"column":25},"end":{"line":23,"column":30}},{"start":{"line":23,"column":33},"end":{"line":23,"column":43}}],"line":23},"1":{"loc":{"start":{"line":24,"column":18},"end":{"line":24,"column":50}},"type":"cond-expr","locations":[{"start":{"line":24,"column":27},"end":{"line":24,"column":43}},{"start":{"line":24,"column":46},"end":{"line":24,"column":50}}],"line":24}},"s":{"0":0,"1":0,"2":0,"3":0,"4":0},"f":{"0":0,"1":0},"b":{"0":[0,0],"1":[0,0]},"_coverageSchema":"1a1c01bbd47fc00a2c39e90264f33305004495a9","hash":"d32c1049f2113fbd71a20da853f094b94ef36efd"}
,"/home/runner/work/sc-digital-centre/sc-digital-centre/pages/api/hello.js": {"path":"/home/runner/work/sc-digital-centre/sc-digital-centre/pages/api/hello.js","statementMap":{"0":{"start":{"line":4,"column":2},"end":{"line":4,"column":44}}},"fnMap":{"0":{"name":"handler","decl":{"start":{"line":3,"column":24},"end":{"line":3,"column":31}},"loc":{"start":{"line":3,"column":42},"end":{"line":5,"column":1}},"line":3}},"branchMap":{},"s":{"0":0},"f":{"0":0},"b":{}}
,"/home/runner/work/sc-digital-centre/sc-digital-centre/pages/api/metrics.js": {"path":"/home/runner/work/sc-digital-centre/sc-digital-centre/pages/api/metrics.js","statementMap":{"0":{"start":{"line":3,"column":0},"end":{"line":3,"column":53}},"1":{"start":{"line":6,"column":2},"end":{"line":6,"column":53}},"2":{"start":{"line":7,"column":2},"end":{"line":7,"column":30}}},"fnMap":{"0":{"name":"handler","decl":{"start":{"line":5,"column":24},"end":{"line":5,"column":31}},"loc":{"start":{"line":5,"column":42},"end":{"line":8,"column":1}},"line":5}},"branchMap":{},"s":{"0":0,"1":0,"2":0},"f":{"0":0},"b":{}}
}
