TN:
SF:components/atoms/ActionButton.js
FN:7,ActionButton
FNF:1
FNH:1
FNDA:67,ActionButton
DA:8,67
DA:11,67
DA:13,67
DA:43,11
LF:4
LH:4
BRDA:13,0,0,15
BRDA:13,0,1,52
BRDA:16,1,0,7
BRDA:16,1,1,8
BRDA:30,2,0,2
BRDA:30,2,1,50
BRF:6
BRH:6
end_of_record
TN:
SF:components/atoms/BenefitCardHeaderActive.js
FN:12,BenefitCardHeaderActive
FN:14,(anonymous_1)
FN:22,(anonymous_2)
FN:28,(anonymous_3)
FN:40,(anonymous_4)
FN:43,(anonymous_5)
FN:56,(anonymous_6)
FNF:7
FNH:4
FNDA:23,BenefitCardHeaderActive
FNDA:21,(anonymous_1)
FNDA:0,(anonymous_2)
FNDA:0,(anonymous_3)
FNDA:0,(anonymous_4)
FNDA:21,(anonymous_5)
FNDA:21,(anonymous_6)
DA:13,23
DA:14,21
DA:15,21
DA:16,5
DA:17,16
DA:21,0
DA:22,0
DA:24,16
DA:28,21
DA:30,0
DA:31,0
DA:32,0
DA:36,0
DA:38,0
DA:40,0
DA:43,21
DA:44,21
DA:45,0
DA:46,21
DA:50,0
DA:52,21
DA:56,21
DA:57,21
DA:58,0
DA:59,21
DA:63,0
DA:65,21
DA:69,21
LF:28
LH:16
BRDA:13,0,0,5
BRDA:13,0,1,16
BRDA:15,1,0,5
BRDA:15,1,1,16
BRDA:17,2,0,0
BRDA:17,2,1,16
BRDA:18,3,0,16
BRDA:18,3,1,8
BRDA:30,4,0,0
BRDA:30,4,1,0
BRDA:30,5,0,0
BRDA:30,5,1,0
BRDA:32,6,0,0
BRDA:32,6,1,0
BRDA:33,7,0,0
BRDA:33,7,1,0
BRDA:44,8,0,0
BRDA:44,8,1,21
BRDA:44,9,0,21
BRDA:44,9,1,8
BRDA:46,10,0,0
BRDA:46,10,1,21
BRDA:47,11,0,21
BRDA:47,11,1,4
BRDA:57,12,0,0
BRDA:57,12,1,21
BRDA:57,13,0,21
BRDA:57,13,1,8
BRDA:59,14,0,0
BRDA:59,14,1,21
BRDA:60,15,0,21
BRDA:60,15,1,4
BRDA:102,16,0,17
BRDA:102,16,1,4
BRF:34
BRH:21
end_of_record
TN:
SF:components/atoms/BenefitCardHeaderActiveAgreement.js
FN:7,BenefitCardHeaderActiveAgreement
FN:9,(anonymous_1)
FNF:2
FNH:2
FNDA:5,BenefitCardHeaderActiveAgreement
FNDA:5,(anonymous_1)
DA:8,5
DA:9,5
DA:10,5
DA:11,0
DA:13,5
DA:17,5
LF:6
LH:5
BRDA:8,0,0,1
BRDA:8,0,1,4
BRDA:10,1,0,0
BRDA:10,1,1,5
BRF:4
BRH:3
end_of_record
TN:
SF:components/atoms/BenefitCardHeaderInactive.js
FN:7,BenefitCardHeaderInactive
FN:9,(anonymous_1)
FNF:2
FNH:2
FNDA:11,BenefitCardHeaderInactive
FNDA:10,(anonymous_1)
DA:8,11
DA:9,10
DA:10,10
DA:13,10
LF:4
LH:4
BRDA:8,0,0,2
BRDA:8,0,1,8
BRF:2
BRH:2
end_of_record
TN:
SF:components/atoms/BenefitCardHeaderPending.js
FN:7,BenefitCardHeaderPending
FN:9,(anonymous_1)
FNF:2
FNH:2
FNDA:20,BenefitCardHeaderPending
FNDA:19,(anonymous_1)
DA:8,20
DA:9,19
DA:10,19
DA:11,5
DA:13,14
DA:17,19
LF:6
LH:6
BRDA:8,0,0,3
BRDA:8,0,1,16
BRDA:10,1,0,5
BRDA:10,1,1,14
BRF:4
BRH:4
end_of_record
TN:
SF:components/atoms/Breadcrumb.js
FN:7,Breadcrumb
FN:20,(anonymous_1)
FNF:2
FNH:2
FNDA:3,Breadcrumb
FNDA:1,(anonymous_1)
DA:8,3
DA:21,1
DA:41,1
LF:3
LH:3
BRDA:19,0,0,1
BRDA:19,0,1,2
BRF:2
BRH:2
end_of_record
TN:
SF:components/atoms/Card.js
FN:4,Card
FNF:1
FNH:1
FNDA:2,Card
DA:5,2
DA:23,1
LF:2
LH:2
BRF:0
BRH:0
end_of_record
TN:
SF:components/atoms/DateModified.js
FN:6,DateModified
FNF:1
FNH:1
FNDA:4,DateModified
DA:7,4
DA:15,9
DA:20,9
LF:3
LH:3
BRF:0
BRH:0
end_of_record
TN:
SF:components/atoms/HorizontalRule.js
FN:4,HorizontalRule
FNF:1
FNH:1
FNDA:195,HorizontalRule
DA:5,195
DA:6,0
DA:11,195
DA:12,0
DA:17,195
DA:18,99
DA:24,96
LF:7
LH:5
BRDA:5,0,0,0
BRDA:5,0,1,195
BRDA:5,1,0,195
BRDA:5,1,1,0
BRDA:11,2,0,0
BRDA:11,2,1,195
BRDA:17,3,0,99
BRDA:17,3,1,96
BRF:8
BRH:5
end_of_record
TN:
SF:components/atoms/Meta.js
FN:5,Meta
FN:24,(anonymous_1)
FNF:2
FNH:2
FNDA:11,Meta
FNDA:2,(anonymous_1)
DA:6,11
DA:25,2
DA:63,8
DA:69,8
LF:4
LH:4
BRDA:18,0,0,1
BRDA:18,0,1,10
BRDA:39,1,0,11
BRDA:39,1,1,1
BRF:4
BRH:4
end_of_record
TN:
SF:components/atoms/NoBenefitCardHeader.js
FN:5,BenefitCardHeaderActive
FN:9,(anonymous_1)
FNF:2
FNH:2
FNDA:20,BenefitCardHeaderActive
FNDA:40,(anonymous_1)
DA:6,20
DA:7,20
DA:9,20
DA:10,40
DA:13,20
LF:5
LH:5
BRDA:6,0,0,4
BRDA:6,0,1,16
BRF:2
BRH:2
end_of_record
TN:
SF:components/atoms/PhaseBanner.js
FN:7,PhaseBanner
FNF:1
FNH:1
FNDA:2,PhaseBanner
DA:8,2
DA:31,8
LF:2
LH:2
BRF:0
BRH:0
end_of_record
TN:
SF:components/atoms/ProfileInfoSection.js
FN:6,ProfileInfoSection
FN:15,(anonymous_1)
FN:32,(anonymous_2)
FNF:3
FNH:3
FNDA:8,ProfileInfoSection
FNDA:22,(anonymous_1)
FNDA:36,(anonymous_2)
DA:7,8
DA:8,8
DA:16,22
DA:33,36
DA:44,3
LF:5
LH:5
BRDA:7,0,0,0
BRDA:7,0,1,8
BRDA:20,1,0,0
BRDA:20,1,1,22
BRF:4
BRH:2
end_of_record
TN:
SF:components/atoms/StatusBadge.js
FN:10,StatusBadge
FNF:1
FNH:1
FNDA:64,StatusBadge
DA:11,64
DA:12,59
DA:34,7
LF:3
LH:3
BRDA:11,0,0,11
BRDA:11,0,1,48
BRDA:19,1,0,21
BRDA:19,1,1,38
BRDA:21,2,0,0
BRDA:21,2,1,38
BRDA:23,3,0,19
BRDA:23,3,1,19
BRDA:28,4,0,59
BRDA:28,4,1,9
BRF:10
BRH:9
end_of_record
TN:
SF:components/atoms/TabList.js
FN:7,TabList
FN:8,(anonymous_1)
FN:9,(anonymous_2)
FN:15,(anonymous_3)
FN:30,(anonymous_4)
FNF:5
FNH:3
FNDA:4,TabList
FNDA:4,(anonymous_1)
FNDA:9,(anonymous_2)
FNDA:0,(anonymous_3)
FNDA:0,(anonymous_4)
DA:8,4
DA:9,4
DA:10,9
DA:16,0
DA:17,0
DA:30,0
DA:37,4
DA:44,2
LF:8
LH:5
BRDA:16,0,0,0
BRDA:16,0,1,0
BRDA:25,1,0,4
BRDA:25,1,1,5
BRF:4
BRH:2
end_of_record
TN:
SF:components/atoms/ViewMoreLessButton.js
FN:4,ViewMoreLessButton
FNF:1
FNH:1
FNDA:51,ViewMoreLessButton
DA:5,51
DA:25,5
LF:2
LH:2
BRDA:17,0,0,1
BRDA:17,0,1,48
BRF:2
BRH:2
end_of_record
TN:
SF:components/molecules/BenefitApplicationCard.js
FN:8,(anonymous_0)
FN:14,(anonymous_1)
FN:22,(anonymous_2)
FNF:3
FNH:3
FNDA:23,(anonymous_0)
FNDA:23,(anonymous_1)
FNDA:46,(anonymous_2)
DA:8,2
DA:9,23
DA:10,23
DA:11,23
DA:12,23
DA:14,23
DA:15,23
DA:22,23
DA:23,46
DA:28,23
DA:93,2
LF:11
LH:11
BRDA:9,0,0,3
BRDA:9,0,1,20
BRDA:16,1,0,23
BRDA:16,1,1,5
BRDA:16,1,2,19
BRDA:23,2,0,44
BRDA:23,2,1,2
BRDA:57,3,0,10
BRDA:57,3,1,13
BRF:9
BRH:9
end_of_record
TN:
SF:components/molecules/BenefitCard.js
FN:16,(anonymous_0)
FN:22,(anonymous_1)
FN:27,(anonymous_2)
FN:42,(anonymous_3)
FN:45,(anonymous_4)
FN:58,(anonymous_5)
FN:95,(anonymous_6)
FN:147,(anonymous_7)
FN:168,(anonymous_8)
FNF:9
FNH:4
FNDA:47,(anonymous_0)
FNDA:0,(anonymous_1)
FNDA:36,(anonymous_2)
FNDA:0,(anonymous_3)
FNDA:0,(anonymous_4)
FNDA:46,(anonymous_5)
FNDA:88,(anonymous_6)
FNDA:0,(anonymous_7)
FNDA:0,(anonymous_8)
DA:16,2
DA:17,47
DA:18,46
DA:19,46
DA:20,46
DA:21,46
DA:22,46
DA:23,0
DA:24,0
DA:27,46
DA:29,36
DA:31,0
DA:32,36
DA:37,0
DA:40,36
DA:42,0
DA:45,46
DA:46,0
DA:47,0
DA:58,46
DA:59,46
DA:61,18
DA:70,16
DA:77,8
DA:84,4
DA:91,0
DA:95,46
DA:96,88
DA:98,36
DA:105,32
DA:112,16
DA:118,4
DA:122,46
DA:148,0
DA:169,0
DA:170,0
DA:182,2
LF:37
LH:26
BRDA:17,0,0,2
BRDA:17,0,1,44
BRDA:23,1,0,0
BRDA:23,1,1,0
BRDA:29,2,0,0
BRDA:29,2,1,36
BRDA:29,3,0,36
BRDA:29,3,1,12
BRDA:32,4,0,0
BRDA:32,4,1,36
BRDA:33,5,0,36
BRDA:33,5,1,8
BRDA:46,6,0,0
BRDA:46,6,1,0
BRDA:46,7,0,0
BRDA:46,7,1,0
BRDA:47,8,0,0
BRDA:47,8,1,0
BRDA:59,9,0,18
BRDA:59,9,1,16
BRDA:59,9,2,8
BRDA:59,9,3,4
BRDA:59,9,4,0
BRDA:96,10,0,36
BRDA:96,10,1,32
BRDA:96,10,2,16
BRDA:96,10,3,4
BRDA:129,11,0,42
BRDA:129,11,1,4
BRDA:140,12,0,30
BRDA:140,12,1,16
BRDA:146,13,0,16
BRDA:146,13,1,0
BRDA:162,14,0,46
BRDA:162,14,1,38
BRDA:163,15,0,46
BRDA:163,15,1,8
BRF:37
BRH:25
end_of_record
TN:
SF:components/molecules/BenefitCardHeaderSummary.js
FN:5,BenefitCardHeaderSummary
FN:9,(anonymous_1)
FN:34,(anonymous_2)
FNF:3
FNH:3
FNDA:2,BenefitCardHeaderSummary
FNDA:1,(anonymous_1)
FNDA:1,(anonymous_2)
DA:6,2
DA:7,1
DA:9,1
DA:10,1
DA:12,1
DA:17,0
DA:21,0
DA:22,0
DA:24,0
DA:25,0
DA:29,1
DA:34,1
DA:46,3
LF:13
LH:8
BRDA:10,0,0,1
BRDA:10,0,1,0
BRDA:10,0,2,0
BRDA:10,0,3,0
BRDA:10,0,4,0
BRDA:33,1,0,1
BRDA:33,1,1,1
BRDA:34,2,0,0
BRDA:34,2,1,1
BRF:9
BRH:4
end_of_record
TN:
SF:components/molecules/BenefitTasks.js
FN:5,BenefitTasks
FN:22,(anonymous_1)
FNF:2
FNH:2
FNDA:51,BenefitTasks
FNDA:226,(anonymous_1)
DA:6,51
DA:7,51
DA:10,51
DA:12,51
DA:23,226
DA:39,5
LF:6
LH:6
BRDA:6,0,0,2
BRDA:6,0,1,49
BRDA:7,1,0,0
BRDA:7,1,1,51
BRDA:15,2,0,1
BRDA:15,2,1,50
BRDA:17,3,0,18
BRDA:17,3,1,32
BRF:8
BRH:7
end_of_record
TN:
SF:components/molecules/DSFooter.js
FN:3,DSFooter
FNF:1
FNH:1
FNDA:11,DSFooter
DA:4,11
LF:1
LH:1
BRF:0
BRH:0
end_of_record
TN:
SF:components/molecules/DSHeader.js
FN:6,DSHeader
FN:31,(anonymous_1)
FN:37,noRefCheck
FN:38,noRefCheck
FNF:4
FNH:1
FNDA:17,DSHeader
FNDA:0,(anonymous_1)
FNDA:0,noRefCheck
FNDA:0,noRefCheck
DA:7,17
DA:8,10
DA:31,0
LF:3
LH:2
BRDA:7,0,0,0
BRDA:7,0,1,10
BRF:2
BRH:1
end_of_record
TN:
SF:components/molecules/Footer.js
FN:8,Footer
FN:28,(anonymous_1)
FN:54,(anonymous_2)
FNF:3
FNH:3
FNDA:2,Footer
FNDA:3,(anonymous_1)
FNDA:5,(anonymous_2)
DA:9,2
DA:29,3
DA:55,5
DA:90,8
LF:4
LH:4
BRDA:59,0,0,2
BRDA:59,0,1,3
BRF:2
BRH:2
end_of_record
TN:
SF:components/molecules/Greeting.js
FN:5,Greeting
FNF:1
FNH:1
FNDA:4,Greeting
DA:6,4
DA:8,4
LF:2
LH:2
BRDA:6,0,0,0
BRDA:6,0,1,4
BRF:2
BRH:1
end_of_record
TN:
SF:components/molecules/Header.js
FN:7,Header
FN:13,(anonymous_1)
FNF:2
FNH:2
FNDA:3,Header
FNDA:3,(anonymous_1)
DA:8,3
DA:9,3
DA:10,3
DA:12,3
DA:13,3
DA:15,3
DA:16,0
DA:20,3
DA:23,3
DA:129,1
LF:10
LH:9
BRDA:15,0,0,0
BRDA:15,0,1,3
BRDA:15,1,0,3
BRDA:15,1,1,0
BRDA:15,1,2,0
BRDA:47,2,0,2
BRDA:47,2,1,1
BRDA:52,3,0,2
BRDA:52,3,1,1
BRDA:62,4,0,3
BRDA:62,4,1,3
BRDA:63,5,0,2
BRDA:63,5,1,1
BRDA:68,6,0,2
BRDA:68,6,1,1
BRDA:70,7,0,2
BRDA:70,7,1,1
BRDA:79,8,0,3
BRDA:79,8,1,3
BRDA:80,9,0,2
BRDA:80,9,1,1
BRDA:86,10,0,2
BRDA:86,10,1,1
BRDA:88,11,0,2
BRDA:88,11,1,1
BRF:25
BRH:22
end_of_record
TN:
SF:components/molecules/Menu.js
FN:9,Menu
FN:41,(anonymous_1)
FNF:2
FNH:2
FNDA:6,Menu
FNDA:18,(anonymous_1)
DA:11,6
DA:13,6
DA:42,18
DA:44,18
DA:78,2
LF:5
LH:5
BRDA:48,0,0,12
BRDA:48,0,1,6
BRDA:48,1,0,18
BRDA:48,1,1,12
BRDA:53,2,0,15
BRDA:53,2,1,3
BRF:6
BRH:6
end_of_record
TN:
SF:components/molecules/NoBenefitCard.js
FN:9,(anonymous_0)
FN:15,(anonymous_1)
FN:20,(anonymous_2)
FN:52,(anonymous_3)
FNF:4
FNH:1
FNDA:18,(anonymous_0)
FNDA:0,(anonymous_1)
FNDA:0,(anonymous_2)
FNDA:0,(anonymous_3)
DA:9,2
DA:10,18
DA:11,18
DA:12,18
DA:13,18
DA:14,18
DA:15,18
DA:16,0
DA:17,0
DA:20,18
DA:21,0
DA:22,0
DA:33,18
DA:53,0
DA:54,0
DA:65,2
LF:16
LH:10
BRDA:10,0,0,2
BRDA:10,0,1,16
BRDA:16,1,0,0
BRDA:16,1,1,0
BRDA:21,2,0,0
BRDA:21,2,1,0
BRDA:21,3,0,0
BRDA:21,3,1,0
BRDA:22,4,0,0
BRDA:22,4,1,0
BRDA:49,5,0,18
BRDA:49,5,1,4
BRF:12
BRH:4
end_of_record
TN:
SF:components/molecules/ProfileInfo.js
FN:4,ProfileInfo
FN:7,(anonymous_1)
FNF:2
FNH:2
FNDA:3,ProfileInfo
FNDA:6,(anonymous_1)
DA:5,3
DA:8,6
DA:19,2
LF:3
LH:3
BRF:0
BRH:0
end_of_record
TN:
SF:components/molecules/SplashLanguageSelect.js
FN:5,SplashLanguageSelect
FNF:1
FNH:1
FNDA:3,SplashLanguageSelect
DA:6,3
LF:1
LH:1
BRF:0
BRH:0
end_of_record
TN:
SF:components/molecules/UniversalBenefitCard.js
FN:13,UniversalBenefitCard
FN:41,(anonymous_1)
FN:58,(anonymous_2)
FN:76,(anonymous_3)
FNF:4
FNH:1
FNDA:8,UniversalBenefitCard
FNDA:0,(anonymous_1)
FNDA:0,(anonymous_2)
FNDA:0,(anonymous_3)
DA:14,8
DA:15,4
DA:17,4
DA:22,4
DA:23,4
DA:25,4
DA:42,0
DA:59,0
DA:60,0
DA:61,0
DA:65,0
DA:77,0
DA:94,2
LF:13
LH:7
BRDA:14,0,0,1
BRDA:14,0,1,3
BRDA:38,1,0,4
BRDA:38,1,1,0
BRDA:38,2,0,4
BRDA:38,2,1,0
BRDA:60,3,0,0
BRDA:60,3,1,0
BRDA:71,4,0,4
BRDA:71,4,1,0
BRDA:71,5,0,4
BRDA:71,5,1,0
BRDA:74,6,0,0
BRDA:74,6,1,0
BRF:14
BRH:6
end_of_record
TN:
SF:components/organisms/DashboardUtils.js
FN:7,getProgramBenefit
FN:8,(anonymous_1)
FN:16,getBenefitCode
FN:17,(anonymous_3)
FN:25,getBenefitType
FN:26,(anonymous_5)
FN:34,formatDate
FNF:7
FNH:0
FNDA:0,getProgramBenefit
FNDA:0,(anonymous_1)
FNDA:0,getBenefitCode
FNDA:0,(anonymous_3)
FNDA:0,getBenefitType
FNDA:0,(anonymous_5)
FNDA:0,formatDate
DA:8,0
DA:9,0
DA:10,0
DA:13,0
DA:17,0
DA:18,0
DA:19,0
DA:22,0
DA:26,0
DA:27,0
DA:28,0
DA:31,0
DA:35,0
DA:36,0
LF:14
LH:0
BRDA:9,0,0,0
BRDA:9,0,1,0
BRDA:18,1,0,0
BRDA:18,1,1,0
BRDA:27,2,0,0
BRDA:27,2,1,0
BRF:6
BRH:0
end_of_record
TN:
SF:components/organisms/Layout.js
FN:16,Layout
FN:19,(anonymous_1)
FNF:2
FNH:2
FNDA:17,Layout
FNDA:7,(anonymous_1)
DA:17,17
DA:19,10
DA:20,7
DA:21,0
DA:35,10
DA:161,7
DA:192,7
LF:7
LH:6
BRDA:17,0,0,0
BRDA:17,0,1,10
BRDA:20,1,0,0
BRDA:20,1,1,7
BRDA:25,2,0,0
BRDA:25,2,1,0
BRDA:37,3,0,0
BRDA:37,3,1,10
BRDA:56,4,0,0
BRDA:56,4,1,10
BRDA:68,5,0,9
BRDA:68,5,1,1
BRDA:84,6,0,6
BRDA:84,6,1,4
BRDA:86,7,0,0
BRDA:86,7,1,10
BRF:16
BRH:9
end_of_record
TN:
SF:pages/400.js
FN:4,Error400
FN:26,getStaticProps
FNF:2
FNH:1
FNDA:2,Error400
FNDA:0,getStaticProps
DA:5,2
DA:6,1
DA:27,0
DA:28,0
DA:33,0
LF:5
LH:2
BRDA:5,0,0,0
BRDA:5,0,1,1
BRDA:27,1,0,0
BRDA:27,1,1,0
BRF:4
BRH:1
end_of_record
TN:
SF:pages/404.js
FN:4,Error404
FN:26,getStaticProps
FNF:2
FNH:1
FNDA:2,Error404
FNDA:0,getStaticProps
DA:5,2
DA:6,1
DA:27,0
DA:28,0
DA:33,0
LF:5
LH:2
BRDA:5,0,0,0
BRDA:5,0,1,1
BRDA:27,1,0,0
BRDA:27,1,1,0
BRF:4
BRH:1
end_of_record
TN:
SF:pages/500.js
FN:4,Error500
FN:26,getStaticProps
FNF:2
FNH:1
FNDA:2,Error500
FNDA:0,getStaticProps
DA:5,2
DA:6,1
DA:27,0
DA:28,0
DA:33,0
LF:5
LH:2
BRDA:5,0,0,0
BRDA:5,0,1,1
BRDA:27,1,0,0
BRDA:27,1,1,0
BRF:4
BRH:1
end_of_record
TN:
SF:pages/503.js
FN:4,Error503
FN:26,getStaticProps
FNF:2
FNH:1
FNDA:2,Error503
FNDA:0,getStaticProps
DA:5,2
DA:6,1
DA:27,0
DA:28,0
DA:33,0
LF:5
LH:2
BRDA:5,0,0,0
BRDA:5,0,1,1
BRDA:27,1,0,0
BRDA:27,1,1,0
BRF:4
BRH:1
end_of_record
TN:
SF:pages/_app.js
FN:4,MyApp
FNF:1
FNH:0
FNDA:0,MyApp
DA:5,0
LF:1
LH:0
BRF:0
BRH:0
end_of_record
TN:
SF:pages/_document.js
FN:4,(anonymous_0)
FN:9,(anonymous_1)
FNF:2
FNH:0
FNDA:0,(anonymous_0)
FNDA:0,(anonymous_1)
DA:5,0
DA:6,0
DA:10,0
LF:3
LH:0
BRF:0
BRH:0
end_of_record
TN:
SF:pages/dashboard.js
FN:68,Dashboard
FN:80,(anonymous_1)
FN:126,(anonymous_2)
FN:127,(anonymous_3)
FN:135,(anonymous_4)
FN:138,(anonymous_5)
FN:139,(anonymous_6)
FN:146,(anonymous_7)
FN:154,(anonymous_8)
FN:158,(anonymous_9)
FN:181,(anonymous_10)
FN:257,(anonymous_11)
FN:295,getServerSideProps
FN:318,BuildAdvertisingCards
FN:347,CheckAllBenefitsForAdvertising
FN:351,(anonymous_15)
FN:354,(anonymous_16)
FN:361,(anonymous_17)
FNF:18
FNH:12
FNDA:7,Dashboard
FNDA:2,(anonymous_1)
FNDA:0,(anonymous_2)
FNDA:0,(anonymous_3)
FNDA:2,(anonymous_4)
FNDA:2,(anonymous_5)
FNDA:2,(anonymous_6)
FNDA:0,(anonymous_7)
FNDA:1,(anonymous_8)
FNDA:1,(anonymous_9)
FNDA:6,(anonymous_10)
FNDA:30,(anonymous_11)
FNDA:0,getServerSideProps
FNDA:0,BuildAdvertisingCards
FNDA:8,CheckAllBenefitsForAdvertising
FNDA:6,(anonymous_15)
FNDA:6,(anonymous_16)
FNDA:0,(anonymous_17)
DA:69,7
DA:72,6
DA:73,6
DA:74,6
DA:76,6
DA:77,6
DA:79,6
DA:82,2
DA:83,2
DA:84,2
DA:92,0
DA:94,2
DA:101,0
DA:103,2
DA:110,0
DA:112,2
DA:120,0
DA:125,2
DA:127,0
DA:134,6
DA:136,2
DA:137,2
DA:138,2
DA:140,2
DA:141,2
DA:142,2
DA:143,2
DA:144,2
DA:147,0
DA:148,0
DA:154,6
DA:155,1
DA:158,6
DA:159,1
DA:162,6
DA:182,6
DA:258,30
DA:299,0
DA:305,0
DA:307,0
DA:320,0
DA:322,0
DA:323,0
DA:324,0
DA:325,0
DA:326,0
DA:327,0
DA:328,0
DA:331,0
DA:334,0
DA:335,0
DA:336,0
DA:337,0
DA:339,0
DA:349,8
DA:351,6
DA:353,4
DA:354,6
DA:357,8
DA:361,0
LF:60
LH:35
BRDA:83,0,0,2
BRDA:83,0,1,0
BRDA:83,1,0,2
BRDA:83,1,1,2
BRDA:84,2,0,0
BRDA:84,2,1,2
BRDA:94,3,0,0
BRDA:94,3,1,2
BRDA:103,4,0,0
BRDA:103,4,1,2
BRDA:112,5,0,0
BRDA:112,5,1,2
BRDA:125,6,0,0
BRDA:125,6,1,2
BRDA:178,7,0,2
BRDA:178,7,1,4
BRDA:178,8,0,6
BRDA:178,8,1,4
BRDA:179,9,0,2
BRDA:179,9,1,4
BRDA:179,10,0,6
BRDA:179,10,1,6
BRDA:305,11,0,0
BRDA:305,11,1,0
BRDA:349,12,0,4
BRDA:349,12,1,4
BRDA:354,13,0,6
BRDA:354,13,1,0
BRDA:357,14,0,8
BRDA:357,14,1,0
BRF:30
BRH:20
end_of_record
TN:
SF:pages/index.js
FN:8,Index
FN:23,getStaticProps
FNF:2
FNH:1
FNDA:2,Index
FNDA:0,getStaticProps
DA:9,2
DA:24,0
DA:30,0
DA:38,1
LF:4
LH:2
BRF:0
BRH:0
end_of_record
TN:
SF:pages/profile.js
FN:10,Profile
FN:106,(anonymous_1)
FN:122,(anonymous_2)
FN:156,getStaticProps
FNF:4
FNH:1
FNDA:2,Profile
FNDA:0,(anonymous_1)
FNDA:0,(anonymous_2)
FNDA:0,getStaticProps
DA:11,2
DA:12,1
DA:13,1
DA:14,1
DA:39,1
DA:57,1
DA:89,1
DA:106,0
DA:122,0
DA:157,0
DA:158,0
DA:163,0
LF:12
LH:7
BRDA:11,0,0,0
BRDA:11,0,1,1
BRDA:118,1,0,1
BRDA:118,1,1,0
BRDA:137,2,0,0
BRDA:137,2,1,0
BRDA:157,3,0,0
BRDA:157,3,1,0
BRF:8
BRH:2
end_of_record
TN:
SF:pages/api/metrics.js
FN:5,handler
FNF:1
FNH:0
FNDA:0,handler
DA:3,0
DA:6,0
DA:7,0
LF:3
LH:0
BRF:0
BRH:0
end_of_record
TN:
SF:pages/api/auth/[...nextauth].js
FN:23,(anonymous_0)
FN:36,(anonymous_1)
FNF:2
FNH:0
FNDA:0,(anonymous_0)
FNDA:0,(anonymous_1)
DA:24,0
DA:37,0
DA:38,0
LF:3
LH:0
BRF:0
BRH:0
end_of_record
TN:
SF:pages/api/programData/cpp.js
FN:3,handler
FNF:1
FNH:0
FNDA:0,handler
DA:4,0
DA:5,0
DA:6,0
DA:11,0
DA:14,0
DA:16,0
DA:17,0
DA:20,0
DA:22,0
LF:9
LH:0
BRDA:4,0,0,0
BRDA:4,0,1,0
BRF:2
BRH:0
end_of_record
TN:
SF:pages/api/programData/ei.js
FN:3,handler
FNF:1
FNH:0
FNDA:0,handler
DA:4,0
DA:5,0
DA:6,0
DA:11,0
DA:14,0
DA:16,0
DA:17,0
DA:20,0
DA:22,0
LF:9
LH:0
BRDA:4,0,0,0
BRDA:4,0,1,0
BRF:2
BRH:0
end_of_record
