TN:
SF:components/atoms/ActionButton.js
FN:7,ActionButton
FNF:1
FNH:1
FNDA:22,ActionButton
DA:8,22
DA:11,22
DA:13,22
DA:44,10
LF:4
LH:4
BRDA:13,0,0,15
BRDA:13,0,1,7
BRDA:16,1,0,7
BRDA:16,1,1,8
BRDA:30,2,0,0
BRDA:30,2,1,7
BRDA:31,3,0,2
BRDA:31,3,1,5
BRF:8
BRH:7
end_of_record
TN:
SF:components/atoms/Breadcrumb.js
FN:7,Breadcrumb
FN:20,(anonymous_1)
FNF:2
FNH:2
FNDA:3,Breadcrumb
FNDA:1,(anonymous_1)
DA:8,3
DA:21,1
DA:41,1
LF:3
LH:3
BRDA:19,0,0,1
BRDA:19,0,1,2
BRF:2
BRH:2
end_of_record
TN:
SF:components/atoms/Card.js
FN:4,Card
FNF:1
FNH:1
FNDA:2,Card
DA:5,2
DA:23,1
LF:2
LH:2
BRF:0
BRH:0
end_of_record
TN:
SF:components/atoms/DateModified.js
FN:6,DateModified
FNF:1
FNH:1
FNDA:4,DateModified
DA:7,4
DA:15,2
DA:20,2
LF:3
LH:3
BRF:0
BRH:0
end_of_record
TN:
SF:components/atoms/HorizontalRule.js
FN:4,HorizontalRule
FNF:1
FNH:1
FNDA:29,HorizontalRule
DA:5,29
DA:6,0
DA:11,29
DA:12,0
DA:17,29
DA:18,24
DA:24,5
LF:7
LH:5
BRDA:5,0,0,0
BRDA:5,0,1,29
BRDA:5,1,0,29
BRDA:5,1,1,0
BRDA:11,2,0,0
BRDA:11,2,1,29
BRDA:17,3,0,24
BRDA:17,3,1,5
BRF:8
BRH:5
end_of_record
TN:
SF:components/atoms/Meta.js
FN:5,Meta
FN:24,(anonymous_1)
FNF:2
FNH:2
FNDA:1,Meta
FNDA:2,(anonymous_1)
DA:6,1
DA:25,2
DA:63,1
DA:69,1
LF:4
LH:4
BRDA:18,0,0,1
BRDA:18,0,1,0
BRDA:39,1,0,1
BRDA:39,1,1,1
BRF:4
BRH:3
end_of_record
TN:
SF:components/atoms/NoBenefitCardHeader.js
FN:5,BenefitCardHeaderActive
FN:9,(anonymous_1)
FNF:2
FNH:2
FNDA:8,BenefitCardHeaderActive
FNDA:16,(anonymous_1)
DA:6,8
DA:7,8
DA:9,8
DA:10,16
DA:13,8
LF:5
LH:5
BRDA:6,0,0,4
BRDA:6,0,1,4
BRF:2
BRH:2
end_of_record
TN:
SF:components/atoms/PhaseBanner.js
FN:7,PhaseBanner
FNF:1
FNH:1
FNDA:2,PhaseBanner
DA:8,2
DA:31,1
LF:2
LH:2
BRF:0
BRH:0
end_of_record
TN:
SF:components/atoms/ProfileInfoSection.js
FN:6,ProfileInfoSection
FN:14,(anonymous_1)
FN:31,(anonymous_2)
FNF:3
FNH:3
FNDA:8,ProfileInfoSection
FNDA:22,(anonymous_1)
FNDA:36,(anonymous_2)
DA:7,8
DA:8,8
DA:15,22
DA:32,36
DA:42,3
LF:5
LH:5
BRDA:7,0,0,0
BRDA:7,0,1,8
BRDA:19,1,0,0
BRDA:19,1,1,22
BRF:4
BRH:2
end_of_record
TN:
SF:components/atoms/StatusBadge.js
FN:7,StatusBadge
FNF:1
FNH:1
FNDA:3,StatusBadge
DA:8,3
DA:20,3
LF:2
LH:2
BRF:0
BRH:0
end_of_record
TN:
SF:components/atoms/TabList.js
FN:7,TabList
FN:8,(anonymous_1)
FN:9,(anonymous_2)
FN:15,(anonymous_3)
FN:30,(anonymous_4)
FNF:5
FNH:3
FNDA:4,TabList
FNDA:4,(anonymous_1)
FNDA:9,(anonymous_2)
FNDA:0,(anonymous_3)
FNDA:0,(anonymous_4)
DA:8,4
DA:9,4
DA:10,9
DA:16,0
DA:17,0
DA:30,0
DA:37,4
DA:44,2
LF:8
LH:5
BRDA:16,0,0,0
BRDA:16,0,1,0
BRDA:25,1,0,4
BRDA:25,1,1,5
BRF:4
BRH:2
end_of_record
TN:
SF:components/atoms/ViewMoreLessButton.js
FN:4,ViewMoreLessButton
FNF:1
FNH:1
FNDA:4,ViewMoreLessButton
DA:5,4
DA:36,4
LF:2
LH:2
BRDA:16,0,0,1
BRDA:16,0,1,3
BRF:2
BRH:2
end_of_record
TN:
SF:components/molecules/BenefitApplicationCard.js
FN:8,(anonymous_0)
FN:14,(anonymous_1)
FN:22,(anonymous_2)
FNF:3
FNH:3
FNDA:15,(anonymous_0)
FNDA:15,(anonymous_1)
FNDA:30,(anonymous_2)
DA:8,2
DA:9,15
DA:10,15
DA:11,15
DA:12,15
DA:14,15
DA:15,15
DA:22,15
DA:23,30
DA:28,15
DA:93,2
LF:11
LH:11
BRDA:9,0,0,3
BRDA:9,0,1,12
BRDA:16,1,0,15
BRDA:16,1,1,9
BRDA:16,1,2,14
BRDA:23,2,0,14
BRDA:23,2,1,16
BRDA:57,3,0,4
BRDA:57,3,1,11
BRF:9
BRH:9
end_of_record
TN:
SF:components/molecules/BenefitCardHeaderSummary.js
FN:7,BenefitCardHeaderSummary
FN:19,(anonymous_1)
FN:58,(anonymous_2)
FN:77,(anonymous_3)
FNF:4
FNH:4
FNDA:1,BenefitCardHeaderSummary
FNDA:1,(anonymous_1)
FNDA:1,(anonymous_2)
FNDA:5,(anonymous_3)
DA:8,1
DA:9,1
DA:19,1
DA:20,1
DA:24,1
DA:29,0
DA:37,0
DA:42,0
DA:46,0
DA:47,0
DA:51,0
DA:53,0
DA:54,0
DA:58,1
DA:59,1
DA:61,0
DA:67,1
DA:71,1
DA:77,5
DA:89,3
LF:20
LH:11
BRDA:8,0,0,1
BRDA:8,0,1,0
BRDA:20,1,0,0
BRDA:20,1,1,0
BRDA:20,1,2,1
BRDA:20,1,3,0
BRDA:20,1,4,0
BRDA:20,1,5,0
BRDA:20,1,6,0
BRDA:20,1,7,0
BRDA:20,1,8,0
BRDA:20,1,9,0
BRDA:20,1,10,0
BRDA:20,1,11,0
BRDA:20,1,12,0
BRDA:20,1,13,0
BRDA:20,1,14,0
BRDA:20,1,15,0
BRDA:20,1,16,0
BRDA:59,2,0,0
BRDA:59,2,1,1
BRDA:63,3,0,0
BRDA:63,3,1,0
BRDA:67,4,0,1
BRDA:67,4,1,1
BRDA:77,5,0,0
BRDA:77,5,1,1
BRF:27
BRH:6
end_of_record
TN:
SF:components/molecules/BenefitTasks.js
FN:6,BenefitTasks
FN:15,(anonymous_1)
FNF:2
FNH:2
FNDA:7,BenefitTasks
FNDA:18,(anonymous_1)
DA:7,7
DA:9,7
DA:16,18
DA:35,4
LF:4
LH:4
BRDA:7,0,0,3
BRDA:7,0,1,4
BRF:2
BRH:2
end_of_record
TN:
SF:components/molecules/DSFooter.js
FN:3,DSFooter
FNF:1
FNH:1
FNDA:1,DSFooter
DA:4,1
LF:1
LH:1
BRF:0
BRH:0
end_of_record
TN:
SF:components/molecules/DSHeader.js
FN:6,DSHeader
FN:32,(anonymous_1)
FN:38,noRefCheck
FN:39,noRefCheck
FNF:4
FNH:1
FNDA:1,DSHeader
FNDA:0,(anonymous_1)
FNDA:0,noRefCheck
FNDA:0,noRefCheck
DA:7,1
DA:8,1
DA:18,1
DA:32,0
LF:4
LH:3
BRDA:7,0,0,0
BRDA:7,0,1,1
BRDA:24,1,0,0
BRDA:24,1,1,1
BRF:4
BRH:2
end_of_record
TN:
SF:components/molecules/Footer.js
FN:8,Footer
FN:28,(anonymous_1)
FN:54,(anonymous_2)
FNF:3
FNH:3
FNDA:2,Footer
FNDA:3,(anonymous_1)
FNDA:5,(anonymous_2)
DA:9,2
DA:29,3
DA:55,5
DA:90,1
LF:4
LH:4
BRDA:59,0,0,2
BRDA:59,0,1,3
BRF:2
BRH:2
end_of_record
TN:
SF:components/molecules/Greeting.js
FN:5,Greeting
FNF:1
FNH:1
FNDA:1,Greeting
DA:6,1
DA:8,1
LF:2
LH:2
BRDA:6,0,0,0
BRDA:6,0,1,1
BRF:2
BRH:1
end_of_record
TN:
SF:components/molecules/Header.js
FN:7,Header
FN:13,(anonymous_1)
FNF:2
FNH:2
FNDA:3,Header
FNDA:3,(anonymous_1)
DA:8,3
DA:9,3
DA:10,3
DA:12,3
DA:13,3
DA:15,3
DA:16,0
DA:20,3
DA:23,3
DA:129,1
LF:10
LH:9
BRDA:15,0,0,0
BRDA:15,0,1,3
BRDA:15,1,0,3
BRDA:15,1,1,0
BRDA:15,1,2,0
BRDA:47,2,0,2
BRDA:47,2,1,1
BRDA:52,3,0,2
BRDA:52,3,1,1
BRDA:62,4,0,3
BRDA:62,4,1,3
BRDA:63,5,0,2
BRDA:63,5,1,1
BRDA:68,6,0,2
BRDA:68,6,1,1
BRDA:70,7,0,2
BRDA:70,7,1,1
BRDA:79,8,0,3
BRDA:79,8,1,3
BRDA:80,9,0,2
BRDA:80,9,1,1
BRDA:86,10,0,2
BRDA:86,10,1,1
BRDA:88,11,0,2
BRDA:88,11,1,1
BRF:25
BRH:22
end_of_record
TN:
SF:components/molecules/Menu.js
FN:9,Menu
FN:41,(anonymous_1)
FNF:2
FNH:2
FNDA:6,Menu
FNDA:18,(anonymous_1)
DA:11,6
DA:13,6
DA:42,18
DA:44,18
DA:78,2
LF:5
LH:5
BRDA:48,0,0,12
BRDA:48,0,1,6
BRDA:48,1,0,18
BRDA:48,1,1,12
BRDA:53,2,0,15
BRDA:53,2,1,3
BRF:6
BRH:6
end_of_record
TN:
SF:components/molecules/NoBenefitCard.js
FN:9,(anonymous_0)
FN:15,(anonymous_1)
FN:20,(anonymous_2)
FN:46,(anonymous_3)
FNF:4
FNH:1
FNDA:6,(anonymous_0)
FNDA:0,(anonymous_1)
FNDA:0,(anonymous_2)
FNDA:0,(anonymous_3)
DA:9,2
DA:10,6
DA:11,6
DA:12,6
DA:13,6
DA:14,6
DA:15,6
DA:16,0
DA:17,0
DA:20,6
DA:21,0
DA:22,0
DA:33,6
DA:47,0
DA:48,0
DA:59,2
LF:16
LH:10
BRDA:10,0,0,2
BRDA:10,0,1,4
BRDA:16,1,0,0
BRDA:16,1,1,0
BRDA:21,2,0,0
BRDA:21,2,1,0
BRDA:21,3,0,0
BRDA:21,3,1,0
BRDA:22,4,0,0
BRDA:22,4,1,0
BRDA:43,5,0,6
BRDA:43,5,1,0
BRF:12
BRH:3
end_of_record
TN:
SF:components/molecules/ProfileInfo.js
FN:4,ProfileInfo
FN:7,(anonymous_1)
FNF:2
FNH:2
FNDA:3,ProfileInfo
FNDA:6,(anonymous_1)
DA:5,3
DA:8,6
DA:19,2
LF:3
LH:3
BRF:0
BRH:0
end_of_record
TN:
SF:components/molecules/SplashLanguageSelect.js
FN:5,SplashLanguageSelect
FNF:1
FNH:1
FNDA:3,SplashLanguageSelect
DA:6,3
LF:1
LH:1
BRF:0
BRH:0
end_of_record
TN:
SF:components/molecules/UniversalBenefitCard.js
FN:12,UniversalBenefitCard
FN:24,(anonymous_1)
FN:85,(anonymous_2)
FN:105,(anonymous_3)
FN:128,(anonymous_4)
FNF:5
FNH:2
FNDA:1,UniversalBenefitCard
FNDA:1,(anonymous_1)
FNDA:0,(anonymous_2)
FNDA:0,(anonymous_3)
FNDA:0,(anonymous_4)
DA:13,1
DA:14,1
DA:16,1
DA:21,1
DA:22,1
DA:24,1
DA:25,1
DA:38,1
DA:86,0
DA:106,0
DA:107,0
DA:108,0
DA:112,0
DA:129,0
DA:144,2
LF:15
LH:9
BRDA:13,0,0,1
BRDA:13,0,1,0
BRDA:25,1,0,1
BRDA:25,1,1,0
BRDA:40,2,0,1
BRDA:40,2,1,0
BRDA:44,3,0,1
BRDA:44,3,1,0
BRDA:46,4,0,0
BRDA:46,4,1,0
BRDA:48,5,0,0
BRDA:48,5,1,0
BRDA:48,6,0,0
BRDA:48,6,1,0
BRDA:51,7,0,0
BRDA:51,7,1,0
BRDA:66,8,0,1
BRDA:66,8,1,0
BRDA:66,9,0,1
BRDA:66,9,1,0
BRDA:107,10,0,0
BRDA:107,10,1,0
BRDA:120,11,0,0
BRDA:120,11,1,1
BRDA:120,12,0,1
BRDA:120,12,1,1
BRDA:126,13,0,1
BRDA:126,13,1,0
BRF:28
BRH:10
end_of_record
TN:
SF:components/organisms/Layout.js
FN:17,Layout
FN:22,(anonymous_1)
FNF:2
FNH:0
FNDA:0,Layout
FNDA:0,(anonymous_1)
DA:18,0
DA:20,0
DA:22,0
DA:23,0
DA:24,0
DA:38,0
DA:167,0
DA:205,0
LF:8
LH:0
BRDA:18,0,0,0
BRDA:18,0,1,0
BRDA:20,1,0,0
BRDA:20,1,1,0
BRDA:23,2,0,0
BRDA:23,2,1,0
BRDA:28,3,0,0
BRDA:28,3,1,0
BRDA:40,4,0,0
BRDA:40,4,1,0
BRDA:59,5,0,0
BRDA:59,5,1,0
BRDA:71,6,0,0
BRDA:71,6,1,0
BRDA:83,7,0,0
BRDA:83,7,1,0
BRDA:90,8,0,0
BRDA:90,8,1,0
BRDA:92,9,0,0
BRDA:92,9,1,0
BRF:20
BRH:0
end_of_record
TN:
SF:pages/400.js
FN:3,Error400
FN:15,getStaticProps
FNF:2
FNH:1
FNDA:1,Error400
FNDA:0,getStaticProps
DA:4,1
DA:5,1
DA:16,0
DA:17,0
DA:22,0
DA:25,0
LF:6
LH:2
BRDA:4,0,0,1
BRDA:4,0,1,0
BRDA:16,1,0,0
BRDA:16,1,1,0
BRF:4
BRH:1
end_of_record
TN:
SF:pages/404.js
FN:3,Error404
FN:15,getStaticProps
FNF:2
FNH:1
FNDA:1,Error404
FNDA:0,getStaticProps
DA:4,1
DA:5,1
DA:16,0
DA:17,0
DA:22,0
DA:25,0
LF:6
LH:2
BRDA:4,0,0,1
BRDA:4,0,1,0
BRDA:16,1,0,0
BRDA:16,1,1,0
BRF:4
BRH:1
end_of_record
TN:
SF:pages/500.js
FN:3,Error500
FN:15,getStaticProps
FNF:2
FNH:1
FNDA:1,Error500
FNDA:0,getStaticProps
DA:4,1
DA:5,1
DA:16,0
DA:17,0
DA:22,0
DA:25,0
LF:6
LH:2
BRDA:4,0,0,1
BRDA:4,0,1,0
BRDA:16,1,0,0
BRDA:16,1,1,0
BRF:4
BRH:1
end_of_record
TN:
SF:pages/503.js
FN:3,Error503
FN:15,getStaticProps
FNF:2
FNH:1
FNDA:1,Error503
FNDA:0,getStaticProps
DA:4,1
DA:5,1
DA:16,0
DA:17,0
DA:22,0
DA:25,0
LF:6
LH:2
BRDA:4,0,0,1
BRDA:4,0,1,0
BRDA:16,1,0,0
BRDA:16,1,1,0
BRF:4
BRH:1
end_of_record
TN:
SF:pages/_app.js
FN:5,MyApp
FNF:1
FNH:0
FNDA:0,MyApp
DA:6,0
LF:1
LH:0
BRF:0
BRH:0
end_of_record
TN:
SF:pages/_document.js
FN:4,(anonymous_0)
FN:9,(anonymous_1)
FNF:2
FNH:0
FNDA:0,(anonymous_0)
FNDA:0,(anonymous_1)
DA:5,0
DA:6,0
DA:10,0
LF:3
LH:0
BRF:0
BRH:0
end_of_record
TN:
SF:pages/dashboard.js
FN:11,Dashboard
FN:41,(anonymous_1)
FN:42,fetchProgramData
FN:76,(anonymous_3)
FN:90,(anonymous_4)
FN:104,(anonymous_5)
FN:118,(anonymous_6)
FN:132,(anonymous_7)
FN:150,(anonymous_8)
FN:166,(anonymous_9)
FN:178,getServerSideProps
FNF:11
FNH:5
FNDA:1,Dashboard
FNDA:1,(anonymous_1)
FNDA:6,fetchProgramData
FNDA:0,(anonymous_3)
FNDA:0,(anonymous_4)
FNDA:0,(anonymous_5)
FNDA:0,(anonymous_6)
FNDA:0,(anonymous_7)
FNDA:12,(anonymous_8)
FNDA:4,(anonymous_9)
FNDA:0,getServerSideProps
DA:12,1
DA:15,1
DA:17,1
DA:18,1
DA:19,1
DA:21,1
DA:22,1
DA:23,1
DA:25,1
DA:26,1
DA:27,1
DA:29,1
DA:30,1
DA:31,1
DA:33,1
DA:34,1
DA:35,1
DA:37,1
DA:38,1
DA:39,1
DA:41,1
DA:43,6
DA:44,6
DA:45,0
DA:46,0
DA:47,0
DA:50,0
DA:51,0
DA:54,0
DA:55,0
DA:57,0
DA:61,1
DA:62,1
DA:63,1
DA:64,1
DA:65,1
DA:66,1
DA:69,1
DA:77,0
DA:91,0
DA:105,0
DA:119,0
DA:133,0
DA:151,12
DA:152,0
DA:153,12
DA:154,0
DA:156,12
DA:167,4
DA:179,0
DA:181,0
DA:182,0
DA:184,0
DA:188,0
DA:189,0
DA:191,0
DA:192,0
DA:201,0
DA:207,0
DA:209,0
LF:60
LH:34
BRDA:45,0,0,0
BRDA:45,0,1,0
BRDA:46,1,0,0
BRDA:46,1,1,0
BRDA:73,2,0,0
BRDA:73,2,1,1
BRDA:74,3,0,1
BRDA:74,3,1,1
BRDA:75,4,0,0
BRDA:75,4,1,1
BRDA:87,5,0,0
BRDA:87,5,1,1
BRDA:88,6,0,1
BRDA:88,6,1,1
BRDA:89,7,0,0
BRDA:89,7,1,1
BRDA:101,8,0,0
BRDA:101,8,1,1
BRDA:102,9,0,1
BRDA:102,9,1,1
BRDA:103,10,0,0
BRDA:103,10,1,1
BRDA:115,11,0,0
BRDA:115,11,1,1
BRDA:117,12,0,0
BRDA:117,12,1,1
BRDA:129,13,0,0
BRDA:129,13,1,1
BRDA:131,14,0,0
BRDA:131,14,1,1
BRDA:143,15,0,0
BRDA:143,15,1,1
BRDA:145,16,0,0
BRDA:145,16,1,1
BRDA:151,17,0,0
BRDA:151,17,1,12
BRDA:151,18,0,12
BRDA:151,18,1,8
BRDA:153,19,0,0
BRDA:153,19,1,12
BRDA:153,20,0,12
BRDA:153,20,1,1
BRDA:184,21,0,0
BRDA:184,21,1,0
BRDA:185,22,0,0
BRDA:185,22,1,0
BRDA:189,23,0,0
BRDA:189,23,1,0
BRDA:191,24,0,0
BRDA:191,24,1,0
BRDA:207,25,0,0
BRDA:207,25,1,0
BRF:52
BRH:24
end_of_record
TN:
SF:pages/index.js
FN:4,Index
FN:12,getStaticProps
FNF:2
FNH:1
FNDA:1,Index
FNDA:0,getStaticProps
DA:5,1
DA:13,0
DA:18,0
DA:24,0
DA:33,1
LF:5
LH:2
BRF:0
BRH:0
end_of_record
TN:
SF:pages/profile.js
FN:8,Profile
FN:144,(anonymous_1)
FN:160,(anonymous_2)
FN:194,getStaticProps
FNF:4
FNH:1
FNDA:1,Profile
FNDA:0,(anonymous_1)
FNDA:0,(anonymous_2)
FNDA:0,getStaticProps
DA:9,1
DA:10,1
DA:11,1
DA:12,1
DA:37,1
DA:55,1
DA:80,1
DA:105,1
DA:137,1
DA:144,0
DA:160,0
DA:195,0
DA:196,0
DA:198,0
DA:204,0
DA:211,0
LF:16
LH:9
BRDA:9,0,0,0
BRDA:9,0,1,1
BRDA:156,1,0,1
BRDA:156,1,1,0
BRDA:170,2,0,1
BRDA:170,2,1,0
BRDA:170,3,0,1
BRDA:170,3,1,0
BRDA:175,4,0,0
BRDA:175,4,1,0
BRDA:177,5,0,0
BRDA:177,5,1,0
BRDA:181,6,0,0
BRDA:181,6,1,0
BRDA:195,7,0,0
BRDA:195,7,1,0
BRDA:196,8,0,0
BRDA:196,8,1,0
BRF:18
BRH:4
end_of_record
TN:
SF:pages/api/metrics.js
FN:5,handler
FNF:1
FNH:0
FNDA:0,handler
DA:3,0
DA:6,0
DA:7,0
LF:3
LH:0
BRF:0
BRH:0
end_of_record
TN:
SF:pages/api/auth/[...nextauth].js
FN:23,(anonymous_0)
FN:36,(anonymous_1)
FNF:2
FNH:0
FNDA:0,(anonymous_0)
FNDA:0,(anonymous_1)
DA:24,0
DA:37,0
DA:38,0
LF:3
LH:0
BRF:0
BRH:0
end_of_record
TN:
SF:pages/api/programData/_middleware.js
FN:3,middleware
FNF:1
FNH:0
FNDA:0,middleware
DA:4,0
DA:9,0
DA:11,0
DA:12,0
LF:4
LH:0
BRDA:4,0,0,0
BRDA:4,0,1,0
BRDA:5,1,0,0
BRDA:5,1,1,0
BRDA:11,2,0,0
BRDA:11,2,1,0
BRF:6
BRH:0
end_of_record
TN:
SF:pages/api/programData/cpp.js
FN:4,handler
FN:9,(anonymous_1)
FN:9,(anonymous_2)
FN:10,(anonymous_3)
FNF:4
FNH:0
FNDA:0,handler
FNDA:0,(anonymous_1)
FNDA:0,(anonymous_2)
FNDA:0,(anonymous_3)
DA:5,0
DA:9,0
DA:10,0
LF:3
LH:0
BRF:0
BRH:0
end_of_record
TN:
SF:pages/api/programData/cppd.js
FN:4,handler
FN:9,(anonymous_1)
FN:9,(anonymous_2)
FN:10,(anonymous_3)
FNF:4
FNH:0
FNDA:0,handler
FNDA:0,(anonymous_1)
FNDA:0,(anonymous_2)
FNDA:0,(anonymous_3)
DA:5,0
DA:9,0
DA:10,0
LF:3
LH:0
BRF:0
BRH:0
end_of_record
TN:
SF:pages/api/programData/ei.js
FN:4,handler
FN:9,(anonymous_1)
FN:9,(anonymous_2)
FN:10,(anonymous_3)
FNF:4
FNH:0
FNDA:0,handler
FNDA:0,(anonymous_1)
FNDA:0,(anonymous_2)
FNDA:0,(anonymous_3)
DA:5,0
DA:9,0
DA:10,0
LF:3
LH:0
BRF:0
BRH:0
end_of_record
TN:
SF:pages/api/programData/gis.js
FN:4,handler
FN:9,(anonymous_1)
FN:9,(anonymous_2)
FN:10,(anonymous_3)
FNF:4
FNH:0
FNDA:0,handler
FNDA:0,(anonymous_1)
FNDA:0,(anonymous_2)
FNDA:0,(anonymous_3)
DA:5,0
DA:9,0
DA:10,0
LF:3
LH:0
BRF:0
BRH:0
end_of_record
TN:
SF:pages/api/programData/oas.js
FN:4,handler
FN:9,(anonymous_1)
FN:9,(anonymous_2)
FN:10,(anonymous_3)
FNF:4
FNH:0
FNDA:0,handler
FNDA:0,(anonymous_1)
FNDA:0,(anonymous_2)
FNDA:0,(anonymous_3)
DA:5,0
DA:9,0
DA:10,0
LF:3
LH:0
BRF:0
BRH:0
end_of_record
TN:
SF:pages/api/programData/seb.js
FN:4,handler
FN:9,(anonymous_1)
FN:10,(anonymous_2)
FNF:3
FNH:0
FNDA:0,handler
FNDA:0,(anonymous_1)
FNDA:0,(anonymous_2)
DA:5,0
DA:9,0
DA:10,0
LF:3
LH:0
BRF:0
BRH:0
end_of_record
