<?xml version="1.0" encoding="UTF-8"?>
<coverage generated="1640204873282" clover="3.2.0">
  <project timestamp="1640204873282" name="All files">
    <metrics statements="203" coveredstatements="128" conditionals="135" coveredconditionals="81" methods="65" coveredmethods="44" elements="403" coveredelements="253" complexity="0" loc="203" ncloc="203" packages="6" files="31" classes="31"/>
    <package name="components.atoms">
      <metrics statements="29" coveredstatements="25" conditionals="12" coveredconditionals="10" methods="11" coveredmethods="9"/>
      <file name="ActionButton.js" path="/home/runner/work/sc-digital-centre/sc-digital-centre/components/atoms/ActionButton.js">
        <metrics statements="3" coveredstatements="3" conditionals="6" coveredconditionals="6" methods="1" coveredmethods="1"/>
        <line num="20" count="116" type="stmt"/>
        <line num="22" count="116" type="cond" truecount="2" falsecount="0"/>
        <line num="52" count="12" type="stmt"/>
      </file>
      <file name="Breadcrumb.js" path="/home/runner/work/sc-digital-centre/sc-digital-centre/components/atoms/Breadcrumb.js">
        <metrics statements="3" coveredstatements="3" conditionals="2" coveredconditionals="2" methods="2" coveredmethods="2"/>
        <line num="8" count="3" type="stmt"/>
        <line num="21" count="1" type="stmt"/>
        <line num="41" count="1" type="stmt"/>
      </file>
      <file name="Card.js" path="/home/runner/work/sc-digital-centre/sc-digital-centre/components/atoms/Card.js">
        <metrics statements="3" coveredstatements="3" conditionals="0" coveredconditionals="0" methods="1" coveredmethods="1"/>
        <line num="4" count="4" type="stmt"/>
        <line num="12" count="28" type="stmt"/>
        <line num="31" count="4" type="stmt"/>
      </file>
      <file name="ContactCard.js" path="/home/runner/work/sc-digital-centre/sc-digital-centre/components/atoms/ContactCard.js">
        <metrics statements="3" coveredstatements="3" conditionals="0" coveredconditionals="0" methods="1" coveredmethods="1"/>
        <line num="4" count="3" type="stmt"/>
        <line num="13" count="31" type="stmt"/>
        <line num="38" count="3" type="stmt"/>
      </file>
      <file name="DateModified.js" path="/home/runner/work/sc-digital-centre/sc-digital-centre/components/atoms/DateModified.js">
        <metrics statements="3" coveredstatements="3" conditionals="0" coveredconditionals="0" methods="1" coveredmethods="1"/>
        <line num="7" count="16" type="stmt"/>
        <line num="15" count="5" type="stmt"/>
        <line num="20" count="5" type="stmt"/>
      </file>
      <file name="Meta.js" path="/home/runner/work/sc-digital-centre/sc-digital-centre/components/atoms/Meta.js">
        <metrics statements="3" coveredstatements="3" conditionals="0" coveredconditionals="0" methods="1" coveredmethods="1"/>
        <line num="5" count="14" type="stmt"/>
        <line num="18" count="4" type="stmt"/>
        <line num="24" count="4" type="stmt"/>
      </file>
      <file name="PhaseBanner.js" path="/home/runner/work/sc-digital-centre/sc-digital-centre/components/atoms/PhaseBanner.js">
        <metrics statements="2" coveredstatements="2" conditionals="0" coveredconditionals="0" methods="1" coveredmethods="1"/>
        <line num="8" count="14" type="stmt"/>
        <line num="31" count="4" type="stmt"/>
      </file>
      <file name="SearchBar.js" path="/home/runner/work/sc-digital-centre/sc-digital-centre/components/atoms/SearchBar.js">
        <metrics statements="9" coveredstatements="5" conditionals="4" coveredconditionals="2" methods="3" coveredmethods="1"/>
        <line num="9" count="19" type="stmt"/>
        <line num="10" count="19" type="stmt"/>
        <line num="11" count="19" type="stmt"/>
        <line num="12" count="0" type="stmt"/>
        <line num="15" count="0" type="cond" truecount="0" falsecount="2"/>
        <line num="16" count="0" type="stmt"/>
        <line num="25" count="19" type="stmt"/>
        <line num="32" count="0" type="stmt"/>
        <line num="64" count="5" type="stmt"/>
      </file>
    </package>
    <package name="components.molecules">
      <metrics statements="55" coveredstatements="49" conditionals="49" coveredconditionals="38" methods="23" coveredmethods="22"/>
      <file name="CardList.js" path="/home/runner/work/sc-digital-centre/sc-digital-centre/components/molecules/CardList.js">
        <metrics statements="5" coveredstatements="5" conditionals="2" coveredconditionals="1" methods="2" coveredmethods="2"/>
        <line num="4" count="3" type="stmt"/>
        <line num="5" count="14" type="stmt"/>
        <line num="6" count="26" type="stmt"/>
        <line num="17" count="14" type="stmt"/>
        <line num="27" count="3" type="stmt"/>
      </file>
      <file name="ContactUs.js" path="/home/runner/work/sc-digital-centre/sc-digital-centre/components/molecules/ContactUs.js">
        <metrics statements="4" coveredstatements="4" conditionals="0" coveredconditionals="0" methods="2" coveredmethods="2"/>
        <line num="4" count="2" type="stmt"/>
        <line num="5" count="11" type="stmt"/>
        <line num="11" count="29" type="stmt"/>
        <line num="28" count="2" type="stmt"/>
      </file>
      <file name="FeatureBlock.js" path="/home/runner/work/sc-digital-centre/sc-digital-centre/components/molecules/FeatureBlock.js">
        <metrics statements="2" coveredstatements="2" conditionals="0" coveredconditionals="0" methods="1" coveredmethods="1"/>
        <line num="8" count="11" type="stmt"/>
        <line num="50" count="2" type="stmt"/>
      </file>
      <file name="Footer.js" path="/home/runner/work/sc-digital-centre/sc-digital-centre/components/molecules/Footer.js">
        <metrics statements="4" coveredstatements="4" conditionals="2" coveredconditionals="2" methods="3" coveredmethods="3"/>
        <line num="9" count="14" type="stmt"/>
        <line num="29" count="111" type="stmt"/>
        <line num="55" count="65" type="stmt"/>
        <line num="90" count="4" type="stmt"/>
      </file>
      <file name="Header.js" path="/home/runner/work/sc-digital-centre/sc-digital-centre/components/molecules/Header.js">
        <metrics statements="11" coveredstatements="8" conditionals="29" coveredconditionals="22" methods="2" coveredmethods="2"/>
        <line num="8" count="15" type="stmt"/>
        <line num="9" count="15" type="stmt"/>
        <line num="11" count="15" type="stmt"/>
        <line num="12" count="15" type="stmt"/>
        <line num="14" count="15" type="cond" truecount="2" falsecount="3"/>
        <line num="15" count="0" type="cond" truecount="0" falsecount="2"/>
        <line num="16" count="0" type="cond" truecount="0" falsecount="2"/>
        <line num="17" count="0" type="stmt"/>
        <line num="23" count="15" type="stmt"/>
        <line num="26" count="15" type="stmt"/>
        <line num="128" count="4" type="stmt"/>
      </file>
      <file name="Menu.js" path="/home/runner/work/sc-digital-centre/sc-digital-centre/components/molecules/Menu.js">
        <metrics statements="5" coveredstatements="5" conditionals="6" coveredconditionals="6" methods="2" coveredmethods="2"/>
        <line num="11" count="18" type="stmt"/>
        <line num="13" count="18" type="stmt"/>
        <line num="37" count="54" type="stmt"/>
        <line num="39" count="54" type="stmt"/>
        <line num="73" count="5" type="stmt"/>
      </file>
      <file name="ModalElement.js" path="/home/runner/work/sc-digital-centre/sc-digital-centre/components/molecules/ModalElement.js">
        <metrics statements="5" coveredstatements="3" conditionals="4" coveredconditionals="1" methods="1" coveredmethods="1"/>
        <line num="5" count="3" type="cond" truecount="1" falsecount="1"/>
        <line num="6" count="3" type="stmt"/>
        <line num="9" count="0" type="cond" truecount="0" falsecount="2"/>
        <line num="14" count="0" type="stmt"/>
        <line num="36" count="1" type="stmt"/>
      </file>
      <file name="SearchCard.js" path="/home/runner/work/sc-digital-centre/sc-digital-centre/components/molecules/SearchCard.js">
        <metrics statements="2" coveredstatements="2" conditionals="0" coveredconditionals="0" methods="1" coveredmethods="1"/>
        <line num="6" count="11" type="stmt"/>
        <line num="34" count="2" type="stmt"/>
      </file>
      <file name="SearchFilterForm.js" path="/home/runner/work/sc-digital-centre/sc-digital-centre/components/molecules/SearchFilterForm.js">
        <metrics statements="8" coveredstatements="8" conditionals="6" coveredconditionals="6" methods="4" coveredmethods="4"/>
        <line num="4" count="5" type="cond" truecount="2" falsecount="0"/>
        <line num="6" count="23" type="stmt"/>
        <line num="14" count="5" type="cond" truecount="2" falsecount="0"/>
        <line num="16" count="12" type="stmt"/>
        <line num="24" count="5" type="cond" truecount="2" falsecount="0"/>
        <line num="26" count="12" type="stmt"/>
        <line num="42" count="5" type="stmt"/>
        <line num="100" count="2" type="stmt"/>
      </file>
      <file name="SearchHeader.js" path="/home/runner/work/sc-digital-centre/sc-digital-centre/components/molecules/SearchHeader.js">
        <metrics statements="3" coveredstatements="2" conditionals="0" coveredconditionals="0" methods="2" coveredmethods="1"/>
        <line num="5" count="6" type="stmt"/>
        <line num="31" count="0" type="stmt"/>
        <line num="46" count="2" type="stmt"/>
      </file>
      <file name="ServiceCanada.js" path="/home/runner/work/sc-digital-centre/sc-digital-centre/components/molecules/ServiceCanada.js">
        <metrics statements="3" coveredstatements="3" conditionals="0" coveredconditionals="0" methods="1" coveredmethods="1"/>
        <line num="4" count="2" type="stmt"/>
        <line num="12" count="11" type="stmt"/>
        <line num="36" count="2" type="stmt"/>
      </file>
      <file name="TopTasks.js" path="/home/runner/work/sc-digital-centre/sc-digital-centre/components/molecules/TopTasks.js">
        <metrics statements="3" coveredstatements="3" conditionals="0" coveredconditionals="0" methods="2" coveredmethods="2"/>
        <line num="5" count="11" type="stmt"/>
        <line num="13" count="11" type="stmt"/>
        <line num="26" count="2" type="stmt"/>
      </file>
    </package>
    <package name="components.organisms">
      <metrics statements="9" coveredstatements="8" conditionals="14" coveredconditionals="10" methods="3" coveredmethods="3"/>
      <file name="ImageBox.js" path="/home/runner/work/sc-digital-centre/sc-digital-centre/components/organisms/ImageBox.js">
        <metrics statements="2" coveredstatements="2" conditionals="0" coveredconditionals="0" methods="1" coveredmethods="1"/>
        <line num="9" count="11" type="stmt"/>
        <line num="32" count="2" type="stmt"/>
      </file>
      <file name="Layout.js" path="/home/runner/work/sc-digital-centre/sc-digital-centre/components/organisms/Layout.js">
        <metrics statements="7" coveredstatements="6" conditionals="14" coveredconditionals="10" methods="2" coveredmethods="2"/>
        <line num="25" count="13" type="cond" truecount="2" falsecount="0"/>
        <line num="27" count="13" type="stmt"/>
        <line num="28" count="13" type="cond" truecount="1" falsecount="1"/>
        <line num="29" count="0" type="stmt"/>
        <line num="43" count="13" type="stmt"/>
        <line num="154" count="3" type="stmt"/>
        <line num="173" count="3" type="stmt"/>
      </file>
    </package>
    <package name="pages">
      <metrics statements="58" coveredstatements="25" conditionals="20" coveredconditionals="10" methods="15" coveredmethods="7"/>
      <file name="_app.js" path="/home/runner/work/sc-digital-centre/sc-digital-centre/pages/_app.js">
        <metrics statements="1" coveredstatements="0" conditionals="0" coveredconditionals="0" methods="1" coveredmethods="0"/>
        <line num="5" count="0" type="stmt"/>
      </file>
      <file name="_document.js" path="/home/runner/work/sc-digital-centre/sc-digital-centre/pages/_document.js">
        <metrics statements="3" coveredstatements="0" conditionals="0" coveredconditionals="0" methods="2" coveredmethods="0"/>
        <line num="5" count="0" type="stmt"/>
        <line num="6" count="0" type="stmt"/>
        <line num="10" count="0" type="stmt"/>
      </file>
      <file name="home.js" path="/home/runner/work/sc-digital-centre/sc-digital-centre/pages/home.js">
        <metrics statements="33" coveredstatements="13" conditionals="14" coveredconditionals="6" methods="6" coveredmethods="4"/>
        <line num="31" count="9" type="cond" truecount="2" falsecount="0"/>
        <line num="32" count="9" type="stmt"/>
        <line num="33" count="9" type="stmt"/>
        <line num="34" count="9" type="stmt"/>
        <line num="35" count="9" type="stmt"/>
        <line num="36" count="9" type="stmt"/>
        <line num="37" count="9" type="cond" truecount="2" falsecount="0"/>
        <line num="38" count="8" type="stmt"/>
        <line num="39" count="8" type="stmt"/>
        <line num="41" count="9" type="stmt"/>
        <line num="43" count="0" type="stmt"/>
        <line num="48" count="9" type="stmt"/>
        <line num="49" count="9" type="cond" truecount="2" falsecount="0"/>
        <line num="53" count="9" type="stmt"/>
        <line num="119" count="0" type="stmt"/>
        <line num="120" count="0" type="stmt"/>
        <line num="121" count="0" type="stmt"/>
        <line num="123" count="0" type="stmt"/>
        <line num="125" count="0" type="stmt"/>
        <line num="126" count="0" type="cond" truecount="0" falsecount="2"/>
        <line num="127" count="0" type="stmt"/>
        <line num="131" count="0" type="stmt"/>
        <line num="132" count="0" type="cond" truecount="0" falsecount="2"/>
        <line num="133" count="0" type="stmt"/>
        <line num="137" count="0" type="stmt"/>
        <line num="138" count="0" type="cond" truecount="0" falsecount="2"/>
        <line num="139" count="0" type="stmt"/>
        <line num="141" count="0" type="cond" truecount="0" falsecount="2"/>
        <line num="142" count="0" type="stmt"/>
        <line num="148" count="0" type="stmt"/>
        <line num="149" count="0" type="stmt"/>
        <line num="150" count="0" type="stmt"/>
        <line num="152" count="0" type="stmt"/>
      </file>
      <file name="index.js" path="/home/runner/work/sc-digital-centre/sc-digital-centre/pages/index.js">
        <metrics statements="1" coveredstatements="1" conditionals="0" coveredconditionals="0" methods="1" coveredmethods="1"/>
        <line num="9" count="1" type="stmt"/>
      </file>
      <file name="search.js" path="/home/runner/work/sc-digital-centre/sc-digital-centre/pages/search.js">
        <metrics statements="20" coveredstatements="11" conditionals="6" coveredconditionals="4" methods="5" coveredmethods="2"/>
        <line num="20" count="3" type="cond" truecount="2" falsecount="0"/>
        <line num="21" count="3" type="stmt"/>
        <line num="22" count="3" type="stmt"/>
        <line num="23" count="3" type="stmt"/>
        <line num="24" count="3" type="stmt"/>
        <line num="28" count="3" type="stmt"/>
        <line num="37" count="3" type="stmt"/>
        <line num="42" count="3" type="stmt"/>
        <line num="52" count="3" type="stmt"/>
        <line num="53" count="3" type="cond" truecount="1" falsecount="1"/>
        <line num="54" count="0" type="stmt"/>
        <line num="60" count="0" type="stmt"/>
        <line num="61" count="0" type="stmt"/>
        <line num="65" count="0" type="stmt"/>
        <line num="66" count="0" type="stmt"/>
        <line num="69" count="3" type="stmt"/>
        <line num="135" count="0" type="stmt"/>
        <line num="136" count="0" type="stmt"/>
        <line num="137" count="0" type="stmt"/>
        <line num="139" count="0" type="stmt"/>
      </file>
    </package>
    <package name="pages.api">
      <metrics statements="42" coveredstatements="21" conditionals="38" coveredconditionals="13" methods="9" coveredmethods="3"/>
      <file name="AEMServiceClass.js" path="/home/runner/work/sc-digital-centre/sc-digital-centre/pages/api/AEMServiceClass.js">
        <metrics statements="38" coveredstatements="20" conditionals="38" coveredconditionals="13" methods="8" coveredmethods="3"/>
        <line num="8" count="3" type="stmt"/>
        <line num="10" count="3" type="stmt"/>
        <line num="33" count="12" type="cond" truecount="2" falsecount="0"/>
        <line num="35" count="10" type="cond" truecount="2" falsecount="0"/>
        <line num="38" count="10" type="stmt"/>
        <line num="41" count="10" type="stmt"/>
        <line num="45" count="7" type="cond" truecount="1" falsecount="1"/>
        <line num="48" count="7" type="cond" truecount="1" falsecount="1"/>
        <line num="49" count="0" type="stmt"/>
        <line num="54" count="7" type="cond" truecount="1" falsecount="1"/>
        <line num="55" count="0" type="stmt"/>
        <line num="56" count="7" type="cond" truecount="1" falsecount="1"/>
        <line num="57" count="7" type="stmt"/>
        <line num="59" count="0" type="stmt"/>
        <line num="63" count="7" type="stmt"/>
        <line num="67" count="7" type="cond" truecount="1" falsecount="1"/>
        <line num="68" count="7" type="cond" truecount="1" falsecount="1"/>
        <line num="71" count="7" type="cond" truecount="1" falsecount="1"/>
        <line num="72" count="7" type="stmt"/>
        <line num="75" count="7" type="stmt"/>
        <line num="79" count="2" type="stmt"/>
        <line num="80" count="2" type="stmt"/>
        <line num="87" count="0" type="stmt"/>
        <line num="89" count="0" type="stmt"/>
        <line num="110" count="0" type="stmt"/>
        <line num="111" count="0" type="stmt"/>
        <line num="112" count="0" type="stmt"/>
        <line num="113" count="0" type="stmt"/>
        <line num="115" count="0" type="cond" truecount="0" falsecount="2"/>
        <line num="116" count="0" type="stmt"/>
        <line num="117" count="0" type="stmt"/>
        <line num="123" count="0" type="stmt"/>
        <line num="125" count="0" type="stmt"/>
        <line num="130" count="0" type="stmt"/>
        <line num="152" count="0" type="stmt"/>
        <line num="162" count="0" type="stmt"/>
        <line num="163" count="0" type="stmt"/>
        <line num="173" count="3" type="stmt"/>
      </file>
      <file name="aemServiceInstance.js" path="/home/runner/work/sc-digital-centre/sc-digital-centre/pages/api/aemServiceInstance.js">
        <metrics statements="1" coveredstatements="1" conditionals="0" coveredconditionals="0" methods="0" coveredmethods="0"/>
        <line num="3" count="2" type="stmt"/>
      </file>
      <file name="metrics.js" path="/home/runner/work/sc-digital-centre/sc-digital-centre/pages/api/metrics.js">
        <metrics statements="3" coveredstatements="0" conditionals="0" coveredconditionals="0" methods="1" coveredmethods="0"/>
        <line num="3" count="0" type="stmt"/>
        <line num="6" count="0" type="stmt"/>
        <line num="7" count="0" type="stmt"/>
      </file>
    </package>
    <package name="pages.benefits">
      <metrics statements="10" coveredstatements="0" conditionals="2" coveredconditionals="0" methods="4" coveredmethods="0"/>
      <file name="[id].js" path="/home/runner/work/sc-digital-centre/sc-digital-centre/pages/benefits/[id].js">
        <metrics statements="10" coveredstatements="0" conditionals="2" coveredconditionals="0" methods="4" coveredmethods="0"/>
        <line num="8" count="0" type="stmt"/>
        <line num="10" count="0" type="cond" truecount="0" falsecount="2"/>
        <line num="12" count="0" type="stmt"/>
        <line num="31" count="0" type="stmt"/>
        <line num="32" count="0" type="stmt"/>
        <line num="33" count="0" type="stmt"/>
        <line num="36" count="0" type="stmt"/>
        <line num="43" count="0" type="stmt"/>
        <line num="44" count="0" type="stmt"/>
        <line num="46" count="0" type="stmt"/>
      </file>
    </package>
  </project>
</coverage>
