{"/home/runner/work/sc-digital-centre/sc-digital-centre/components/atoms/ActionButton.js": {"path":"/home/runner/work/sc-digital-centre/sc-digital-centre/components/atoms/ActionButton.js","statementMap":{"0":{"start":{"line":8,"column":22},"end":{"line":8,"column":27}},"1":{"start":{"line":11,"column":4},"end":{"line":11,"column":249}},"2":{"start":{"line":13,"column":2},"end":{"line":40,"column":3}},"3":{"start":{"line":43,"column":0},"end":{"line":90,"column":1}}},"fnMap":{"0":{"name":"ActionButton","decl":{"start":{"line":7,"column":24},"end":{"line":7,"column":36}},"loc":{"start":{"line":7,"column":44},"end":{"line":41,"column":1}},"line":7}},"branchMap":{"0":{"loc":{"start":{"line":13,"column":9},"end":{"line":40,"column":3}},"type":"cond-expr","locations":[{"start":{"line":14,"column":4},"end":{"line":27,"column":11}},{"start":{"line":29,"column":4},"end":{"line":39,"column":13}}],"line":13},"1":{"loc":{"start":{"line":16,"column":22},"end":{"line":16,"column":71}},"type":"cond-expr","locations":[{"start":{"line":16,"column":41},"end":{"line":16,"column":53}},{"start":{"line":16,"column":56},"end":{"line":16,"column":71}}],"line":16},"2":{"loc":{"start":{"line":30,"column":20},"end":{"line":30,"column":69}},"type":"cond-expr","locations":[{"start":{"line":30,"column":39},"end":{"line":30,"column":51}},{"start":{"line":30,"column":54},"end":{"line":30,"column":69}}],"line":30}},"s":{"0":33,"1":33,"2":33,"3":10},"f":{"0":33},"b":{"0":[15,18],"1":[7,8],"2":[2,16]},"_coverageSchema":"1a1c01bbd47fc00a2c39e90264f33305004495a9","hash":"fecdf9d0f841f5e019f6efd17eb70f5e5328dc1c"}
,"/home/runner/work/sc-digital-centre/sc-digital-centre/components/atoms/BenefitCardHeaderActive.js": {"path":"/home/runner/work/sc-digital-centre/sc-digital-centre/components/atoms/BenefitCardHeaderActive.js","statementMap":{"0":{"start":{"line":7,"column":12},"end":{"line":7,"column":43}},"1":{"start":{"line":8,"column":30},"end":{"line":14,"column":3}},"2":{"start":{"line":9,"column":4},"end":{"line":13,"column":5}},"3":{"start":{"line":10,"column":6},"end":{"line":10,"column":45}},"4":{"start":{"line":12,"column":6},"end":{"line":12,"column":55}},"5":{"start":{"line":16,"column":2},"end":{"line":88,"column":3}}},"fnMap":{"0":{"name":"BenefitCardHeaderActive","decl":{"start":{"line":6,"column":24},"end":{"line":6,"column":47}},"loc":{"start":{"line":6,"column":55},"end":{"line":89,"column":1}},"line":6},"1":{"name":"(anonymous_1)","decl":{"start":{"line":8,"column":30},"end":{"line":8,"column":31}},"loc":{"start":{"line":8,"column":36},"end":{"line":14,"column":3}},"line":8}},"branchMap":{"0":{"loc":{"start":{"line":7,"column":12},"end":{"line":7,"column":43}},"type":"cond-expr","locations":[{"start":{"line":7,"column":36},"end":{"line":7,"column":38}},{"start":{"line":7,"column":41},"end":{"line":7,"column":43}}],"line":7},"1":{"loc":{"start":{"line":9,"column":4},"end":{"line":13,"column":5}},"type":"if","locations":[{"start":{"line":9,"column":4},"end":{"line":13,"column":5}},{"start":{"line":11,"column":11},"end":{"line":13,"column":5}}],"line":9},"2":{"loc":{"start":{"line":44,"column":15},"end":{"line":46,"column":56}},"type":"cond-expr","locations":[{"start":{"line":45,"column":18},"end":{"line":45,"column":56}},{"start":{"line":46,"column":18},"end":{"line":46,"column":56}}],"line":44},"3":{"loc":{"start":{"line":58,"column":15},"end":{"line":60,"column":33}},"type":"cond-expr","locations":[{"start":{"line":59,"column":18},"end":{"line":59,"column":40}},{"start":{"line":60,"column":18},"end":{"line":60,"column":33}}],"line":58}},"s":{"0":9,"1":9,"2":9,"3":2,"4":7,"5":9},"f":{"0":9,"1":9},"b":{"0":[9,0],"1":[2,7],"2":[9,0],"3":[8,1]},"_coverageSchema":"1a1c01bbd47fc00a2c39e90264f33305004495a9","hash":"e8ea786f134b878cb394c9bfed4387ffb68ba5d6"}
,"/home/runner/work/sc-digital-centre/sc-digital-centre/components/atoms/BenefitCardHeaderActiveAgreement.js": {"path":"/home/runner/work/sc-digital-centre/sc-digital-centre/components/atoms/BenefitCardHeaderActiveAgreement.js","statementMap":{"0":{"start":{"line":7,"column":12},"end":{"line":7,"column":43}},"1":{"start":{"line":8,"column":30},"end":{"line":14,"column":3}},"2":{"start":{"line":9,"column":4},"end":{"line":13,"column":5}},"3":{"start":{"line":10,"column":6},"end":{"line":10,"column":45}},"4":{"start":{"line":12,"column":6},"end":{"line":12,"column":55}},"5":{"start":{"line":16,"column":2},"end":{"line":66,"column":3}}},"fnMap":{"0":{"name":"BenefitCardHeaderActiveAgreement","decl":{"start":{"line":6,"column":24},"end":{"line":6,"column":56}},"loc":{"start":{"line":6,"column":64},"end":{"line":67,"column":1}},"line":6},"1":{"name":"(anonymous_1)","decl":{"start":{"line":8,"column":30},"end":{"line":8,"column":31}},"loc":{"start":{"line":8,"column":36},"end":{"line":14,"column":3}},"line":8}},"branchMap":{"0":{"loc":{"start":{"line":7,"column":12},"end":{"line":7,"column":43}},"type":"cond-expr","locations":[{"start":{"line":7,"column":36},"end":{"line":7,"column":38}},{"start":{"line":7,"column":41},"end":{"line":7,"column":43}}],"line":7},"1":{"loc":{"start":{"line":9,"column":4},"end":{"line":13,"column":5}},"type":"if","locations":[{"start":{"line":9,"column":4},"end":{"line":13,"column":5}},{"start":{"line":11,"column":11},"end":{"line":13,"column":5}}],"line":9}},"s":{"0":2,"1":2,"2":2,"3":0,"4":2,"5":2},"f":{"0":2,"1":2},"b":{"0":[2,0],"1":[0,2]},"_coverageSchema":"1a1c01bbd47fc00a2c39e90264f33305004495a9","hash":"f6092560448a613adb5e4cd2c470dd77222642c9"}
,"/home/runner/work/sc-digital-centre/sc-digital-centre/components/atoms/BenefitCardHeaderInactive.js": {"path":"/home/runner/work/sc-digital-centre/sc-digital-centre/components/atoms/BenefitCardHeaderInactive.js","statementMap":{"0":{"start":{"line":7,"column":12},"end":{"line":7,"column":43}},"1":{"start":{"line":8,"column":30},"end":{"line":10,"column":3}},"2":{"start":{"line":9,"column":4},"end":{"line":9,"column":53}},"3":{"start":{"line":12,"column":2},"end":{"line":43,"column":3}}},"fnMap":{"0":{"name":"BenefitCardHeaderInactive","decl":{"start":{"line":6,"column":24},"end":{"line":6,"column":49}},"loc":{"start":{"line":6,"column":57},"end":{"line":44,"column":1}},"line":6},"1":{"name":"(anonymous_1)","decl":{"start":{"line":8,"column":30},"end":{"line":8,"column":31}},"loc":{"start":{"line":8,"column":36},"end":{"line":10,"column":3}},"line":8}},"branchMap":{"0":{"loc":{"start":{"line":7,"column":12},"end":{"line":7,"column":43}},"type":"cond-expr","locations":[{"start":{"line":7,"column":36},"end":{"line":7,"column":38}},{"start":{"line":7,"column":41},"end":{"line":7,"column":43}}],"line":7}},"s":{"0":4,"1":4,"2":4,"3":4},"f":{"0":4,"1":4},"b":{"0":[4,0]},"_coverageSchema":"1a1c01bbd47fc00a2c39e90264f33305004495a9","hash":"44d0772d1e460a75881a846a7a90b6e045531723"}
,"/home/runner/work/sc-digital-centre/sc-digital-centre/components/atoms/BenefitCardHeaderPending.js": {"path":"/home/runner/work/sc-digital-centre/sc-digital-centre/components/atoms/BenefitCardHeaderPending.js","statementMap":{"0":{"start":{"line":7,"column":12},"end":{"line":7,"column":43}},"1":{"start":{"line":8,"column":30},"end":{"line":14,"column":3}},"2":{"start":{"line":9,"column":4},"end":{"line":13,"column":5}},"3":{"start":{"line":10,"column":6},"end":{"line":10,"column":45}},"4":{"start":{"line":12,"column":6},"end":{"line":12,"column":55}},"5":{"start":{"line":16,"column":2},"end":{"line":73,"column":3}}},"fnMap":{"0":{"name":"BenefitCardHeaderPending","decl":{"start":{"line":6,"column":24},"end":{"line":6,"column":48}},"loc":{"start":{"line":6,"column":56},"end":{"line":74,"column":1}},"line":6},"1":{"name":"(anonymous_1)","decl":{"start":{"line":8,"column":30},"end":{"line":8,"column":31}},"loc":{"start":{"line":8,"column":36},"end":{"line":14,"column":3}},"line":8}},"branchMap":{"0":{"loc":{"start":{"line":7,"column":12},"end":{"line":7,"column":43}},"type":"cond-expr","locations":[{"start":{"line":7,"column":36},"end":{"line":7,"column":38}},{"start":{"line":7,"column":41},"end":{"line":7,"column":43}}],"line":7},"1":{"loc":{"start":{"line":9,"column":4},"end":{"line":13,"column":5}},"type":"if","locations":[{"start":{"line":9,"column":4},"end":{"line":13,"column":5}},{"start":{"line":11,"column":11},"end":{"line":13,"column":5}}],"line":9}},"s":{"0":7,"1":7,"2":7,"3":2,"4":5,"5":7},"f":{"0":7,"1":7},"b":{"0":[7,0],"1":[2,5]},"_coverageSchema":"1a1c01bbd47fc00a2c39e90264f33305004495a9","hash":"f957604ffc9c5ae676a7def08e22b39f288deea2"}
,"/home/runner/work/sc-digital-centre/sc-digital-centre/components/atoms/BenefitDetailPart.js": {"path":"/home/runner/work/sc-digital-centre/sc-digital-centre/components/atoms/BenefitDetailPart.js","statementMap":{"0":{"start":{"line":6,"column":26},"end":{"line":30,"column":1}},"1":{"start":{"line":7,"column":12},"end":{"line":7,"column":43}},"2":{"start":{"line":9,"column":2},"end":{"line":29,"column":3}},"3":{"start":{"line":32,"column":0},"end":{"line":38,"column":1}}},"fnMap":{"0":{"name":"(anonymous_0)","decl":{"start":{"line":6,"column":26},"end":{"line":6,"column":27}},"loc":{"start":{"line":6,"column":37},"end":{"line":30,"column":1}},"line":6}},"branchMap":{"0":{"loc":{"start":{"line":7,"column":12},"end":{"line":7,"column":43}},"type":"cond-expr","locations":[{"start":{"line":7,"column":36},"end":{"line":7,"column":38}},{"start":{"line":7,"column":41},"end":{"line":7,"column":43}}],"line":7},"1":{"loc":{"start":{"line":25,"column":11},"end":{"line":25,"column":42}},"type":"binary-expr","locations":[{"start":{"line":25,"column":11},"end":{"line":25,"column":24}},{"start":{"line":25,"column":28},"end":{"line":25,"column":42}}],"line":25}},"s":{"0":4,"1":4,"2":4,"3":4},"f":{"0":4},"b":{"0":[3,1],"1":[4,2]},"_coverageSchema":"1a1c01bbd47fc00a2c39e90264f33305004495a9","hash":"0c63cf33d8e7a878014d843ff616e85baa37c4fa"}
,"/home/runner/work/sc-digital-centre/sc-digital-centre/components/atoms/Breadcrumb.js": {"path":"/home/runner/work/sc-digital-centre/sc-digital-centre/components/atoms/Breadcrumb.js","statementMap":{"0":{"start":{"line":8,"column":2},"end":{"line":38,"column":3}},"1":{"start":{"line":21,"column":14},"end":{"line":33,"column":15}},"2":{"start":{"line":41,"column":0},"end":{"line":58,"column":1}}},"fnMap":{"0":{"name":"Breadcrumb","decl":{"start":{"line":7,"column":24},"end":{"line":7,"column":34}},"loc":{"start":{"line":7,"column":42},"end":{"line":39,"column":1}},"line":7},"1":{"name":"(anonymous_1)","decl":{"start":{"line":20,"column":28},"end":{"line":20,"column":29}},"loc":{"start":{"line":20,"column":43},"end":{"line":34,"column":13}},"line":20}},"branchMap":{"0":{"loc":{"start":{"line":19,"column":9},"end":{"line":35,"column":16}},"type":"cond-expr","locations":[{"start":{"line":20,"column":12},"end":{"line":34,"column":14}},{"start":{"line":35,"column":12},"end":{"line":35,"column":16}}],"line":19}},"s":{"0":3,"1":1,"2":1},"f":{"0":3,"1":1},"b":{"0":[1,2]},"_coverageSchema":"1a1c01bbd47fc00a2c39e90264f33305004495a9","hash":"c5f3a165ea03cddd2224ce7a12ba0c58a6e6c5ed"}
,"/home/runner/work/sc-digital-centre/sc-digital-centre/components/atoms/Card.js": {"path":"/home/runner/work/sc-digital-centre/sc-digital-centre/components/atoms/Card.js","statementMap":{"0":{"start":{"line":5,"column":2},"end":{"line":20,"column":3}},"1":{"start":{"line":23,"column":0},"end":{"line":43,"column":1}}},"fnMap":{"0":{"name":"Card","decl":{"start":{"line":4,"column":24},"end":{"line":4,"column":28}},"loc":{"start":{"line":4,"column":36},"end":{"line":21,"column":1}},"line":4}},"branchMap":{},"s":{"0":2,"1":1},"f":{"0":2},"b":{},"_coverageSchema":"1a1c01bbd47fc00a2c39e90264f33305004495a9","hash":"24292055c375da43d315e0e52dec104dd048394c"}
,"/home/runner/work/sc-digital-centre/sc-digital-centre/components/atoms/DateModified.js": {"path":"/home/runner/work/sc-digital-centre/sc-digital-centre/components/atoms/DateModified.js","statementMap":{"0":{"start":{"line":7,"column":2},"end":{"line":12,"column":3}},"1":{"start":{"line":15,"column":0},"end":{"line":18,"column":1}},"2":{"start":{"line":20,"column":0},"end":{"line":26,"column":1}}},"fnMap":{"0":{"name":"DateModified","decl":{"start":{"line":6,"column":24},"end":{"line":6,"column":36}},"loc":{"start":{"line":6,"column":44},"end":{"line":13,"column":1}},"line":6}},"branchMap":{},"s":{"0":4,"1":3,"2":3},"f":{"0":4},"b":{},"_coverageSchema":"1a1c01bbd47fc00a2c39e90264f33305004495a9","hash":"16d0d1db67d68c61297447dbe996d8a91d9e31de"}
,"/home/runner/work/sc-digital-centre/sc-digital-centre/components/atoms/HorizontalRule.js": {"path":"/home/runner/work/sc-digital-centre/sc-digital-centre/components/atoms/HorizontalRule.js","statementMap":{"0":{"start":{"line":5,"column":2},"end":{"line":29,"column":3}},"1":{"start":{"line":6,"column":4},"end":{"line":10,"column":5}},"2":{"start":{"line":11,"column":9},"end":{"line":29,"column":3}},"3":{"start":{"line":12,"column":4},"end":{"line":16,"column":5}},"4":{"start":{"line":17,"column":9},"end":{"line":29,"column":3}},"5":{"start":{"line":18,"column":4},"end":{"line":22,"column":5}},"6":{"start":{"line":24,"column":4},"end":{"line":28,"column":5}}},"fnMap":{"0":{"name":"HorizontalRule","decl":{"start":{"line":4,"column":24},"end":{"line":4,"column":38}},"loc":{"start":{"line":4,"column":46},"end":{"line":30,"column":1}},"line":4}},"branchMap":{"0":{"loc":{"start":{"line":5,"column":2},"end":{"line":29,"column":3}},"type":"if","locations":[{"start":{"line":5,"column":2},"end":{"line":29,"column":3}},{"start":{"line":11,"column":9},"end":{"line":29,"column":3}}],"line":5},"1":{"loc":{"start":{"line":5,"column":6},"end":{"line":5,"column":38}},"type":"binary-expr","locations":[{"start":{"line":5,"column":6},"end":{"line":5,"column":18}},{"start":{"line":5,"column":22},"end":{"line":5,"column":38}}],"line":5},"2":{"loc":{"start":{"line":11,"column":9},"end":{"line":29,"column":3}},"type":"if","locations":[{"start":{"line":11,"column":9},"end":{"line":29,"column":3}},{"start":{"line":17,"column":9},"end":{"line":29,"column":3}}],"line":11},"3":{"loc":{"start":{"line":17,"column":9},"end":{"line":29,"column":3}},"type":"if","locations":[{"start":{"line":17,"column":9},"end":{"line":29,"column":3}},{"start":{"line":23,"column":9},"end":{"line":29,"column":3}}],"line":17}},"s":{"0":69,"1":0,"2":69,"3":0,"4":69,"5":39,"6":30},"f":{"0":69},"b":{"0":[0,69],"1":[69,0],"2":[0,69],"3":[39,30]},"_coverageSchema":"1a1c01bbd47fc00a2c39e90264f33305004495a9","hash":"5bcf64ecd3a36dbdfa95a003d34e5370ae938a61"}
,"/home/runner/work/sc-digital-centre/sc-digital-centre/components/atoms/Meta.js": {"path":"/home/runner/work/sc-digital-centre/sc-digital-centre/components/atoms/Meta.js","statementMap":{"0":{"start":{"line":6,"column":2},"end":{"line":60,"column":3}},"1":{"start":{"line":25,"column":8},"end":{"line":30,"column":10}},"2":{"start":{"line":63,"column":0},"end":{"line":67,"column":1}},"3":{"start":{"line":69,"column":0},"end":{"line":89,"column":1}}},"fnMap":{"0":{"name":"Meta","decl":{"start":{"line":5,"column":24},"end":{"line":5,"column":28}},"loc":{"start":{"line":5,"column":36},"end":{"line":61,"column":1}},"line":5},"1":{"name":"(anonymous_1)","decl":{"start":{"line":24,"column":35},"end":{"line":24,"column":36}},"loc":{"start":{"line":25,"column":8},"end":{"line":30,"column":10}},"line":25}},"branchMap":{"0":{"loc":{"start":{"line":18,"column":17},"end":{"line":18,"column":54}},"type":"cond-expr","locations":[{"start":{"line":18,"column":41},"end":{"line":18,"column":46}},{"start":{"line":18,"column":49},"end":{"line":18,"column":54}}],"line":18},"1":{"loc":{"start":{"line":39,"column":7},"end":{"line":55,"column":7}},"type":"binary-expr","locations":[{"start":{"line":39,"column":7},"end":{"line":39,"column":30}},{"start":{"line":40,"column":8},"end":{"line":54,"column":11}}],"line":39}},"s":{"0":2,"1":2,"2":2,"3":2},"f":{"0":2,"1":2},"b":{"0":[1,1],"1":[2,1]},"_coverageSchema":"1a1c01bbd47fc00a2c39e90264f33305004495a9","hash":"6bbd96f390de37e846dd8a4f9d76f6b92e1a8362"}
,"/home/runner/work/sc-digital-centre/sc-digital-centre/components/atoms/NoBenefitCardHeader.js": {"path":"/home/runner/work/sc-digital-centre/sc-digital-centre/components/atoms/NoBenefitCardHeader.js","statementMap":{"0":{"start":{"line":6,"column":12},"end":{"line":6,"column":43}},"1":{"start":{"line":7,"column":22},"end":{"line":7,"column":47}},"2":{"start":{"line":9,"column":30},"end":{"line":11,"column":3}},"3":{"start":{"line":10,"column":4},"end":{"line":10,"column":39}},"4":{"start":{"line":13,"column":2},"end":{"line":38,"column":3}}},"fnMap":{"0":{"name":"BenefitCardHeaderActive","decl":{"start":{"line":5,"column":24},"end":{"line":5,"column":47}},"loc":{"start":{"line":5,"column":55},"end":{"line":39,"column":1}},"line":5},"1":{"name":"(anonymous_1)","decl":{"start":{"line":9,"column":30},"end":{"line":9,"column":31}},"loc":{"start":{"line":9,"column":36},"end":{"line":11,"column":3}},"line":9}},"branchMap":{"0":{"loc":{"start":{"line":6,"column":12},"end":{"line":6,"column":43}},"type":"cond-expr","locations":[{"start":{"line":6,"column":36},"end":{"line":6,"column":38}},{"start":{"line":6,"column":41},"end":{"line":6,"column":43}}],"line":6}},"s":{"0":8,"1":8,"2":8,"3":16,"4":8},"f":{"0":8,"1":16},"b":{"0":[8,0]},"_coverageSchema":"1a1c01bbd47fc00a2c39e90264f33305004495a9","hash":"488e588b5e2dcad047fd7def9f479208f10a791e"}
,"/home/runner/work/sc-digital-centre/sc-digital-centre/components/atoms/PhaseBanner.js": {"path":"/home/runner/work/sc-digital-centre/sc-digital-centre/components/atoms/PhaseBanner.js","statementMap":{"0":{"start":{"line":8,"column":2},"end":{"line":28,"column":3}},"1":{"start":{"line":31,"column":0},"end":{"line":40,"column":1}}},"fnMap":{"0":{"name":"PhaseBanner","decl":{"start":{"line":7,"column":24},"end":{"line":7,"column":35}},"loc":{"start":{"line":7,"column":43},"end":{"line":29,"column":1}},"line":7}},"branchMap":{},"s":{"0":2,"1":2},"f":{"0":2},"b":{},"_coverageSchema":"1a1c01bbd47fc00a2c39e90264f33305004495a9","hash":"7b2ff0716d4c7989d1e8494ab232cf1a75ea65fd"}
,"/home/runner/work/sc-digital-centre/sc-digital-centre/components/atoms/ViewMoreLessButton.js": {"path":"/home/runner/work/sc-digital-centre/sc-digital-centre/components/atoms/ViewMoreLessButton.js","statementMap":{"0":{"start":{"line":5,"column":2},"end":{"line":22,"column":3}},"1":{"start":{"line":25,"column":0},"end":{"line":31,"column":1}}},"fnMap":{"0":{"name":"ViewMoreLessButton","decl":{"start":{"line":4,"column":24},"end":{"line":4,"column":42}},"loc":{"start":{"line":4,"column":50},"end":{"line":23,"column":1}},"line":4}},"branchMap":{"0":{"loc":{"start":{"line":17,"column":21},"end":{"line":17,"column":73}},"type":"cond-expr","locations":[{"start":{"line":17,"column":34},"end":{"line":17,"column":57}},{"start":{"line":17,"column":60},"end":{"line":17,"column":73}}],"line":17}},"s":{"0":15,"1":4},"f":{"0":15},"b":{"0":[1,14]},"_coverageSchema":"1a1c01bbd47fc00a2c39e90264f33305004495a9","hash":"258706a20bfe427b652c233963371eed8b8ccb7d"}
,"/home/runner/work/sc-digital-centre/sc-digital-centre/components/molecules/ActiveBenefitDetails.js": {"path":"/home/runner/work/sc-digital-centre/sc-digital-centre/components/molecules/ActiveBenefitDetails.js","statementMap":{"0":{"start":{"line":8,"column":29},"end":{"line":50,"column":1}},"1":{"start":{"line":9,"column":12},"end":{"line":9,"column":43}},"2":{"start":{"line":11,"column":2},"end":{"line":49,"column":3}},"3":{"start":{"line":52,"column":0},"end":{"line":67,"column":1}}},"fnMap":{"0":{"name":"(anonymous_0)","decl":{"start":{"line":8,"column":29},"end":{"line":8,"column":30}},"loc":{"start":{"line":8,"column":40},"end":{"line":50,"column":1}},"line":8}},"branchMap":{"0":{"loc":{"start":{"line":9,"column":12},"end":{"line":9,"column":43}},"type":"cond-expr","locations":[{"start":{"line":9,"column":36},"end":{"line":9,"column":38}},{"start":{"line":9,"column":41},"end":{"line":9,"column":43}}],"line":9},"1":{"loc":{"start":{"line":22,"column":14},"end":{"line":24,"column":34}},"type":"cond-expr","locations":[{"start":{"line":23,"column":18},"end":{"line":23,"column":44}},{"start":{"line":24,"column":18},"end":{"line":24,"column":34}}],"line":22}},"s":{"0":3,"1":1,"2":1,"3":3},"f":{"0":1},"b":{"0":[1,0],"1":[0,1]},"_coverageSchema":"1a1c01bbd47fc00a2c39e90264f33305004495a9","hash":"f42866a49e01f36d8a72ffbcbd5ab6f2639d6b7e"}
,"/home/runner/work/sc-digital-centre/sc-digital-centre/components/molecules/BenefitApplicationCard.js": {"path":"/home/runner/work/sc-digital-centre/sc-digital-centre/components/molecules/BenefitApplicationCard.js","statementMap":{"0":{"start":{"line":8,"column":31},"end":{"line":89,"column":1}},"1":{"start":{"line":9,"column":12},"end":{"line":9,"column":43}},"2":{"start":{"line":10,"column":22},"end":{"line":10,"column":58}},"3":{"start":{"line":11,"column":25},"end":{"line":11,"column":64}},"4":{"start":{"line":12,"column":22},"end":{"line":12,"column":58}},"5":{"start":{"line":14,"column":35},"end":{"line":20,"column":3}},"6":{"start":{"line":15,"column":4},"end":{"line":19,"column":5}},"7":{"start":{"line":22,"column":31},"end":{"line":26,"column":3}},"8":{"start":{"line":23,"column":4},"end":{"line":25,"column":45}},"9":{"start":{"line":28,"column":2},"end":{"line":88,"column":3}},"10":{"start":{"line":93,"column":0},"end":{"line":106,"column":1}}},"fnMap":{"0":{"name":"(anonymous_0)","decl":{"start":{"line":8,"column":31},"end":{"line":8,"column":32}},"loc":{"start":{"line":8,"column":42},"end":{"line":89,"column":1}},"line":8},"1":{"name":"(anonymous_1)","decl":{"start":{"line":14,"column":35},"end":{"line":14,"column":36}},"loc":{"start":{"line":14,"column":41},"end":{"line":20,"column":3}},"line":14},"2":{"name":"(anonymous_2)","decl":{"start":{"line":22,"column":31},"end":{"line":22,"column":32}},"loc":{"start":{"line":22,"column":37},"end":{"line":26,"column":3}},"line":22}},"branchMap":{"0":{"loc":{"start":{"line":9,"column":12},"end":{"line":9,"column":43}},"type":"cond-expr","locations":[{"start":{"line":9,"column":36},"end":{"line":9,"column":38}},{"start":{"line":9,"column":41},"end":{"line":9,"column":43}}],"line":9},"1":{"loc":{"start":{"line":16,"column":6},"end":{"line":18,"column":51}},"type":"binary-expr","locations":[{"start":{"line":16,"column":7},"end":{"line":16,"column":52}},{"start":{"line":17,"column":8},"end":{"line":17,"column":45}},{"start":{"line":18,"column":6},"end":{"line":18,"column":51}}],"line":16},"2":{"loc":{"start":{"line":23,"column":11},"end":{"line":25,"column":45}},"type":"cond-expr","locations":[{"start":{"line":24,"column":8},"end":{"line":24,"column":19}},{"start":{"line":25,"column":8},"end":{"line":25,"column":45}}],"line":23},"3":{"loc":{"start":{"line":57,"column":13},"end":{"line":71,"column":13}},"type":"cond-expr","locations":[{"start":{"line":58,"column":14},"end":{"line":68,"column":20}},{"start":{"line":70,"column":14},"end":{"line":70,"column":52}}],"line":57}},"s":{"0":2,"1":8,"2":8,"3":8,"4":8,"5":8,"6":8,"7":8,"8":16,"9":8,"10":2},"f":{"0":8,"1":8,"2":16},"b":{"0":[8,0],"1":[8,2,7],"2":[14,2],"3":[4,4]},"_coverageSchema":"1a1c01bbd47fc00a2c39e90264f33305004495a9","hash":"afa8b9dff058cfbc19bac737b17afdb74df2acd2"}
,"/home/runner/work/sc-digital-centre/sc-digital-centre/components/molecules/BenefitCard.js": {"path":"/home/runner/work/sc-digital-centre/sc-digital-centre/components/molecules/BenefitCard.js","statementMap":{"0":{"start":{"line":15,"column":20},"end":{"line":165,"column":1}},"1":{"start":{"line":16,"column":12},"end":{"line":16,"column":43}},"2":{"start":{"line":17,"column":30},"end":{"line":17,"column":45}},"3":{"start":{"line":18,"column":38},"end":{"line":18,"column":58}},"4":{"start":{"line":19,"column":23},"end":{"line":19,"column":35}},"5":{"start":{"line":20,"column":23},"end":{"line":20,"column":35}},"6":{"start":{"line":21,"column":22},"end":{"line":24,"column":3}},"7":{"start":{"line":22,"column":4},"end":{"line":22,"column":51}},"8":{"start":{"line":23,"column":4},"end":{"line":23,"column":22}},"9":{"start":{"line":26,"column":19},"end":{"line":37,"column":3}},"10":{"start":{"line":27,"column":4},"end":{"line":27,"column":62}},"11":{"start":{"line":27,"column":56},"end":{"line":27,"column":62}},"12":{"start":{"line":28,"column":4},"end":{"line":36,"column":10}},"13":{"start":{"line":39,"column":30},"end":{"line":72,"column":3}},"14":{"start":{"line":40,"column":4},"end":{"line":71,"column":5}},"15":{"start":{"line":42,"column":8},"end":{"line":47,"column":9}},"16":{"start":{"line":49,"column":8},"end":{"line":54,"column":9}},"17":{"start":{"line":56,"column":8},"end":{"line":61,"column":9}},"18":{"start":{"line":63,"column":8},"end":{"line":68,"column":9}},"19":{"start":{"line":70,"column":8},"end":{"line":70,"column":19}},"20":{"start":{"line":74,"column":30},"end":{"line":99,"column":3}},"21":{"start":{"line":75,"column":4},"end":{"line":98,"column":5}},"22":{"start":{"line":77,"column":8},"end":{"line":82,"column":9}},"23":{"start":{"line":84,"column":8},"end":{"line":89,"column":9}},"24":{"start":{"line":91,"column":8},"end":{"line":95,"column":9}},"25":{"start":{"line":97,"column":8},"end":{"line":97,"column":19}},"26":{"start":{"line":101,"column":2},"end":{"line":164,"column":3}},"27":{"start":{"line":127,"column":12},"end":{"line":137,"column":13}},"28":{"start":{"line":156,"column":12},"end":{"line":156,"column":25}},"29":{"start":{"line":157,"column":12},"end":{"line":157,"column":22}},"30":{"start":{"line":169,"column":0},"end":{"line":187,"column":1}}},"fnMap":{"0":{"name":"(anonymous_0)","decl":{"start":{"line":15,"column":20},"end":{"line":15,"column":21}},"loc":{"start":{"line":15,"column":31},"end":{"line":165,"column":1}},"line":15},"1":{"name":"(anonymous_1)","decl":{"start":{"line":21,"column":22},"end":{"line":21,"column":23}},"loc":{"start":{"line":21,"column":28},"end":{"line":24,"column":3}},"line":21},"2":{"name":"(anonymous_2)","decl":{"start":{"line":26,"column":19},"end":{"line":26,"column":20}},"loc":{"start":{"line":26,"column":25},"end":{"line":37,"column":3}},"line":26},"3":{"name":"(anonymous_3)","decl":{"start":{"line":39,"column":30},"end":{"line":39,"column":31}},"loc":{"start":{"line":39,"column":36},"end":{"line":72,"column":3}},"line":39},"4":{"name":"(anonymous_4)","decl":{"start":{"line":74,"column":30},"end":{"line":74,"column":31}},"loc":{"start":{"line":74,"column":36},"end":{"line":99,"column":3}},"line":74},"5":{"name":"(anonymous_5)","decl":{"start":{"line":126,"column":26},"end":{"line":126,"column":27}},"loc":{"start":{"line":126,"column":44},"end":{"line":138,"column":11}},"line":126},"6":{"name":"(anonymous_6)","decl":{"start":{"line":155,"column":19},"end":{"line":155,"column":20}},"loc":{"start":{"line":155,"column":25},"end":{"line":158,"column":11}},"line":155}},"branchMap":{"0":{"loc":{"start":{"line":16,"column":12},"end":{"line":16,"column":43}},"type":"cond-expr","locations":[{"start":{"line":16,"column":36},"end":{"line":16,"column":38}},{"start":{"line":16,"column":41},"end":{"line":16,"column":43}}],"line":16},"1":{"loc":{"start":{"line":22,"column":18},"end":{"line":22,"column":50}},"type":"cond-expr","locations":[{"start":{"line":22,"column":27},"end":{"line":22,"column":37}},{"start":{"line":22,"column":40},"end":{"line":22,"column":50}}],"line":22},"2":{"loc":{"start":{"line":27,"column":4},"end":{"line":27,"column":62}},"type":"if","locations":[{"start":{"line":27,"column":4},"end":{"line":27,"column":62}},{"start":{},"end":{}}],"line":27},"3":{"loc":{"start":{"line":27,"column":8},"end":{"line":27,"column":54}},"type":"binary-expr","locations":[{"start":{"line":27,"column":8},"end":{"line":27,"column":29}},{"start":{"line":27,"column":33},"end":{"line":27,"column":54}}],"line":27},"4":{"loc":{"start":{"line":28,"column":4},"end":{"line":36,"column":10}},"type":"cond-expr","locations":[{"start":{"line":29,"column":8},"end":{"line":32,"column":10}},{"start":{"line":33,"column":8},"end":{"line":36,"column":10}}],"line":28},"5":{"loc":{"start":{"line":40,"column":4},"end":{"line":71,"column":5}},"type":"switch","locations":[{"start":{"line":41,"column":6},"end":{"line":47,"column":9}},{"start":{"line":48,"column":6},"end":{"line":54,"column":9}},{"start":{"line":55,"column":6},"end":{"line":61,"column":9}},{"start":{"line":62,"column":6},"end":{"line":68,"column":9}},{"start":{"line":69,"column":6},"end":{"line":70,"column":19}}],"line":40},"6":{"loc":{"start":{"line":75,"column":4},"end":{"line":98,"column":5}},"type":"switch","locations":[{"start":{"line":76,"column":6},"end":{"line":82,"column":9}},{"start":{"line":83,"column":6},"end":{"line":89,"column":9}},{"start":{"line":90,"column":6},"end":{"line":95,"column":9}},{"start":{"line":96,"column":6},"end":{"line":97,"column":19}}],"line":75},"7":{"loc":{"start":{"line":108,"column":7},"end":{"line":115,"column":14}},"type":"cond-expr","locations":[{"start":{"line":109,"column":8},"end":{"line":114,"column":11}},{"start":{"line":115,"column":10},"end":{"line":115,"column":14}}],"line":108},"8":{"loc":{"start":{"line":119,"column":9},"end":{"line":139,"column":9}},"type":"cond-expr","locations":[{"start":{"line":120,"column":10},"end":{"line":124,"column":12}},{"start":{"line":125,"column":12},"end":{"line":139,"column":9}}],"line":119},"9":{"loc":{"start":{"line":125,"column":12},"end":{"line":139,"column":9}},"type":"cond-expr","locations":[{"start":{"line":125,"column":22},"end":{"line":125,"column":26}},{"start":{"line":126,"column":10},"end":{"line":138,"column":12}}],"line":125},"10":{"loc":{"start":{"line":142,"column":7},"end":{"line":148,"column":7}},"type":"cond-expr","locations":[{"start":{"line":145,"column":8},"end":{"line":145,"column":78}},{"start":{"line":147,"column":8},"end":{"line":147,"column":13}}],"line":142},"11":{"loc":{"start":{"line":142,"column":7},"end":{"line":144,"column":42}},"type":"binary-expr","locations":[{"start":{"line":142,"column":7},"end":{"line":142,"column":13}},{"start":{"line":143,"column":6},"end":{"line":144,"column":42}}],"line":142},"12":{"loc":{"start":{"line":149,"column":7},"end":{"line":162,"column":7}},"type":"binary-expr","locations":[{"start":{"line":149,"column":7},"end":{"line":152,"column":7}},{"start":{"line":153,"column":8},"end":{"line":161,"column":10}}],"line":149},"13":{"loc":{"start":{"line":150,"column":8},"end":{"line":151,"column":72}},"type":"binary-expr","locations":[{"start":{"line":150,"column":8},"end":{"line":151,"column":46}},{"start":{"line":151,"column":50},"end":{"line":151,"column":72}}],"line":150}},"s":{"0":2,"1":13,"2":13,"3":13,"4":13,"5":13,"6":13,"7":0,"8":0,"9":13,"10":0,"11":0,"12":0,"13":13,"14":13,"15":6,"16":4,"17":2,"18":1,"19":0,"20":13,"21":25,"22":12,"23":8,"24":4,"25":1,"26":13,"27":0,"28":0,"29":0,"30":2},"f":{"0":13,"1":0,"2":0,"3":13,"4":25,"5":0,"6":0},"b":{"0":[13,0],"1":[0,0],"2":[0,0],"3":[0,0],"4":[0,0],"5":[6,4,2,1,0],"6":[12,8,4,1],"7":[12,1],"8":[9,4],"9":[4,0],"10":[0,13],"11":[13,0],"12":[13,11],"13":[13,2]},"_coverageSchema":"1a1c01bbd47fc00a2c39e90264f33305004495a9","hash":"4a35adf1d3b2ca759bcba8b02203a34bdd03dde8"}
,"/home/runner/work/sc-digital-centre/sc-digital-centre/components/molecules/BenefitTasks.js": {"path":"/home/runner/work/sc-digital-centre/sc-digital-centre/components/molecules/BenefitTasks.js","statementMap":{"0":{"start":{"line":6,"column":12},"end":{"line":6,"column":43}},"1":{"start":{"line":7,"column":25},"end":{"line":9,"column":29}},"2":{"start":{"line":10,"column":23},"end":{"line":10,"column":43}},"3":{"start":{"line":12,"column":2},"end":{"line":36,"column":3}},"4":{"start":{"line":23,"column":10},"end":{"line":32,"column":11}},"5":{"start":{"line":39,"column":0},"end":{"line":47,"column":1}}},"fnMap":{"0":{"name":"BenefitTasks","decl":{"start":{"line":5,"column":24},"end":{"line":5,"column":36}},"loc":{"start":{"line":5,"column":44},"end":{"line":37,"column":1}},"line":5},"1":{"name":"(anonymous_1)","decl":{"start":{"line":22,"column":28},"end":{"line":22,"column":29}},"loc":{"start":{"line":22,"column":46},"end":{"line":33,"column":9}},"line":22}},"branchMap":{"0":{"loc":{"start":{"line":6,"column":12},"end":{"line":6,"column":43}},"type":"cond-expr","locations":[{"start":{"line":6,"column":36},"end":{"line":6,"column":38}},{"start":{"line":6,"column":41},"end":{"line":6,"column":43}}],"line":6},"1":{"loc":{"start":{"line":7,"column":25},"end":{"line":9,"column":29}},"type":"cond-expr","locations":[{"start":{"line":8,"column":6},"end":{"line":8,"column":17}},{"start":{"line":9,"column":6},"end":{"line":9,"column":29}}],"line":7},"2":{"loc":{"start":{"line":15,"column":9},"end":{"line":19,"column":44}},"type":"cond-expr","locations":[{"start":{"line":16,"column":12},"end":{"line":16,"column":24}},{"start":{"line":17,"column":12},"end":{"line":19,"column":44}}],"line":15},"3":{"loc":{"start":{"line":17,"column":12},"end":{"line":19,"column":44}},"type":"cond-expr","locations":[{"start":{"line":18,"column":12},"end":{"line":18,"column":27}},{"start":{"line":19,"column":12},"end":{"line":19,"column":44}}],"line":17}},"s":{"0":18,"1":18,"2":18,"3":18,"4":71,"5":4},"f":{"0":18,"1":71},"b":{"0":[6,12],"1":[0,18],"2":[1,17],"3":[6,11]},"_coverageSchema":"1a1c01bbd47fc00a2c39e90264f33305004495a9","hash":"4ecb7ea64afde2b974b83618417853e7cf73bc78"}
,"/home/runner/work/sc-digital-centre/sc-digital-centre/components/molecules/DSFooter.js": {"path":"/home/runner/work/sc-digital-centre/sc-digital-centre/components/molecules/DSFooter.js","statementMap":{"0":{"start":{"line":4,"column":2},"end":{"line":12,"column":3}}},"fnMap":{"0":{"name":"DSFooter","decl":{"start":{"line":3,"column":24},"end":{"line":3,"column":32}},"loc":{"start":{"line":3,"column":35},"end":{"line":13,"column":1}},"line":3}},"branchMap":{},"s":{"0":6},"f":{"0":6},"b":{},"_coverageSchema":"1a1c01bbd47fc00a2c39e90264f33305004495a9","hash":"6c0209d6d541db79bf90c3df8bd9569fce0e6417"}
,"/home/runner/work/sc-digital-centre/sc-digital-centre/components/molecules/DSHeader.js": {"path":"/home/runner/work/sc-digital-centre/sc-digital-centre/components/molecules/DSHeader.js","statementMap":{"0":{"start":{"line":6,"column":12},"end":{"line":6,"column":43}},"1":{"start":{"line":7,"column":2},"end":{"line":39,"column":3}}},"fnMap":{"0":{"name":"DSHeader","decl":{"start":{"line":5,"column":24},"end":{"line":5,"column":32}},"loc":{"start":{"line":5,"column":40},"end":{"line":40,"column":1}},"line":5},"1":{"name":"noRefCheck","decl":{"start":{"line":29,"column":28},"end":{"line":29,"column":38}},"loc":{"start":{"line":29,"column":41},"end":{"line":29,"column":43}},"line":29},"2":{"name":"noRefCheck","decl":{"start":{"line":35,"column":27},"end":{"line":35,"column":37}},"loc":{"start":{"line":35,"column":40},"end":{"line":35,"column":42}},"line":35},"3":{"name":"noRefCheck","decl":{"start":{"line":36,"column":27},"end":{"line":36,"column":37}},"loc":{"start":{"line":36,"column":40},"end":{"line":36,"column":42}},"line":36}},"branchMap":{"0":{"loc":{"start":{"line":6,"column":12},"end":{"line":6,"column":43}},"type":"cond-expr","locations":[{"start":{"line":6,"column":36},"end":{"line":6,"column":38}},{"start":{"line":6,"column":41},"end":{"line":6,"column":43}}],"line":6}},"s":{"0":8,"1":7},"f":{"0":8,"1":0,"2":0,"3":0},"b":{"0":[6,1]},"_coverageSchema":"1a1c01bbd47fc00a2c39e90264f33305004495a9","hash":"48e4d45e47440b48496c5f21750b87d0b14fec4c"}
,"/home/runner/work/sc-digital-centre/sc-digital-centre/components/molecules/Footer.js": {"path":"/home/runner/work/sc-digital-centre/sc-digital-centre/components/molecules/Footer.js","statementMap":{"0":{"start":{"line":9,"column":2},"end":{"line":87,"column":3}},"1":{"start":{"line":29,"column":16},"end":{"line":38,"column":17}},"2":{"start":{"line":55,"column":18},"end":{"line":72,"column":19}},"3":{"start":{"line":90,"column":0},"end":{"line":128,"column":1}}},"fnMap":{"0":{"name":"Footer","decl":{"start":{"line":8,"column":24},"end":{"line":8,"column":30}},"loc":{"start":{"line":8,"column":38},"end":{"line":88,"column":1}},"line":8},"1":{"name":"(anonymous_1)","decl":{"start":{"line":28,"column":40},"end":{"line":28,"column":41}},"loc":{"start":{"line":28,"column":58},"end":{"line":39,"column":15}},"line":28},"2":{"name":"(anonymous_2)","decl":{"start":{"line":54,"column":33},"end":{"line":54,"column":34}},"loc":{"start":{"line":54,"column":51},"end":{"line":73,"column":17}},"line":54}},"branchMap":{"0":{"loc":{"start":{"line":59,"column":24},"end":{"line":61,"column":79}},"type":"cond-expr","locations":[{"start":{"line":60,"column":28},"end":{"line":60,"column":92}},{"start":{"line":61,"column":28},"end":{"line":61,"column":79}}],"line":59}},"s":{"0":2,"1":3,"2":5,"3":2},"f":{"0":2,"1":3,"2":5},"b":{"0":[2,3]},"_coverageSchema":"1a1c01bbd47fc00a2c39e90264f33305004495a9","hash":"2d3a08cf779bd2a6aeebaa349dc3146e2196cbeb"}
,"/home/runner/work/sc-digital-centre/sc-digital-centre/components/molecules/Greeting.js": {"path":"/home/runner/work/sc-digital-centre/sc-digital-centre/components/molecules/Greeting.js","statementMap":{"0":{"start":{"line":5,"column":12},"end":{"line":5,"column":43}},"1":{"start":{"line":7,"column":2},"end":{"line":15,"column":3}}},"fnMap":{"0":{"name":"Greeting","decl":{"start":{"line":4,"column":24},"end":{"line":4,"column":32}},"loc":{"start":{"line":4,"column":40},"end":{"line":16,"column":1}},"line":4}},"branchMap":{"0":{"loc":{"start":{"line":5,"column":12},"end":{"line":5,"column":43}},"type":"cond-expr","locations":[{"start":{"line":5,"column":36},"end":{"line":5,"column":38}},{"start":{"line":5,"column":41},"end":{"line":5,"column":43}}],"line":5}},"s":{"0":1,"1":1},"f":{"0":1},"b":{"0":[1,0]},"_coverageSchema":"1a1c01bbd47fc00a2c39e90264f33305004495a9","hash":"796840f900656e097c420e896d5107170db92fbc"}
,"/home/runner/work/sc-digital-centre/sc-digital-centre/components/molecules/Header.js": {"path":"/home/runner/work/sc-digital-centre/sc-digital-centre/components/molecules/Header.js","statementMap":{"0":{"start":{"line":8,"column":17},"end":{"line":8,"column":28}},"1":{"start":{"line":9,"column":34},"end":{"line":9,"column":46}},"2":{"start":{"line":10,"column":16},"end":{"line":10,"column":21}},"3":{"start":{"line":12,"column":46},"end":{"line":12,"column":62}},"4":{"start":{"line":13,"column":2},"end":{"line":21,"column":52}},"5":{"start":{"line":15,"column":4},"end":{"line":19,"column":5}},"6":{"start":{"line":16,"column":6},"end":{"line":18,"column":7}},"7":{"start":{"line":20,"column":4},"end":{"line":20,"column":44}},"8":{"start":{"line":23,"column":2},"end":{"line":126,"column":3}},"9":{"start":{"line":129,"column":0},"end":{"line":164,"column":1}}},"fnMap":{"0":{"name":"Header","decl":{"start":{"line":7,"column":24},"end":{"line":7,"column":30}},"loc":{"start":{"line":7,"column":38},"end":{"line":127,"column":1}},"line":7},"1":{"name":"(anonymous_1)","decl":{"start":{"line":13,"column":18},"end":{"line":13,"column":19}},"loc":{"start":{"line":13,"column":24},"end":{"line":21,"column":3}},"line":13}},"branchMap":{"0":{"loc":{"start":{"line":15,"column":4},"end":{"line":19,"column":5}},"type":"if","locations":[{"start":{"line":15,"column":4},"end":{"line":19,"column":5}},{"start":{},"end":{}}],"line":15},"1":{"loc":{"start":{"line":15,"column":8},"end":{"line":15,"column":62}},"type":"binary-expr","locations":[{"start":{"line":15,"column":8},"end":{"line":15,"column":28}},{"start":{"line":15,"column":32},"end":{"line":15,"column":45}},{"start":{"line":15,"column":49},"end":{"line":15,"column":62}}],"line":15},"2":{"loc":{"start":{"line":47,"column":18},"end":{"line":49,"column":39}},"type":"cond-expr","locations":[{"start":{"line":48,"column":22},"end":{"line":48,"column":39}},{"start":{"line":49,"column":22},"end":{"line":49,"column":39}}],"line":47},"3":{"loc":{"start":{"line":52,"column":18},"end":{"line":54,"column":46}},"type":"cond-expr","locations":[{"start":{"line":53,"column":22},"end":{"line":53,"column":44}},{"start":{"line":54,"column":22},"end":{"line":54,"column":46}}],"line":52},"4":{"loc":{"start":{"line":62,"column":20},"end":{"line":62,"column":41}},"type":"binary-expr","locations":[{"start":{"line":62,"column":20},"end":{"line":62,"column":34}},{"start":{"line":62,"column":38},"end":{"line":62,"column":41}}],"line":62},"5":{"loc":{"start":{"line":63,"column":22},"end":{"line":63,"column":59}},"type":"cond-expr","locations":[{"start":{"line":63,"column":48},"end":{"line":63,"column":52}},{"start":{"line":63,"column":55},"end":{"line":63,"column":59}}],"line":63},"6":{"loc":{"start":{"line":68,"column":22},"end":{"line":68,"column":59}},"type":"cond-expr","locations":[{"start":{"line":68,"column":48},"end":{"line":68,"column":52}},{"start":{"line":68,"column":55},"end":{"line":68,"column":59}}],"line":68},"7":{"loc":{"start":{"line":70,"column":17},"end":{"line":70,"column":54}},"type":"cond-expr","locations":[{"start":{"line":70,"column":43},"end":{"line":70,"column":47}},{"start":{"line":70,"column":50},"end":{"line":70,"column":54}}],"line":70},"8":{"loc":{"start":{"line":79,"column":20},"end":{"line":79,"column":41}},"type":"binary-expr","locations":[{"start":{"line":79,"column":20},"end":{"line":79,"column":34}},{"start":{"line":79,"column":38},"end":{"line":79,"column":41}}],"line":79},"9":{"loc":{"start":{"line":80,"column":22},"end":{"line":80,"column":59}},"type":"cond-expr","locations":[{"start":{"line":80,"column":48},"end":{"line":80,"column":52}},{"start":{"line":80,"column":55},"end":{"line":80,"column":59}}],"line":80},"10":{"loc":{"start":{"line":86,"column":22},"end":{"line":86,"column":59}},"type":"cond-expr","locations":[{"start":{"line":86,"column":48},"end":{"line":86,"column":52}},{"start":{"line":86,"column":55},"end":{"line":86,"column":59}}],"line":86},"11":{"loc":{"start":{"line":88,"column":17},"end":{"line":88,"column":65}},"type":"cond-expr","locations":[{"start":{"line":88,"column":43},"end":{"line":88,"column":53}},{"start":{"line":88,"column":56},"end":{"line":88,"column":65}}],"line":88}},"s":{"0":3,"1":3,"2":3,"3":3,"4":3,"5":3,"6":0,"7":3,"8":3,"9":2},"f":{"0":3,"1":3},"b":{"0":[0,3],"1":[3,0,0],"2":[2,1],"3":[2,1],"4":[3,3],"5":[2,1],"6":[2,1],"7":[2,1],"8":[3,3],"9":[2,1],"10":[2,1],"11":[2,1]},"_coverageSchema":"1a1c01bbd47fc00a2c39e90264f33305004495a9","hash":"90f36c13a3f08778a87987436dc2290b2e8b3b31"}
,"/home/runner/work/sc-digital-centre/sc-digital-centre/components/molecules/Menu.js": {"path":"/home/runner/work/sc-digital-centre/sc-digital-centre/components/molecules/Menu.js","statementMap":{"0":{"start":{"line":11,"column":21},"end":{"line":11,"column":32}},"1":{"start":{"line":13,"column":2},"end":{"line":75,"column":3}},"2":{"start":{"line":42,"column":31},"end":{"line":42,"column":51}},"3":{"start":{"line":44,"column":14},"end":{"line":59,"column":15}},"4":{"start":{"line":78,"column":0},"end":{"line":99,"column":1}}},"fnMap":{"0":{"name":"Menu","decl":{"start":{"line":9,"column":24},"end":{"line":9,"column":28}},"loc":{"start":{"line":9,"column":36},"end":{"line":76,"column":1}},"line":9},"1":{"name":"(anonymous_1)","decl":{"start":{"line":41,"column":29},"end":{"line":41,"column":30}},"loc":{"start":{"line":41,"column":44},"end":{"line":60,"column":13}},"line":41}},"branchMap":{"0":{"loc":{"start":{"line":48,"column":20},"end":{"line":50,"column":32}},"type":"cond-expr","locations":[{"start":{"line":49,"column":24},"end":{"line":49,"column":44}},{"start":{"line":50,"column":24},"end":{"line":50,"column":32}}],"line":48},"1":{"loc":{"start":{"line":48,"column":20},"end":{"line":48,"column":63}},"type":"binary-expr","locations":[{"start":{"line":48,"column":20},"end":{"line":48,"column":29}},{"start":{"line":48,"column":33},"end":{"line":48,"column":63}}],"line":48},"2":{"loc":{"start":{"line":53,"column":32},"end":{"line":53,"column":56}},"type":"cond-expr","locations":[{"start":{"line":53,"column":43},"end":{"line":53,"column":49}},{"start":{"line":53,"column":52},"end":{"line":53,"column":56}}],"line":53}},"s":{"0":6,"1":6,"2":18,"3":18,"4":3},"f":{"0":6,"1":18},"b":{"0":[12,6],"1":[18,12],"2":[15,3]},"_coverageSchema":"1a1c01bbd47fc00a2c39e90264f33305004495a9","hash":"bd6a1063a51a81f5e313868b2cb2c5fa4843e8f2"}
,"/home/runner/work/sc-digital-centre/sc-digital-centre/components/molecules/NoBenefitCard.js": {"path":"/home/runner/work/sc-digital-centre/sc-digital-centre/components/molecules/NoBenefitCard.js","statementMap":{"0":{"start":{"line":9,"column":22},"end":{"line":62,"column":1}},"1":{"start":{"line":10,"column":12},"end":{"line":10,"column":43}},"2":{"start":{"line":11,"column":30},"end":{"line":11,"column":45}},"3":{"start":{"line":12,"column":38},"end":{"line":12,"column":58}},"4":{"start":{"line":13,"column":23},"end":{"line":13,"column":35}},"5":{"start":{"line":14,"column":23},"end":{"line":14,"column":35}},"6":{"start":{"line":15,"column":22},"end":{"line":18,"column":3}},"7":{"start":{"line":16,"column":4},"end":{"line":16,"column":51}},"8":{"start":{"line":17,"column":4},"end":{"line":17,"column":22}},"9":{"start":{"line":20,"column":19},"end":{"line":31,"column":3}},"10":{"start":{"line":21,"column":4},"end":{"line":21,"column":62}},"11":{"start":{"line":21,"column":56},"end":{"line":21,"column":62}},"12":{"start":{"line":22,"column":4},"end":{"line":30,"column":10}},"13":{"start":{"line":33,"column":2},"end":{"line":61,"column":3}},"14":{"start":{"line":53,"column":12},"end":{"line":53,"column":25}},"15":{"start":{"line":54,"column":12},"end":{"line":54,"column":22}},"16":{"start":{"line":65,"column":0},"end":{"line":69,"column":1}}},"fnMap":{"0":{"name":"(anonymous_0)","decl":{"start":{"line":9,"column":22},"end":{"line":9,"column":23}},"loc":{"start":{"line":9,"column":33},"end":{"line":62,"column":1}},"line":9},"1":{"name":"(anonymous_1)","decl":{"start":{"line":15,"column":22},"end":{"line":15,"column":23}},"loc":{"start":{"line":15,"column":28},"end":{"line":18,"column":3}},"line":15},"2":{"name":"(anonymous_2)","decl":{"start":{"line":20,"column":19},"end":{"line":20,"column":20}},"loc":{"start":{"line":20,"column":25},"end":{"line":31,"column":3}},"line":20},"3":{"name":"(anonymous_3)","decl":{"start":{"line":52,"column":19},"end":{"line":52,"column":20}},"loc":{"start":{"line":52,"column":25},"end":{"line":55,"column":11}},"line":52}},"branchMap":{"0":{"loc":{"start":{"line":10,"column":12},"end":{"line":10,"column":43}},"type":"cond-expr","locations":[{"start":{"line":10,"column":36},"end":{"line":10,"column":38}},{"start":{"line":10,"column":41},"end":{"line":10,"column":43}}],"line":10},"1":{"loc":{"start":{"line":16,"column":18},"end":{"line":16,"column":50}},"type":"cond-expr","locations":[{"start":{"line":16,"column":27},"end":{"line":16,"column":37}},{"start":{"line":16,"column":40},"end":{"line":16,"column":50}}],"line":16},"2":{"loc":{"start":{"line":21,"column":4},"end":{"line":21,"column":62}},"type":"if","locations":[{"start":{"line":21,"column":4},"end":{"line":21,"column":62}},{"start":{},"end":{}}],"line":21},"3":{"loc":{"start":{"line":21,"column":8},"end":{"line":21,"column":54}},"type":"binary-expr","locations":[{"start":{"line":21,"column":8},"end":{"line":21,"column":29}},{"start":{"line":21,"column":33},"end":{"line":21,"column":54}}],"line":21},"4":{"loc":{"start":{"line":22,"column":4},"end":{"line":30,"column":10}},"type":"cond-expr","locations":[{"start":{"line":23,"column":8},"end":{"line":26,"column":10}},{"start":{"line":27,"column":8},"end":{"line":30,"column":10}}],"line":22},"5":{"loc":{"start":{"line":49,"column":7},"end":{"line":59,"column":7}},"type":"binary-expr","locations":[{"start":{"line":49,"column":7},"end":{"line":49,"column":29}},{"start":{"line":50,"column":8},"end":{"line":58,"column":10}}],"line":49}},"s":{"0":2,"1":6,"2":6,"3":6,"4":6,"5":6,"6":6,"7":0,"8":0,"9":6,"10":0,"11":0,"12":0,"13":6,"14":0,"15":0,"16":2},"f":{"0":6,"1":0,"2":0,"3":0},"b":{"0":[6,0],"1":[0,0],"2":[0,0],"3":[0,0],"4":[0,0],"5":[6,1]},"_coverageSchema":"1a1c01bbd47fc00a2c39e90264f33305004495a9","hash":"d48ba50d46ebd7915ca90f7b4c378b525d6bb1b0"}
,"/home/runner/work/sc-digital-centre/sc-digital-centre/components/molecules/SplashLanguageSelect.js": {"path":"/home/runner/work/sc-digital-centre/sc-digital-centre/components/molecules/SplashLanguageSelect.js","statementMap":{"0":{"start":{"line":6,"column":2},"end":{"line":72,"column":3}}},"fnMap":{"0":{"name":"SplashLanguageSelect","decl":{"start":{"line":5,"column":24},"end":{"line":5,"column":44}},"loc":{"start":{"line":5,"column":47},"end":{"line":73,"column":1}},"line":5}},"branchMap":{},"s":{"0":3},"f":{"0":3},"b":{},"_coverageSchema":"1a1c01bbd47fc00a2c39e90264f33305004495a9","hash":"d932fb2c7d3ec73ced60e37c09c86a9f4fbd05dd"}
,"/home/runner/work/sc-digital-centre/sc-digital-centre/components/organisms/Layout.js": {"path":"/home/runner/work/sc-digital-centre/sc-digital-centre/components/organisms/Layout.js","statementMap":{"0":{"start":{"line":16,"column":12},"end":{"line":16,"column":43}},"1":{"start":{"line":18,"column":2},"end":{"line":32,"column":20}},"2":{"start":{"line":19,"column":4},"end":{"line":31,"column":5}},"3":{"start":{"line":20,"column":6},"end":{"line":30,"column":8}},"4":{"start":{"line":34,"column":2},"end":{"line":146,"column":3}},"5":{"start":{"line":149,"column":0},"end":{"line":170,"column":1}},"6":{"start":{"line":172,"column":0},"end":{"line":175,"column":1}}},"fnMap":{"0":{"name":"Layout","decl":{"start":{"line":15,"column":24},"end":{"line":15,"column":30}},"loc":{"start":{"line":15,"column":38},"end":{"line":147,"column":1}},"line":15},"1":{"name":"(anonymous_1)","decl":{"start":{"line":18,"column":12},"end":{"line":18,"column":13}},"loc":{"start":{"line":18,"column":18},"end":{"line":32,"column":3}},"line":18}},"branchMap":{"0":{"loc":{"start":{"line":16,"column":12},"end":{"line":16,"column":43}},"type":"cond-expr","locations":[{"start":{"line":16,"column":36},"end":{"line":16,"column":38}},{"start":{"line":16,"column":41},"end":{"line":16,"column":43}}],"line":16},"1":{"loc":{"start":{"line":19,"column":4},"end":{"line":31,"column":5}},"type":"if","locations":[{"start":{"line":19,"column":4},"end":{"line":31,"column":5}},{"start":{},"end":{}}],"line":19},"2":{"loc":{"start":{"line":24,"column":20},"end":{"line":24,"column":57}},"type":"cond-expr","locations":[{"start":{"line":24,"column":44},"end":{"line":24,"column":49}},{"start":{"line":24,"column":52},"end":{"line":24,"column":57}}],"line":24},"3":{"loc":{"start":{"line":36,"column":7},"end":{"line":52,"column":7}},"type":"cond-expr","locations":[{"start":{"line":37,"column":8},"end":{"line":49,"column":11}},{"start":{"line":51,"column":8},"end":{"line":51,"column":10}}],"line":36},"4":{"loc":{"start":{"line":55,"column":7},"end":{"line":70,"column":7}},"type":"cond-expr","locations":[{"start":{"line":56,"column":8},"end":{"line":67,"column":11}},{"start":{"line":69,"column":8},"end":{"line":69,"column":10}}],"line":55},"5":{"loc":{"start":{"line":74,"column":7},"end":{"line":144,"column":7}},"type":"cond-expr","locations":[{"start":{"line":75,"column":8},"end":{"line":141,"column":10}},{"start":{"line":143,"column":8},"end":{"line":143,"column":10}}],"line":74}},"s":{"0":1,"1":1,"2":1,"3":0,"4":1,"5":1,"6":1},"f":{"0":1,"1":1},"b":{"0":[1,0],"1":[0,1],"2":[0,0],"3":[0,1],"4":[0,1],"5":[0,1]},"_coverageSchema":"1a1c01bbd47fc00a2c39e90264f33305004495a9","hash":"ae87d7ec1ddaee74748950bc85fb15cc43850e16"}
,"/home/runner/work/sc-digital-centre/sc-digital-centre/pages/400.js": {"path":"/home/runner/work/sc-digital-centre/sc-digital-centre/pages/400.js","statementMap":{"0":{"start":{"line":5,"column":2},"end":{"line":15,"column":3}}},"fnMap":{"0":{"name":"Error400","decl":{"start":{"line":4,"column":24},"end":{"line":4,"column":32}},"loc":{"start":{"line":4,"column":35},"end":{"line":16,"column":1}},"line":4}},"branchMap":{},"s":{"0":2},"f":{"0":2},"b":{},"_coverageSchema":"1a1c01bbd47fc00a2c39e90264f33305004495a9","hash":"cf375daf852b3ffd1cd673e7eb198264a0932893"}
,"/home/runner/work/sc-digital-centre/sc-digital-centre/pages/404.js": {"path":"/home/runner/work/sc-digital-centre/sc-digital-centre/pages/404.js","statementMap":{"0":{"start":{"line":5,"column":2},"end":{"line":15,"column":3}}},"fnMap":{"0":{"name":"Error404","decl":{"start":{"line":4,"column":24},"end":{"line":4,"column":32}},"loc":{"start":{"line":4,"column":35},"end":{"line":16,"column":1}},"line":4}},"branchMap":{},"s":{"0":2},"f":{"0":2},"b":{},"_coverageSchema":"1a1c01bbd47fc00a2c39e90264f33305004495a9","hash":"e6551ea9e833b1329e61826add71569eadc00eb1"}
,"/home/runner/work/sc-digital-centre/sc-digital-centre/pages/500.js": {"path":"/home/runner/work/sc-digital-centre/sc-digital-centre/pages/500.js","statementMap":{"0":{"start":{"line":5,"column":2},"end":{"line":15,"column":3}}},"fnMap":{"0":{"name":"Error500","decl":{"start":{"line":4,"column":24},"end":{"line":4,"column":32}},"loc":{"start":{"line":4,"column":35},"end":{"line":16,"column":1}},"line":4}},"branchMap":{},"s":{"0":2},"f":{"0":2},"b":{},"_coverageSchema":"1a1c01bbd47fc00a2c39e90264f33305004495a9","hash":"79364777873ec3d5c3d6050ce5142a2d83a482ae"}
,"/home/runner/work/sc-digital-centre/sc-digital-centre/pages/503.js": {"path":"/home/runner/work/sc-digital-centre/sc-digital-centre/pages/503.js","statementMap":{"0":{"start":{"line":5,"column":2},"end":{"line":15,"column":3}}},"fnMap":{"0":{"name":"Error503","decl":{"start":{"line":4,"column":24},"end":{"line":4,"column":32}},"loc":{"start":{"line":4,"column":35},"end":{"line":16,"column":1}},"line":4}},"branchMap":{},"s":{"0":2},"f":{"0":2},"b":{},"_coverageSchema":"1a1c01bbd47fc00a2c39e90264f33305004495a9","hash":"e92f403522f975dc088ceb462708115e54abffa8"}
,"/home/runner/work/sc-digital-centre/sc-digital-centre/pages/_app.js": {"path":"/home/runner/work/sc-digital-centre/sc-digital-centre/pages/_app.js","statementMap":{"0":{"start":{"line":5,"column":2},"end":{"line":5,"column":37}}},"fnMap":{"0":{"name":"MyApp","decl":{"start":{"line":4,"column":9},"end":{"line":4,"column":14}},"loc":{"start":{"line":4,"column":41},"end":{"line":6,"column":1}},"line":4}},"branchMap":{},"s":{"0":0},"f":{"0":0},"b":{}}
,"/home/runner/work/sc-digital-centre/sc-digital-centre/pages/_document.js": {"path":"/home/runner/work/sc-digital-centre/sc-digital-centre/pages/_document.js","statementMap":{"0":{"start":{"line":5,"column":25},"end":{"line":5,"column":60}},"1":{"start":{"line":6,"column":4},"end":{"line":6,"column":30}},"2":{"start":{"line":10,"column":4},"end":{"line":22,"column":5}}},"fnMap":{"0":{"name":"(anonymous_0)","decl":{"start":{"line":4,"column":2},"end":{"line":4,"column":3}},"loc":{"start":{"line":4,"column":36},"end":{"line":7,"column":3}},"line":4},"1":{"name":"(anonymous_1)","decl":{"start":{"line":9,"column":2},"end":{"line":9,"column":3}},"loc":{"start":{"line":9,"column":11},"end":{"line":23,"column":3}},"line":9}},"branchMap":{},"s":{"0":0,"1":0,"2":0},"f":{"0":0,"1":0},"b":{}}
,"/home/runner/work/sc-digital-centre/sc-digital-centre/pages/dashboard.js": {"path":"/home/runner/work/sc-digital-centre/sc-digital-centre/pages/dashboard.js","statementMap":{"0":{"start":{"line":64,"column":2},"end":{"line":170,"column":3}},"1":{"start":{"line":136,"column":12},"end":{"line":143,"column":13}},"2":{"start":{"line":174,"column":26},"end":{"line":174,"column":28}},"3":{"start":{"line":186,"column":2},"end":{"line":190,"column":3}},"4":{"start":{"line":196,"column":27},"end":{"line":196,"column":29}},"5":{"start":{"line":197,"column":2},"end":{"line":197,"column":44}},"6":{"start":{"line":198,"column":2},"end":{"line":207,"column":3}},"7":{"start":{"line":206,"column":4},"end":{"line":206,"column":47}},"8":{"start":{"line":208,"column":2},"end":{"line":216,"column":3}},"9":{"start":{"line":215,"column":4},"end":{"line":215,"column":47}},"10":{"start":{"line":217,"column":2},"end":{"line":225,"column":3}},"11":{"start":{"line":224,"column":4},"end":{"line":224,"column":47}},"12":{"start":{"line":226,"column":2},"end":{"line":235,"column":3}},"13":{"start":{"line":234,"column":4},"end":{"line":234,"column":48}},"14":{"start":{"line":236,"column":2},"end":{"line":236,"column":71}},"15":{"start":{"line":237,"column":2},"end":{"line":239,"column":3}},"16":{"start":{"line":240,"column":2},"end":{"line":242,"column":3}},"17":{"start":{"line":243,"column":2},"end":{"line":243,"column":61}},"18":{"start":{"line":244,"column":2},"end":{"line":244,"column":59}},"19":{"start":{"line":245,"column":2},"end":{"line":245,"column":69}},"20":{"start":{"line":246,"column":2},"end":{"line":246,"column":59}},"21":{"start":{"line":248,"column":2},"end":{"line":248,"column":25}},"22":{"start":{"line":258,"column":2},"end":{"line":264,"column":5}},"23":{"start":{"line":260,"column":4},"end":{"line":260,"column":64}},"24":{"start":{"line":260,"column":43},"end":{"line":260,"column":63}},"25":{"start":{"line":262,"column":4},"end":{"line":264,"column":5}},"26":{"start":{"line":263,"column":13},"end":{"line":263,"column":51}},"27":{"start":{"line":266,"column":2},"end":{"line":266,"column":42}},"28":{"start":{"line":266,"column":31},"end":{"line":266,"column":42}},"29":{"start":{"line":270,"column":2},"end":{"line":270,"column":57}},"30":{"start":{"line":270,"column":29},"end":{"line":270,"column":56}}},"fnMap":{"0":{"name":"Dashboard","decl":{"start":{"line":63,"column":24},"end":{"line":63,"column":33}},"loc":{"start":{"line":63,"column":41},"end":{"line":171,"column":1}},"line":63},"1":{"name":"(anonymous_1)","decl":{"start":{"line":135,"column":38},"end":{"line":135,"column":39}},"loc":{"start":{"line":135,"column":56},"end":{"line":144,"column":11}},"line":135},"2":{"name":"getStaticProps","decl":{"start":{"line":173,"column":22},"end":{"line":173,"column":36}},"loc":{"start":{"line":173,"column":39},"end":{"line":191,"column":1}},"line":173},"3":{"name":"BuildAdvertisingCards","decl":{"start":{"line":193,"column":9},"end":{"line":193,"column":30}},"loc":{"start":{"line":193,"column":48},"end":{"line":249,"column":1}},"line":193},"4":{"name":"CheckAllBenefitsForAdvertising","decl":{"start":{"line":256,"column":9},"end":{"line":256,"column":39}},"loc":{"start":{"line":256,"column":73},"end":{"line":271,"column":1}},"line":256},"5":{"name":"(anonymous_5)","decl":{"start":{"line":260,"column":36},"end":{"line":260,"column":37}},"loc":{"start":{"line":260,"column":43},"end":{"line":260,"column":63}},"line":260},"6":{"name":"(anonymous_6)","decl":{"start":{"line":263,"column":6},"end":{"line":263,"column":7}},"loc":{"start":{"line":263,"column":13},"end":{"line":263,"column":51}},"line":263},"7":{"name":"(anonymous_7)","decl":{"start":{"line":270,"column":22},"end":{"line":270,"column":23}},"loc":{"start":{"line":270,"column":29},"end":{"line":270,"column":56}},"line":270}},"branchMap":{"0":{"loc":{"start":{"line":198,"column":2},"end":{"line":207,"column":3}},"type":"if","locations":[{"start":{"line":198,"column":2},"end":{"line":207,"column":3}},{"start":{},"end":{}}],"line":198},"1":{"loc":{"start":{"line":208,"column":2},"end":{"line":216,"column":3}},"type":"if","locations":[{"start":{"line":208,"column":2},"end":{"line":216,"column":3}},{"start":{},"end":{}}],"line":208},"2":{"loc":{"start":{"line":217,"column":2},"end":{"line":225,"column":3}},"type":"if","locations":[{"start":{"line":217,"column":2},"end":{"line":225,"column":3}},{"start":{},"end":{}}],"line":217},"3":{"loc":{"start":{"line":226,"column":2},"end":{"line":235,"column":3}},"type":"if","locations":[{"start":{"line":226,"column":2},"end":{"line":235,"column":3}},{"start":{},"end":{}}],"line":226},"4":{"loc":{"start":{"line":258,"column":2},"end":{"line":264,"column":5}},"type":"if","locations":[{"start":{"line":258,"column":2},"end":{"line":264,"column":5}},{"start":{"line":262,"column":4},"end":{"line":264,"column":5}}],"line":258},"5":{"loc":{"start":{"line":263,"column":13},"end":{"line":263,"column":51}},"type":"binary-expr","locations":[{"start":{"line":263,"column":13},"end":{"line":263,"column":33}},{"start":{"line":263,"column":37},"end":{"line":263,"column":51}}],"line":263},"6":{"loc":{"start":{"line":266,"column":2},"end":{"line":266,"column":42}},"type":"if","locations":[{"start":{"line":266,"column":2},"end":{"line":266,"column":42}},{"start":{},"end":{}}],"line":266}},"s":{"0":2,"1":5,"2":0,"3":0,"4":0,"5":0,"6":0,"7":0,"8":0,"9":0,"10":0,"11":0,"12":0,"13":0,"14":0,"15":0,"16":0,"17":0,"18":0,"19":0,"20":0,"21":0,"22":0,"23":0,"24":0,"25":0,"26":0,"27":0,"28":0,"29":0,"30":0},"f":{"0":2,"1":5,"2":0,"3":0,"4":0,"5":0,"6":0,"7":0},"b":{"0":[0,0],"1":[0,0],"2":[0,0],"3":[0,0],"4":[0,0],"5":[0,0],"6":[0,0]},"_coverageSchema":"1a1c01bbd47fc00a2c39e90264f33305004495a9","hash":"9a2bbcaffb566f468d80b80612128411b975c473"}
,"/home/runner/work/sc-digital-centre/sc-digital-centre/pages/index.js": {"path":"/home/runner/work/sc-digital-centre/sc-digital-centre/pages/index.js","statementMap":{"0":{"start":{"line":9,"column":2},"end":{"line":20,"column":3}},"1":{"start":{"line":24,"column":19},"end":{"line":28,"column":3}},"2":{"start":{"line":30,"column":2},"end":{"line":34,"column":3}},"3":{"start":{"line":37,"column":0},"end":{"line":42,"column":1}}},"fnMap":{"0":{"name":"Index","decl":{"start":{"line":8,"column":24},"end":{"line":8,"column":29}},"loc":{"start":{"line":8,"column":37},"end":{"line":21,"column":1}},"line":8},"1":{"name":"getStaticProps","decl":{"start":{"line":23,"column":22},"end":{"line":23,"column":36}},"loc":{"start":{"line":23,"column":39},"end":{"line":35,"column":1}},"line":23}},"branchMap":{},"s":{"0":1,"1":0,"2":0,"3":1},"f":{"0":1,"1":0},"b":{},"_coverageSchema":"1a1c01bbd47fc00a2c39e90264f33305004495a9","hash":"456a8214c606e17e319c79d777bfbf3b39e5af2a"}
,"/home/runner/work/sc-digital-centre/sc-digital-centre/pages/profile.js": {"path":"/home/runner/work/sc-digital-centre/sc-digital-centre/pages/profile.js","statementMap":{"0":{"start":{"line":6,"column":2},"end":{"line":14,"column":3}},"1":{"start":{"line":18,"column":2},"end":{"line":20,"column":3}}},"fnMap":{"0":{"name":"Profile","decl":{"start":{"line":5,"column":24},"end":{"line":5,"column":31}},"loc":{"start":{"line":5,"column":39},"end":{"line":15,"column":1}},"line":5},"1":{"name":"getStaticProps","decl":{"start":{"line":17,"column":22},"end":{"line":17,"column":36}},"loc":{"start":{"line":17,"column":39},"end":{"line":21,"column":1}},"line":17}},"branchMap":{},"s":{"0":2,"1":0},"f":{"0":2,"1":0},"b":{},"_coverageSchema":"1a1c01bbd47fc00a2c39e90264f33305004495a9","hash":"f253361ea85e0fc7e7be8b506cc35ad76ce5e4c3"}
,"/home/runner/work/sc-digital-centre/sc-digital-centre/pages/api/metrics.js": {"path":"/home/runner/work/sc-digital-centre/sc-digital-centre/pages/api/metrics.js","statementMap":{"0":{"start":{"line":3,"column":0},"end":{"line":3,"column":53}},"1":{"start":{"line":6,"column":2},"end":{"line":6,"column":53}},"2":{"start":{"line":7,"column":2},"end":{"line":7,"column":30}}},"fnMap":{"0":{"name":"handler","decl":{"start":{"line":5,"column":24},"end":{"line":5,"column":31}},"loc":{"start":{"line":5,"column":42},"end":{"line":8,"column":1}},"line":5}},"branchMap":{},"s":{"0":0,"1":0,"2":0},"f":{"0":0},"b":{}}
}
