TN:
SF:components/atoms/ActionButton.js
FN:7,ActionButton
FNF:1
FNH:1
FNDA:33,ActionButton
DA:8,33
DA:11,33
DA:13,33
DA:43,10
LF:4
LH:4
BRDA:13,0,0,15
BRDA:13,0,1,18
BRDA:16,1,0,7
BRDA:16,1,1,8
BRDA:30,2,0,2
BRDA:30,2,1,16
BRF:6
BRH:6
end_of_record
TN:
SF:components/atoms/BenefitCardHeaderActive.js
FN:6,BenefitCardHeaderActive
FN:8,(anonymous_1)
FNF:2
FNH:2
FNDA:9,BenefitCardHeaderActive
FNDA:9,(anonymous_1)
DA:7,9
DA:8,9
DA:9,9
DA:10,2
DA:12,7
DA:16,9
LF:6
LH:6
BRDA:7,0,0,9
BRDA:7,0,1,0
BRDA:9,1,0,2
BRDA:9,1,1,7
BRDA:44,2,0,9
BRDA:44,2,1,0
BRDA:58,3,0,8
BRDA:58,3,1,1
BRF:8
BRH:6
end_of_record
TN:
SF:components/atoms/BenefitCardHeaderActiveAgreement.js
FN:6,BenefitCardHeaderActiveAgreement
FN:8,(anonymous_1)
FNF:2
FNH:2
FNDA:2,BenefitCardHeaderActiveAgreement
FNDA:2,(anonymous_1)
DA:7,2
DA:8,2
DA:9,2
DA:10,0
DA:12,2
DA:16,2
LF:6
LH:5
BRDA:7,0,0,2
BRDA:7,0,1,0
BRDA:9,1,0,0
BRDA:9,1,1,2
BRF:4
BRH:2
end_of_record
TN:
SF:components/atoms/BenefitCardHeaderInactive.js
FN:6,BenefitCardHeaderInactive
FN:8,(anonymous_1)
FNF:2
FNH:2
FNDA:4,BenefitCardHeaderInactive
FNDA:4,(anonymous_1)
DA:7,4
DA:8,4
DA:9,4
DA:12,4
LF:4
LH:4
BRDA:7,0,0,4
BRDA:7,0,1,0
BRF:2
BRH:1
end_of_record
TN:
SF:components/atoms/BenefitCardHeaderPending.js
FN:6,BenefitCardHeaderPending
FN:8,(anonymous_1)
FNF:2
FNH:2
FNDA:7,BenefitCardHeaderPending
FNDA:7,(anonymous_1)
DA:7,7
DA:8,7
DA:9,7
DA:10,2
DA:12,5
DA:16,7
LF:6
LH:6
BRDA:7,0,0,7
BRDA:7,0,1,0
BRDA:9,1,0,2
BRDA:9,1,1,5
BRF:4
BRH:3
end_of_record
TN:
SF:components/atoms/BenefitDetailPart.js
FN:6,(anonymous_0)
FNF:1
FNH:1
FNDA:4,(anonymous_0)
DA:6,4
DA:7,4
DA:9,4
DA:32,4
LF:4
LH:4
BRDA:7,0,0,3
BRDA:7,0,1,1
BRDA:25,1,0,4
BRDA:25,1,1,2
BRF:4
BRH:4
end_of_record
TN:
SF:components/atoms/Breadcrumb.js
FN:7,Breadcrumb
FN:20,(anonymous_1)
FNF:2
FNH:2
FNDA:3,Breadcrumb
FNDA:1,(anonymous_1)
DA:8,3
DA:21,1
DA:41,1
LF:3
LH:3
BRDA:19,0,0,1
BRDA:19,0,1,2
BRF:2
BRH:2
end_of_record
TN:
SF:components/atoms/Card.js
FN:4,Card
FNF:1
FNH:1
FNDA:2,Card
DA:5,2
DA:23,1
LF:2
LH:2
BRF:0
BRH:0
end_of_record
TN:
SF:components/atoms/DateModified.js
FN:6,DateModified
FNF:1
FNH:1
FNDA:4,DateModified
DA:7,4
DA:15,3
DA:20,3
LF:3
LH:3
BRF:0
BRH:0
end_of_record
TN:
SF:components/atoms/HorizontalRule.js
FN:4,HorizontalRule
FNF:1
FNH:1
FNDA:69,HorizontalRule
DA:5,69
DA:6,0
DA:11,69
DA:12,0
DA:17,69
DA:18,39
DA:24,30
LF:7
LH:5
BRDA:5,0,0,0
BRDA:5,0,1,69
BRDA:5,1,0,69
BRDA:5,1,1,0
BRDA:11,2,0,0
BRDA:11,2,1,69
BRDA:17,3,0,39
BRDA:17,3,1,30
BRF:8
BRH:5
end_of_record
TN:
SF:components/atoms/Meta.js
FN:5,Meta
FN:24,(anonymous_1)
FNF:2
FNH:2
FNDA:2,Meta
FNDA:2,(anonymous_1)
DA:6,2
DA:25,2
DA:63,2
DA:69,2
LF:4
LH:4
BRDA:18,0,0,1
BRDA:18,0,1,1
BRDA:39,1,0,2
BRDA:39,1,1,1
BRF:4
BRH:4
end_of_record
TN:
SF:components/atoms/NoBenefitCardHeader.js
FN:5,BenefitCardHeaderActive
FN:9,(anonymous_1)
FNF:2
FNH:2
FNDA:8,BenefitCardHeaderActive
FNDA:16,(anonymous_1)
DA:6,8
DA:7,8
DA:9,8
DA:10,16
DA:13,8
LF:5
LH:5
BRDA:6,0,0,8
BRDA:6,0,1,0
BRF:2
BRH:1
end_of_record
TN:
SF:components/atoms/PhaseBanner.js
FN:7,PhaseBanner
FNF:1
FNH:1
FNDA:2,PhaseBanner
DA:8,2
DA:31,2
LF:2
LH:2
BRF:0
BRH:0
end_of_record
TN:
SF:components/atoms/ViewMoreLessButton.js
FN:4,ViewMoreLessButton
FNF:1
FNH:1
FNDA:15,ViewMoreLessButton
DA:5,15
DA:25,4
LF:2
LH:2
BRDA:17,0,0,1
BRDA:17,0,1,14
BRF:2
BRH:2
end_of_record
TN:
SF:components/molecules/ActiveBenefitDetails.js
FN:8,(anonymous_0)
FNF:1
FNH:1
FNDA:1,(anonymous_0)
DA:8,3
DA:9,1
DA:11,1
DA:52,3
LF:4
LH:4
BRDA:9,0,0,1
BRDA:9,0,1,0
BRDA:22,1,0,0
BRDA:22,1,1,1
BRF:4
BRH:2
end_of_record
TN:
SF:components/molecules/BenefitApplicationCard.js
FN:8,(anonymous_0)
FN:14,(anonymous_1)
FN:22,(anonymous_2)
FNF:3
FNH:3
FNDA:8,(anonymous_0)
FNDA:8,(anonymous_1)
FNDA:16,(anonymous_2)
DA:8,2
DA:9,8
DA:10,8
DA:11,8
DA:12,8
DA:14,8
DA:15,8
DA:22,8
DA:23,16
DA:28,8
DA:93,2
LF:11
LH:11
BRDA:9,0,0,8
BRDA:9,0,1,0
BRDA:16,1,0,8
BRDA:16,1,1,2
BRDA:16,1,2,7
BRDA:23,2,0,14
BRDA:23,2,1,2
BRDA:57,3,0,4
BRDA:57,3,1,4
BRF:9
BRH:8
end_of_record
TN:
SF:components/molecules/BenefitCard.js
FN:15,(anonymous_0)
FN:21,(anonymous_1)
FN:26,(anonymous_2)
FN:39,(anonymous_3)
FN:74,(anonymous_4)
FN:126,(anonymous_5)
FN:155,(anonymous_6)
FNF:7
FNH:3
FNDA:13,(anonymous_0)
FNDA:0,(anonymous_1)
FNDA:0,(anonymous_2)
FNDA:13,(anonymous_3)
FNDA:25,(anonymous_4)
FNDA:0,(anonymous_5)
FNDA:0,(anonymous_6)
DA:15,2
DA:16,13
DA:17,13
DA:18,13
DA:19,13
DA:20,13
DA:21,13
DA:22,0
DA:23,0
DA:26,13
DA:27,0
DA:28,0
DA:39,13
DA:40,13
DA:42,6
DA:49,4
DA:56,2
DA:63,1
DA:70,0
DA:74,13
DA:75,25
DA:77,12
DA:84,8
DA:91,4
DA:97,1
DA:101,13
DA:127,0
DA:156,0
DA:157,0
DA:169,2
LF:30
LH:22
BRDA:16,0,0,13
BRDA:16,0,1,0
BRDA:22,1,0,0
BRDA:22,1,1,0
BRDA:27,2,0,0
BRDA:27,2,1,0
BRDA:27,3,0,0
BRDA:27,3,1,0
BRDA:28,4,0,0
BRDA:28,4,1,0
BRDA:40,5,0,6
BRDA:40,5,1,4
BRDA:40,5,2,2
BRDA:40,5,3,1
BRDA:40,5,4,0
BRDA:75,6,0,12
BRDA:75,6,1,8
BRDA:75,6,2,4
BRDA:75,6,3,1
BRDA:108,7,0,12
BRDA:108,7,1,1
BRDA:119,8,0,9
BRDA:119,8,1,4
BRDA:125,9,0,4
BRDA:125,9,1,0
BRDA:142,10,0,0
BRDA:142,10,1,13
BRDA:142,11,0,13
BRDA:142,11,1,0
BRDA:149,12,0,13
BRDA:149,12,1,11
BRDA:150,13,0,13
BRDA:150,13,1,2
BRF:33
BRH:20
end_of_record
TN:
SF:components/molecules/BenefitTasks.js
FN:5,BenefitTasks
FN:22,(anonymous_1)
FNF:2
FNH:2
FNDA:18,BenefitTasks
FNDA:71,(anonymous_1)
DA:6,18
DA:7,18
DA:10,18
DA:12,18
DA:23,71
DA:39,4
LF:6
LH:6
BRDA:6,0,0,6
BRDA:6,0,1,12
BRDA:7,1,0,0
BRDA:7,1,1,18
BRDA:15,2,0,1
BRDA:15,2,1,17
BRDA:17,3,0,6
BRDA:17,3,1,11
BRF:8
BRH:7
end_of_record
TN:
SF:components/molecules/DSFooter.js
FN:3,DSFooter
FNF:1
FNH:1
FNDA:6,DSFooter
DA:4,6
LF:1
LH:1
BRF:0
BRH:0
end_of_record
TN:
SF:components/molecules/DSHeader.js
FN:5,DSHeader
FN:29,noRefCheck
FN:35,noRefCheck
FN:36,noRefCheck
FNF:4
FNH:1
FNDA:8,DSHeader
FNDA:0,noRefCheck
FNDA:0,noRefCheck
FNDA:0,noRefCheck
DA:6,8
DA:7,7
LF:2
LH:2
BRDA:6,0,0,6
BRDA:6,0,1,1
BRF:2
BRH:2
end_of_record
TN:
SF:components/molecules/Footer.js
FN:8,Footer
FN:28,(anonymous_1)
FN:54,(anonymous_2)
FNF:3
FNH:3
FNDA:2,Footer
FNDA:3,(anonymous_1)
FNDA:5,(anonymous_2)
DA:9,2
DA:29,3
DA:55,5
DA:90,2
LF:4
LH:4
BRDA:59,0,0,2
BRDA:59,0,1,3
BRF:2
BRH:2
end_of_record
TN:
SF:components/molecules/Greeting.js
FN:4,Greeting
FNF:1
FNH:1
FNDA:1,Greeting
DA:5,1
DA:7,1
LF:2
LH:2
BRDA:5,0,0,1
BRDA:5,0,1,0
BRF:2
BRH:1
end_of_record
TN:
SF:components/molecules/Header.js
FN:7,Header
FN:13,(anonymous_1)
FNF:2
FNH:2
FNDA:3,Header
FNDA:3,(anonymous_1)
DA:8,3
DA:9,3
DA:10,3
DA:12,3
DA:13,3
DA:15,3
DA:16,0
DA:20,3
DA:23,3
DA:129,2
LF:10
LH:9
BRDA:15,0,0,0
BRDA:15,0,1,3
BRDA:15,1,0,3
BRDA:15,1,1,0
BRDA:15,1,2,0
BRDA:47,2,0,2
BRDA:47,2,1,1
BRDA:52,3,0,2
BRDA:52,3,1,1
BRDA:62,4,0,3
BRDA:62,4,1,3
BRDA:63,5,0,2
BRDA:63,5,1,1
BRDA:68,6,0,2
BRDA:68,6,1,1
BRDA:70,7,0,2
BRDA:70,7,1,1
BRDA:79,8,0,3
BRDA:79,8,1,3
BRDA:80,9,0,2
BRDA:80,9,1,1
BRDA:86,10,0,2
BRDA:86,10,1,1
BRDA:88,11,0,2
BRDA:88,11,1,1
BRF:25
BRH:22
end_of_record
TN:
SF:components/molecules/Menu.js
FN:9,Menu
FN:41,(anonymous_1)
FNF:2
FNH:2
FNDA:6,Menu
FNDA:18,(anonymous_1)
DA:11,6
DA:13,6
DA:42,18
DA:44,18
DA:78,3
LF:5
LH:5
BRDA:48,0,0,12
BRDA:48,0,1,6
BRDA:48,1,0,18
BRDA:48,1,1,12
BRDA:53,2,0,15
BRDA:53,2,1,3
BRF:6
BRH:6
end_of_record
TN:
SF:components/molecules/NoBenefitCard.js
FN:9,(anonymous_0)
FN:15,(anonymous_1)
FN:20,(anonymous_2)
FN:52,(anonymous_3)
FNF:4
FNH:1
FNDA:6,(anonymous_0)
FNDA:0,(anonymous_1)
FNDA:0,(anonymous_2)
FNDA:0,(anonymous_3)
DA:9,2
DA:10,6
DA:11,6
DA:12,6
DA:13,6
DA:14,6
DA:15,6
DA:16,0
DA:17,0
DA:20,6
DA:21,0
DA:22,0
DA:33,6
DA:53,0
DA:54,0
DA:65,2
LF:16
LH:10
BRDA:10,0,0,6
BRDA:10,0,1,0
BRDA:16,1,0,0
BRDA:16,1,1,0
BRDA:21,2,0,0
BRDA:21,2,1,0
BRDA:21,3,0,0
BRDA:21,3,1,0
BRDA:22,4,0,0
BRDA:22,4,1,0
BRDA:49,5,0,6
BRDA:49,5,1,1
BRF:12
BRH:3
end_of_record
TN:
SF:components/molecules/SplashLanguageSelect.js
FN:5,SplashLanguageSelect
FNF:1
FNH:1
FNDA:3,SplashLanguageSelect
DA:6,3
LF:1
LH:1
BRF:0
BRH:0
end_of_record
TN:
SF:components/organisms/Layout.js
FN:15,Layout
FN:18,(anonymous_1)
FNF:2
FNH:2
FNDA:1,Layout
FNDA:1,(anonymous_1)
DA:16,1
DA:18,1
DA:19,1
DA:20,0
DA:34,1
DA:149,1
DA:172,1
LF:7
LH:6
BRDA:16,0,0,1
BRDA:16,0,1,0
BRDA:19,1,0,0
BRDA:19,1,1,1
BRDA:24,2,0,0
BRDA:24,2,1,0
BRDA:36,3,0,0
BRDA:36,3,1,1
BRDA:55,4,0,0
BRDA:55,4,1,1
BRDA:74,5,0,0
BRDA:74,5,1,1
BRF:12
BRH:5
end_of_record
TN:
SF:pages/400.js
FN:4,Error400
FNF:1
FNH:1
FNDA:2,Error400
DA:5,2
LF:1
LH:1
BRF:0
BRH:0
end_of_record
TN:
SF:pages/404.js
FN:4,Error404
FNF:1
FNH:1
FNDA:2,Error404
DA:5,2
LF:1
LH:1
BRF:0
BRH:0
end_of_record
TN:
SF:pages/500.js
FN:4,Error500
FNF:1
FNH:1
FNDA:2,Error500
DA:5,2
LF:1
LH:1
BRF:0
BRH:0
end_of_record
TN:
SF:pages/503.js
FN:4,Error503
FNF:1
FNH:1
FNDA:2,Error503
DA:5,2
LF:1
LH:1
BRF:0
BRH:0
end_of_record
TN:
SF:pages/_app.js
FN:4,MyApp
FNF:1
FNH:0
FNDA:0,MyApp
DA:5,0
LF:1
LH:0
BRF:0
BRH:0
end_of_record
TN:
SF:pages/_document.js
FN:4,(anonymous_0)
FN:9,(anonymous_1)
FNF:2
FNH:0
FNDA:0,(anonymous_0)
FNDA:0,(anonymous_1)
DA:5,0
DA:6,0
DA:10,0
LF:3
LH:0
BRF:0
BRH:0
end_of_record
TN:
SF:pages/dashboard.js
FN:63,Dashboard
FN:135,(anonymous_1)
FN:173,getStaticProps
FN:193,BuildAdvertisingCards
FN:256,CheckAllBenefitsForAdvertising
FN:260,(anonymous_5)
FN:263,(anonymous_6)
FN:270,(anonymous_7)
FNF:8
FNH:2
FNDA:2,Dashboard
FNDA:5,(anonymous_1)
FNDA:0,getStaticProps
FNDA:0,BuildAdvertisingCards
FNDA:0,CheckAllBenefitsForAdvertising
FNDA:0,(anonymous_5)
FNDA:0,(anonymous_6)
FNDA:0,(anonymous_7)
DA:64,2
DA:136,5
DA:174,0
DA:186,0
DA:196,0
DA:197,0
DA:198,0
DA:206,0
DA:208,0
DA:215,0
DA:217,0
DA:224,0
DA:226,0
DA:234,0
DA:236,0
DA:237,0
DA:240,0
DA:243,0
DA:244,0
DA:245,0
DA:246,0
DA:248,0
DA:258,0
DA:260,0
DA:262,0
DA:263,0
DA:266,0
DA:270,0
LF:28
LH:2
BRDA:198,0,0,0
BRDA:198,0,1,0
BRDA:208,1,0,0
BRDA:208,1,1,0
BRDA:217,2,0,0
BRDA:217,2,1,0
BRDA:226,3,0,0
BRDA:226,3,1,0
BRDA:258,4,0,0
BRDA:258,4,1,0
BRDA:263,5,0,0
BRDA:263,5,1,0
BRDA:266,6,0,0
BRDA:266,6,1,0
BRF:14
BRH:0
end_of_record
TN:
SF:pages/index.js
FN:8,Index
FN:23,getStaticProps
FNF:2
FNH:1
FNDA:1,Index
FNDA:0,getStaticProps
DA:9,1
DA:24,0
DA:30,0
DA:37,1
LF:4
LH:2
BRF:0
BRH:0
end_of_record
TN:
SF:pages/profile.js
FN:5,Profile
FN:17,getStaticProps
FNF:2
FNH:1
FNDA:2,Profile
FNDA:0,getStaticProps
DA:6,2
DA:18,0
LF:2
LH:1
BRF:0
BRH:0
end_of_record
TN:
SF:pages/api/metrics.js
FN:5,handler
FNF:1
FNH:0
FNDA:0,handler
DA:3,0
DA:6,0
DA:7,0
LF:3
LH:0
BRF:0
BRH:0
end_of_record
