TN:
SF:components/atoms/ActionButton.js
FN:7,ActionButton
FNF:1
FNH:1
FNDA:24,ActionButton
DA:8,24
DA:11,24
DA:13,24
DA:44,11
LF:4
LH:4
BRDA:13,0,0,17
BRDA:13,0,1,7
BRDA:16,1,0,9
BRDA:16,1,1,8
BRDA:30,2,0,0
BRDA:30,2,1,7
BRDA:31,3,0,2
BRDA:31,3,1,5
BRF:8
BRH:7
end_of_record
TN:
SF:components/atoms/Breadcrumb.js
FN:7,Breadcrumb
FN:20,(anonymous_1)
FNF:2
FNH:2
FNDA:3,Breadcrumb
FNDA:1,(anonymous_1)
DA:8,3
DA:21,1
DA:41,1
LF:3
LH:3
BRDA:19,0,0,1
BRDA:19,0,1,2
BRF:2
BRH:2
end_of_record
TN:
SF:components/atoms/Card.js
FN:4,Card
FNF:1
FNH:1
FNDA:2,Card
DA:5,2
DA:23,1
LF:2
LH:2
BRF:0
BRH:0
end_of_record
TN:
SF:components/atoms/CardHeader.js
FN:3,CardHeader
FNF:1
FNH:1
FNDA:1,CardHeader
DA:4,1
DA:17,2
LF:2
LH:2
BRDA:6,0,0,0
BRDA:6,0,1,1
BRDA:10,1,0,1
BRDA:10,1,1,0
BRF:4
BRH:2
end_of_record
TN:
SF:components/atoms/CardHeader.test..js
FN:6,(anonymous_0)
FN:7,(anonymous_1)
FN:13,(anonymous_2)
FNF:3
FNH:0
FNDA:0,(anonymous_0)
FNDA:0,(anonymous_1)
FNDA:0,(anonymous_2)
DA:6,0
DA:7,0
DA:8,0
DA:9,0
DA:10,0
DA:13,0
DA:14,0
DA:15,0
DA:16,0
LF:9
LH:0
BRF:0
BRH:0
end_of_record
TN:
SF:components/atoms/DateModified.js
FN:6,DateModified
FNF:1
FNH:1
FNDA:4,DateModified
DA:7,4
DA:15,3
DA:20,3
LF:3
LH:3
BRF:0
BRH:0
end_of_record
TN:
SF:components/atoms/HorizontalRule.js
FN:4,HorizontalRule
FNF:1
FNH:1
FNDA:25,HorizontalRule
DA:5,25
DA:6,0
DA:11,25
DA:12,0
DA:17,25
DA:18,20
DA:24,5
LF:7
LH:5
BRDA:5,0,0,0
BRDA:5,0,1,25
BRDA:5,1,0,25
BRDA:5,1,1,0
BRDA:11,2,0,0
BRDA:11,2,1,25
BRDA:17,3,0,20
BRDA:17,3,1,5
BRF:8
BRH:5
end_of_record
TN:
SF:components/atoms/Meta.js
FN:5,Meta
FN:24,(anonymous_1)
FNF:2
FNH:2
FNDA:2,Meta
FNDA:2,(anonymous_1)
DA:6,2
DA:25,2
DA:63,2
DA:69,2
LF:4
LH:4
BRDA:18,0,0,1
BRDA:18,0,1,1
BRDA:39,1,0,2
BRDA:39,1,1,1
BRF:4
BRH:4
end_of_record
TN:
SF:components/atoms/NoBenefitCardHeader.js
FN:5,BenefitCardHeaderActive
FN:9,(anonymous_1)
FNF:2
FNH:2
FNDA:4,BenefitCardHeaderActive
FNDA:8,(anonymous_1)
DA:6,4
DA:7,4
DA:9,4
DA:10,8
DA:13,4
LF:5
LH:5
BRDA:6,0,0,4
BRDA:6,0,1,0
BRF:2
BRH:1
end_of_record
TN:
SF:components/atoms/PhaseBanner.js
FN:7,PhaseBanner
FNF:1
FNH:1
FNDA:2,PhaseBanner
DA:8,2
DA:31,2
LF:2
LH:2
BRF:0
BRH:0
end_of_record
TN:
SF:components/atoms/ProfileInfoSection.js
FN:6,ProfileInfoSection
FN:14,(anonymous_1)
FN:31,(anonymous_2)
FNF:3
FNH:3
FNDA:8,ProfileInfoSection
FNDA:22,(anonymous_1)
FNDA:36,(anonymous_2)
DA:7,8
DA:8,8
DA:15,22
DA:32,36
DA:42,3
LF:5
LH:5
BRDA:7,0,0,0
BRDA:7,0,1,8
BRDA:19,1,0,0
BRDA:19,1,1,22
BRF:4
BRH:2
end_of_record
TN:
SF:components/atoms/StatusBadge.js
FN:7,StatusBadge
FNF:1
FNH:1
FNDA:3,StatusBadge
DA:8,3
DA:9,3
DA:22,3
LF:3
LH:3
BRDA:8,0,0,0
BRDA:8,0,1,3
BRF:2
BRH:1
end_of_record
TN:
SF:components/atoms/TabList.js
FN:7,TabList
FN:8,(anonymous_1)
FN:9,(anonymous_2)
FN:15,(anonymous_3)
FN:30,(anonymous_4)
FNF:5
FNH:3
FNDA:4,TabList
FNDA:4,(anonymous_1)
FNDA:9,(anonymous_2)
FNDA:0,(anonymous_3)
FNDA:0,(anonymous_4)
DA:8,4
DA:9,4
DA:10,9
DA:16,0
DA:17,0
DA:30,0
DA:37,4
DA:44,2
LF:8
LH:5
BRDA:16,0,0,0
BRDA:16,0,1,0
BRDA:25,1,0,4
BRDA:25,1,1,5
BRF:4
BRH:2
end_of_record
TN:
SF:components/atoms/ViewMoreLessButton.js
FN:4,ViewMoreLessButton
FNF:1
FNH:1
FNDA:4,ViewMoreLessButton
DA:5,4
DA:36,4
LF:2
LH:2
BRDA:16,0,0,1
BRDA:16,0,1,3
BRF:2
BRH:2
end_of_record
TN:
SF:components/molecules/BenefitApplicationCard.js
FN:8,(anonymous_0)
FN:14,(anonymous_1)
FN:22,(anonymous_2)
FNF:3
FNH:3
FNDA:15,(anonymous_0)
FNDA:15,(anonymous_1)
FNDA:30,(anonymous_2)
DA:8,2
DA:9,15
DA:10,15
DA:11,15
DA:12,15
DA:14,15
DA:15,15
DA:22,15
DA:23,30
DA:28,15
DA:93,2
LF:11
LH:11
BRDA:9,0,0,3
BRDA:9,0,1,12
BRDA:16,1,0,15
BRDA:16,1,1,9
BRDA:16,1,2,14
BRDA:23,2,0,14
BRDA:23,2,1,16
BRDA:57,3,0,4
BRDA:57,3,1,11
BRF:9
BRH:9
end_of_record
TN:
SF:components/molecules/BenefitCardHeaderSummary.js
FN:3,BenefitCardHeaderSummary
FNF:1
FNH:1
FNDA:1,BenefitCardHeaderSummary
DA:4,1
DA:30,3
LF:2
LH:2
BRDA:10,0,0,0
BRDA:10,0,1,1
BRDA:18,1,0,1
BRDA:18,1,1,0
BRF:4
BRH:2
end_of_record
TN:
SF:components/molecules/BenefitTasks.js
FN:3,BenefitTasks
FN:10,(anonymous_1)
FNF:2
FNH:2
FNDA:3,BenefitTasks
FNDA:6,(anonymous_1)
DA:4,3
DA:11,6
DA:28,4
LF:3
LH:3
BRF:0
BRH:0
end_of_record
TN:
SF:components/molecules/DSFooter.js
FN:3,DSFooter
FNF:1
FNH:1
FNDA:2,DSFooter
DA:4,2
LF:1
LH:1
BRF:0
BRH:0
end_of_record
TN:
SF:components/molecules/DSHeader.js
FN:6,DSHeader
FN:32,(anonymous_1)
FN:38,noRefCheck
FN:39,noRefCheck
FNF:4
FNH:1
FNDA:2,DSHeader
FNDA:0,(anonymous_1)
FNDA:0,noRefCheck
FNDA:0,noRefCheck
DA:7,2
DA:8,2
DA:18,2
DA:32,0
LF:4
LH:3
BRDA:7,0,0,0
BRDA:7,0,1,2
BRDA:24,1,0,0
BRDA:24,1,1,2
BRF:4
BRH:2
end_of_record
TN:
SF:components/molecules/Footer.js
FN:8,Footer
FN:28,(anonymous_1)
FN:54,(anonymous_2)
FNF:3
FNH:3
FNDA:2,Footer
FNDA:3,(anonymous_1)
FNDA:5,(anonymous_2)
DA:9,2
DA:29,3
DA:55,5
DA:90,2
LF:4
LH:4
BRDA:59,0,0,2
BRDA:59,0,1,3
BRF:2
BRH:2
end_of_record
TN:
SF:components/molecules/Greeting.js
FN:5,Greeting
FNF:1
FNH:1
FNDA:1,Greeting
DA:6,1
DA:8,1
LF:2
LH:2
BRDA:6,0,0,0
BRDA:6,0,1,1
BRF:2
BRH:1
end_of_record
TN:
SF:components/molecules/Header.js
FN:7,Header
FN:13,(anonymous_1)
FNF:2
FNH:2
FNDA:3,Header
FNDA:3,(anonymous_1)
DA:8,3
DA:9,3
DA:10,3
DA:12,3
DA:13,3
DA:15,3
DA:16,0
DA:20,3
DA:23,3
DA:129,1
LF:10
LH:9
BRDA:15,0,0,0
BRDA:15,0,1,3
BRDA:15,1,0,3
BRDA:15,1,1,0
BRDA:15,1,2,0
BRDA:47,2,0,2
BRDA:47,2,1,1
BRDA:52,3,0,2
BRDA:52,3,1,1
BRDA:62,4,0,3
BRDA:62,4,1,3
BRDA:63,5,0,2
BRDA:63,5,1,1
BRDA:68,6,0,2
BRDA:68,6,1,1
BRDA:70,7,0,2
BRDA:70,7,1,1
BRDA:79,8,0,3
BRDA:79,8,1,3
BRDA:80,9,0,2
BRDA:80,9,1,1
BRDA:86,10,0,2
BRDA:86,10,1,1
BRDA:88,11,0,2
BRDA:88,11,1,1
BRF:25
BRH:22
end_of_record
TN:
SF:components/molecules/Menu.js
FN:9,Menu
FN:41,(anonymous_1)
FNF:2
FNH:2
FNDA:6,Menu
FNDA:18,(anonymous_1)
DA:11,6
DA:13,6
DA:42,18
DA:44,18
DA:78,2
LF:5
LH:5
BRDA:48,0,0,12
BRDA:48,0,1,6
BRDA:48,1,0,18
BRDA:48,1,1,12
BRDA:53,2,0,15
BRDA:53,2,1,3
BRF:6
BRH:6
end_of_record
TN:
SF:components/molecules/NoBenefitCard.js
FN:9,(anonymous_0)
FN:15,(anonymous_1)
FN:20,(anonymous_2)
FN:46,(anonymous_3)
FNF:4
FNH:1
FNDA:2,(anonymous_0)
FNDA:0,(anonymous_1)
FNDA:0,(anonymous_2)
FNDA:0,(anonymous_3)
DA:9,2
DA:10,2
DA:11,2
DA:12,2
DA:13,2
DA:14,2
DA:15,2
DA:16,0
DA:17,0
DA:20,2
DA:21,0
DA:22,0
DA:33,2
DA:47,0
DA:48,0
DA:59,2
LF:16
LH:10
BRDA:10,0,0,2
BRDA:10,0,1,0
BRDA:16,1,0,0
BRDA:16,1,1,0
BRDA:21,2,0,0
BRDA:21,2,1,0
BRDA:21,3,0,0
BRDA:21,3,1,0
BRDA:22,4,0,0
BRDA:22,4,1,0
BRDA:43,5,0,2
BRDA:43,5,1,0
BRF:12
BRH:2
end_of_record
TN:
SF:components/molecules/ProfileInfo.js
FN:4,ProfileInfo
FN:7,(anonymous_1)
FNF:2
FNH:2
FNDA:3,ProfileInfo
FNDA:6,(anonymous_1)
DA:5,3
DA:8,6
DA:19,2
LF:3
LH:3
BRF:0
BRH:0
end_of_record
TN:
SF:components/molecules/SplashLanguageSelect.js
FN:5,SplashLanguageSelect
FNF:1
FNH:1
FNDA:4,SplashLanguageSelect
DA:6,4
LF:1
LH:1
BRF:0
BRH:0
end_of_record
TN:
SF:components/molecules/UniversalBenefitCard.js
FN:10,UniversalBenefitCard
FN:53,(anonymous_1)
FN:78,(anonymous_2)
FN:100,(anonymous_3)
FNF:4
FNH:1
FNDA:1,UniversalBenefitCard
FNDA:0,(anonymous_1)
FNDA:0,(anonymous_2)
FNDA:0,(anonymous_3)
DA:11,1
DA:13,1
DA:14,1
DA:16,1
DA:54,0
DA:79,0
DA:80,0
DA:81,0
DA:85,0
DA:101,0
DA:116,2
LF:11
LH:5
BRDA:35,0,0,1
BRDA:35,0,1,0
BRDA:35,1,0,1
BRDA:35,1,1,0
BRDA:80,2,0,0
BRDA:80,2,1,0
BRDA:93,3,0,0
BRDA:93,3,1,1
BRDA:93,4,0,1
BRDA:93,4,1,1
BRDA:98,5,0,1
BRDA:98,5,1,0
BRF:12
BRH:6
end_of_record
TN:
SF:components/organisms/Layout.js
FN:17,Layout
FN:22,(anonymous_1)
FNF:2
FNH:2
FNDA:1,Layout
FNDA:1,(anonymous_1)
DA:18,1
DA:20,1
DA:22,1
DA:23,1
DA:24,0
DA:38,1
DA:167,1
DA:205,1
LF:8
LH:7
BRDA:18,0,0,0
BRDA:18,0,1,1
BRDA:20,1,0,1
BRDA:20,1,1,1
BRDA:23,2,0,0
BRDA:23,2,1,1
BRDA:28,3,0,0
BRDA:28,3,1,0
BRDA:40,4,0,0
BRDA:40,4,1,1
BRDA:59,5,0,0
BRDA:59,5,1,1
BRDA:71,6,0,0
BRDA:71,6,1,1
BRDA:83,7,0,0
BRDA:83,7,1,1
BRDA:90,8,0,0
BRDA:90,8,1,1
BRDA:92,9,0,0
BRDA:92,9,1,1
BRF:20
BRH:10
end_of_record
TN:
SF:lib/Utils.js
FN:1,formatDate
FN:6,formatMoney
FNF:2
FNH:0
FNDA:0,formatDate
FNDA:0,formatMoney
DA:2,0
DA:3,0
DA:7,0
DA:11,0
LF:4
LH:0
BRF:0
BRH:0
end_of_record
TN:
SF:lib/mapSummaries.js
FN:4,MapSummary
FN:6,(anonymous_1)
FNF:2
FNH:0
FNDA:0,MapSummary
FNDA:0,(anonymous_1)
DA:5,0
DA:6,0
DA:8,0
DA:12,0
DA:13,0
DA:14,0
DA:15,0
DA:19,0
DA:20,0
DA:21,0
DA:29,0
DA:30,0
DA:31,0
DA:35,0
DA:36,0
DA:37,0
DA:41,0
DA:42,0
DA:44,0
DA:46,0
LF:20
LH:0
BRDA:5,0,0,0
BRDA:5,0,1,0
BRDA:8,1,0,0
BRDA:8,1,1,0
BRDA:12,2,0,0
BRDA:12,2,1,0
BRDA:15,3,0,0
BRDA:15,3,1,0
BRDA:15,3,2,0
BRDA:15,3,3,0
BRDA:15,3,4,0
BRDA:15,3,5,0
BRDA:15,3,6,0
BRDA:15,3,7,0
BRDA:15,3,8,0
BRDA:15,3,9,0
BRDA:15,3,10,0
BRDA:15,3,11,0
BRDA:15,3,12,0
BRDA:15,3,13,0
BRDA:15,3,14,0
BRDA:15,3,15,0
BRDA:15,3,16,0
BRF:23
BRH:0
end_of_record
TN:
SF:lib/api/mapBenefits.js
FN:14,FormatSummary
FN:26,MapBenefit
FN:48,MapEICard
FN:113,MapCPPCard
FN:171,MapSEBCard
FN:196,MapOASCard
FN:270,MapGISCard
FNF:7
FNH:7
FNDA:122,FormatSummary
FNDA:41,MapBenefit
FNDA:8,MapEICard
FNDA:17,MapCPPCard
FNDA:2,MapSEBCard
FNDA:7,MapOASCard
FNDA:7,MapGISCard
DA:15,122
DA:20,122
DA:21,5
DA:23,122
DA:27,41
DA:32,41
DA:34,41
DA:51,8
DA:52,8
DA:55,8
DA:58,2
DA:67,2
DA:70,4
DA:71,4
DA:85,4
DA:88,1
DA:92,1
DA:95,1
DA:97,8
DA:98,8
DA:116,17
DA:117,17
DA:118,17
DA:121,17
DA:123,6
DA:124,6
DA:125,6
DA:127,6
DA:136,6
DA:140,6
DA:141,6
DA:149,6
DA:152,2
DA:165,5
DA:167,17
DA:168,17
DA:173,2
DA:182,2
DA:199,7
DA:200,7
DA:203,7
DA:206,1
DA:207,1
DA:209,1
DA:211,1
DA:220,1
DA:224,4
DA:225,4
DA:236,4
DA:239,1
DA:252,2
DA:255,7
DA:256,7
DA:271,7
DA:272,7
DA:275,7
DA:278,1
DA:279,1
DA:281,1
DA:283,1
DA:292,1
DA:296,4
DA:297,4
DA:308,4
DA:311,1
DA:324,2
DA:327,7
DA:328,7
LF:68
LH:68
BRDA:20,0,0,5
BRDA:20,0,1,117
BRDA:32,1,0,35
BRDA:32,1,1,6
BRDA:55,2,0,1
BRDA:55,2,1,2
BRDA:55,2,2,4
BRDA:55,2,3,1
BRDA:55,2,4,1
BRDA:121,3,0,6
BRDA:121,3,1,3
BRDA:121,3,2,6
BRDA:121,3,3,2
BRDA:121,3,4,5
BRDA:124,4,0,6
BRDA:124,4,1,0
BRDA:203,5,0,1
BRDA:203,5,1,1
BRDA:203,5,2,4
BRDA:203,5,3,1
BRDA:203,5,4,2
BRDA:207,6,0,1
BRDA:207,6,1,0
BRDA:231,7,0,1
BRDA:231,7,1,3
BRDA:275,8,0,1
BRDA:275,8,1,2
BRDA:275,8,2,4
BRDA:275,8,3,1
BRDA:275,8,4,2
BRDA:279,9,0,1
BRDA:279,9,1,0
BRDA:303,10,0,1
BRDA:303,10,1,3
BRF:34
BRH:31
end_of_record
TN:
SF:lib/api/programData.js
FN:4,MapArrayData
FN:7,(anonymous_1)
FN:16,FetchProgramData
FNF:3
FNH:2
FNDA:7,MapArrayData
FNDA:0,(anonymous_1)
FNDA:8,FetchProgramData
DA:5,7
DA:6,7
DA:7,0
DA:8,0
DA:11,7
DA:13,7
DA:23,8
DA:25,8
DA:26,8
DA:29,8
DA:30,8
DA:32,8
DA:33,6
DA:34,2
DA:35,2
DA:43,2
DA:44,2
DA:46,0
DA:49,0
DA:52,8
DA:53,8
DA:55,0
DA:58,0
DA:59,0
DA:61,0
DA:63,0
LF:26
LH:17
BRDA:6,0,0,0
BRDA:6,0,1,7
BRDA:23,1,0,8
BRDA:23,1,1,0
BRDA:29,2,0,8
BRDA:29,2,1,0
BRDA:32,3,0,6
BRDA:32,3,1,2
BRDA:34,4,0,2
BRDA:34,4,1,0
BRDA:43,5,0,2
BRDA:43,5,1,0
BRDA:52,6,0,8
BRDA:52,6,1,0
BRF:14
BRH:8
end_of_record
TN:
SF:pages/400.js
FN:3,Error400
FN:15,getStaticProps
FNF:2
FNH:2
FNDA:1,Error400
FNDA:2,getStaticProps
DA:4,1
DA:5,1
DA:16,2
DA:21,2
DA:24,2
LF:5
LH:5
BRDA:4,0,0,1
BRDA:4,0,1,0
BRF:2
BRH:1
end_of_record
TN:
SF:pages/404.js
FN:3,Error404
FN:15,getStaticProps
FNF:2
FNH:2
FNDA:1,Error404
FNDA:2,getStaticProps
DA:4,1
DA:5,1
DA:16,2
DA:21,2
DA:24,2
LF:5
LH:5
BRDA:4,0,0,1
BRDA:4,0,1,0
BRF:2
BRH:1
end_of_record
TN:
SF:pages/500.js
FN:3,Error500
FN:15,getStaticProps
FNF:2
FNH:2
FNDA:1,Error500
FNDA:2,getStaticProps
DA:4,1
DA:5,1
DA:16,2
DA:21,2
DA:24,2
LF:5
LH:5
BRDA:4,0,0,1
BRDA:4,0,1,0
BRF:2
BRH:1
end_of_record
TN:
SF:pages/503.js
FN:3,Error503
FN:15,getStaticProps
FNF:2
FNH:2
FNDA:1,Error503
FNDA:2,getStaticProps
DA:4,1
DA:5,1
DA:16,2
DA:21,2
DA:24,2
LF:5
LH:5
BRDA:4,0,0,1
BRDA:4,0,1,0
BRF:2
BRH:1
end_of_record
TN:
SF:pages/_app.js
FN:6,MyApp
FNF:1
FNH:1
FNDA:1,MyApp
DA:7,1
DA:8,1
DA:10,1
DA:11,1
LF:4
LH:4
BRDA:10,0,0,0
BRDA:10,0,1,1
BRF:2
BRH:1
end_of_record
TN:
SF:pages/_document.js
FN:4,(anonymous_0)
FN:9,(anonymous_1)
FNF:2
FNH:2
FNDA:1,(anonymous_0)
FNDA:1,(anonymous_1)
DA:5,1
DA:6,1
DA:10,1
LF:3
LH:3
BRF:0
BRH:0
end_of_record
TN:
SF:pages/dashboard.js
FN:16,Dashboard
FN:48,(anonymous_1)
FN:49,fetchProgramData
FN:83,(anonymous_3)
FN:112,(anonymous_4)
FN:141,(anonymous_5)
FN:170,(anonymous_6)
FN:199,(anonymous_7)
FN:256,(anonymous_8)
FN:284,getServerSideProps
FNF:10
FNH:4
FNDA:1,Dashboard
FNDA:1,(anonymous_1)
FNDA:6,fetchProgramData
FNDA:0,(anonymous_3)
FNDA:0,(anonymous_4)
FNDA:0,(anonymous_5)
FNDA:0,(anonymous_6)
FNDA:0,(anonymous_7)
FNDA:12,(anonymous_8)
FNDA:0,getServerSideProps
DA:17,1
DA:19,1
DA:22,1
DA:24,1
DA:25,1
DA:26,1
DA:28,1
DA:29,1
DA:30,1
DA:32,1
DA:33,1
DA:34,1
DA:36,1
DA:37,1
DA:38,1
DA:40,1
DA:41,1
DA:42,1
DA:44,1
DA:45,1
DA:46,1
DA:48,1
DA:50,6
DA:51,6
DA:52,0
DA:53,0
DA:54,0
DA:57,0
DA:58,0
DA:61,0
DA:62,0
DA:64,0
DA:68,1
DA:69,1
DA:70,1
DA:71,1
DA:72,1
DA:73,1
DA:76,1
DA:85,0
DA:86,0
DA:114,0
DA:115,0
DA:143,0
DA:144,0
DA:172,0
DA:173,0
DA:201,0
DA:202,0
DA:257,12
DA:258,0
DA:259,12
DA:260,0
DA:262,12
DA:285,0
DA:287,0
DA:288,0
DA:290,0
DA:294,0
DA:295,0
DA:297,0
DA:298,0
DA:307,0
DA:313,0
LF:64
LH:34
BRDA:17,0,0,0
BRDA:17,0,1,1
BRDA:52,1,0,0
BRDA:52,1,1,0
BRDA:53,2,0,0
BRDA:53,2,1,0
BRDA:80,3,0,0
BRDA:80,3,1,1
BRDA:81,4,0,1
BRDA:81,4,1,1
BRDA:82,5,0,0
BRDA:82,5,1,1
BRDA:109,6,0,0
BRDA:109,6,1,1
BRDA:110,7,0,1
BRDA:110,7,1,1
BRDA:111,8,0,0
BRDA:111,8,1,1
BRDA:138,9,0,0
BRDA:138,9,1,1
BRDA:139,10,0,1
BRDA:139,10,1,1
BRDA:140,11,0,0
BRDA:140,11,1,1
BRDA:167,12,0,0
BRDA:167,12,1,1
BRDA:169,13,0,0
BRDA:169,13,1,1
BRDA:196,14,0,0
BRDA:196,14,1,1
BRDA:198,15,0,0
BRDA:198,15,1,1
BRDA:225,16,0,0
BRDA:225,16,1,1
BRDA:227,17,0,0
BRDA:227,17,1,1
BRDA:257,18,0,0
BRDA:257,18,1,12
BRDA:257,19,0,12
BRDA:257,19,1,8
BRDA:259,20,0,0
BRDA:259,20,1,12
BRDA:259,21,0,12
BRDA:259,21,1,1
BRDA:290,22,0,0
BRDA:290,22,1,0
BRDA:291,23,0,0
BRDA:291,23,1,0
BRDA:295,24,0,0
BRDA:295,24,1,0
BRDA:297,25,0,0
BRDA:297,25,1,0
BRF:52
BRH:25
end_of_record
TN:
SF:pages/index.js
FN:4,Index
FN:12,getStaticProps
FNF:2
FNH:2
FNDA:2,Index
FNDA:1,getStaticProps
DA:5,2
DA:13,1
DA:18,1
DA:24,1
DA:32,2
LF:5
LH:5
BRF:0
BRH:0
end_of_record
TN:
SF:pages/profile.js
FN:8,Profile
FN:144,(anonymous_1)
FN:160,(anonymous_2)
FN:194,getStaticProps
FNF:4
FNH:2
FNDA:1,Profile
FNDA:0,(anonymous_1)
FNDA:0,(anonymous_2)
FNDA:2,getStaticProps
DA:9,1
DA:10,1
DA:11,1
DA:12,1
DA:37,1
DA:55,1
DA:80,1
DA:105,1
DA:137,1
DA:144,0
DA:160,0
DA:195,2
DA:197,2
DA:203,2
DA:210,2
LF:15
LH:13
BRDA:9,0,0,0
BRDA:9,0,1,1
BRDA:156,1,0,1
BRDA:156,1,1,0
BRDA:170,2,0,1
BRDA:170,2,1,0
BRDA:170,3,0,1
BRDA:170,3,1,0
BRDA:175,4,0,0
BRDA:175,4,1,0
BRDA:177,5,0,0
BRDA:177,5,1,0
BRDA:181,6,0,0
BRDA:181,6,1,0
BRDA:195,7,0,1
BRDA:195,7,1,1
BRF:16
BRH:6
end_of_record
TN:
SF:pages/api/metrics.js
FN:5,handler
FNF:1
FNH:0
FNDA:0,handler
DA:3,0
DA:6,0
DA:7,0
LF:3
LH:0
BRF:0
BRH:0
end_of_record
TN:
SF:pages/api/auth/[...nextauth].js
FN:23,(anonymous_0)
FN:36,(anonymous_1)
FNF:2
FNH:0
FNDA:0,(anonymous_0)
FNDA:0,(anonymous_1)
DA:24,0
DA:37,0
DA:38,0
LF:3
LH:0
BRF:0
BRH:0
end_of_record
TN:
SF:pages/api/programData/_middleware.js
FN:3,middleware
FNF:1
FNH:1
FNDA:2,middleware
DA:4,2
DA:9,2
DA:11,2
DA:12,1
LF:4
LH:4
BRDA:4,0,0,2
BRDA:4,0,1,0
BRDA:5,1,0,2
BRDA:5,1,1,0
BRDA:11,2,0,1
BRDA:11,2,1,1
BRF:6
BRH:4
end_of_record
TN:
SF:pages/api/programData/cpp.js
FN:4,handler
FN:9,(anonymous_1)
FN:9,(anonymous_2)
FN:10,(anonymous_3)
FNF:4
FNH:4
FNDA:2,handler
FNDA:2,(anonymous_1)
FNDA:2,(anonymous_2)
FNDA:1,(anonymous_3)
DA:5,2
DA:9,2
DA:10,1
LF:3
LH:3
BRF:0
BRH:0
end_of_record
TN:
SF:pages/api/programData/cppd.js
FN:4,handler
FN:9,(anonymous_1)
FN:9,(anonymous_2)
FN:10,(anonymous_3)
FNF:4
FNH:4
FNDA:1,handler
FNDA:1,(anonymous_1)
FNDA:1,(anonymous_2)
FNDA:1,(anonymous_3)
DA:5,1
DA:9,1
DA:10,1
LF:3
LH:3
BRF:0
BRH:0
end_of_record
TN:
SF:pages/api/programData/ei.js
FN:4,handler
FN:9,(anonymous_1)
FN:9,(anonymous_2)
FN:10,(anonymous_3)
FNF:4
FNH:4
FNDA:2,handler
FNDA:2,(anonymous_1)
FNDA:2,(anonymous_2)
FNDA:1,(anonymous_3)
DA:5,2
DA:9,2
DA:10,1
LF:3
LH:3
BRF:0
BRH:0
end_of_record
TN:
SF:pages/api/programData/gis.js
FN:4,handler
FN:9,(anonymous_1)
FN:9,(anonymous_2)
FN:10,(anonymous_3)
FNF:4
FNH:4
FNDA:1,handler
FNDA:1,(anonymous_1)
FNDA:1,(anonymous_2)
FNDA:1,(anonymous_3)
DA:5,1
DA:9,1
DA:10,1
LF:3
LH:3
BRF:0
BRH:0
end_of_record
TN:
SF:pages/api/programData/oas.js
FN:4,handler
FN:9,(anonymous_1)
FN:9,(anonymous_2)
FN:10,(anonymous_3)
FNF:4
FNH:4
FNDA:1,handler
FNDA:1,(anonymous_1)
FNDA:1,(anonymous_2)
FNDA:1,(anonymous_3)
DA:5,1
DA:9,1
DA:10,1
LF:3
LH:3
BRF:0
BRH:0
end_of_record
TN:
SF:pages/api/programData/seb.js
FN:4,handler
FN:9,(anonymous_1)
FN:10,(anonymous_2)
FNF:3
FNH:3
FNDA:1,handler
FNDA:1,(anonymous_1)
FNDA:1,(anonymous_2)
DA:5,1
DA:9,1
DA:10,1
LF:3
LH:3
BRF:0
BRH:0
end_of_record
