{"/home/runner/work/sc-digital-centre/sc-digital-centre/components/atoms/ActionButton.js": {"path":"/home/runner/work/sc-digital-centre/sc-digital-centre/components/atoms/ActionButton.js","statementMap":{"0":{"start":{"line":8,"column":22},"end":{"line":8,"column":27}},"1":{"start":{"line":11,"column":4},"end":{"line":11,"column":249}},"2":{"start":{"line":13,"column":2},"end":{"line":40,"column":3}},"3":{"start":{"line":43,"column":0},"end":{"line":90,"column":1}}},"fnMap":{"0":{"name":"ActionButton","decl":{"start":{"line":7,"column":24},"end":{"line":7,"column":36}},"loc":{"start":{"line":7,"column":44},"end":{"line":41,"column":1}},"line":7}},"branchMap":{"0":{"loc":{"start":{"line":13,"column":9},"end":{"line":40,"column":3}},"type":"cond-expr","locations":[{"start":{"line":14,"column":4},"end":{"line":27,"column":11}},{"start":{"line":29,"column":4},"end":{"line":39,"column":13}}],"line":13},"1":{"loc":{"start":{"line":16,"column":22},"end":{"line":16,"column":71}},"type":"cond-expr","locations":[{"start":{"line":16,"column":41},"end":{"line":16,"column":53}},{"start":{"line":16,"column":56},"end":{"line":16,"column":71}}],"line":16},"2":{"loc":{"start":{"line":30,"column":20},"end":{"line":30,"column":69}},"type":"cond-expr","locations":[{"start":{"line":30,"column":39},"end":{"line":30,"column":51}},{"start":{"line":30,"column":54},"end":{"line":30,"column":69}}],"line":30}},"s":{"0":122,"1":122,"2":122,"3":14},"f":{"0":122},"b":{"0":[119,3],"1":[18,101],"2":[2,1]},"_coverageSchema":"1a1c01bbd47fc00a2c39e90264f33305004495a9","hash":"fecdf9d0f841f5e019f6efd17eb70f5e5328dc1c"}
,"/home/runner/work/sc-digital-centre/sc-digital-centre/components/atoms/BenefitCardHeaderActive.js": {"path":"/home/runner/work/sc-digital-centre/sc-digital-centre/components/atoms/BenefitCardHeaderActive.js","statementMap":{"0":{"start":{"line":7,"column":12},"end":{"line":7,"column":43}},"1":{"start":{"line":10,"column":4},"end":{"line":10,"column":57}},"2":{"start":{"line":14,"column":4},"end":{"line":14,"column":46}},"3":{"start":{"line":17,"column":2},"end":{"line":77,"column":3}}},"fnMap":{"0":{"name":"BenefitCardHeaderActive","decl":{"start":{"line":6,"column":24},"end":{"line":6,"column":47}},"loc":{"start":{"line":6,"column":55},"end":{"line":78,"column":1}},"line":6},"1":{"name":"viewPaymentHistory","decl":{"start":{"line":9,"column":11},"end":{"line":9,"column":29}},"loc":{"start":{"line":9,"column":32},"end":{"line":11,"column":3}},"line":9},"2":{"name":"viewMyStatusAndMessages","decl":{"start":{"line":13,"column":11},"end":{"line":13,"column":34}},"loc":{"start":{"line":13,"column":37},"end":{"line":15,"column":3}},"line":13}},"branchMap":{"0":{"loc":{"start":{"line":7,"column":12},"end":{"line":7,"column":43}},"type":"cond-expr","locations":[{"start":{"line":7,"column":36},"end":{"line":7,"column":38}},{"start":{"line":7,"column":41},"end":{"line":7,"column":43}}],"line":7}},"s":{"0":0,"1":0,"2":0,"3":0},"f":{"0":0,"1":0,"2":0},"b":{"0":[0,0]}}
,"/home/runner/work/sc-digital-centre/sc-digital-centre/components/atoms/BenefitCardHeaderPending.js": {"path":"/home/runner/work/sc-digital-centre/sc-digital-centre/components/atoms/BenefitCardHeaderPending.js","statementMap":{"0":{"start":{"line":6,"column":12},"end":{"line":6,"column":43}},"1":{"start":{"line":8,"column":2},"end":{"line":53,"column":3}}},"fnMap":{"0":{"name":"BenefitCardHeaderPending","decl":{"start":{"line":5,"column":24},"end":{"line":5,"column":48}},"loc":{"start":{"line":5,"column":56},"end":{"line":54,"column":1}},"line":5}},"branchMap":{"0":{"loc":{"start":{"line":6,"column":12},"end":{"line":6,"column":43}},"type":"cond-expr","locations":[{"start":{"line":6,"column":36},"end":{"line":6,"column":38}},{"start":{"line":6,"column":41},"end":{"line":6,"column":43}}],"line":6}},"s":{"0":0,"1":0},"f":{"0":0},"b":{"0":[0,0]}}
,"/home/runner/work/sc-digital-centre/sc-digital-centre/components/atoms/Breadcrumb.js": {"path":"/home/runner/work/sc-digital-centre/sc-digital-centre/components/atoms/Breadcrumb.js","statementMap":{"0":{"start":{"line":8,"column":2},"end":{"line":38,"column":3}},"1":{"start":{"line":21,"column":14},"end":{"line":33,"column":15}},"2":{"start":{"line":41,"column":0},"end":{"line":58,"column":1}}},"fnMap":{"0":{"name":"Breadcrumb","decl":{"start":{"line":7,"column":24},"end":{"line":7,"column":34}},"loc":{"start":{"line":7,"column":42},"end":{"line":39,"column":1}},"line":7},"1":{"name":"(anonymous_1)","decl":{"start":{"line":20,"column":28},"end":{"line":20,"column":29}},"loc":{"start":{"line":20,"column":43},"end":{"line":34,"column":13}},"line":20}},"branchMap":{"0":{"loc":{"start":{"line":19,"column":9},"end":{"line":35,"column":16}},"type":"cond-expr","locations":[{"start":{"line":20,"column":12},"end":{"line":34,"column":14}},{"start":{"line":35,"column":12},"end":{"line":35,"column":16}}],"line":19}},"s":{"0":3,"1":1,"2":1},"f":{"0":3,"1":1},"b":{"0":[1,2]},"_coverageSchema":"1a1c01bbd47fc00a2c39e90264f33305004495a9","hash":"c5f3a165ea03cddd2224ce7a12ba0c58a6e6c5ed"}
,"/home/runner/work/sc-digital-centre/sc-digital-centre/components/atoms/Card.js": {"path":"/home/runner/work/sc-digital-centre/sc-digital-centre/components/atoms/Card.js","statementMap":{"0":{"start":{"line":5,"column":2},"end":{"line":20,"column":3}},"1":{"start":{"line":23,"column":0},"end":{"line":43,"column":1}}},"fnMap":{"0":{"name":"Card","decl":{"start":{"line":4,"column":24},"end":{"line":4,"column":28}},"loc":{"start":{"line":4,"column":36},"end":{"line":21,"column":1}},"line":4}},"branchMap":{},"s":{"0":30,"1":5},"f":{"0":30},"b":{},"_coverageSchema":"1a1c01bbd47fc00a2c39e90264f33305004495a9","hash":"24292055c375da43d315e0e52dec104dd048394c"}
,"/home/runner/work/sc-digital-centre/sc-digital-centre/components/atoms/CircleProgressBar.js": {"path":"/home/runner/work/sc-digital-centre/sc-digital-centre/components/atoms/CircleProgressBar.js","statementMap":{"0":{"start":{"line":7,"column":21},"end":{"line":7,"column":50}},"1":{"start":{"line":9,"column":2},"end":{"line":26,"column":3}},"2":{"start":{"line":29,"column":0},"end":{"line":32,"column":1}}},"fnMap":{"0":{"name":"CircleProgressBar","decl":{"start":{"line":6,"column":24},"end":{"line":6,"column":41}},"loc":{"start":{"line":6,"column":49},"end":{"line":27,"column":1}},"line":6}},"branchMap":{},"s":{"0":0,"1":0,"2":0},"f":{"0":0},"b":{}}
,"/home/runner/work/sc-digital-centre/sc-digital-centre/components/atoms/ContactCard.js": {"path":"/home/runner/work/sc-digital-centre/sc-digital-centre/components/atoms/ContactCard.js","statementMap":{"0":{"start":{"line":5,"column":2},"end":{"line":29,"column":3}},"1":{"start":{"line":32,"column":0},"end":{"line":66,"column":1}}},"fnMap":{"0":{"name":"ContactCard","decl":{"start":{"line":4,"column":24},"end":{"line":4,"column":35}},"loc":{"start":{"line":4,"column":43},"end":{"line":30,"column":1}},"line":4}},"branchMap":{},"s":{"0":31,"1":3},"f":{"0":31},"b":{},"_coverageSchema":"1a1c01bbd47fc00a2c39e90264f33305004495a9","hash":"3a3045457585413514a796acc782c093570b4c69"}
,"/home/runner/work/sc-digital-centre/sc-digital-centre/components/atoms/DateModified.js": {"path":"/home/runner/work/sc-digital-centre/sc-digital-centre/components/atoms/DateModified.js","statementMap":{"0":{"start":{"line":7,"column":2},"end":{"line":12,"column":3}},"1":{"start":{"line":15,"column":0},"end":{"line":18,"column":1}},"2":{"start":{"line":20,"column":0},"end":{"line":26,"column":1}}},"fnMap":{"0":{"name":"DateModified","decl":{"start":{"line":6,"column":24},"end":{"line":6,"column":36}},"loc":{"start":{"line":6,"column":44},"end":{"line":13,"column":1}},"line":6}},"branchMap":{},"s":{"0":16,"1":5,"2":5},"f":{"0":16},"b":{},"_coverageSchema":"1a1c01bbd47fc00a2c39e90264f33305004495a9","hash":"16d0d1db67d68c61297447dbe996d8a91d9e31de"}
,"/home/runner/work/sc-digital-centre/sc-digital-centre/components/atoms/HorizontalRule.js": {"path":"/home/runner/work/sc-digital-centre/sc-digital-centre/components/atoms/HorizontalRule.js","statementMap":{"0":{"start":{"line":5,"column":2},"end":{"line":29,"column":3}},"1":{"start":{"line":6,"column":4},"end":{"line":10,"column":5}},"2":{"start":{"line":11,"column":9},"end":{"line":29,"column":3}},"3":{"start":{"line":12,"column":4},"end":{"line":16,"column":5}},"4":{"start":{"line":17,"column":9},"end":{"line":29,"column":3}},"5":{"start":{"line":18,"column":4},"end":{"line":22,"column":5}},"6":{"start":{"line":24,"column":4},"end":{"line":28,"column":5}}},"fnMap":{"0":{"name":"HorizontalRule","decl":{"start":{"line":4,"column":24},"end":{"line":4,"column":38}},"loc":{"start":{"line":4,"column":46},"end":{"line":30,"column":1}},"line":4}},"branchMap":{"0":{"loc":{"start":{"line":5,"column":2},"end":{"line":29,"column":3}},"type":"if","locations":[{"start":{"line":5,"column":2},"end":{"line":29,"column":3}},{"start":{"line":11,"column":9},"end":{"line":29,"column":3}}],"line":5},"1":{"loc":{"start":{"line":5,"column":6},"end":{"line":5,"column":38}},"type":"binary-expr","locations":[{"start":{"line":5,"column":6},"end":{"line":5,"column":18}},{"start":{"line":5,"column":22},"end":{"line":5,"column":38}}],"line":5},"2":{"loc":{"start":{"line":11,"column":9},"end":{"line":29,"column":3}},"type":"if","locations":[{"start":{"line":11,"column":9},"end":{"line":29,"column":3}},{"start":{"line":17,"column":9},"end":{"line":29,"column":3}}],"line":11},"3":{"loc":{"start":{"line":17,"column":9},"end":{"line":29,"column":3}},"type":"if","locations":[{"start":{"line":17,"column":9},"end":{"line":29,"column":3}},{"start":{"line":23,"column":9},"end":{"line":29,"column":3}}],"line":17}},"s":{"0":0,"1":0,"2":0,"3":0,"4":0,"5":0,"6":0},"f":{"0":0},"b":{"0":[0,0],"1":[0,0],"2":[0,0],"3":[0,0]}}
,"/home/runner/work/sc-digital-centre/sc-digital-centre/components/atoms/Meta.js": {"path":"/home/runner/work/sc-digital-centre/sc-digital-centre/components/atoms/Meta.js","statementMap":{"0":{"start":{"line":6,"column":2},"end":{"line":60,"column":3}},"1":{"start":{"line":25,"column":8},"end":{"line":30,"column":10}},"2":{"start":{"line":63,"column":0},"end":{"line":67,"column":1}},"3":{"start":{"line":69,"column":0},"end":{"line":89,"column":1}}},"fnMap":{"0":{"name":"Meta","decl":{"start":{"line":5,"column":24},"end":{"line":5,"column":28}},"loc":{"start":{"line":5,"column":36},"end":{"line":61,"column":1}},"line":5},"1":{"name":"(anonymous_1)","decl":{"start":{"line":24,"column":35},"end":{"line":24,"column":36}},"loc":{"start":{"line":25,"column":8},"end":{"line":30,"column":10}},"line":25}},"branchMap":{"0":{"loc":{"start":{"line":18,"column":17},"end":{"line":18,"column":54}},"type":"cond-expr","locations":[{"start":{"line":18,"column":41},"end":{"line":18,"column":46}},{"start":{"line":18,"column":49},"end":{"line":18,"column":54}}],"line":18},"1":{"loc":{"start":{"line":39,"column":7},"end":{"line":55,"column":7}},"type":"binary-expr","locations":[{"start":{"line":39,"column":7},"end":{"line":39,"column":30}},{"start":{"line":40,"column":8},"end":{"line":54,"column":11}}],"line":39}},"s":{"0":14,"1":2,"2":4,"3":4},"f":{"0":14,"1":2},"b":{"0":[1,13],"1":[14,1]},"_coverageSchema":"1a1c01bbd47fc00a2c39e90264f33305004495a9","hash":"6bbd96f390de37e846dd8a4f9d76f6b92e1a8362"}
,"/home/runner/work/sc-digital-centre/sc-digital-centre/components/atoms/PhaseBanner.js": {"path":"/home/runner/work/sc-digital-centre/sc-digital-centre/components/atoms/PhaseBanner.js","statementMap":{"0":{"start":{"line":8,"column":2},"end":{"line":28,"column":3}},"1":{"start":{"line":31,"column":0},"end":{"line":40,"column":1}}},"fnMap":{"0":{"name":"PhaseBanner","decl":{"start":{"line":7,"column":24},"end":{"line":7,"column":35}},"loc":{"start":{"line":7,"column":43},"end":{"line":29,"column":1}},"line":7}},"branchMap":{},"s":{"0":14,"1":4},"f":{"0":14},"b":{},"_coverageSchema":"1a1c01bbd47fc00a2c39e90264f33305004495a9","hash":"7b2ff0716d4c7989d1e8494ab232cf1a75ea65fd"}
,"/home/runner/work/sc-digital-centre/sc-digital-centre/components/atoms/SearchBar.js": {"path":"/home/runner/work/sc-digital-centre/sc-digital-centre/components/atoms/SearchBar.js","statementMap":{"0":{"start":{"line":9,"column":17},"end":{"line":9,"column":28}},"1":{"start":{"line":10,"column":30},"end":{"line":10,"column":42}},"2":{"start":{"line":11,"column":23},"end":{"line":23,"column":3}},"3":{"start":{"line":12,"column":4},"end":{"line":12,"column":22}},"4":{"start":{"line":15,"column":4},"end":{"line":20,"column":5}},"5":{"start":{"line":16,"column":6},"end":{"line":19,"column":8}},"6":{"start":{"line":25,"column":2},"end":{"line":61,"column":3}},"7":{"start":{"line":32,"column":25},"end":{"line":32,"column":50}},"8":{"start":{"line":64,"column":0},"end":{"line":92,"column":1}}},"fnMap":{"0":{"name":"SearchBar","decl":{"start":{"line":8,"column":24},"end":{"line":8,"column":33}},"loc":{"start":{"line":8,"column":41},"end":{"line":62,"column":1}},"line":8},"1":{"name":"(anonymous_1)","decl":{"start":{"line":11,"column":23},"end":{"line":11,"column":24}},"loc":{"start":{"line":11,"column":30},"end":{"line":23,"column":3}},"line":11},"2":{"name":"(anonymous_2)","decl":{"start":{"line":32,"column":18},"end":{"line":32,"column":19}},"loc":{"start":{"line":32,"column":25},"end":{"line":32,"column":50}},"line":32}},"branchMap":{"0":{"loc":{"start":{"line":15,"column":4},"end":{"line":20,"column":5}},"type":"if","locations":[{"start":{"line":15,"column":4},"end":{"line":20,"column":5}},{"start":{},"end":{}}],"line":15},"1":{"loc":{"start":{"line":58,"column":9},"end":{"line":58,"column":28}},"type":"binary-expr","locations":[{"start":{"line":58,"column":9},"end":{"line":58,"column":22}},{"start":{"line":58,"column":26},"end":{"line":58,"column":28}}],"line":58}},"s":{"0":19,"1":19,"2":19,"3":0,"4":0,"5":0,"6":19,"7":0,"8":5},"f":{"0":19,"1":0,"2":0},"b":{"0":[0,0],"1":[19,2]},"_coverageSchema":"1a1c01bbd47fc00a2c39e90264f33305004495a9","hash":"5063ef1e0b9b3091dbf1cc5d50f18f1c087fede2"}
,"/home/runner/work/sc-digital-centre/sc-digital-centre/components/atoms/VerticalStepper.js": {"path":"/home/runner/work/sc-digital-centre/sc-digital-centre/components/atoms/VerticalStepper.js","statementMap":{"0":{"start":{"line":6,"column":30},"end":{"line":54,"column":1}},"1":{"start":{"line":7,"column":12},"end":{"line":7,"column":43}},"2":{"start":{"line":9,"column":4},"end":{"line":24,"column":6}},"3":{"start":{"line":10,"column":6},"end":{"line":23,"column":12}},"4":{"start":{"line":28,"column":4},"end":{"line":28,"column":54}},"5":{"start":{"line":31,"column":2},"end":{"line":53,"column":3}},"6":{"start":{"line":56,"column":0},"end":{"line":59,"column":1}}},"fnMap":{"0":{"name":"(anonymous_0)","decl":{"start":{"line":6,"column":30},"end":{"line":6,"column":31}},"loc":{"start":{"line":6,"column":41},"end":{"line":54,"column":1}},"line":6},"1":{"name":"StepList","decl":{"start":{"line":8,"column":11},"end":{"line":8,"column":19}},"loc":{"start":{"line":8,"column":22},"end":{"line":25,"column":3}},"line":8},"2":{"name":"(anonymous_2)","decl":{"start":{"line":9,"column":33},"end":{"line":9,"column":34}},"loc":{"start":{"line":10,"column":6},"end":{"line":23,"column":12}},"line":10},"3":{"name":"onClick","decl":{"start":{"line":27,"column":11},"end":{"line":27,"column":18}},"loc":{"start":{"line":27,"column":21},"end":{"line":29,"column":3}},"line":27}},"branchMap":{"0":{"loc":{"start":{"line":7,"column":12},"end":{"line":7,"column":43}},"type":"cond-expr","locations":[{"start":{"line":7,"column":36},"end":{"line":7,"column":38}},{"start":{"line":7,"column":41},"end":{"line":7,"column":43}}],"line":7}},"s":{"0":0,"1":0,"2":0,"3":0,"4":0,"5":0,"6":0},"f":{"0":0,"1":0,"2":0,"3":0},"b":{"0":[0,0]}}
,"/home/runner/work/sc-digital-centre/sc-digital-centre/components/molecules/ActiveBenefitDetails.js": {"path":"/home/runner/work/sc-digital-centre/sc-digital-centre/components/molecules/ActiveBenefitDetails.js","statementMap":{"0":{"start":{"line":8,"column":29},"end":{"line":123,"column":1}},"1":{"start":{"line":9,"column":12},"end":{"line":9,"column":43}},"2":{"start":{"line":11,"column":2},"end":{"line":122,"column":3}},"3":{"start":{"line":125,"column":0},"end":{"line":140,"column":1}}},"fnMap":{"0":{"name":"(anonymous_0)","decl":{"start":{"line":8,"column":29},"end":{"line":8,"column":30}},"loc":{"start":{"line":8,"column":40},"end":{"line":123,"column":1}},"line":8}},"branchMap":{"0":{"loc":{"start":{"line":9,"column":12},"end":{"line":9,"column":43}},"type":"cond-expr","locations":[{"start":{"line":9,"column":36},"end":{"line":9,"column":38}},{"start":{"line":9,"column":41},"end":{"line":9,"column":43}}],"line":9},"1":{"loc":{"start":{"line":35,"column":19},"end":{"line":37,"column":40}},"type":"cond-expr","locations":[{"start":{"line":36,"column":22},"end":{"line":36,"column":40}},{"start":{"line":37,"column":22},"end":{"line":37,"column":40}}],"line":35},"2":{"loc":{"start":{"line":40,"column":19},"end":{"line":42,"column":52}},"type":"cond-expr","locations":[{"start":{"line":41,"column":22},"end":{"line":41,"column":52}},{"start":{"line":42,"column":22},"end":{"line":42,"column":52}}],"line":40},"3":{"loc":{"start":{"line":49,"column":17},"end":{"line":55,"column":17}},"type":"cond-expr","locations":[{"start":{"line":50,"column":18},"end":{"line":52,"column":27}},{"start":{"line":54,"column":18},"end":{"line":54,"column":24}}],"line":49},"4":{"loc":{"start":{"line":56,"column":17},"end":{"line":65,"column":17}},"type":"cond-expr","locations":[{"start":{"line":57,"column":18},"end":{"line":57,"column":75}},{"start":{"line":59,"column":18},"end":{"line":64,"column":22}}],"line":56},"5":{"loc":{"start":{"line":71,"column":17},"end":{"line":77,"column":17}},"type":"cond-expr","locations":[{"start":{"line":72,"column":18},"end":{"line":74,"column":27}},{"start":{"line":76,"column":18},"end":{"line":76,"column":24}}],"line":71},"6":{"loc":{"start":{"line":78,"column":17},"end":{"line":87,"column":17}},"type":"cond-expr","locations":[{"start":{"line":79,"column":18},"end":{"line":79,"column":77}},{"start":{"line":81,"column":18},"end":{"line":86,"column":22}}],"line":78},"7":{"loc":{"start":{"line":95,"column":15},"end":{"line":101,"column":15}},"type":"cond-expr","locations":[{"start":{"line":96,"column":16},"end":{"line":98,"column":25}},{"start":{"line":100,"column":16},"end":{"line":100,"column":22}}],"line":95},"8":{"loc":{"start":{"line":102,"column":15},"end":{"line":115,"column":15}},"type":"cond-expr","locations":[{"start":{"line":103,"column":16},"end":{"line":107,"column":22}},{"start":{"line":109,"column":16},"end":{"line":114,"column":20}}],"line":102}},"s":{"0":0,"1":0,"2":0,"3":0},"f":{"0":0},"b":{"0":[0,0],"1":[0,0],"2":[0,0],"3":[0,0],"4":[0,0],"5":[0,0],"6":[0,0],"7":[0,0],"8":[0,0]}}
,"/home/runner/work/sc-digital-centre/sc-digital-centre/components/molecules/BenefitCard.js": {"path":"/home/runner/work/sc-digital-centre/sc-digital-centre/components/molecules/BenefitCard.js","statementMap":{"0":{"start":{"line":12,"column":20},"end":{"line":88,"column":1}},"1":{"start":{"line":13,"column":12},"end":{"line":13,"column":43}},"2":{"start":{"line":14,"column":30},"end":{"line":14,"column":45}},"3":{"start":{"line":15,"column":38},"end":{"line":15,"column":58}},"4":{"start":{"line":16,"column":22},"end":{"line":19,"column":3}},"5":{"start":{"line":17,"column":4},"end":{"line":17,"column":51}},"6":{"start":{"line":18,"column":4},"end":{"line":18,"column":22}},"7":{"start":{"line":21,"column":31},"end":{"line":37,"column":3}},"8":{"start":{"line":22,"column":4},"end":{"line":36,"column":5}},"9":{"start":{"line":24,"column":8},"end":{"line":29,"column":9}},"10":{"start":{"line":31,"column":8},"end":{"line":33,"column":9}},"11":{"start":{"line":35,"column":8},"end":{"line":35,"column":19}},"12":{"start":{"line":39,"column":2},"end":{"line":87,"column":3}},"13":{"start":{"line":92,"column":0},"end":{"line":103,"column":1}}},"fnMap":{"0":{"name":"(anonymous_0)","decl":{"start":{"line":12,"column":20},"end":{"line":12,"column":21}},"loc":{"start":{"line":12,"column":31},"end":{"line":88,"column":1}},"line":12},"1":{"name":"(anonymous_1)","decl":{"start":{"line":16,"column":22},"end":{"line":16,"column":23}},"loc":{"start":{"line":16,"column":28},"end":{"line":19,"column":3}},"line":16},"2":{"name":"(anonymous_2)","decl":{"start":{"line":21,"column":31},"end":{"line":21,"column":32}},"loc":{"start":{"line":21,"column":37},"end":{"line":37,"column":3}},"line":21}},"branchMap":{"0":{"loc":{"start":{"line":13,"column":12},"end":{"line":13,"column":43}},"type":"cond-expr","locations":[{"start":{"line":13,"column":36},"end":{"line":13,"column":38}},{"start":{"line":13,"column":41},"end":{"line":13,"column":43}}],"line":13},"1":{"loc":{"start":{"line":17,"column":18},"end":{"line":17,"column":50}},"type":"cond-expr","locations":[{"start":{"line":17,"column":27},"end":{"line":17,"column":37}},{"start":{"line":17,"column":40},"end":{"line":17,"column":50}}],"line":17},"2":{"loc":{"start":{"line":22,"column":4},"end":{"line":36,"column":5}},"type":"switch","locations":[{"start":{"line":23,"column":6},"end":{"line":29,"column":9}},{"start":{"line":30,"column":6},"end":{"line":33,"column":9}},{"start":{"line":34,"column":6},"end":{"line":35,"column":19}}],"line":22},"3":{"loc":{"start":{"line":44,"column":11},"end":{"line":54,"column":11}},"type":"cond-expr","locations":[{"start":{"line":45,"column":12},"end":{"line":48,"column":14}},{"start":{"line":50,"column":12},"end":{"line":53,"column":14}}],"line":44},"4":{"loc":{"start":{"line":61,"column":15},"end":{"line":63,"column":35}},"type":"cond-expr","locations":[{"start":{"line":62,"column":18},"end":{"line":62,"column":34}},{"start":{"line":63,"column":18},"end":{"line":63,"column":35}}],"line":61},"5":{"loc":{"start":{"line":79,"column":9},"end":{"line":79,"column":41}},"type":"binary-expr","locations":[{"start":{"line":79,"column":9},"end":{"line":79,"column":15}},{"start":{"line":79,"column":19},"end":{"line":79,"column":41}}],"line":79}},"s":{"0":0,"1":0,"2":0,"3":0,"4":0,"5":0,"6":0,"7":0,"8":0,"9":0,"10":0,"11":0,"12":0,"13":0},"f":{"0":0,"1":0,"2":0},"b":{"0":[0,0],"1":[0,0],"2":[0,0,0],"3":[0,0],"4":[0,0],"5":[0,0]}}
,"/home/runner/work/sc-digital-centre/sc-digital-centre/components/molecules/BenefitTasks.js": {"path":"/home/runner/work/sc-digital-centre/sc-digital-centre/components/molecules/BenefitTasks.js","statementMap":{"0":{"start":{"line":4,"column":16},"end":{"line":50,"column":3}},"1":{"start":{"line":51,"column":23},"end":{"line":51,"column":67}},"2":{"start":{"line":53,"column":2},"end":{"line":76,"column":3}},"3":{"start":{"line":60,"column":10},"end":{"line":72,"column":11}},"4":{"start":{"line":79,"column":0},"end":{"line":87,"column":1}}},"fnMap":{"0":{"name":"BenefitTasks","decl":{"start":{"line":3,"column":24},"end":{"line":3,"column":36}},"loc":{"start":{"line":3,"column":44},"end":{"line":77,"column":1}},"line":3},"1":{"name":"(anonymous_1)","decl":{"start":{"line":59,"column":28},"end":{"line":59,"column":29}},"loc":{"start":{"line":59,"column":46},"end":{"line":73,"column":9}},"line":59}},"branchMap":{"0":{"loc":{"start":{"line":51,"column":23},"end":{"line":51,"column":67}},"type":"cond-expr","locations":[{"start":{"line":51,"column":42},"end":{"line":51,"column":47}},{"start":{"line":51,"column":50},"end":{"line":51,"column":67}}],"line":51}},"s":{"0":0,"1":0,"2":0,"3":0,"4":0},"f":{"0":0,"1":0},"b":{"0":[0,0]}}
,"/home/runner/work/sc-digital-centre/sc-digital-centre/components/molecules/CardList.js": {"path":"/home/runner/work/sc-digital-centre/sc-digital-centre/components/molecules/CardList.js","statementMap":{"0":{"start":{"line":5,"column":23},"end":{"line":15,"column":4}},"1":{"start":{"line":6,"column":4},"end":{"line":14,"column":9}},"2":{"start":{"line":16,"column":2},"end":{"line":23,"column":3}},"3":{"start":{"line":26,"column":0},"end":{"line":58,"column":1}}},"fnMap":{"0":{"name":"CardList","decl":{"start":{"line":4,"column":24},"end":{"line":4,"column":32}},"loc":{"start":{"line":4,"column":40},"end":{"line":24,"column":1}},"line":4},"1":{"name":"(anonymous_1)","decl":{"start":{"line":5,"column":42},"end":{"line":5,"column":43}},"loc":{"start":{"line":6,"column":4},"end":{"line":14,"column":9}},"line":6}},"branchMap":{"0":{"loc":{"start":{"line":21,"column":7},"end":{"line":21,"column":41}},"type":"cond-expr","locations":[{"start":{"line":21,"column":24},"end":{"line":21,"column":36}},{"start":{"line":21,"column":39},"end":{"line":21,"column":41}}],"line":21}},"s":{"0":16,"1":28,"2":16,"3":4},"f":{"0":16,"1":28},"b":{"0":[16,0]},"_coverageSchema":"1a1c01bbd47fc00a2c39e90264f33305004495a9","hash":"3fca29bb6e7e9942e777e4e95bf2533e81c8f3a1"}
,"/home/runner/work/sc-digital-centre/sc-digital-centre/components/molecules/ContactUs.js": {"path":"/home/runner/work/sc-digital-centre/sc-digital-centre/components/molecules/ContactUs.js","statementMap":{"0":{"start":{"line":5,"column":2},"end":{"line":25,"column":3}},"1":{"start":{"line":11,"column":10},"end":{"line":21,"column":15}},"2":{"start":{"line":28,"column":0},"end":{"line":69,"column":1}}},"fnMap":{"0":{"name":"ContactUs","decl":{"start":{"line":4,"column":24},"end":{"line":4,"column":33}},"loc":{"start":{"line":4,"column":41},"end":{"line":26,"column":1}},"line":4},"1":{"name":"(anonymous_1)","decl":{"start":{"line":10,"column":31},"end":{"line":10,"column":32}},"loc":{"start":{"line":11,"column":10},"end":{"line":21,"column":15}},"line":11}},"branchMap":{},"s":{"0":11,"1":29,"2":2},"f":{"0":11,"1":29},"b":{},"_coverageSchema":"1a1c01bbd47fc00a2c39e90264f33305004495a9","hash":"92185f6806de500106debf443cdc27fe95d7592c"}
,"/home/runner/work/sc-digital-centre/sc-digital-centre/components/molecules/FeatureBlock.js": {"path":"/home/runner/work/sc-digital-centre/sc-digital-centre/components/molecules/FeatureBlock.js","statementMap":{"0":{"start":{"line":8,"column":2},"end":{"line":40,"column":3}},"1":{"start":{"line":43,"column":0},"end":{"line":67,"column":1}}},"fnMap":{"0":{"name":"FeatureBlock","decl":{"start":{"line":7,"column":24},"end":{"line":7,"column":36}},"loc":{"start":{"line":7,"column":44},"end":{"line":41,"column":1}},"line":7}},"branchMap":{},"s":{"0":11,"1":2},"f":{"0":11},"b":{},"_coverageSchema":"1a1c01bbd47fc00a2c39e90264f33305004495a9","hash":"0619d9fd05e04c1d00c1b4a9ca6e69d6a6dc3775"}
,"/home/runner/work/sc-digital-centre/sc-digital-centre/components/molecules/Footer.js": {"path":"/home/runner/work/sc-digital-centre/sc-digital-centre/components/molecules/Footer.js","statementMap":{"0":{"start":{"line":9,"column":2},"end":{"line":87,"column":3}},"1":{"start":{"line":29,"column":16},"end":{"line":38,"column":17}},"2":{"start":{"line":55,"column":18},"end":{"line":72,"column":19}},"3":{"start":{"line":90,"column":0},"end":{"line":128,"column":1}}},"fnMap":{"0":{"name":"Footer","decl":{"start":{"line":8,"column":24},"end":{"line":8,"column":30}},"loc":{"start":{"line":8,"column":38},"end":{"line":88,"column":1}},"line":8},"1":{"name":"(anonymous_1)","decl":{"start":{"line":28,"column":40},"end":{"line":28,"column":41}},"loc":{"start":{"line":28,"column":58},"end":{"line":39,"column":15}},"line":28},"2":{"name":"(anonymous_2)","decl":{"start":{"line":54,"column":33},"end":{"line":54,"column":34}},"loc":{"start":{"line":54,"column":51},"end":{"line":73,"column":17}},"line":54}},"branchMap":{"0":{"loc":{"start":{"line":59,"column":24},"end":{"line":61,"column":79}},"type":"cond-expr","locations":[{"start":{"line":60,"column":28},"end":{"line":60,"column":92}},{"start":{"line":61,"column":28},"end":{"line":61,"column":79}}],"line":59}},"s":{"0":14,"1":111,"2":65,"3":4},"f":{"0":14,"1":111,"2":65},"b":{"0":[14,51]},"_coverageSchema":"1a1c01bbd47fc00a2c39e90264f33305004495a9","hash":"2d3a08cf779bd2a6aeebaa349dc3146e2196cbeb"}
,"/home/runner/work/sc-digital-centre/sc-digital-centre/components/molecules/Header.js": {"path":"/home/runner/work/sc-digital-centre/sc-digital-centre/components/molecules/Header.js","statementMap":{"0":{"start":{"line":8,"column":17},"end":{"line":8,"column":28}},"1":{"start":{"line":9,"column":34},"end":{"line":9,"column":46}},"2":{"start":{"line":10,"column":16},"end":{"line":10,"column":21}},"3":{"start":{"line":12,"column":46},"end":{"line":12,"column":62}},"4":{"start":{"line":13,"column":2},"end":{"line":21,"column":52}},"5":{"start":{"line":15,"column":4},"end":{"line":19,"column":5}},"6":{"start":{"line":16,"column":6},"end":{"line":18,"column":7}},"7":{"start":{"line":20,"column":4},"end":{"line":20,"column":44}},"8":{"start":{"line":23,"column":2},"end":{"line":126,"column":3}},"9":{"start":{"line":129,"column":0},"end":{"line":164,"column":1}}},"fnMap":{"0":{"name":"Header","decl":{"start":{"line":7,"column":24},"end":{"line":7,"column":30}},"loc":{"start":{"line":7,"column":38},"end":{"line":127,"column":1}},"line":7},"1":{"name":"(anonymous_1)","decl":{"start":{"line":13,"column":18},"end":{"line":13,"column":19}},"loc":{"start":{"line":13,"column":24},"end":{"line":21,"column":3}},"line":13}},"branchMap":{"0":{"loc":{"start":{"line":15,"column":4},"end":{"line":19,"column":5}},"type":"if","locations":[{"start":{"line":15,"column":4},"end":{"line":19,"column":5}},{"start":{},"end":{}}],"line":15},"1":{"loc":{"start":{"line":15,"column":8},"end":{"line":15,"column":62}},"type":"binary-expr","locations":[{"start":{"line":15,"column":8},"end":{"line":15,"column":28}},{"start":{"line":15,"column":32},"end":{"line":15,"column":45}},{"start":{"line":15,"column":49},"end":{"line":15,"column":62}}],"line":15},"2":{"loc":{"start":{"line":47,"column":18},"end":{"line":49,"column":39}},"type":"cond-expr","locations":[{"start":{"line":48,"column":22},"end":{"line":48,"column":39}},{"start":{"line":49,"column":22},"end":{"line":49,"column":39}}],"line":47},"3":{"loc":{"start":{"line":52,"column":18},"end":{"line":54,"column":46}},"type":"cond-expr","locations":[{"start":{"line":53,"column":22},"end":{"line":53,"column":44}},{"start":{"line":54,"column":22},"end":{"line":54,"column":46}}],"line":52},"4":{"loc":{"start":{"line":62,"column":20},"end":{"line":62,"column":41}},"type":"binary-expr","locations":[{"start":{"line":62,"column":20},"end":{"line":62,"column":34}},{"start":{"line":62,"column":38},"end":{"line":62,"column":41}}],"line":62},"5":{"loc":{"start":{"line":63,"column":22},"end":{"line":63,"column":59}},"type":"cond-expr","locations":[{"start":{"line":63,"column":48},"end":{"line":63,"column":52}},{"start":{"line":63,"column":55},"end":{"line":63,"column":59}}],"line":63},"6":{"loc":{"start":{"line":68,"column":22},"end":{"line":68,"column":59}},"type":"cond-expr","locations":[{"start":{"line":68,"column":48},"end":{"line":68,"column":52}},{"start":{"line":68,"column":55},"end":{"line":68,"column":59}}],"line":68},"7":{"loc":{"start":{"line":70,"column":17},"end":{"line":70,"column":54}},"type":"cond-expr","locations":[{"start":{"line":70,"column":43},"end":{"line":70,"column":47}},{"start":{"line":70,"column":50},"end":{"line":70,"column":54}}],"line":70},"8":{"loc":{"start":{"line":79,"column":20},"end":{"line":79,"column":41}},"type":"binary-expr","locations":[{"start":{"line":79,"column":20},"end":{"line":79,"column":34}},{"start":{"line":79,"column":38},"end":{"line":79,"column":41}}],"line":79},"9":{"loc":{"start":{"line":80,"column":22},"end":{"line":80,"column":59}},"type":"cond-expr","locations":[{"start":{"line":80,"column":48},"end":{"line":80,"column":52}},{"start":{"line":80,"column":55},"end":{"line":80,"column":59}}],"line":80},"10":{"loc":{"start":{"line":86,"column":22},"end":{"line":86,"column":59}},"type":"cond-expr","locations":[{"start":{"line":86,"column":48},"end":{"line":86,"column":52}},{"start":{"line":86,"column":55},"end":{"line":86,"column":59}}],"line":86},"11":{"loc":{"start":{"line":88,"column":17},"end":{"line":88,"column":65}},"type":"cond-expr","locations":[{"start":{"line":88,"column":43},"end":{"line":88,"column":53}},{"start":{"line":88,"column":56},"end":{"line":88,"column":65}}],"line":88}},"s":{"0":15,"1":15,"2":15,"3":15,"4":15,"5":15,"6":0,"7":15,"8":15,"9":4},"f":{"0":15,"1":15},"b":{"0":[0,15],"1":[15,12,0],"2":[7,8],"3":[7,8],"4":[15,15],"5":[7,8],"6":[7,8],"7":[7,8],"8":[15,15],"9":[7,8],"10":[7,8],"11":[7,8]},"_coverageSchema":"1a1c01bbd47fc00a2c39e90264f33305004495a9","hash":"90f36c13a3f08778a87987436dc2290b2e8b3b31"}
,"/home/runner/work/sc-digital-centre/sc-digital-centre/components/molecules/Menu.js": {"path":"/home/runner/work/sc-digital-centre/sc-digital-centre/components/molecules/Menu.js","statementMap":{"0":{"start":{"line":11,"column":21},"end":{"line":11,"column":32}},"1":{"start":{"line":13,"column":2},"end":{"line":75,"column":3}},"2":{"start":{"line":42,"column":31},"end":{"line":42,"column":51}},"3":{"start":{"line":44,"column":14},"end":{"line":59,"column":15}},"4":{"start":{"line":78,"column":0},"end":{"line":99,"column":1}}},"fnMap":{"0":{"name":"Menu","decl":{"start":{"line":9,"column":24},"end":{"line":9,"column":28}},"loc":{"start":{"line":9,"column":36},"end":{"line":76,"column":1}},"line":9},"1":{"name":"(anonymous_1)","decl":{"start":{"line":41,"column":29},"end":{"line":41,"column":30}},"loc":{"start":{"line":41,"column":44},"end":{"line":60,"column":13}},"line":41}},"branchMap":{"0":{"loc":{"start":{"line":48,"column":20},"end":{"line":50,"column":32}},"type":"cond-expr","locations":[{"start":{"line":49,"column":24},"end":{"line":49,"column":44}},{"start":{"line":50,"column":24},"end":{"line":50,"column":32}}],"line":48},"1":{"loc":{"start":{"line":48,"column":20},"end":{"line":48,"column":63}},"type":"binary-expr","locations":[{"start":{"line":48,"column":20},"end":{"line":48,"column":29}},{"start":{"line":48,"column":33},"end":{"line":48,"column":63}}],"line":48},"2":{"loc":{"start":{"line":53,"column":32},"end":{"line":53,"column":56}},"type":"cond-expr","locations":[{"start":{"line":53,"column":43},"end":{"line":53,"column":49}},{"start":{"line":53,"column":52},"end":{"line":53,"column":56}}],"line":53}},"s":{"0":18,"1":18,"2":54,"3":54,"4":5},"f":{"0":18,"1":54},"b":{"0":[36,18],"1":[54,36],"2":[39,15]},"_coverageSchema":"1a1c01bbd47fc00a2c39e90264f33305004495a9","hash":"bd6a1063a51a81f5e313868b2cb2c5fa4843e8f2"}
,"/home/runner/work/sc-digital-centre/sc-digital-centre/components/molecules/ModalElement.js": {"path":"/home/runner/work/sc-digital-centre/sc-digital-centre/components/molecules/ModalElement.js","statementMap":{"0":{"start":{"line":5,"column":2},"end":{"line":7,"column":3}},"1":{"start":{"line":6,"column":4},"end":{"line":6,"column":15}},"2":{"start":{"line":9,"column":18},"end":{"line":12,"column":3}},"3":{"start":{"line":14,"column":2},"end":{"line":33,"column":3}},"4":{"start":{"line":36,"column":0},"end":{"line":56,"column":1}}},"fnMap":{"0":{"name":"ModalElement","decl":{"start":{"line":4,"column":24},"end":{"line":4,"column":36}},"loc":{"start":{"line":4,"column":44},"end":{"line":34,"column":1}},"line":4}},"branchMap":{"0":{"loc":{"start":{"line":5,"column":2},"end":{"line":7,"column":3}},"type":"if","locations":[{"start":{"line":5,"column":2},"end":{"line":7,"column":3}},{"start":{},"end":{}}],"line":5},"1":{"loc":{"start":{"line":9,"column":18},"end":{"line":12,"column":3}},"type":"binary-expr","locations":[{"start":{"line":9,"column":18},"end":{"line":9,"column":31}},{"start":{"line":9,"column":35},"end":{"line":12,"column":3}}],"line":9}},"s":{"0":3,"1":3,"2":0,"3":0,"4":1},"f":{"0":3},"b":{"0":[3,0],"1":[0,0]},"_coverageSchema":"1a1c01bbd47fc00a2c39e90264f33305004495a9","hash":"0d8542508acb40af405a0ec9e3d02c9ee929b54d"}
,"/home/runner/work/sc-digital-centre/sc-digital-centre/components/molecules/PendingBenefitDetails.js": {"path":"/home/runner/work/sc-digital-centre/sc-digital-centre/components/molecules/PendingBenefitDetails.js","statementMap":{"0":{"start":{"line":8,"column":30},"end":{"line":41,"column":1}},"1":{"start":{"line":9,"column":12},"end":{"line":9,"column":43}},"2":{"start":{"line":11,"column":2},"end":{"line":40,"column":3}},"3":{"start":{"line":43,"column":0},"end":{"line":53,"column":1}}},"fnMap":{"0":{"name":"(anonymous_0)","decl":{"start":{"line":8,"column":30},"end":{"line":8,"column":31}},"loc":{"start":{"line":8,"column":41},"end":{"line":41,"column":1}},"line":8}},"branchMap":{"0":{"loc":{"start":{"line":9,"column":12},"end":{"line":9,"column":43}},"type":"cond-expr","locations":[{"start":{"line":9,"column":36},"end":{"line":9,"column":38}},{"start":{"line":9,"column":41},"end":{"line":9,"column":43}}],"line":9}},"s":{"0":0,"1":0,"2":0,"3":0},"f":{"0":0},"b":{"0":[0,0]}}
,"/home/runner/work/sc-digital-centre/sc-digital-centre/components/molecules/SearchCard.js": {"path":"/home/runner/work/sc-digital-centre/sc-digital-centre/components/molecules/SearchCard.js","statementMap":{"0":{"start":{"line":6,"column":2},"end":{"line":31,"column":3}},"1":{"start":{"line":34,"column":0},"end":{"line":71,"column":1}}},"fnMap":{"0":{"name":"SearchCard","decl":{"start":{"line":5,"column":24},"end":{"line":5,"column":34}},"loc":{"start":{"line":5,"column":42},"end":{"line":32,"column":1}},"line":5}},"branchMap":{},"s":{"0":11,"1":2},"f":{"0":11},"b":{},"_coverageSchema":"1a1c01bbd47fc00a2c39e90264f33305004495a9","hash":"697e733a3063c7b8965663cceba71f1bb7094fe4"}
,"/home/runner/work/sc-digital-centre/sc-digital-centre/components/molecules/SearchFilterForm.js": {"path":"/home/runner/work/sc-digital-centre/sc-digital-centre/components/molecules/SearchFilterForm.js","statementMap":{"0":{"start":{"line":4,"column":26},"end":{"line":12,"column":8}},"1":{"start":{"line":6,"column":8},"end":{"line":10,"column":9}},"2":{"start":{"line":14,"column":24},"end":{"line":22,"column":8}},"3":{"start":{"line":16,"column":8},"end":{"line":20,"column":9}},"4":{"start":{"line":24,"column":29},"end":{"line":40,"column":8}},"5":{"start":{"line":26,"column":8},"end":{"line":38,"column":9}},"6":{"start":{"line":42,"column":2},"end":{"line":97,"column":3}},"7":{"start":{"line":100,"column":0},"end":{"line":180,"column":1}}},"fnMap":{"0":{"name":"SearchFilterForm","decl":{"start":{"line":3,"column":24},"end":{"line":3,"column":40}},"loc":{"start":{"line":3,"column":48},"end":{"line":98,"column":1}},"line":3},"1":{"name":"(anonymous_1)","decl":{"start":{"line":5,"column":32},"end":{"line":5,"column":33}},"loc":{"start":{"line":5,"column":45},"end":{"line":11,"column":7}},"line":5},"2":{"name":"(anonymous_2)","decl":{"start":{"line":15,"column":30},"end":{"line":15,"column":31}},"loc":{"start":{"line":15,"column":43},"end":{"line":21,"column":7}},"line":15},"3":{"name":"(anonymous_3)","decl":{"start":{"line":25,"column":35},"end":{"line":25,"column":36}},"loc":{"start":{"line":25,"column":48},"end":{"line":39,"column":7}},"line":25}},"branchMap":{"0":{"loc":{"start":{"line":4,"column":26},"end":{"line":12,"column":8}},"type":"cond-expr","locations":[{"start":{"line":5,"column":6},"end":{"line":11,"column":8}},{"start":{"line":12,"column":6},"end":{"line":12,"column":8}}],"line":4},"1":{"loc":{"start":{"line":14,"column":24},"end":{"line":22,"column":8}},"type":"cond-expr","locations":[{"start":{"line":15,"column":6},"end":{"line":21,"column":8}},{"start":{"line":22,"column":6},"end":{"line":22,"column":8}}],"line":14},"2":{"loc":{"start":{"line":24,"column":29},"end":{"line":40,"column":8}},"type":"cond-expr","locations":[{"start":{"line":25,"column":6},"end":{"line":39,"column":8}},{"start":{"line":40,"column":6},"end":{"line":40,"column":8}}],"line":24}},"s":{"0":5,"1":23,"2":5,"3":12,"4":5,"5":12,"6":5,"7":2},"f":{"0":5,"1":23,"2":12,"3":12},"b":{"0":[4,1],"1":[4,1],"2":[4,1]},"_coverageSchema":"1a1c01bbd47fc00a2c39e90264f33305004495a9","hash":"4607845be67ddba197b6ce6179434173ccf3aaf4"}
,"/home/runner/work/sc-digital-centre/sc-digital-centre/components/molecules/SearchHeader.js": {"path":"/home/runner/work/sc-digital-centre/sc-digital-centre/components/molecules/SearchHeader.js","statementMap":{"0":{"start":{"line":5,"column":2},"end":{"line":43,"column":3}},"1":{"start":{"line":31,"column":25},"end":{"line":31,"column":49}},"2":{"start":{"line":46,"column":0},"end":{"line":106,"column":1}}},"fnMap":{"0":{"name":"SearchHeader","decl":{"start":{"line":4,"column":24},"end":{"line":4,"column":36}},"loc":{"start":{"line":4,"column":44},"end":{"line":44,"column":1}},"line":4},"1":{"name":"(anonymous_1)","decl":{"start":{"line":31,"column":19},"end":{"line":31,"column":20}},"loc":{"start":{"line":31,"column":25},"end":{"line":31,"column":49}},"line":31}},"branchMap":{},"s":{"0":6,"1":0,"2":2},"f":{"0":6,"1":0},"b":{},"_coverageSchema":"1a1c01bbd47fc00a2c39e90264f33305004495a9","hash":"e23d86b4e707e7117c6c497f9a515313bc374e64"}
,"/home/runner/work/sc-digital-centre/sc-digital-centre/components/molecules/ServiceCanada.js": {"path":"/home/runner/work/sc-digital-centre/sc-digital-centre/components/molecules/ServiceCanada.js","statementMap":{"0":{"start":{"line":5,"column":2},"end":{"line":26,"column":3}},"1":{"start":{"line":29,"column":0},"end":{"line":59,"column":1}}},"fnMap":{"0":{"name":"ServiceCanada","decl":{"start":{"line":4,"column":24},"end":{"line":4,"column":37}},"loc":{"start":{"line":4,"column":45},"end":{"line":27,"column":1}},"line":4}},"branchMap":{},"s":{"0":11,"1":2},"f":{"0":11},"b":{},"_coverageSchema":"1a1c01bbd47fc00a2c39e90264f33305004495a9","hash":"f9f3815fce6450ae979bcd39244f7dcaef7ee797"}
,"/home/runner/work/sc-digital-centre/sc-digital-centre/components/molecules/SplashLanguageSelect.js": {"path":"/home/runner/work/sc-digital-centre/sc-digital-centre/components/molecules/SplashLanguageSelect.js","statementMap":{"0":{"start":{"line":6,"column":2},"end":{"line":72,"column":3}}},"fnMap":{"0":{"name":"SplashLanguageSelect","decl":{"start":{"line":5,"column":24},"end":{"line":5,"column":44}},"loc":{"start":{"line":5,"column":47},"end":{"line":73,"column":1}},"line":5}},"branchMap":{},"s":{"0":3},"f":{"0":3},"b":{},"_coverageSchema":"1a1c01bbd47fc00a2c39e90264f33305004495a9","hash":"d932fb2c7d3ec73ced60e37c09c86a9f4fbd05dd"}
,"/home/runner/work/sc-digital-centre/sc-digital-centre/components/molecules/TopTasks.js": {"path":"/home/runner/work/sc-digital-centre/sc-digital-centre/components/molecules/TopTasks.js","statementMap":{"0":{"start":{"line":5,"column":2},"end":{"line":23,"column":3}},"1":{"start":{"line":13,"column":10},"end":{"line":19,"column":15}},"2":{"start":{"line":26,"column":0},"end":{"line":44,"column":1}}},"fnMap":{"0":{"name":"TopTasks","decl":{"start":{"line":4,"column":24},"end":{"line":4,"column":32}},"loc":{"start":{"line":4,"column":40},"end":{"line":24,"column":1}},"line":4},"1":{"name":"(anonymous_1)","decl":{"start":{"line":12,"column":32},"end":{"line":12,"column":33}},"loc":{"start":{"line":13,"column":10},"end":{"line":19,"column":15}},"line":13}},"branchMap":{},"s":{"0":11,"1":11,"2":2},"f":{"0":11,"1":11},"b":{},"_coverageSchema":"1a1c01bbd47fc00a2c39e90264f33305004495a9","hash":"70534a4805cd19e0f95fe7c03219e3cd52a13f80"}
,"/home/runner/work/sc-digital-centre/sc-digital-centre/components/organisms/ImageBox.js": {"path":"/home/runner/work/sc-digital-centre/sc-digital-centre/components/organisms/ImageBox.js","statementMap":{"0":{"start":{"line":9,"column":2},"end":{"line":29,"column":3}},"1":{"start":{"line":32,"column":0},"end":{"line":57,"column":1}}},"fnMap":{"0":{"name":"ImageBox","decl":{"start":{"line":8,"column":24},"end":{"line":8,"column":32}},"loc":{"start":{"line":8,"column":40},"end":{"line":30,"column":1}},"line":8}},"branchMap":{},"s":{"0":11,"1":2},"f":{"0":11},"b":{},"_coverageSchema":"1a1c01bbd47fc00a2c39e90264f33305004495a9","hash":"565e11ae14fc0fd8290c0481c7f60787defe8c72"}
,"/home/runner/work/sc-digital-centre/sc-digital-centre/components/organisms/Layout.js": {"path":"/home/runner/work/sc-digital-centre/sc-digital-centre/components/organisms/Layout.js","statementMap":{"0":{"start":{"line":16,"column":12},"end":{"line":16,"column":43}},"1":{"start":{"line":18,"column":2},"end":{"line":32,"column":20}},"2":{"start":{"line":19,"column":4},"end":{"line":31,"column":5}},"3":{"start":{"line":20,"column":6},"end":{"line":30,"column":8}},"4":{"start":{"line":34,"column":2},"end":{"line":146,"column":3}},"5":{"start":{"line":149,"column":0},"end":{"line":170,"column":1}},"6":{"start":{"line":172,"column":0},"end":{"line":175,"column":1}}},"fnMap":{"0":{"name":"Layout","decl":{"start":{"line":15,"column":24},"end":{"line":15,"column":30}},"loc":{"start":{"line":15,"column":38},"end":{"line":147,"column":1}},"line":15},"1":{"name":"(anonymous_1)","decl":{"start":{"line":18,"column":12},"end":{"line":18,"column":13}},"loc":{"start":{"line":18,"column":18},"end":{"line":32,"column":3}},"line":18}},"branchMap":{"0":{"loc":{"start":{"line":16,"column":12},"end":{"line":16,"column":43}},"type":"cond-expr","locations":[{"start":{"line":16,"column":36},"end":{"line":16,"column":38}},{"start":{"line":16,"column":41},"end":{"line":16,"column":43}}],"line":16},"1":{"loc":{"start":{"line":19,"column":4},"end":{"line":31,"column":5}},"type":"if","locations":[{"start":{"line":19,"column":4},"end":{"line":31,"column":5}},{"start":{},"end":{}}],"line":19},"2":{"loc":{"start":{"line":24,"column":20},"end":{"line":24,"column":57}},"type":"cond-expr","locations":[{"start":{"line":24,"column":44},"end":{"line":24,"column":49}},{"start":{"line":24,"column":52},"end":{"line":24,"column":57}}],"line":24},"3":{"loc":{"start":{"line":36,"column":7},"end":{"line":52,"column":7}},"type":"cond-expr","locations":[{"start":{"line":37,"column":8},"end":{"line":49,"column":11}},{"start":{"line":51,"column":8},"end":{"line":51,"column":10}}],"line":36},"4":{"loc":{"start":{"line":55,"column":7},"end":{"line":70,"column":7}},"type":"cond-expr","locations":[{"start":{"line":56,"column":8},"end":{"line":67,"column":11}},{"start":{"line":69,"column":8},"end":{"line":69,"column":10}}],"line":55},"5":{"loc":{"start":{"line":74,"column":7},"end":{"line":144,"column":7}},"type":"cond-expr","locations":[{"start":{"line":75,"column":8},"end":{"line":141,"column":10}},{"start":{"line":143,"column":8},"end":{"line":143,"column":10}}],"line":74}},"s":{"0":13,"1":13,"2":13,"3":0,"4":13,"5":3,"6":3},"f":{"0":13,"1":13},"b":{"0":[6,7],"1":[0,13],"2":[0,0],"3":[0,13],"4":[12,1],"5":[12,1]},"_coverageSchema":"1a1c01bbd47fc00a2c39e90264f33305004495a9","hash":"ae87d7ec1ddaee74748950bc85fb15cc43850e16"}
,"/home/runner/work/sc-digital-centre/sc-digital-centre/components/organisms/MostRequestedPages.js": {"path":"/home/runner/work/sc-digital-centre/sc-digital-centre/components/organisms/MostRequestedPages.js","statementMap":{"0":{"start":{"line":5,"column":2},"end":{"line":10,"column":3}},"1":{"start":{"line":13,"column":0},"end":{"line":48,"column":1}}},"fnMap":{"0":{"name":"MostRequestedPages","decl":{"start":{"line":4,"column":24},"end":{"line":4,"column":42}},"loc":{"start":{"line":4,"column":64},"end":{"line":11,"column":1}},"line":4}},"branchMap":{},"s":{"0":11,"1":2},"f":{"0":11},"b":{},"_coverageSchema":"1a1c01bbd47fc00a2c39e90264f33305004495a9","hash":"41883f854d722a681086708d7d4e5f4d171a07b9"}
,"/home/runner/work/sc-digital-centre/sc-digital-centre/pages/404.js": {"path":"/home/runner/work/sc-digital-centre/sc-digital-centre/pages/404.js","statementMap":{"0":{"start":{"line":2,"column":2},"end":{"line":2,"column":44}}},"fnMap":{"0":{"name":"Error404","decl":{"start":{"line":1,"column":24},"end":{"line":1,"column":32}},"loc":{"start":{"line":1,"column":35},"end":{"line":3,"column":1}},"line":1}},"branchMap":{},"s":{"0":1},"f":{"0":1},"b":{},"_coverageSchema":"1a1c01bbd47fc00a2c39e90264f33305004495a9","hash":"a8913717aff89703f00bcd637606b117efc695c2"}
,"/home/runner/work/sc-digital-centre/sc-digital-centre/pages/500.js": {"path":"/home/runner/work/sc-digital-centre/sc-digital-centre/pages/500.js","statementMap":{"0":{"start":{"line":2,"column":2},"end":{"line":2,"column":50}}},"fnMap":{"0":{"name":"Error500","decl":{"start":{"line":1,"column":24},"end":{"line":1,"column":32}},"loc":{"start":{"line":1,"column":35},"end":{"line":3,"column":1}},"line":1}},"branchMap":{},"s":{"0":1},"f":{"0":1},"b":{},"_coverageSchema":"1a1c01bbd47fc00a2c39e90264f33305004495a9","hash":"b8fbd51dd8ee163e87df3f455281e4fc02e38e13"}
,"/home/runner/work/sc-digital-centre/sc-digital-centre/pages/_app.js": {"path":"/home/runner/work/sc-digital-centre/sc-digital-centre/pages/_app.js","statementMap":{"0":{"start":{"line":6,"column":2},"end":{"line":6,"column":37}}},"fnMap":{"0":{"name":"MyApp","decl":{"start":{"line":5,"column":9},"end":{"line":5,"column":14}},"loc":{"start":{"line":5,"column":41},"end":{"line":7,"column":1}},"line":5}},"branchMap":{},"s":{"0":0},"f":{"0":0},"b":{}}
,"/home/runner/work/sc-digital-centre/sc-digital-centre/pages/_document.js": {"path":"/home/runner/work/sc-digital-centre/sc-digital-centre/pages/_document.js","statementMap":{"0":{"start":{"line":5,"column":25},"end":{"line":5,"column":60}},"1":{"start":{"line":6,"column":4},"end":{"line":6,"column":30}},"2":{"start":{"line":10,"column":4},"end":{"line":22,"column":5}}},"fnMap":{"0":{"name":"(anonymous_0)","decl":{"start":{"line":4,"column":2},"end":{"line":4,"column":3}},"loc":{"start":{"line":4,"column":36},"end":{"line":7,"column":3}},"line":4},"1":{"name":"(anonymous_1)","decl":{"start":{"line":9,"column":2},"end":{"line":9,"column":3}},"loc":{"start":{"line":9,"column":11},"end":{"line":23,"column":3}},"line":9}},"branchMap":{},"s":{"0":0,"1":0,"2":0},"f":{"0":0,"1":0},"b":{}}
,"/home/runner/work/sc-digital-centre/sc-digital-centre/pages/dashboard.js": {"path":"/home/runner/work/sc-digital-centre/sc-digital-centre/pages/dashboard.js","statementMap":{"0":{"start":{"line":4,"column":35},"end":{"line":45,"column":3}},"1":{"start":{"line":47,"column":34},"end":{"line":90,"column":3}},"2":{"start":{"line":92,"column":32},"end":{"line":133,"column":3}},"3":{"start":{"line":135,"column":31},"end":{"line":176,"column":3}},"4":{"start":{"line":178,"column":2},"end":{"line":185,"column":3}}},"fnMap":{"0":{"name":"Dashboard","decl":{"start":{"line":3,"column":24},"end":{"line":3,"column":33}},"loc":{"start":{"line":3,"column":36},"end":{"line":186,"column":1}},"line":3}},"branchMap":{},"s":{"0":0,"1":0,"2":0,"3":0,"4":0},"f":{"0":0},"b":{}}
,"/home/runner/work/sc-digital-centre/sc-digital-centre/pages/home.js": {"path":"/home/runner/work/sc-digital-centre/sc-digital-centre/pages/home.js","statementMap":{"0":{"start":{"line":26,"column":12},"end":{"line":26,"column":43}},"1":{"start":{"line":28,"column":2},"end":{"line":88,"column":3}},"2":{"start":{"line":98,"column":6},"end":{"line":98,"column":38}},"3":{"start":{"line":100,"column":2},"end":{"line":109,"column":3}},"4":{"start":{"line":112,"column":0},"end":{"line":135,"column":1}}},"fnMap":{"0":{"name":"Home","decl":{"start":{"line":25,"column":24},"end":{"line":25,"column":28}},"loc":{"start":{"line":25,"column":36},"end":{"line":89,"column":1}},"line":25},"1":{"name":"getStaticProps","decl":{"start":{"line":91,"column":22},"end":{"line":91,"column":36}},"loc":{"start":{"line":91,"column":49},"end":{"line":110,"column":1}},"line":91}},"branchMap":{"0":{"loc":{"start":{"line":26,"column":12},"end":{"line":26,"column":43}},"type":"cond-expr","locations":[{"start":{"line":26,"column":36},"end":{"line":26,"column":38}},{"start":{"line":26,"column":41},"end":{"line":26,"column":43}}],"line":26}},"s":{"0":9,"1":9,"2":0,"3":0,"4":1},"f":{"0":9,"1":0},"b":{"0":[3,6]},"_coverageSchema":"1a1c01bbd47fc00a2c39e90264f33305004495a9","hash":"dfc125a08f3a5afb2c5ceca3e9a60bc6dfe1b040"}
,"/home/runner/work/sc-digital-centre/sc-digital-centre/pages/index.js": {"path":"/home/runner/work/sc-digital-centre/sc-digital-centre/pages/index.js","statementMap":{"0":{"start":{"line":10,"column":2},"end":{"line":21,"column":3}},"1":{"start":{"line":25,"column":23},"end":{"line":25,"column":50}},"2":{"start":{"line":27,"column":2},"end":{"line":31,"column":3}},"3":{"start":{"line":34,"column":0},"end":{"line":39,"column":1}}},"fnMap":{"0":{"name":"Index","decl":{"start":{"line":9,"column":24},"end":{"line":9,"column":29}},"loc":{"start":{"line":9,"column":37},"end":{"line":22,"column":1}},"line":9},"1":{"name":"getStaticProps","decl":{"start":{"line":24,"column":22},"end":{"line":24,"column":36}},"loc":{"start":{"line":24,"column":39},"end":{"line":32,"column":1}},"line":24}},"branchMap":{},"s":{"0":1,"1":0,"2":0,"3":1},"f":{"0":1,"1":0},"b":{},"_coverageSchema":"1a1c01bbd47fc00a2c39e90264f33305004495a9","hash":"b3d40d34f8ff91a0b287e4dd259733e126249602"}
,"/home/runner/work/sc-digital-centre/sc-digital-centre/pages/search.js": {"path":"/home/runner/work/sc-digital-centre/sc-digital-centre/pages/search.js","statementMap":{"0":{"start":{"line":17,"column":12},"end":{"line":17,"column":43}},"1":{"start":{"line":18,"column":17},"end":{"line":18,"column":28}},"2":{"start":{"line":19,"column":30},"end":{"line":19,"column":42}},"3":{"start":{"line":20,"column":36},"end":{"line":20,"column":51}},"4":{"start":{"line":24,"column":26},"end":{"line":32,"column":3}},"5":{"start":{"line":33,"column":24},"end":{"line":37,"column":3}},"6":{"start":{"line":38,"column":29},"end":{"line":46,"column":3}},"7":{"start":{"line":48,"column":2},"end":{"line":52,"column":22}},"8":{"start":{"line":49,"column":4},"end":{"line":51,"column":5}},"9":{"start":{"line":50,"column":6},"end":{"line":50,"column":51}},"10":{"start":{"line":56,"column":4},"end":{"line":56,"column":26}},"11":{"start":{"line":57,"column":4},"end":{"line":57,"column":23}},"12":{"start":{"line":61,"column":4},"end":{"line":61,"column":26}},"13":{"start":{"line":62,"column":4},"end":{"line":62,"column":23}},"14":{"start":{"line":65,"column":2},"end":{"line":126,"column":3}},"15":{"start":{"line":130,"column":33},"end":{"line":130,"column":67}},"16":{"start":{"line":132,"column":2},"end":{"line":138,"column":3}},"17":{"start":{"line":141,"column":0},"end":{"line":156,"column":1}}},"fnMap":{"0":{"name":"Search","decl":{"start":{"line":16,"column":24},"end":{"line":16,"column":30}},"loc":{"start":{"line":16,"column":38},"end":{"line":127,"column":1}},"line":16},"1":{"name":"(anonymous_1)","decl":{"start":{"line":48,"column":12},"end":{"line":48,"column":13}},"loc":{"start":{"line":48,"column":18},"end":{"line":52,"column":3}},"line":48},"2":{"name":"filterSubmitHandler","decl":{"start":{"line":55,"column":11},"end":{"line":55,"column":30}},"loc":{"start":{"line":55,"column":38},"end":{"line":58,"column":3}},"line":55},"3":{"name":"filterCancelHandler","decl":{"start":{"line":60,"column":11},"end":{"line":60,"column":30}},"loc":{"start":{"line":60,"column":38},"end":{"line":63,"column":3}},"line":60},"4":{"name":"getStaticProps","decl":{"start":{"line":129,"column":22},"end":{"line":129,"column":36}},"loc":{"start":{"line":129,"column":49},"end":{"line":139,"column":1}},"line":129}},"branchMap":{"0":{"loc":{"start":{"line":17,"column":12},"end":{"line":17,"column":43}},"type":"cond-expr","locations":[{"start":{"line":17,"column":36},"end":{"line":17,"column":38}},{"start":{"line":17,"column":41},"end":{"line":17,"column":43}}],"line":17},"1":{"loc":{"start":{"line":49,"column":4},"end":{"line":51,"column":5}},"type":"if","locations":[{"start":{"line":49,"column":4},"end":{"line":51,"column":5}},{"start":{},"end":{}}],"line":49},"2":{"loc":{"start":{"line":75,"column":19},"end":{"line":75,"column":31}},"type":"binary-expr","locations":[{"start":{"line":75,"column":19},"end":{"line":75,"column":25}},{"start":{"line":75,"column":29},"end":{"line":75,"column":31}}],"line":75}},"s":{"0":3,"1":3,"2":3,"3":3,"4":3,"5":3,"6":3,"7":3,"8":3,"9":0,"10":0,"11":0,"12":0,"13":0,"14":3,"15":0,"16":0,"17":1},"f":{"0":3,"1":3,"2":0,"3":0,"4":0},"b":{"0":[2,1],"1":[0,3],"2":[3,0]},"_coverageSchema":"1a1c01bbd47fc00a2c39e90264f33305004495a9","hash":"061c89407efcbd04dca93696bf8a07158691968a"}
,"/home/runner/work/sc-digital-centre/sc-digital-centre/pages/api/AEMServiceClass.js": {"path":"/home/runner/work/sc-digital-centre/sc-digital-centre/pages/api/AEMServiceClass.js","statementMap":{"0":{"start":{"line":8,"column":4},"end":{"line":8,"column":34}},"1":{"start":{"line":10,"column":18},"end":{"line":29,"column":1}},"2":{"start":{"line":33,"column":4},"end":{"line":33,"column":74}},"3":{"start":{"line":33,"column":28},"end":{"line":33,"column":74}},"4":{"start":{"line":35,"column":4},"end":{"line":37,"column":46}},"5":{"start":{"line":38,"column":4},"end":{"line":38,"column":26}},"6":{"start":{"line":41,"column":4},"end":{"line":41,"column":19}},"7":{"start":{"line":45,"column":4},"end":{"line":45,"column":33}},"8":{"start":{"line":45,"column":27},"end":{"line":45,"column":33}},"9":{"start":{"line":48,"column":4},"end":{"line":50,"column":5}},"10":{"start":{"line":49,"column":6},"end":{"line":49,"column":54}},"11":{"start":{"line":54,"column":4},"end":{"line":60,"column":5}},"12":{"start":{"line":55,"column":6},"end":{"line":55,"column":40}},"13":{"start":{"line":56,"column":11},"end":{"line":60,"column":5}},"14":{"start":{"line":57,"column":6},"end":{"line":57,"column":19}},"15":{"start":{"line":59,"column":6},"end":{"line":59,"column":75}},"16":{"start":{"line":63,"column":16},"end":{"line":65,"column":5}},"17":{"start":{"line":67,"column":18},"end":{"line":67,"column":45}},"18":{"start":{"line":68,"column":17},"end":{"line":68,"column":49}},"19":{"start":{"line":71,"column":4},"end":{"line":73,"column":5}},"20":{"start":{"line":72,"column":6},"end":{"line":72,"column":31}},"21":{"start":{"line":75,"column":4},"end":{"line":75,"column":26}},"22":{"start":{"line":79,"column":28},"end":{"line":79,"column":58}},"23":{"start":{"line":80,"column":4},"end":{"line":83,"column":5}},"24":{"start":{"line":87,"column":25},"end":{"line":87,"column":55}},"25":{"start":{"line":88,"column":4},"end":{"line":88,"column":19}},"26":{"start":{"line":95,"column":28},"end":{"line":95,"column":58}},"27":{"start":{"line":96,"column":23},"end":{"line":96,"column":25}},"28":{"start":{"line":97,"column":22},"end":{"line":97,"column":24}},"29":{"start":{"line":98,"column":20},"end":{"line":98,"column":25}},"30":{"start":{"line":100,"column":4},"end":{"line":134,"column":5}},"31":{"start":{"line":101,"column":6},"end":{"line":106,"column":8}},"32":{"start":{"line":102,"column":8},"end":{"line":105,"column":9}},"33":{"start":{"line":108,"column":6},"end":{"line":133,"column":7}},"34":{"start":{"line":110,"column":34},"end":{"line":114,"column":11}},"35":{"start":{"line":115,"column":10},"end":{"line":121,"column":11}},"36":{"start":{"line":137,"column":4},"end":{"line":140,"column":5}},"37":{"start":{"line":147,"column":28},"end":{"line":147,"column":61}},"38":{"start":{"line":148,"column":4},"end":{"line":154,"column":5}},"39":{"start":{"line":158,"column":0},"end":{"line":158,"column":27}}},"fnMap":{"0":{"name":"(anonymous_0)","decl":{"start":{"line":32,"column":2},"end":{"line":32,"column":3}},"loc":{"start":{"line":32,"column":34},"end":{"line":42,"column":3}},"line":32},"1":{"name":"(anonymous_1)","decl":{"start":{"line":44,"column":2},"end":{"line":44,"column":3}},"loc":{"start":{"line":44,"column":28},"end":{"line":76,"column":3}},"line":44},"2":{"name":"(anonymous_2)","decl":{"start":{"line":78,"column":2},"end":{"line":78,"column":3}},"loc":{"start":{"line":78,"column":28},"end":{"line":84,"column":3}},"line":78},"3":{"name":"(anonymous_3)","decl":{"start":{"line":86,"column":2},"end":{"line":86,"column":3}},"loc":{"start":{"line":86,"column":24},"end":{"line":89,"column":3}},"line":86},"4":{"name":"(anonymous_4)","decl":{"start":{"line":94,"column":2},"end":{"line":94,"column":3}},"loc":{"start":{"line":94,"column":28},"end":{"line":141,"column":3}},"line":94},"5":{"name":"(anonymous_5)","decl":{"start":{"line":101,"column":39},"end":{"line":101,"column":40}},"loc":{"start":{"line":101,"column":52},"end":{"line":106,"column":7}},"line":101},"6":{"name":"(anonymous_6)","decl":{"start":{"line":109,"column":25},"end":{"line":109,"column":26}},"loc":{"start":{"line":109,"column":44},"end":{"line":132,"column":9}},"line":109},"7":{"name":"(anonymous_7)","decl":{"start":{"line":146,"column":2},"end":{"line":146,"column":3}},"loc":{"start":{"line":146,"column":30},"end":{"line":155,"column":3}},"line":146}},"branchMap":{"0":{"loc":{"start":{"line":33,"column":4},"end":{"line":33,"column":74}},"type":"if","locations":[{"start":{"line":33,"column":4},"end":{"line":33,"column":74}},{"start":{},"end":{}}],"line":33},"1":{"loc":{"start":{"line":35,"column":27},"end":{"line":37,"column":46}},"type":"cond-expr","locations":[{"start":{"line":36,"column":8},"end":{"line":36,"column":17}},{"start":{"line":37,"column":8},"end":{"line":37,"column":46}}],"line":35},"2":{"loc":{"start":{"line":45,"column":4},"end":{"line":45,"column":33}},"type":"if","locations":[{"start":{"line":45,"column":4},"end":{"line":45,"column":33}},{"start":{},"end":{}}],"line":45},"3":{"loc":{"start":{"line":48,"column":4},"end":{"line":50,"column":5}},"type":"if","locations":[{"start":{"line":48,"column":4},"end":{"line":50,"column":5}},{"start":{},"end":{}}],"line":48},"4":{"loc":{"start":{"line":54,"column":4},"end":{"line":60,"column":5}},"type":"if","locations":[{"start":{"line":54,"column":4},"end":{"line":60,"column":5}},{"start":{"line":56,"column":11},"end":{"line":60,"column":5}}],"line":54},"5":{"loc":{"start":{"line":56,"column":11},"end":{"line":60,"column":5}},"type":"if","locations":[{"start":{"line":56,"column":11},"end":{"line":60,"column":5}},{"start":{"line":58,"column":11},"end":{"line":60,"column":5}}],"line":56},"6":{"loc":{"start":{"line":67,"column":18},"end":{"line":67,"column":45}},"type":"cond-expr","locations":[{"start":{"line":67,"column":27},"end":{"line":67,"column":32}},{"start":{"line":67,"column":35},"end":{"line":67,"column":45}}],"line":67},"7":{"loc":{"start":{"line":68,"column":17},"end":{"line":68,"column":49}},"type":"cond-expr","locations":[{"start":{"line":68,"column":26},"end":{"line":68,"column":42}},{"start":{"line":68,"column":45},"end":{"line":68,"column":49}}],"line":68},"8":{"loc":{"start":{"line":71,"column":4},"end":{"line":73,"column":5}},"type":"if","locations":[{"start":{"line":71,"column":4},"end":{"line":73,"column":5}},{"start":{},"end":{}}],"line":71},"9":{"loc":{"start":{"line":81,"column":16},"end":{"line":81,"column":48}},"type":"binary-expr","locations":[{"start":{"line":81,"column":16},"end":{"line":81,"column":42}},{"start":{"line":81,"column":46},"end":{"line":81,"column":48}}],"line":81},"10":{"loc":{"start":{"line":100,"column":4},"end":{"line":134,"column":5}},"type":"if","locations":[{"start":{"line":100,"column":4},"end":{"line":134,"column":5}},{"start":{},"end":{}}],"line":100},"11":{"loc":{"start":{"line":116,"column":22},"end":{"line":116,"column":67}},"type":"binary-expr","locations":[{"start":{"line":116,"column":22},"end":{"line":116,"column":61}},{"start":{"line":116,"column":65},"end":{"line":116,"column":67}}],"line":116},"12":{"loc":{"start":{"line":117,"column":18},"end":{"line":117,"column":59}},"type":"binary-expr","locations":[{"start":{"line":117,"column":18},"end":{"line":117,"column":53}},{"start":{"line":117,"column":57},"end":{"line":117,"column":59}}],"line":117},"13":{"loc":{"start":{"line":118,"column":25},"end":{"line":118,"column":73}},"type":"binary-expr","locations":[{"start":{"line":118,"column":25},"end":{"line":118,"column":67}},{"start":{"line":118,"column":71},"end":{"line":118,"column":73}}],"line":118},"14":{"loc":{"start":{"line":119,"column":19},"end":{"line":119,"column":61}},"type":"binary-expr","locations":[{"start":{"line":119,"column":19},"end":{"line":119,"column":55}},{"start":{"line":119,"column":59},"end":{"line":119,"column":61}}],"line":119},"15":{"loc":{"start":{"line":149,"column":16},"end":{"line":149,"column":61}},"type":"binary-expr","locations":[{"start":{"line":149,"column":16},"end":{"line":149,"column":55}},{"start":{"line":149,"column":59},"end":{"line":149,"column":61}}],"line":149},"16":{"loc":{"start":{"line":150,"column":12},"end":{"line":150,"column":53}},"type":"binary-expr","locations":[{"start":{"line":150,"column":12},"end":{"line":150,"column":47}},{"start":{"line":150,"column":51},"end":{"line":150,"column":53}}],"line":150},"17":{"loc":{"start":{"line":151,"column":19},"end":{"line":151,"column":67}},"type":"binary-expr","locations":[{"start":{"line":151,"column":19},"end":{"line":151,"column":61}},{"start":{"line":151,"column":65},"end":{"line":151,"column":67}}],"line":151},"18":{"loc":{"start":{"line":152,"column":13},"end":{"line":152,"column":55}},"type":"binary-expr","locations":[{"start":{"line":152,"column":13},"end":{"line":152,"column":49}},{"start":{"line":152,"column":53},"end":{"line":152,"column":55}}],"line":152}},"s":{"0":4,"1":4,"2":13,"3":2,"4":11,"5":11,"6":11,"7":7,"8":0,"9":7,"10":0,"11":7,"12":0,"13":7,"14":7,"15":0,"16":7,"17":7,"18":7,"19":7,"20":7,"21":7,"22":2,"23":2,"24":0,"25":0,"26":0,"27":0,"28":0,"29":0,"30":0,"31":0,"32":0,"33":0,"34":0,"35":0,"36":0,"37":0,"38":0,"39":4},"f":{"0":13,"1":7,"2":2,"3":0,"4":0,"5":0,"6":0,"7":0},"b":{"0":[2,11],"1":[4,7],"2":[0,7],"3":[0,7],"4":[0,7],"5":[7,0],"6":[0,7],"7":[0,7],"8":[7,0],"9":[2,2],"10":[0,0],"11":[0,0],"12":[0,0],"13":[0,0],"14":[0,0],"15":[0,0],"16":[0,0],"17":[0,0],"18":[0,0]},"_coverageSchema":"1a1c01bbd47fc00a2c39e90264f33305004495a9","hash":"3a966bbe1972b0977023b21290ce58ceb3166f43"}
,"/home/runner/work/sc-digital-centre/sc-digital-centre/pages/api/aemServiceInstance.js": {"path":"/home/runner/work/sc-digital-centre/sc-digital-centre/pages/api/aemServiceInstance.js","statementMap":{"0":{"start":{"line":3,"column":27},"end":{"line":6,"column":1}}},"fnMap":{},"branchMap":{},"s":{"0":3},"f":{},"b":{},"_coverageSchema":"1a1c01bbd47fc00a2c39e90264f33305004495a9","hash":"6b69b82889618f4a8c711a8d0dda3e355567e0c7"}
,"/home/runner/work/sc-digital-centre/sc-digital-centre/pages/api/metrics.js": {"path":"/home/runner/work/sc-digital-centre/sc-digital-centre/pages/api/metrics.js","statementMap":{"0":{"start":{"line":3,"column":0},"end":{"line":3,"column":53}},"1":{"start":{"line":6,"column":2},"end":{"line":6,"column":53}},"2":{"start":{"line":7,"column":2},"end":{"line":7,"column":30}}},"fnMap":{"0":{"name":"handler","decl":{"start":{"line":5,"column":24},"end":{"line":5,"column":31}},"loc":{"start":{"line":5,"column":42},"end":{"line":8,"column":1}},"line":5}},"branchMap":{},"s":{"0":0,"1":0,"2":0},"f":{"0":0},"b":{}}
,"/home/runner/work/sc-digital-centre/sc-digital-centre/pages/benefits/[id].js": {"path":"/home/runner/work/sc-digital-centre/sc-digital-centre/pages/benefits/[id].js","statementMap":{"0":{"start":{"line":10,"column":22},"end":{"line":10,"column":44}},"1":{"start":{"line":12,"column":12},"end":{"line":12,"column":43}},"2":{"start":{"line":14,"column":2},"end":{"line":36,"column":3}},"3":{"start":{"line":40,"column":19},"end":{"line":40,"column":57}},"4":{"start":{"line":41,"column":16},"end":{"line":46,"column":4}},"5":{"start":{"line":42,"column":4},"end":{"line":45,"column":5}},"6":{"start":{"line":47,"column":2},"end":{"line":50,"column":3}},"7":{"start":{"line":54,"column":30},"end":{"line":54,"column":77}},"8":{"start":{"line":56,"column":2},"end":{"line":62,"column":3}},"9":{"start":{"line":65,"column":0},"end":{"line":80,"column":1}}},"fnMap":{"0":{"name":"BenefitPage","decl":{"start":{"line":9,"column":24},"end":{"line":9,"column":35}},"loc":{"start":{"line":9,"column":43},"end":{"line":37,"column":1}},"line":9},"1":{"name":"getStaticPaths","decl":{"start":{"line":39,"column":22},"end":{"line":39,"column":36}},"loc":{"start":{"line":39,"column":50},"end":{"line":51,"column":1}},"line":39},"2":{"name":"(anonymous_2)","decl":{"start":{"line":41,"column":47},"end":{"line":41,"column":48}},"loc":{"start":{"line":41,"column":67},"end":{"line":46,"column":3}},"line":41},"3":{"name":"getStaticProps","decl":{"start":{"line":53,"column":22},"end":{"line":53,"column":36}},"loc":{"start":{"line":53,"column":57},"end":{"line":63,"column":1}},"line":53}},"branchMap":{"0":{"loc":{"start":{"line":12,"column":12},"end":{"line":12,"column":43}},"type":"cond-expr","locations":[{"start":{"line":12,"column":36},"end":{"line":12,"column":38}},{"start":{"line":12,"column":41},"end":{"line":12,"column":43}}],"line":12},"1":{"loc":{"start":{"line":23,"column":9},"end":{"line":25,"column":39}},"type":"cond-expr","locations":[{"start":{"line":24,"column":12},"end":{"line":24,"column":39}},{"start":{"line":25,"column":12},"end":{"line":25,"column":39}}],"line":23},"2":{"loc":{"start":{"line":30,"column":11},"end":{"line":32,"column":51}},"type":"cond-expr","locations":[{"start":{"line":31,"column":14},"end":{"line":31,"column":51}},{"start":{"line":32,"column":14},"end":{"line":32,"column":51}}],"line":30}},"s":{"0":0,"1":0,"2":0,"3":0,"4":0,"5":0,"6":0,"7":0,"8":0,"9":0},"f":{"0":0,"1":0,"2":0,"3":0},"b":{"0":[0,0],"1":[0,0],"2":[0,0]}}
}
