TN:
SF:components/atoms/ActionButton.js
FN:7,ActionButton
FNF:1
FNH:1
FNDA:114,ActionButton
DA:20,114
DA:22,114
DA:52,11
LF:3
LH:3
BRDA:22,0,0,111
BRDA:22,0,1,3
BRDA:25,1,0,12
BRDA:25,1,1,99
BRDA:39,2,0,2
BRDA:39,2,1,1
BRF:6
BRH:6
end_of_record
TN:
SF:components/atoms/Breadcrumb.js
FN:7,Breadcrumb
FN:20,(anonymous_1)
FNF:2
FNH:2
FNDA:3,Breadcrumb
FNDA:1,(anonymous_1)
DA:8,3
DA:21,1
DA:41,1
LF:3
LH:3
BRDA:19,0,0,1
BRDA:19,0,1,2
BRF:2
BRH:2
end_of_record
TN:
SF:components/atoms/Card.js
FN:4,(anonymous_0)
FNF:1
FNH:1
FNDA:28,(anonymous_0)
DA:4,4
DA:12,28
DA:31,4
LF:3
LH:3
BRF:0
BRH:0
end_of_record
TN:
SF:components/atoms/ContactCard.js
FN:4,(anonymous_0)
FNF:1
FNH:1
FNDA:31,(anonymous_0)
DA:4,3
DA:13,31
DA:38,3
LF:3
LH:3
BRF:0
BRH:0
end_of_record
TN:
SF:components/atoms/DateModified.js
FN:6,DateModified
FNF:1
FNH:1
FNDA:16,DateModified
DA:7,16
DA:15,4
DA:20,4
LF:3
LH:3
BRF:0
BRH:0
end_of_record
TN:
SF:components/atoms/Meta.js
FN:5,Meta
FN:30,(anonymous_1)
FNF:2
FNH:1
FNDA:14,Meta
FNDA:0,(anonymous_1)
DA:6,14
DA:7,14
DA:8,14
DA:9,14
DA:10,14
DA:11,14
DA:12,14
DA:13,14
DA:14,14
DA:16,14
DA:31,0
DA:67,4
DA:73,4
LF:13
LH:12
BRDA:11,0,0,14
BRDA:11,0,1,14
BRDA:28,1,0,4
BRDA:28,1,1,10
BRDA:49,2,0,14
BRDA:49,2,1,0
BRF:6
BRH:5
end_of_record
TN:
SF:components/atoms/PhaseBanner.js
FN:7,PhaseBanner
FNF:1
FNH:1
FNDA:14,PhaseBanner
DA:8,14
DA:31,3
LF:2
LH:2
BRF:0
BRH:0
end_of_record
TN:
SF:components/atoms/SearchBar.js
FN:8,SearchBar
FN:11,(anonymous_1)
FN:32,(anonymous_2)
FNF:3
FNH:1
FNDA:19,SearchBar
FNDA:0,(anonymous_1)
FNDA:0,(anonymous_2)
DA:9,19
DA:10,19
DA:11,19
DA:12,0
DA:15,0
DA:16,0
DA:25,19
DA:32,0
DA:62,5
LF:9
LH:5
BRDA:15,0,0,0
BRDA:15,0,1,0
BRDA:56,1,0,19
BRDA:56,1,1,2
BRF:4
BRH:2
end_of_record
TN:
SF:components/molecules/CardList.js
FN:4,(anonymous_0)
FN:5,(anonymous_1)
FNF:2
FNH:2
FNDA:14,(anonymous_0)
FNDA:26,(anonymous_1)
DA:4,3
DA:5,14
DA:6,26
DA:17,14
DA:27,3
LF:5
LH:5
BRDA:22,0,0,14
BRDA:22,0,1,0
BRF:2
BRH:1
end_of_record
TN:
SF:components/molecules/ContactUs.js
FN:4,(anonymous_0)
FN:10,(anonymous_1)
FNF:2
FNH:2
FNDA:11,(anonymous_0)
FNDA:29,(anonymous_1)
DA:4,2
DA:5,11
DA:11,29
DA:28,2
LF:4
LH:4
BRF:0
BRH:0
end_of_record
TN:
SF:components/molecules/FeatureBlock.js
FN:7,FeatureBlock
FNF:1
FNH:1
FNDA:11,FeatureBlock
DA:8,11
DA:50,2
LF:2
LH:2
BRF:0
BRH:0
end_of_record
TN:
SF:components/molecules/Footer.js
FN:8,Footer
FN:28,(anonymous_1)
FN:54,(anonymous_2)
FNF:3
FNH:3
FNDA:14,Footer
FNDA:111,(anonymous_1)
FNDA:65,(anonymous_2)
DA:9,14
DA:29,111
DA:55,65
DA:90,3
LF:4
LH:4
BRDA:59,0,0,14
BRDA:59,0,1,51
BRF:2
BRH:2
end_of_record
TN:
SF:components/molecules/Header.js
FN:7,Header
FN:12,(anonymous_1)
FNF:2
FNH:2
FNDA:15,Header
FNDA:15,(anonymous_1)
DA:8,15
DA:9,15
DA:11,15
DA:12,15
DA:14,15
DA:15,0
DA:16,0
DA:17,0
DA:23,15
DA:26,15
DA:128,3
LF:11
LH:8
BRDA:14,0,0,0
BRDA:14,0,1,15
BRDA:14,1,0,15
BRDA:14,1,1,12
BRDA:14,1,2,0
BRDA:15,2,0,0
BRDA:15,2,1,0
BRDA:16,3,0,0
BRDA:16,3,1,0
BRDA:49,4,0,5
BRDA:49,4,1,10
BRDA:51,5,0,5
BRDA:51,5,1,10
BRDA:61,6,0,15
BRDA:61,6,1,15
BRDA:62,7,0,5
BRDA:62,7,1,10
BRDA:67,8,0,5
BRDA:67,8,1,10
BRDA:69,9,0,5
BRDA:69,9,1,10
BRDA:78,10,0,15
BRDA:78,10,1,15
BRDA:79,11,0,5
BRDA:79,11,1,10
BRDA:85,12,0,5
BRDA:85,12,1,10
BRDA:87,13,0,5
BRDA:87,13,1,10
BRF:29
BRH:23
end_of_record
TN:
SF:components/molecules/Menu.js
FN:9,Menu
FN:36,(anonymous_1)
FNF:2
FNH:2
FNDA:18,Menu
FNDA:54,(anonymous_1)
DA:11,18
DA:13,18
DA:37,54
DA:39,54
DA:73,4
LF:5
LH:5
BRDA:43,0,0,36
BRDA:43,0,1,18
BRDA:43,1,0,54
BRDA:43,1,1,36
BRDA:48,2,0,39
BRDA:48,2,1,15
BRF:6
BRH:6
end_of_record
TN:
SF:components/molecules/ModalElement.js
FN:4,ModalElement
FNF:1
FNH:1
FNDA:3,ModalElement
DA:5,3
DA:6,3
DA:9,0
DA:14,0
DA:36,1
LF:5
LH:3
BRDA:5,0,0,3
BRDA:5,0,1,0
BRDA:9,1,0,0
BRDA:9,1,1,0
BRF:4
BRH:1
end_of_record
TN:
SF:components/molecules/SearchCard.js
FN:5,SearchCard
FNF:1
FNH:1
FNDA:11,SearchCard
DA:6,11
DA:32,2
LF:2
LH:2
BRF:0
BRH:0
end_of_record
TN:
SF:components/molecules/SearchFilterForm.js
FN:3,SearchFilterForm
FN:5,(anonymous_1)
FN:15,(anonymous_2)
FN:25,(anonymous_3)
FNF:4
FNH:4
FNDA:5,SearchFilterForm
FNDA:23,(anonymous_1)
FNDA:12,(anonymous_2)
FNDA:12,(anonymous_3)
DA:4,5
DA:6,23
DA:14,5
DA:16,12
DA:24,5
DA:26,12
DA:42,5
DA:100,2
LF:8
LH:8
BRDA:4,0,0,4
BRDA:4,0,1,1
BRDA:14,1,0,4
BRDA:14,1,1,1
BRDA:24,2,0,4
BRDA:24,2,1,1
BRF:6
BRH:6
end_of_record
TN:
SF:components/molecules/SearchHeader.js
FN:4,SearchHeader
FN:31,(anonymous_1)
FNF:2
FNH:1
FNDA:6,SearchHeader
FNDA:0,(anonymous_1)
DA:5,6
DA:31,0
DA:46,2
LF:3
LH:2
BRF:0
BRH:0
end_of_record
TN:
SF:components/molecules/ServiceCanada.js
FN:4,(anonymous_0)
FNF:1
FNH:1
FNDA:11,(anonymous_0)
DA:4,2
DA:12,11
DA:36,2
LF:3
LH:3
BRF:0
BRH:0
end_of_record
TN:
SF:components/molecules/TopTasks.js
FN:4,TopTasks
FN:12,(anonymous_1)
FNF:2
FNH:2
FNDA:11,TopTasks
FNDA:11,(anonymous_1)
DA:5,11
DA:13,11
DA:26,2
LF:3
LH:3
BRF:0
BRH:0
end_of_record
TN:
SF:components/organisms/ImageBox.js
FN:8,ImageBox
FNF:1
FNH:1
FNDA:11,ImageBox
DA:9,11
DA:32,2
LF:2
LH:2
BRF:0
BRH:0
end_of_record
TN:
SF:components/organisms/Layout.js
FN:15,Layout
FN:24,(anonymous_1)
FNF:2
FNH:2
FNDA:12,Layout
FNDA:12,(anonymous_1)
DA:22,12
DA:24,12
DA:25,12
DA:26,0
DA:40,12
DA:135,2
LF:6
LH:5
BRDA:22,0,0,3
BRDA:22,0,1,9
BRDA:25,1,0,0
BRDA:25,1,1,12
BRDA:30,2,0,0
BRDA:30,2,1,0
BRDA:123,3,0,0
BRDA:123,3,1,12
BRF:8
BRH:4
end_of_record
TN:
SF:pages/_app.js
FN:4,MyApp
FNF:1
FNH:0
FNDA:0,MyApp
DA:5,0
LF:1
LH:0
BRF:0
BRH:0
end_of_record
TN:
SF:pages/_document.js
FN:4,(anonymous_0)
FN:10,(anonymous_1)
FNF:2
FNH:0
FNDA:0,(anonymous_0)
FNDA:0,(anonymous_1)
DA:5,0
DA:6,0
DA:7,0
DA:11,0
LF:4
LH:0
BRDA:20,0,0,0
BRDA:20,0,1,0
BRF:2
BRH:0
end_of_record
TN:
SF:pages/home.js
FN:22,Home
FN:32,(anonymous_1)
FN:33,(anonymous_2)
FN:48,(anonymous_3)
FN:116,getStaticProps
FN:137,(anonymous_5)
FNF:6
FNH:4
FNDA:9,Home
FNDA:9,(anonymous_1)
FNDA:9,(anonymous_2)
FNDA:9,(anonymous_3)
FNDA:0,getStaticProps
FNDA:0,(anonymous_5)
DA:31,9
DA:32,9
DA:33,9
DA:34,9
DA:35,9
DA:36,9
DA:37,9
DA:38,8
DA:39,8
DA:41,9
DA:43,0
DA:48,9
DA:49,9
DA:53,9
DA:117,0
DA:118,0
DA:119,0
DA:121,0
DA:123,0
DA:124,0
DA:125,0
DA:129,0
DA:130,0
DA:131,0
DA:135,0
DA:136,0
DA:137,0
DA:139,0
DA:140,0
DA:146,0
DA:147,0
DA:148,0
DA:150,0
LF:33
LH:13
BRDA:31,0,0,1
BRDA:31,0,1,8
BRDA:37,1,0,8
BRDA:37,1,1,1
BRDA:49,2,0,8
BRDA:49,2,1,1
BRDA:124,3,0,0
BRDA:124,3,1,0
BRDA:130,4,0,0
BRDA:130,4,1,0
BRDA:136,5,0,0
BRDA:136,5,1,0
BRDA:139,6,0,0
BRDA:139,6,1,0
BRF:14
BRH:6
end_of_record
TN:
SF:pages/index.js
FN:4,Splash
FN:139,getStaticProps
FNF:2
FNH:1
FNDA:1,Splash
FNDA:0,getStaticProps
DA:5,1
DA:140,0
LF:2
LH:1
BRF:0
BRH:0
end_of_record
TN:
SF:pages/search.js
FN:14,SearchResult
FN:52,(anonymous_1)
FN:59,filterSubmitHandler
FN:64,filterCancelHandler
FN:134,getStaticProps
FNF:5
FNH:2
FNDA:3,SearchResult
FNDA:3,(anonymous_1)
FNDA:0,filterSubmitHandler
FNDA:0,filterCancelHandler
FNDA:0,getStaticProps
DA:20,3
DA:21,3
DA:22,3
DA:23,3
DA:24,3
DA:28,3
DA:37,3
DA:42,3
DA:52,3
DA:53,3
DA:54,0
DA:60,0
DA:61,0
DA:65,0
DA:66,0
DA:69,3
DA:135,0
DA:136,0
DA:137,0
DA:139,0
LF:20
LH:11
BRDA:20,0,0,2
BRDA:20,0,1,1
BRDA:53,1,0,0
BRDA:53,1,1,3
BRDA:80,2,0,3
BRDA:80,2,1,0
BRF:6
BRH:4
end_of_record
TN:
SF:pages/api/AEMServiceClass.js
FN:32,(anonymous_0)
FN:44,(anonymous_1)
FN:78,(anonymous_2)
FN:86,(anonymous_3)
FN:95,(anonymous_4)
FN:102,(anonymous_5)
FN:110,(anonymous_6)
FN:147,(anonymous_7)
FN:158,(anonymous_8)
FNF:9
FNH:3
FNDA:12,(anonymous_0)
FNDA:7,(anonymous_1)
FNDA:2,(anonymous_2)
FNDA:0,(anonymous_3)
FNDA:0,(anonymous_4)
FNDA:0,(anonymous_5)
FNDA:0,(anonymous_6)
FNDA:0,(anonymous_7)
FNDA:0,(anonymous_8)
DA:8,3
DA:10,3
DA:33,12
DA:35,10
DA:38,10
DA:41,10
DA:45,7
DA:48,7
DA:49,0
DA:54,7
DA:55,0
DA:56,7
DA:57,7
DA:59,0
DA:63,7
DA:67,7
DA:68,7
DA:71,7
DA:72,7
DA:75,7
DA:79,2
DA:80,2
DA:87,0
DA:89,0
DA:96,0
DA:97,0
DA:98,0
DA:99,0
DA:101,0
DA:102,0
DA:103,0
DA:109,0
DA:111,0
DA:116,0
DA:138,0
DA:148,0
DA:149,0
DA:159,0
DA:160,0
DA:208,3
LF:40
LH:20
BRDA:33,0,0,2
BRDA:33,0,1,10
BRDA:35,1,0,3
BRDA:35,1,1,7
BRDA:45,2,0,0
BRDA:45,2,1,7
BRDA:48,3,0,0
BRDA:48,3,1,7
BRDA:54,4,0,0
BRDA:54,4,1,7
BRDA:56,5,0,7
BRDA:56,5,1,0
BRDA:67,6,0,0
BRDA:67,6,1,7
BRDA:68,7,0,0
BRDA:68,7,1,7
BRDA:71,8,0,7
BRDA:71,8,1,0
BRDA:81,9,0,2
BRDA:81,9,1,2
BRDA:101,10,0,0
BRDA:101,10,1,0
BRDA:117,11,0,0
BRDA:117,11,1,0
BRDA:118,12,0,0
BRDA:118,12,1,0
BRDA:119,13,0,0
BRDA:119,13,1,0
BRDA:120,14,0,0
BRDA:120,14,1,0
BRDA:150,15,0,0
BRDA:150,15,1,0
BRDA:151,16,0,0
BRDA:151,16,1,0
BRDA:152,17,0,0
BRDA:152,17,1,0
BRDA:153,18,0,0
BRDA:153,18,1,0
BRDA:162,19,0,0
BRDA:162,19,1,0
BRDA:163,20,0,0
BRDA:163,20,1,0
BRDA:170,21,0,0
BRDA:170,21,1,0
BRDA:171,22,0,0
BRDA:171,22,1,0
BRDA:175,23,0,0
BRDA:175,23,1,0
BRDA:176,24,0,0
BRDA:176,24,1,0
BRDA:179,25,0,0
BRDA:179,25,1,0
BRDA:180,26,0,0
BRDA:180,26,1,0
BRDA:183,27,0,0
BRDA:183,27,1,0
BRDA:184,28,0,0
BRDA:184,28,1,0
BRDA:186,29,0,0
BRDA:186,29,1,0
BRDA:187,30,0,0
BRDA:187,30,1,0
BRDA:188,31,0,0
BRDA:188,31,1,0
BRDA:191,32,0,0
BRDA:191,32,1,0
BRDA:192,33,0,0
BRDA:192,33,1,0
BRDA:193,34,0,0
BRDA:193,34,1,0
BRDA:194,35,0,0
BRDA:194,35,1,0
BRDA:197,36,0,0
BRDA:197,36,1,0
BRDA:198,37,0,0
BRDA:198,37,1,0
BRDA:199,38,0,0
BRDA:199,38,1,0
BRDA:200,39,0,0
BRDA:200,39,1,0
BRF:80
BRH:13
end_of_record
TN:
SF:pages/api/aemServiceInstance.js
FNF:0
FNH:0
DA:3,2
LF:1
LH:1
BRF:0
BRH:0
end_of_record
TN:
SF:pages/api/metrics.js
FN:5,handler
FNF:1
FNH:0
FNDA:0,handler
DA:3,0
DA:6,0
DA:7,0
LF:3
LH:0
BRF:0
BRH:0
end_of_record
TN:
SF:pages/benefits/[id].js
FN:7,BenefitPage
FN:30,getStaticPaths
FN:32,(anonymous_2)
FN:42,getStaticProps
FNF:4
FNH:0
FNDA:0,BenefitPage
FNDA:0,getStaticPaths
FNDA:0,(anonymous_2)
FNDA:0,getStaticProps
DA:8,0
DA:10,0
DA:12,0
DA:31,0
DA:32,0
DA:33,0
DA:36,0
DA:43,0
DA:44,0
DA:46,0
LF:10
LH:0
BRDA:10,0,0,0
BRDA:10,0,1,0
BRF:2
BRH:0
end_of_record
