<?xml version="1.0" encoding="UTF-8"?>
<coverage generated="1652445616128" clover="3.2.0">
  <project timestamp="1652445616128" name="All files">
    <metrics statements="335" coveredstatements="196" conditionals="292" coveredconditionals="173" methods="115" coveredmethods="68" elements="742" coveredelements="437" complexity="0" loc="335" ncloc="335" packages="7" files="45" classes="45"/>
    <package name="components.atoms">
      <metrics statements="92" coveredstatements="74" conditionals="86" coveredconditionals="64" methods="34" coveredmethods="29"/>
      <file name="ActionButton.js" path="/home/runner/work/sc-digital-centre/sc-digital-centre/components/atoms/ActionButton.js">
        <metrics statements="4" coveredstatements="4" conditionals="6" coveredconditionals="6" methods="1" coveredmethods="1"/>
        <line num="8" count="35" type="stmt"/>
        <line num="11" count="35" type="stmt"/>
        <line num="13" count="35" type="cond" truecount="2" falsecount="0"/>
        <line num="43" count="11" type="stmt"/>
      </file>
      <file name="BenefitCardHeaderActive.js" path="/home/runner/work/sc-digital-centre/sc-digital-centre/components/atoms/BenefitCardHeaderActive.js">
        <metrics statements="28" coveredstatements="16" conditionals="34" coveredconditionals="21" methods="7" coveredmethods="4"/>
        <line num="13" count="9" type="cond" truecount="2" falsecount="0"/>
        <line num="14" count="9" type="stmt"/>
        <line num="15" count="9" type="cond" truecount="2" falsecount="0"/>
        <line num="16" count="2" type="stmt"/>
        <line num="17" count="7" type="cond" truecount="1" falsecount="1"/>
        <line num="21" count="0" type="stmt"/>
        <line num="22" count="0" type="stmt"/>
        <line num="24" count="7" type="stmt"/>
        <line num="28" count="9" type="stmt"/>
        <line num="30" count="0" type="cond" truecount="0" falsecount="4"/>
        <line num="31" count="0" type="stmt"/>
        <line num="32" count="0" type="cond" truecount="0" falsecount="2"/>
        <line num="36" count="0" type="stmt"/>
        <line num="38" count="0" type="stmt"/>
        <line num="40" count="0" type="stmt"/>
        <line num="43" count="9" type="stmt"/>
        <line num="44" count="9" type="cond" truecount="3" falsecount="1"/>
        <line num="45" count="0" type="stmt"/>
        <line num="46" count="9" type="cond" truecount="1" falsecount="1"/>
        <line num="50" count="0" type="stmt"/>
        <line num="52" count="9" type="stmt"/>
        <line num="56" count="9" type="stmt"/>
        <line num="57" count="9" type="cond" truecount="3" falsecount="1"/>
        <line num="58" count="0" type="stmt"/>
        <line num="59" count="9" type="cond" truecount="1" falsecount="1"/>
        <line num="63" count="0" type="stmt"/>
        <line num="65" count="9" type="stmt"/>
        <line num="69" count="9" type="stmt"/>
      </file>
      <file name="BenefitCardHeaderActiveAgreement.js" path="/home/runner/work/sc-digital-centre/sc-digital-centre/components/atoms/BenefitCardHeaderActiveAgreement.js">
        <metrics statements="6" coveredstatements="5" conditionals="4" coveredconditionals="3" methods="2" coveredmethods="2"/>
        <line num="8" count="2" type="cond" truecount="2" falsecount="0"/>
        <line num="9" count="2" type="stmt"/>
        <line num="10" count="2" type="cond" truecount="1" falsecount="1"/>
        <line num="11" count="0" type="stmt"/>
        <line num="13" count="2" type="stmt"/>
        <line num="17" count="2" type="stmt"/>
      </file>
      <file name="BenefitCardHeaderInactive.js" path="/home/runner/work/sc-digital-centre/sc-digital-centre/components/atoms/BenefitCardHeaderInactive.js">
        <metrics statements="4" coveredstatements="4" conditionals="2" coveredconditionals="2" methods="2" coveredmethods="2"/>
        <line num="8" count="4" type="cond" truecount="2" falsecount="0"/>
        <line num="9" count="4" type="stmt"/>
        <line num="10" count="4" type="stmt"/>
        <line num="13" count="4" type="stmt"/>
      </file>
      <file name="BenefitCardHeaderPending.js" path="/home/runner/work/sc-digital-centre/sc-digital-centre/components/atoms/BenefitCardHeaderPending.js">
        <metrics statements="6" coveredstatements="6" conditionals="4" coveredconditionals="4" methods="2" coveredmethods="2"/>
        <line num="8" count="7" type="cond" truecount="2" falsecount="0"/>
        <line num="9" count="7" type="stmt"/>
        <line num="10" count="7" type="cond" truecount="2" falsecount="0"/>
        <line num="11" count="2" type="stmt"/>
        <line num="13" count="5" type="stmt"/>
        <line num="17" count="7" type="stmt"/>
      </file>
      <file name="Breadcrumb.js" path="/home/runner/work/sc-digital-centre/sc-digital-centre/components/atoms/Breadcrumb.js">
        <metrics statements="3" coveredstatements="3" conditionals="2" coveredconditionals="2" methods="2" coveredmethods="2"/>
        <line num="8" count="3" type="stmt"/>
        <line num="21" count="1" type="stmt"/>
        <line num="41" count="1" type="stmt"/>
      </file>
      <file name="Card.js" path="/home/runner/work/sc-digital-centre/sc-digital-centre/components/atoms/Card.js">
        <metrics statements="2" coveredstatements="2" conditionals="0" coveredconditionals="0" methods="1" coveredmethods="1"/>
        <line num="5" count="2" type="stmt"/>
        <line num="23" count="1" type="stmt"/>
      </file>
      <file name="DateModified.js" path="/home/runner/work/sc-digital-centre/sc-digital-centre/components/atoms/DateModified.js">
        <metrics statements="3" coveredstatements="3" conditionals="0" coveredconditionals="0" methods="1" coveredmethods="1"/>
        <line num="7" count="4" type="stmt"/>
        <line num="15" count="9" type="stmt"/>
        <line num="20" count="9" type="stmt"/>
      </file>
      <file name="HorizontalRule.js" path="/home/runner/work/sc-digital-centre/sc-digital-centre/components/atoms/HorizontalRule.js">
        <metrics statements="7" coveredstatements="5" conditionals="8" coveredconditionals="5" methods="1" coveredmethods="1"/>
        <line num="5" count="70" type="cond" truecount="2" falsecount="2"/>
        <line num="6" count="0" type="stmt"/>
        <line num="11" count="70" type="cond" truecount="1" falsecount="1"/>
        <line num="12" count="0" type="stmt"/>
        <line num="17" count="70" type="cond" truecount="2" falsecount="0"/>
        <line num="18" count="39" type="stmt"/>
        <line num="24" count="31" type="stmt"/>
      </file>
      <file name="Meta.js" path="/home/runner/work/sc-digital-centre/sc-digital-centre/components/atoms/Meta.js">
        <metrics statements="4" coveredstatements="4" conditionals="4" coveredconditionals="4" methods="2" coveredmethods="2"/>
        <line num="6" count="8" type="stmt"/>
        <line num="25" count="2" type="stmt"/>
        <line num="63" count="8" type="stmt"/>
        <line num="69" count="8" type="stmt"/>
      </file>
      <file name="NoBenefitCardHeader.js" path="/home/runner/work/sc-digital-centre/sc-digital-centre/components/atoms/NoBenefitCardHeader.js">
        <metrics statements="5" coveredstatements="5" conditionals="2" coveredconditionals="2" methods="2" coveredmethods="2"/>
        <line num="6" count="8" type="cond" truecount="2" falsecount="0"/>
        <line num="7" count="8" type="stmt"/>
        <line num="9" count="8" type="stmt"/>
        <line num="10" count="16" type="stmt"/>
        <line num="13" count="8" type="stmt"/>
      </file>
      <file name="PhaseBanner.js" path="/home/runner/work/sc-digital-centre/sc-digital-centre/components/atoms/PhaseBanner.js">
        <metrics statements="2" coveredstatements="2" conditionals="0" coveredconditionals="0" methods="1" coveredmethods="1"/>
        <line num="8" count="2" type="stmt"/>
        <line num="31" count="8" type="stmt"/>
      </file>
      <file name="ProfileInfoSection.js" path="/home/runner/work/sc-digital-centre/sc-digital-centre/components/atoms/ProfileInfoSection.js">
        <metrics statements="5" coveredstatements="5" conditionals="4" coveredconditionals="2" methods="3" coveredmethods="3"/>
        <line num="7" count="8" type="cond" truecount="1" falsecount="1"/>
        <line num="8" count="8" type="stmt"/>
        <line num="16" count="22" type="stmt"/>
        <line num="33" count="36" type="stmt"/>
        <line num="44" count="3" type="stmt"/>
      </file>
      <file name="StatusBadge.js" path="/home/runner/work/sc-digital-centre/sc-digital-centre/components/atoms/StatusBadge.js">
        <metrics statements="3" coveredstatements="3" conditionals="10" coveredconditionals="9" methods="1" coveredmethods="1"/>
        <line num="11" count="24" type="cond" truecount="2" falsecount="0"/>
        <line num="12" count="24" type="stmt"/>
        <line num="34" count="7" type="stmt"/>
      </file>
      <file name="TabList.js" path="/home/runner/work/sc-digital-centre/sc-digital-centre/components/atoms/TabList.js">
        <metrics statements="8" coveredstatements="5" conditionals="4" coveredconditionals="2" methods="5" coveredmethods="3"/>
        <line num="8" count="4" type="stmt"/>
        <line num="9" count="4" type="stmt"/>
        <line num="10" count="9" type="stmt"/>
        <line num="16" count="0" type="cond" truecount="0" falsecount="2"/>
        <line num="17" count="0" type="stmt"/>
        <line num="30" count="0" type="stmt"/>
        <line num="37" count="4" type="stmt"/>
        <line num="44" count="2" type="stmt"/>
      </file>
      <file name="ViewMoreLessButton.js" path="/home/runner/work/sc-digital-centre/sc-digital-centre/components/atoms/ViewMoreLessButton.js">
        <metrics statements="2" coveredstatements="2" conditionals="2" coveredconditionals="2" methods="1" coveredmethods="1"/>
        <line num="5" count="19" type="stmt"/>
        <line num="25" count="5" type="stmt"/>
      </file>
    </package>
    <package name="components.molecules">
      <metrics statements="125" coveredstatements="96" conditionals="128" coveredconditionals="91" methods="41" coveredmethods="28"/>
      <file name="BenefitApplicationCard.js" path="/home/runner/work/sc-digital-centre/sc-digital-centre/components/molecules/BenefitApplicationCard.js">
        <metrics statements="11" coveredstatements="11" conditionals="9" coveredconditionals="9" methods="3" coveredmethods="3"/>
        <line num="8" count="2" type="stmt"/>
        <line num="9" count="8" type="cond" truecount="2" falsecount="0"/>
        <line num="10" count="8" type="stmt"/>
        <line num="11" count="8" type="stmt"/>
        <line num="12" count="8" type="stmt"/>
        <line num="14" count="8" type="stmt"/>
        <line num="15" count="8" type="stmt"/>
        <line num="22" count="8" type="stmt"/>
        <line num="23" count="16" type="cond" truecount="2" falsecount="0"/>
        <line num="28" count="8" type="stmt"/>
        <line num="93" count="2" type="stmt"/>
      </file>
      <file name="BenefitCard.js" path="/home/runner/work/sc-digital-centre/sc-digital-centre/components/molecules/BenefitCard.js">
        <metrics statements="37" coveredstatements="26" conditionals="37" coveredconditionals="25" methods="9" coveredmethods="4"/>
        <line num="16" count="2" type="stmt"/>
        <line num="17" count="13" type="cond" truecount="2" falsecount="0"/>
        <line num="18" count="13" type="stmt"/>
        <line num="19" count="13" type="stmt"/>
        <line num="20" count="13" type="stmt"/>
        <line num="21" count="13" type="stmt"/>
        <line num="22" count="13" type="stmt"/>
        <line num="23" count="0" type="cond" truecount="0" falsecount="2"/>
        <line num="24" count="0" type="stmt"/>
        <line num="27" count="13" type="stmt"/>
        <line num="29" count="12" type="cond" truecount="3" falsecount="1"/>
        <line num="31" count="0" type="stmt"/>
        <line num="32" count="12" type="cond" truecount="1" falsecount="1"/>
        <line num="37" count="0" type="stmt"/>
        <line num="40" count="12" type="stmt"/>
        <line num="42" count="0" type="stmt"/>
        <line num="45" count="13" type="stmt"/>
        <line num="46" count="0" type="cond" truecount="0" falsecount="4"/>
        <line num="47" count="0" type="cond" truecount="0" falsecount="2"/>
        <line num="58" count="13" type="stmt"/>
        <line num="59" count="13" type="cond" truecount="4" falsecount="1"/>
        <line num="61" count="6" type="stmt"/>
        <line num="70" count="4" type="stmt"/>
        <line num="77" count="2" type="stmt"/>
        <line num="84" count="1" type="stmt"/>
        <line num="91" count="0" type="stmt"/>
        <line num="95" count="13" type="stmt"/>
        <line num="96" count="25" type="cond" truecount="4" falsecount="0"/>
        <line num="98" count="12" type="stmt"/>
        <line num="105" count="8" type="stmt"/>
        <line num="112" count="4" type="stmt"/>
        <line num="118" count="1" type="stmt"/>
        <line num="122" count="13" type="stmt"/>
        <line num="148" count="0" type="stmt"/>
        <line num="169" count="0" type="stmt"/>
        <line num="170" count="0" type="stmt"/>
        <line num="182" count="2" type="stmt"/>
      </file>
      <file name="BenefitCardHeaderSummary.js" path="/home/runner/work/sc-digital-centre/sc-digital-centre/components/molecules/BenefitCardHeaderSummary.js">
        <metrics statements="13" coveredstatements="8" conditionals="11" coveredconditionals="6" methods="3" coveredmethods="3"/>
        <line num="8" count="3" type="cond" truecount="2" falsecount="0"/>
        <line num="9" count="2" type="stmt"/>
        <line num="11" count="2" type="stmt"/>
        <line num="12" count="2" type="cond" truecount="1" falsecount="4"/>
        <line num="14" count="2" type="stmt"/>
        <line num="19" count="0" type="stmt"/>
        <line num="23" count="0" type="stmt"/>
        <line num="24" count="0" type="stmt"/>
        <line num="26" count="0" type="stmt"/>
        <line num="27" count="0" type="stmt"/>
        <line num="31" count="2" type="stmt"/>
        <line num="36" count="2" type="cond" truecount="1" falsecount="1"/>
        <line num="48" count="3" type="stmt"/>
      </file>
      <file name="BenefitTasks.js" path="/home/runner/work/sc-digital-centre/sc-digital-centre/components/molecules/BenefitTasks.js">
        <metrics statements="6" coveredstatements="6" conditionals="8" coveredconditionals="7" methods="2" coveredmethods="2"/>
        <line num="6" count="18" type="cond" truecount="2" falsecount="0"/>
        <line num="7" count="18" type="cond" truecount="1" falsecount="1"/>
        <line num="10" count="18" type="stmt"/>
        <line num="12" count="18" type="stmt"/>
        <line num="23" count="73" type="stmt"/>
        <line num="39" count="5" type="stmt"/>
      </file>
      <file name="DSFooter.js" path="/home/runner/work/sc-digital-centre/sc-digital-centre/components/molecules/DSFooter.js">
        <metrics statements="1" coveredstatements="1" conditionals="0" coveredconditionals="0" methods="1" coveredmethods="1"/>
        <line num="4" count="8" type="stmt"/>
      </file>
      <file name="DSHeader.js" path="/home/runner/work/sc-digital-centre/sc-digital-centre/components/molecules/DSHeader.js">
        <metrics statements="3" coveredstatements="2" conditionals="2" coveredconditionals="1" methods="4" coveredmethods="1"/>
        <line num="7" count="14" type="cond" truecount="1" falsecount="1"/>
        <line num="8" count="7" type="stmt"/>
        <line num="31" count="0" type="stmt"/>
      </file>
      <file name="Footer.js" path="/home/runner/work/sc-digital-centre/sc-digital-centre/components/molecules/Footer.js">
        <metrics statements="4" coveredstatements="4" conditionals="2" coveredconditionals="2" methods="3" coveredmethods="3"/>
        <line num="9" count="2" type="stmt"/>
        <line num="29" count="3" type="stmt"/>
        <line num="55" count="5" type="stmt"/>
        <line num="90" count="8" type="stmt"/>
      </file>
      <file name="Greeting.js" path="/home/runner/work/sc-digital-centre/sc-digital-centre/components/molecules/Greeting.js">
        <metrics statements="2" coveredstatements="2" conditionals="2" coveredconditionals="1" methods="1" coveredmethods="1"/>
        <line num="6" count="1" type="cond" truecount="1" falsecount="1"/>
        <line num="8" count="1" type="stmt"/>
      </file>
      <file name="Header.js" path="/home/runner/work/sc-digital-centre/sc-digital-centre/components/molecules/Header.js">
        <metrics statements="10" coveredstatements="9" conditionals="25" coveredconditionals="22" methods="2" coveredmethods="2"/>
        <line num="8" count="3" type="stmt"/>
        <line num="9" count="3" type="stmt"/>
        <line num="10" count="3" type="stmt"/>
        <line num="12" count="3" type="stmt"/>
        <line num="13" count="3" type="stmt"/>
        <line num="15" count="3" type="cond" truecount="2" falsecount="3"/>
        <line num="16" count="0" type="stmt"/>
        <line num="20" count="3" type="stmt"/>
        <line num="23" count="3" type="stmt"/>
        <line num="129" count="1" type="stmt"/>
      </file>
      <file name="Menu.js" path="/home/runner/work/sc-digital-centre/sc-digital-centre/components/molecules/Menu.js">
        <metrics statements="5" coveredstatements="5" conditionals="6" coveredconditionals="6" methods="2" coveredmethods="2"/>
        <line num="11" count="6" type="stmt"/>
        <line num="13" count="6" type="stmt"/>
        <line num="42" count="18" type="stmt"/>
        <line num="44" count="18" type="stmt"/>
        <line num="78" count="2" type="stmt"/>
      </file>
      <file name="NoBenefitCard.js" path="/home/runner/work/sc-digital-centre/sc-digital-centre/components/molecules/NoBenefitCard.js">
        <metrics statements="16" coveredstatements="10" conditionals="12" coveredconditionals="4" methods="4" coveredmethods="1"/>
        <line num="9" count="2" type="stmt"/>
        <line num="10" count="6" type="cond" truecount="2" falsecount="0"/>
        <line num="11" count="6" type="stmt"/>
        <line num="12" count="6" type="stmt"/>
        <line num="13" count="6" type="stmt"/>
        <line num="14" count="6" type="stmt"/>
        <line num="15" count="6" type="stmt"/>
        <line num="16" count="0" type="cond" truecount="0" falsecount="2"/>
        <line num="17" count="0" type="stmt"/>
        <line num="20" count="6" type="stmt"/>
        <line num="21" count="0" type="cond" truecount="0" falsecount="4"/>
        <line num="22" count="0" type="cond" truecount="0" falsecount="2"/>
        <line num="33" count="6" type="stmt"/>
        <line num="53" count="0" type="stmt"/>
        <line num="54" count="0" type="stmt"/>
        <line num="65" count="2" type="stmt"/>
      </file>
      <file name="ProfileInfo.js" path="/home/runner/work/sc-digital-centre/sc-digital-centre/components/molecules/ProfileInfo.js">
        <metrics statements="3" coveredstatements="3" conditionals="0" coveredconditionals="0" methods="2" coveredmethods="2"/>
        <line num="5" count="3" type="stmt"/>
        <line num="8" count="6" type="stmt"/>
        <line num="19" count="2" type="stmt"/>
      </file>
      <file name="SplashLanguageSelect.js" path="/home/runner/work/sc-digital-centre/sc-digital-centre/components/molecules/SplashLanguageSelect.js">
        <metrics statements="1" coveredstatements="1" conditionals="0" coveredconditionals="0" methods="1" coveredmethods="1"/>
        <line num="6" count="3" type="stmt"/>
      </file>
      <file name="UniversalBenefitCard.js" path="/home/runner/work/sc-digital-centre/sc-digital-centre/components/molecules/UniversalBenefitCard.js">
        <metrics statements="13" coveredstatements="8" conditionals="14" coveredconditionals="8" methods="4" coveredmethods="2"/>
        <line num="12" count="6" type="cond" truecount="2" falsecount="0"/>
        <line num="13" count="2" type="stmt"/>
        <line num="15" count="2" type="stmt"/>
        <line num="20" count="2" type="stmt"/>
        <line num="21" count="2" type="stmt"/>
        <line num="23" count="2" type="stmt"/>
        <line num="40" count="1" type="stmt"/>
        <line num="57" count="0" type="stmt"/>
        <line num="58" count="0" type="cond" truecount="0" falsecount="2"/>
        <line num="59" count="0" type="stmt"/>
        <line num="63" count="0" type="stmt"/>
        <line num="75" count="0" type="stmt"/>
        <line num="92" count="2" type="stmt"/>
      </file>
    </package>
    <package name="components.organisms">
      <metrics statements="21" coveredstatements="6" conditionals="22" coveredconditionals="9" methods="9" coveredmethods="2"/>
      <file name="DashboardUtils.js" path="/home/runner/work/sc-digital-centre/sc-digital-centre/components/organisms/DashboardUtils.js">
        <metrics statements="14" coveredstatements="0" conditionals="6" coveredconditionals="0" methods="7" coveredmethods="0"/>
        <line num="8" count="0" type="stmt"/>
        <line num="9" count="0" type="cond" truecount="0" falsecount="2"/>
        <line num="10" count="0" type="stmt"/>
        <line num="13" count="0" type="stmt"/>
        <line num="17" count="0" type="stmt"/>
        <line num="18" count="0" type="cond" truecount="0" falsecount="2"/>
        <line num="19" count="0" type="stmt"/>
        <line num="22" count="0" type="stmt"/>
        <line num="26" count="0" type="stmt"/>
        <line num="27" count="0" type="cond" truecount="0" falsecount="2"/>
        <line num="28" count="0" type="stmt"/>
        <line num="31" count="0" type="stmt"/>
        <line num="35" count="0" type="stmt"/>
        <line num="36" count="0" type="stmt"/>
      </file>
      <file name="Layout.js" path="/home/runner/work/sc-digital-centre/sc-digital-centre/components/organisms/Layout.js">
        <metrics statements="7" coveredstatements="6" conditionals="16" coveredconditionals="9" methods="2" coveredmethods="2"/>
        <line num="17" count="14" type="cond" truecount="1" falsecount="1"/>
        <line num="19" count="7" type="stmt"/>
        <line num="20" count="7" type="cond" truecount="1" falsecount="1"/>
        <line num="21" count="0" type="stmt"/>
        <line num="35" count="7" type="stmt"/>
        <line num="161" count="7" type="stmt"/>
        <line num="192" count="7" type="stmt"/>
      </file>
    </package>
    <package name="pages">
      <metrics statements="81" coveredstatements="20" conditionals="56" coveredconditionals="9" methods="26" coveredmethods="9"/>
      <file name="400.js" path="/home/runner/work/sc-digital-centre/sc-digital-centre/pages/400.js">
        <metrics statements="5" coveredstatements="2" conditionals="4" coveredconditionals="1" methods="2" coveredmethods="1"/>
        <line num="5" count="2" type="cond" truecount="1" falsecount="1"/>
        <line num="6" count="1" type="stmt"/>
        <line num="27" count="0" type="cond" truecount="0" falsecount="2"/>
        <line num="28" count="0" type="stmt"/>
        <line num="33" count="0" type="stmt"/>
      </file>
      <file name="404.js" path="/home/runner/work/sc-digital-centre/sc-digital-centre/pages/404.js">
        <metrics statements="5" coveredstatements="2" conditionals="4" coveredconditionals="1" methods="2" coveredmethods="1"/>
        <line num="5" count="2" type="cond" truecount="1" falsecount="1"/>
        <line num="6" count="1" type="stmt"/>
        <line num="27" count="0" type="cond" truecount="0" falsecount="2"/>
        <line num="28" count="0" type="stmt"/>
        <line num="33" count="0" type="stmt"/>
      </file>
      <file name="500.js" path="/home/runner/work/sc-digital-centre/sc-digital-centre/pages/500.js">
        <metrics statements="5" coveredstatements="2" conditionals="4" coveredconditionals="1" methods="2" coveredmethods="1"/>
        <line num="5" count="2" type="cond" truecount="1" falsecount="1"/>
        <line num="6" count="1" type="stmt"/>
        <line num="27" count="0" type="cond" truecount="0" falsecount="2"/>
        <line num="28" count="0" type="stmt"/>
        <line num="33" count="0" type="stmt"/>
      </file>
      <file name="503.js" path="/home/runner/work/sc-digital-centre/sc-digital-centre/pages/503.js">
        <metrics statements="5" coveredstatements="2" conditionals="4" coveredconditionals="1" methods="2" coveredmethods="1"/>
        <line num="5" count="2" type="cond" truecount="1" falsecount="1"/>
        <line num="6" count="1" type="stmt"/>
        <line num="27" count="0" type="cond" truecount="0" falsecount="2"/>
        <line num="28" count="0" type="stmt"/>
        <line num="33" count="0" type="stmt"/>
      </file>
      <file name="_app.js" path="/home/runner/work/sc-digital-centre/sc-digital-centre/pages/_app.js">
        <metrics statements="1" coveredstatements="0" conditionals="0" coveredconditionals="0" methods="1" coveredmethods="0"/>
        <line num="5" count="0" type="stmt"/>
      </file>
      <file name="_document.js" path="/home/runner/work/sc-digital-centre/sc-digital-centre/pages/_document.js">
        <metrics statements="3" coveredstatements="0" conditionals="0" coveredconditionals="0" methods="2" coveredmethods="0"/>
        <line num="5" count="0" type="stmt"/>
        <line num="6" count="0" type="stmt"/>
        <line num="10" count="0" type="stmt"/>
      </file>
      <file name="dashboard.js" path="/home/runner/work/sc-digital-centre/sc-digital-centre/pages/dashboard.js">
        <metrics statements="41" coveredstatements="3" conditionals="32" coveredconditionals="3" methods="9" coveredmethods="3"/>
        <line num="70" count="2" type="stmt"/>
        <line num="89" count="1" type="stmt"/>
        <line num="164" count="5" type="stmt"/>
        <line num="202" count="0" type="stmt"/>
        <line num="204" count="0" type="cond" truecount="0" falsecount="2"/>
        <line num="208" count="0" type="stmt"/>
        <line num="209" count="0" type="cond" truecount="0" falsecount="2"/>
        <line num="211" count="0" type="cond" truecount="0" falsecount="2"/>
        <line num="212" count="0" type="stmt"/>
        <line num="221" count="0" type="stmt"/>
        <line num="227" count="0" type="cond" truecount="0" falsecount="2"/>
        <line num="229" count="0" type="stmt"/>
        <line num="230" count="0" type="stmt"/>
        <line num="231" count="0" type="cond" truecount="0" falsecount="2"/>
        <line num="232" count="0" type="stmt"/>
        <line num="233" count="0" type="cond" truecount="0" falsecount="2"/>
        <line num="235" count="0" type="stmt"/>
        <line num="250" count="0" type="stmt"/>
        <line num="251" count="0" type="stmt"/>
        <line num="252" count="0" type="cond" truecount="0" falsecount="2"/>
        <line num="260" count="0" type="stmt"/>
        <line num="262" count="0" type="cond" truecount="0" falsecount="2"/>
        <line num="269" count="0" type="stmt"/>
        <line num="271" count="0" type="cond" truecount="0" falsecount="2"/>
        <line num="278" count="0" type="stmt"/>
        <line num="280" count="0" type="cond" truecount="0" falsecount="2"/>
        <line num="288" count="0" type="stmt"/>
        <line num="290" count="0" type="stmt"/>
        <line num="291" count="0" type="stmt"/>
        <line num="294" count="0" type="stmt"/>
        <line num="297" count="0" type="stmt"/>
        <line num="298" count="0" type="stmt"/>
        <line num="299" count="0" type="stmt"/>
        <line num="300" count="0" type="stmt"/>
        <line num="302" count="0" type="stmt"/>
        <line num="312" count="0" type="cond" truecount="0" falsecount="2"/>
        <line num="314" count="0" type="stmt"/>
        <line num="316" count="0" type="stmt"/>
        <line num="317" count="0" type="cond" truecount="0" falsecount="2"/>
        <line num="320" count="0" type="cond" truecount="0" falsecount="2"/>
        <line num="324" count="0" type="stmt"/>
      </file>
      <file name="index.js" path="/home/runner/work/sc-digital-centre/sc-digital-centre/pages/index.js">
        <metrics statements="4" coveredstatements="2" conditionals="0" coveredconditionals="0" methods="2" coveredmethods="1"/>
        <line num="9" count="2" type="stmt"/>
        <line num="24" count="0" type="stmt"/>
        <line num="30" count="0" type="stmt"/>
        <line num="38" count="1" type="stmt"/>
      </file>
      <file name="profile.js" path="/home/runner/work/sc-digital-centre/sc-digital-centre/pages/profile.js">
        <metrics statements="12" coveredstatements="7" conditionals="8" coveredconditionals="2" methods="4" coveredmethods="1"/>
        <line num="11" count="2" type="cond" truecount="1" falsecount="1"/>
        <line num="12" count="1" type="stmt"/>
        <line num="13" count="1" type="stmt"/>
        <line num="14" count="1" type="stmt"/>
        <line num="39" count="1" type="stmt"/>
        <line num="57" count="1" type="stmt"/>
        <line num="89" count="1" type="stmt"/>
        <line num="106" count="0" type="stmt"/>
        <line num="122" count="0" type="stmt"/>
        <line num="157" count="0" type="cond" truecount="0" falsecount="2"/>
        <line num="158" count="0" type="stmt"/>
        <line num="163" count="0" type="stmt"/>
      </file>
    </package>
    <package name="pages.api">
      <metrics statements="3" coveredstatements="0" conditionals="0" coveredconditionals="0" methods="1" coveredmethods="0"/>
      <file name="metrics.js" path="/home/runner/work/sc-digital-centre/sc-digital-centre/pages/api/metrics.js">
        <metrics statements="3" coveredstatements="0" conditionals="0" coveredconditionals="0" methods="1" coveredmethods="0"/>
        <line num="3" count="0" type="stmt"/>
        <line num="6" count="0" type="stmt"/>
        <line num="7" count="0" type="stmt"/>
      </file>
    </package>
    <package name="pages.api.auth">
      <metrics statements="3" coveredstatements="0" conditionals="0" coveredconditionals="0" methods="2" coveredmethods="0"/>
      <file name="[...nextauth].js" path="/home/runner/work/sc-digital-centre/sc-digital-centre/pages/api/auth/[...nextauth].js">
        <metrics statements="3" coveredstatements="0" conditionals="0" coveredconditionals="0" methods="2" coveredmethods="0"/>
        <line num="24" count="0" type="stmt"/>
        <line num="37" count="0" type="stmt"/>
        <line num="38" count="0" type="stmt"/>
      </file>
    </package>
    <package name="pages.api.programData">
      <metrics statements="10" coveredstatements="0" conditionals="0" coveredconditionals="0" methods="2" coveredmethods="0"/>
      <file name="cpp.js" path="/home/runner/work/sc-digital-centre/sc-digital-centre/pages/api/programData/cpp.js">
        <metrics statements="5" coveredstatements="0" conditionals="0" coveredconditionals="0" methods="1" coveredmethods="0"/>
        <line num="4" count="0" type="stmt"/>
        <line num="5" count="0" type="stmt"/>
        <line num="10" count="0" type="stmt"/>
        <line num="14" count="0" type="stmt"/>
        <line num="15" count="0" type="stmt"/>
      </file>
      <file name="ei.js" path="/home/runner/work/sc-digital-centre/sc-digital-centre/pages/api/programData/ei.js">
        <metrics statements="5" coveredstatements="0" conditionals="0" coveredconditionals="0" methods="1" coveredmethods="0"/>
        <line num="4" count="0" type="stmt"/>
        <line num="5" count="0" type="stmt"/>
        <line num="10" count="0" type="stmt"/>
        <line num="12" count="0" type="stmt"/>
        <line num="13" count="0" type="stmt"/>
      </file>
    </package>
  </project>
</coverage>
