TN:
SF:components/atoms/ActionButton.js
FN:7,ActionButton
FNF:1
FNH:1
FNDA:33,ActionButton
DA:8,33
DA:11,33
DA:13,33
DA:43,11
LF:4
LH:4
BRDA:13,0,0,15
BRDA:13,0,1,18
BRDA:16,1,0,7
BRDA:16,1,1,8
BRDA:30,2,0,2
BRDA:30,2,1,16
BRF:6
BRH:6
end_of_record
TN:
SF:components/atoms/BenefitCardHeaderActive.js
FN:12,BenefitCardHeaderActive
FN:14,(anonymous_1)
FN:22,(anonymous_2)
FN:28,(anonymous_3)
FN:40,(anonymous_4)
FN:43,(anonymous_5)
FN:56,(anonymous_6)
FNF:7
FNH:4
FNDA:11,BenefitCardHeaderActive
FNDA:9,(anonymous_1)
FNDA:0,(anonymous_2)
FNDA:0,(anonymous_3)
FNDA:0,(anonymous_4)
FNDA:9,(anonymous_5)
FNDA:9,(anonymous_6)
DA:13,11
DA:14,9
DA:15,9
DA:16,2
DA:17,7
DA:21,0
DA:22,0
DA:24,7
DA:28,9
DA:30,0
DA:31,0
DA:32,0
DA:36,0
DA:38,0
DA:40,0
DA:43,9
DA:44,9
DA:45,0
DA:46,9
DA:50,0
DA:52,9
DA:56,9
DA:57,9
DA:58,0
DA:59,9
DA:63,0
DA:65,9
DA:69,9
LF:28
LH:16
BRDA:13,0,0,5
BRDA:13,0,1,4
BRDA:15,1,0,2
BRDA:15,1,1,7
BRDA:17,2,0,0
BRDA:17,2,1,7
BRDA:18,3,0,7
BRDA:18,3,1,5
BRDA:30,4,0,0
BRDA:30,4,1,0
BRDA:30,5,0,0
BRDA:30,5,1,0
BRDA:32,6,0,0
BRDA:32,6,1,0
BRDA:33,7,0,0
BRDA:33,7,1,0
BRDA:44,8,0,0
BRDA:44,8,1,9
BRDA:44,9,0,9
BRDA:44,9,1,5
BRDA:46,10,0,0
BRDA:46,10,1,9
BRDA:47,11,0,9
BRDA:47,11,1,1
BRDA:57,12,0,0
BRDA:57,12,1,9
BRDA:57,13,0,9
BRDA:57,13,1,5
BRDA:59,14,0,0
BRDA:59,14,1,9
BRDA:60,15,0,9
BRDA:60,15,1,1
BRDA:102,16,0,8
BRDA:102,16,1,1
BRF:34
BRH:21
end_of_record
TN:
SF:components/atoms/BenefitCardHeaderActiveAgreement.js
FN:7,BenefitCardHeaderActiveAgreement
FN:9,(anonymous_1)
FNF:2
FNH:2
FNDA:2,BenefitCardHeaderActiveAgreement
FNDA:2,(anonymous_1)
DA:8,2
DA:9,2
DA:10,2
DA:11,0
DA:13,2
DA:17,2
LF:6
LH:5
BRDA:8,0,0,1
BRDA:8,0,1,1
BRDA:10,1,0,0
BRDA:10,1,1,2
BRF:4
BRH:3
end_of_record
TN:
SF:components/atoms/BenefitCardHeaderInactive.js
FN:7,BenefitCardHeaderInactive
FN:9,(anonymous_1)
FNF:2
FNH:2
FNDA:5,BenefitCardHeaderInactive
FNDA:4,(anonymous_1)
DA:8,5
DA:9,4
DA:10,4
DA:13,4
LF:4
LH:4
BRDA:8,0,0,2
BRDA:8,0,1,2
BRF:2
BRH:2
end_of_record
TN:
SF:components/atoms/BenefitCardHeaderPending.js
FN:7,BenefitCardHeaderPending
FN:9,(anonymous_1)
FNF:2
FNH:2
FNDA:8,BenefitCardHeaderPending
FNDA:7,(anonymous_1)
DA:8,8
DA:9,7
DA:10,7
DA:11,2
DA:13,5
DA:17,7
LF:6
LH:6
BRDA:8,0,0,3
BRDA:8,0,1,4
BRDA:10,1,0,2
BRDA:10,1,1,5
BRF:4
BRH:4
end_of_record
TN:
SF:components/atoms/BenefitDetailPart.js
FN:6,(anonymous_0)
FNF:1
FNH:1
FNDA:4,(anonymous_0)
DA:6,4
DA:7,4
DA:9,4
DA:32,4
LF:4
LH:4
BRDA:7,0,0,3
BRDA:7,0,1,1
BRDA:25,1,0,4
BRDA:25,1,1,2
BRF:4
BRH:4
end_of_record
TN:
SF:components/atoms/Breadcrumb.js
FN:7,Breadcrumb
FN:20,(anonymous_1)
FNF:2
FNH:2
FNDA:3,Breadcrumb
FNDA:1,(anonymous_1)
DA:8,3
DA:21,1
DA:41,1
LF:3
LH:3
BRDA:19,0,0,1
BRDA:19,0,1,2
BRF:2
BRH:2
end_of_record
TN:
SF:components/atoms/Card.js
FN:4,Card
FNF:1
FNH:1
FNDA:2,Card
DA:5,2
DA:23,1
LF:2
LH:2
BRF:0
BRH:0
end_of_record
TN:
SF:components/atoms/DateModified.js
FN:6,DateModified
FNF:1
FNH:1
FNDA:4,DateModified
DA:7,4
DA:15,9
DA:20,9
LF:3
LH:3
BRF:0
BRH:0
end_of_record
TN:
SF:components/atoms/HorizontalRule.js
FN:4,HorizontalRule
FNF:1
FNH:1
FNDA:69,HorizontalRule
DA:5,69
DA:6,0
DA:11,69
DA:12,0
DA:17,69
DA:18,39
DA:24,30
LF:7
LH:5
BRDA:5,0,0,0
BRDA:5,0,1,69
BRDA:5,1,0,69
BRDA:5,1,1,0
BRDA:11,2,0,0
BRDA:11,2,1,69
BRDA:17,3,0,39
BRDA:17,3,1,30
BRF:8
BRH:5
end_of_record
TN:
SF:components/atoms/Meta.js
FN:5,Meta
FN:24,(anonymous_1)
FNF:2
FNH:2
FNDA:8,Meta
FNDA:2,(anonymous_1)
DA:6,8
DA:25,2
DA:63,8
DA:69,8
LF:4
LH:4
BRDA:18,0,0,1
BRDA:18,0,1,7
BRDA:39,1,0,8
BRDA:39,1,1,1
BRF:4
BRH:4
end_of_record
TN:
SF:components/atoms/NoBenefitCardHeader.js
FN:5,BenefitCardHeaderActive
FN:9,(anonymous_1)
FNF:2
FNH:2
FNDA:8,BenefitCardHeaderActive
FNDA:16,(anonymous_1)
DA:6,8
DA:7,8
DA:9,8
DA:10,16
DA:13,8
LF:5
LH:5
BRDA:6,0,0,4
BRDA:6,0,1,4
BRF:2
BRH:2
end_of_record
TN:
SF:components/atoms/PhaseBanner.js
FN:7,PhaseBanner
FNF:1
FNH:1
FNDA:2,PhaseBanner
DA:8,2
DA:31,8
LF:2
LH:2
BRF:0
BRH:0
end_of_record
TN:
SF:components/atoms/ProfileInfoSection.js
FN:3,ProfileInfoSection
FN:11,(anonymous_1)
FN:20,(anonymous_2)
FNF:3
FNH:3
FNDA:8,ProfileInfoSection
FNDA:22,(anonymous_1)
FNDA:36,(anonymous_2)
DA:4,8
DA:12,22
DA:21,36
DA:32,3
LF:4
LH:4
BRF:0
BRH:0
end_of_record
TN:
SF:components/atoms/StatusBadge.js
FN:10,StatusBadge
FNF:1
FNH:1
FNDA:29,StatusBadge
DA:11,29
DA:12,24
DA:34,7
LF:3
LH:3
BRDA:11,0,0,11
BRDA:11,0,1,13
BRDA:19,1,0,9
BRDA:19,1,1,15
BRDA:21,2,0,0
BRDA:21,2,1,15
BRDA:23,3,0,7
BRDA:23,3,1,8
BRDA:28,4,0,24
BRDA:28,4,1,4
BRF:10
BRH:9
end_of_record
TN:
SF:components/atoms/TabList.js
FN:7,TabList
FN:8,(anonymous_1)
FN:9,(anonymous_2)
FN:15,(anonymous_3)
FN:30,(anonymous_4)
FNF:5
FNH:3
FNDA:4,TabList
FNDA:4,(anonymous_1)
FNDA:9,(anonymous_2)
FNDA:0,(anonymous_3)
FNDA:0,(anonymous_4)
DA:8,4
DA:9,4
DA:10,9
DA:16,0
DA:17,0
DA:30,0
DA:37,4
DA:44,2
LF:8
LH:5
BRDA:16,0,0,0
BRDA:16,0,1,0
BRDA:25,1,0,4
BRDA:25,1,1,5
BRF:4
BRH:2
end_of_record
TN:
SF:components/atoms/ViewMoreLessButton.js
FN:4,ViewMoreLessButton
FNF:1
FNH:1
FNDA:15,ViewMoreLessButton
DA:5,15
DA:25,5
LF:2
LH:2
BRDA:17,0,0,1
BRDA:17,0,1,14
BRF:2
BRH:2
end_of_record
TN:
SF:components/molecules/ActiveBenefitDetails.js
FN:8,(anonymous_0)
FNF:1
FNH:1
FNDA:1,(anonymous_0)
DA:8,3
DA:9,1
DA:11,1
DA:52,3
LF:4
LH:4
BRDA:9,0,0,1
BRDA:9,0,1,0
BRDA:22,1,0,0
BRDA:22,1,1,1
BRF:4
BRH:2
end_of_record
TN:
SF:components/molecules/BenefitApplicationCard.js
FN:8,(anonymous_0)
FN:14,(anonymous_1)
FN:22,(anonymous_2)
FNF:3
FNH:3
FNDA:8,(anonymous_0)
FNDA:8,(anonymous_1)
FNDA:16,(anonymous_2)
DA:8,2
DA:9,8
DA:10,8
DA:11,8
DA:12,8
DA:14,8
DA:15,8
DA:22,8
DA:23,16
DA:28,8
DA:93,2
LF:11
LH:11
BRDA:9,0,0,3
BRDA:9,0,1,5
BRDA:16,1,0,8
BRDA:16,1,1,2
BRDA:16,1,2,7
BRDA:23,2,0,14
BRDA:23,2,1,2
BRDA:57,3,0,4
BRDA:57,3,1,4
BRF:9
BRH:9
end_of_record
TN:
SF:components/molecules/BenefitCard.js
FN:17,(anonymous_0)
FN:23,(anonymous_1)
FN:28,(anonymous_2)
FN:43,(anonymous_3)
FN:46,(anonymous_4)
FN:59,(anonymous_5)
FN:96,(anonymous_6)
FN:148,(anonymous_7)
FN:177,(anonymous_8)
FNF:9
FNH:4
FNDA:14,(anonymous_0)
FNDA:0,(anonymous_1)
FNDA:12,(anonymous_2)
FNDA:0,(anonymous_3)
FNDA:0,(anonymous_4)
FNDA:13,(anonymous_5)
FNDA:25,(anonymous_6)
FNDA:0,(anonymous_7)
FNDA:0,(anonymous_8)
DA:17,2
DA:18,14
DA:19,13
DA:20,13
DA:21,13
DA:22,13
DA:23,13
DA:24,0
DA:25,0
DA:28,13
DA:30,12
DA:32,0
DA:33,12
DA:38,0
DA:41,12
DA:43,0
DA:46,13
DA:47,0
DA:48,0
DA:59,13
DA:60,13
DA:62,6
DA:71,4
DA:78,2
DA:85,1
DA:92,0
DA:96,13
DA:97,25
DA:99,12
DA:106,8
DA:113,4
DA:119,1
DA:123,13
DA:149,0
DA:178,0
DA:179,0
DA:191,2
LF:37
LH:26
BRDA:18,0,0,2
BRDA:18,0,1,11
BRDA:24,1,0,0
BRDA:24,1,1,0
BRDA:30,2,0,0
BRDA:30,2,1,12
BRDA:30,3,0,12
BRDA:30,3,1,6
BRDA:33,4,0,0
BRDA:33,4,1,12
BRDA:34,5,0,12
BRDA:34,5,1,2
BRDA:47,6,0,0
BRDA:47,6,1,0
BRDA:47,7,0,0
BRDA:47,7,1,0
BRDA:48,8,0,0
BRDA:48,8,1,0
BRDA:60,9,0,6
BRDA:60,9,1,4
BRDA:60,9,2,2
BRDA:60,9,3,1
BRDA:60,9,4,0
BRDA:97,10,0,12
BRDA:97,10,1,8
BRDA:97,10,2,4
BRDA:97,10,3,1
BRDA:130,11,0,12
BRDA:130,11,1,1
BRDA:141,12,0,9
BRDA:141,12,1,4
BRDA:147,13,0,4
BRDA:147,13,1,0
BRDA:164,14,0,0
BRDA:164,14,1,13
BRDA:164,15,0,13
BRDA:164,15,1,0
BRDA:171,16,0,13
BRDA:171,16,1,11
BRDA:172,17,0,13
BRDA:172,17,1,2
BRF:41
BRH:27
end_of_record
TN:
SF:components/molecules/BenefitCardHeaderSummary.js
FN:5,BenefitCardHeaderSummary
FN:14,(anonymous_1)
FNF:2
FNH:2
FNDA:6,BenefitCardHeaderSummary
FNDA:2,(anonymous_1)
DA:6,6
DA:7,2
DA:9,2
DA:14,2
DA:26,3
LF:5
LH:5
BRDA:13,0,0,2
BRDA:13,0,1,2
BRDA:14,1,0,0
BRDA:14,1,1,2
BRF:4
BRH:3
end_of_record
TN:
SF:components/molecules/BenefitTasks.js
FN:5,BenefitTasks
FN:22,(anonymous_1)
FNF:2
FNH:2
FNDA:18,BenefitTasks
FNDA:71,(anonymous_1)
DA:6,18
DA:7,18
DA:10,18
DA:12,18
DA:23,71
DA:39,5
LF:6
LH:6
BRDA:6,0,0,2
BRDA:6,0,1,16
BRDA:7,1,0,0
BRDA:7,1,1,18
BRDA:15,2,0,1
BRDA:15,2,1,17
BRDA:17,3,0,6
BRDA:17,3,1,11
BRF:8
BRH:7
end_of_record
TN:
SF:components/molecules/DSFooter.js
FN:3,DSFooter
FNF:1
FNH:1
FNDA:8,DSFooter
DA:4,8
LF:1
LH:1
BRF:0
BRH:0
end_of_record
TN:
SF:components/molecules/DSHeader.js
FN:5,DSHeader
FN:30,noRefCheck
FN:36,noRefCheck
FN:37,noRefCheck
FNF:4
FNH:1
FNDA:14,DSHeader
FNDA:0,noRefCheck
FNDA:0,noRefCheck
FNDA:0,noRefCheck
DA:6,14
DA:7,7
LF:2
LH:2
BRDA:6,0,0,0
BRDA:6,0,1,7
BRF:2
BRH:1
end_of_record
TN:
SF:components/molecules/Footer.js
FN:8,Footer
FN:28,(anonymous_1)
FN:54,(anonymous_2)
FNF:3
FNH:3
FNDA:2,Footer
FNDA:3,(anonymous_1)
FNDA:5,(anonymous_2)
DA:9,2
DA:29,3
DA:55,5
DA:90,8
LF:4
LH:4
BRDA:59,0,0,2
BRDA:59,0,1,3
BRF:2
BRH:2
end_of_record
TN:
SF:components/molecules/Greeting.js
FN:5,Greeting
FNF:1
FNH:1
FNDA:1,Greeting
DA:6,1
DA:8,1
LF:2
LH:2
BRDA:6,0,0,0
BRDA:6,0,1,1
BRF:2
BRH:1
end_of_record
TN:
SF:components/molecules/Header.js
FN:7,Header
FN:13,(anonymous_1)
FNF:2
FNH:2
FNDA:3,Header
FNDA:3,(anonymous_1)
DA:8,3
DA:9,3
DA:10,3
DA:12,3
DA:13,3
DA:15,3
DA:16,0
DA:20,3
DA:23,3
DA:129,1
LF:10
LH:9
BRDA:15,0,0,0
BRDA:15,0,1,3
BRDA:15,1,0,3
BRDA:15,1,1,0
BRDA:15,1,2,0
BRDA:47,2,0,2
BRDA:47,2,1,1
BRDA:52,3,0,2
BRDA:52,3,1,1
BRDA:62,4,0,3
BRDA:62,4,1,3
BRDA:63,5,0,2
BRDA:63,5,1,1
BRDA:68,6,0,2
BRDA:68,6,1,1
BRDA:70,7,0,2
BRDA:70,7,1,1
BRDA:79,8,0,3
BRDA:79,8,1,3
BRDA:80,9,0,2
BRDA:80,9,1,1
BRDA:86,10,0,2
BRDA:86,10,1,1
BRDA:88,11,0,2
BRDA:88,11,1,1
BRF:25
BRH:22
end_of_record
TN:
SF:components/molecules/Menu.js
FN:9,Menu
FN:41,(anonymous_1)
FNF:2
FNH:2
FNDA:6,Menu
FNDA:18,(anonymous_1)
DA:11,6
DA:13,6
DA:42,18
DA:44,18
DA:78,2
LF:5
LH:5
BRDA:48,0,0,12
BRDA:48,0,1,6
BRDA:48,1,0,18
BRDA:48,1,1,12
BRDA:53,2,0,15
BRDA:53,2,1,3
BRF:6
BRH:6
end_of_record
TN:
SF:components/molecules/NoBenefitCard.js
FN:9,(anonymous_0)
FN:15,(anonymous_1)
FN:20,(anonymous_2)
FN:52,(anonymous_3)
FNF:4
FNH:1
FNDA:6,(anonymous_0)
FNDA:0,(anonymous_1)
FNDA:0,(anonymous_2)
FNDA:0,(anonymous_3)
DA:9,2
DA:10,6
DA:11,6
DA:12,6
DA:13,6
DA:14,6
DA:15,6
DA:16,0
DA:17,0
DA:20,6
DA:21,0
DA:22,0
DA:33,6
DA:53,0
DA:54,0
DA:65,2
LF:16
LH:10
BRDA:10,0,0,2
BRDA:10,0,1,4
BRDA:16,1,0,0
BRDA:16,1,1,0
BRDA:21,2,0,0
BRDA:21,2,1,0
BRDA:21,3,0,0
BRDA:21,3,1,0
BRDA:22,4,0,0
BRDA:22,4,1,0
BRDA:49,5,0,6
BRDA:49,5,1,1
BRF:12
BRH:4
end_of_record
TN:
SF:components/molecules/ProfileInfo.js
FN:4,ProfileInfo
FN:7,(anonymous_1)
FNF:2
FNH:2
FNDA:3,ProfileInfo
FNDA:6,(anonymous_1)
DA:5,3
DA:8,6
DA:18,2
LF:3
LH:3
BRF:0
BRH:0
end_of_record
TN:
SF:components/molecules/SplashLanguageSelect.js
FN:5,SplashLanguageSelect
FNF:1
FNH:1
FNDA:3,SplashLanguageSelect
DA:6,3
LF:1
LH:1
BRF:0
BRH:0
end_of_record
TN:
SF:components/molecules/UniversalBenefitCard.js
FN:13,UniversalBenefitCard
FN:31,(anonymous_1)
FN:45,(anonymous_2)
FN:59,(anonymous_3)
FNF:4
FNH:2
FNDA:6,UniversalBenefitCard
FNDA:1,(anonymous_1)
FNDA:0,(anonymous_2)
FNDA:0,(anonymous_3)
DA:14,6
DA:15,2
DA:17,2
DA:22,2
DA:23,2
DA:25,2
DA:32,1
DA:46,0
DA:60,0
DA:61,0
DA:62,0
DA:66,0
DA:77,2
LF:13
LH:8
BRDA:14,0,0,1
BRDA:14,0,1,1
BRDA:29,1,0,1
BRDA:29,1,1,1
BRDA:29,2,0,2
BRDA:29,2,1,1
BRDA:40,3,0,2
BRDA:40,3,1,0
BRDA:40,4,0,2
BRDA:40,4,1,0
BRDA:43,5,0,0
BRDA:43,5,1,0
BRDA:61,6,0,0
BRDA:61,6,1,0
BRF:14
BRH:8
end_of_record
TN:
SF:components/organisms/DashboardUtils.js
FN:7,getProgramBenefit
FN:8,(anonymous_1)
FN:16,getBenefitCode
FN:17,(anonymous_3)
FN:25,getBenefitType
FN:26,(anonymous_5)
FN:34,formatDate
FNF:7
FNH:0
FNDA:0,getProgramBenefit
FNDA:0,(anonymous_1)
FNDA:0,getBenefitCode
FNDA:0,(anonymous_3)
FNDA:0,getBenefitType
FNDA:0,(anonymous_5)
FNDA:0,formatDate
DA:8,0
DA:9,0
DA:10,0
DA:13,0
DA:17,0
DA:18,0
DA:19,0
DA:22,0
DA:26,0
DA:27,0
DA:28,0
DA:31,0
DA:35,0
DA:36,0
LF:14
LH:0
BRDA:9,0,0,0
BRDA:9,0,1,0
BRDA:18,1,0,0
BRDA:18,1,1,0
BRDA:27,2,0,0
BRDA:27,2,1,0
BRF:6
BRH:0
end_of_record
TN:
SF:components/organisms/Layout.js
FN:16,Layout
FN:19,(anonymous_1)
FNF:2
FNH:2
FNDA:14,Layout
FNDA:7,(anonymous_1)
DA:17,14
DA:19,7
DA:20,7
DA:21,0
DA:35,7
DA:160,7
DA:191,7
LF:7
LH:6
BRDA:17,0,0,0
BRDA:17,0,1,7
BRDA:20,1,0,0
BRDA:20,1,1,7
BRDA:25,2,0,0
BRDA:25,2,1,0
BRDA:37,3,0,0
BRDA:37,3,1,7
BRDA:56,4,0,0
BRDA:56,4,1,7
BRDA:68,5,0,6
BRDA:68,5,1,1
BRDA:83,6,0,3
BRDA:83,6,1,4
BRDA:85,7,0,0
BRDA:85,7,1,7
BRF:16
BRH:9
end_of_record
TN:
SF:pages/400.js
FN:4,Error400
FN:26,getStaticProps
FNF:2
FNH:1
FNDA:2,Error400
FNDA:0,getStaticProps
DA:5,2
DA:6,1
DA:27,0
DA:28,0
DA:33,0
LF:5
LH:2
BRDA:5,0,0,0
BRDA:5,0,1,1
BRDA:27,1,0,0
BRDA:27,1,1,0
BRF:4
BRH:1
end_of_record
TN:
SF:pages/404.js
FN:4,Error404
FN:26,getStaticProps
FNF:2
FNH:1
FNDA:2,Error404
FNDA:0,getStaticProps
DA:5,2
DA:6,1
DA:27,0
DA:28,0
DA:33,0
LF:5
LH:2
BRDA:5,0,0,0
BRDA:5,0,1,1
BRDA:27,1,0,0
BRDA:27,1,1,0
BRF:4
BRH:1
end_of_record
TN:
SF:pages/500.js
FN:4,Error500
FN:26,getStaticProps
FNF:2
FNH:1
FNDA:2,Error500
FNDA:0,getStaticProps
DA:5,2
DA:6,1
DA:27,0
DA:28,0
DA:33,0
LF:5
LH:2
BRDA:5,0,0,0
BRDA:5,0,1,1
BRDA:27,1,0,0
BRDA:27,1,1,0
BRF:4
BRH:1
end_of_record
TN:
SF:pages/503.js
FN:4,Error503
FN:26,getStaticProps
FNF:2
FNH:1
FNDA:2,Error503
FNDA:0,getStaticProps
DA:5,2
DA:6,1
DA:27,0
DA:28,0
DA:33,0
LF:5
LH:2
BRDA:5,0,0,0
BRDA:5,0,1,1
BRDA:27,1,0,0
BRDA:27,1,1,0
BRF:4
BRH:1
end_of_record
TN:
SF:pages/_app.js
FN:4,MyApp
FNF:1
FNH:0
FNDA:0,MyApp
DA:5,0
LF:1
LH:0
BRF:0
BRH:0
end_of_record
TN:
SF:pages/_document.js
FN:4,(anonymous_0)
FN:9,(anonymous_1)
FNF:2
FNH:0
FNDA:0,(anonymous_0)
FNDA:0,(anonymous_1)
DA:5,0
DA:6,0
DA:10,0
LF:3
LH:0
BRF:0
BRH:0
end_of_record
TN:
SF:pages/dashboard.js
FN:68,Dashboard
FN:86,(anonymous_1)
FN:161,(anonymous_2)
FN:199,getServerSideProps
FN:225,BuildAdvertisingCards
FN:288,CheckAllBenefitsForAdvertising
FN:292,(anonymous_6)
FN:295,(anonymous_7)
FN:302,(anonymous_8)
FNF:9
FNH:3
FNDA:2,Dashboard
FNDA:1,(anonymous_1)
FNDA:5,(anonymous_2)
FNDA:0,getServerSideProps
FNDA:0,BuildAdvertisingCards
FNDA:0,CheckAllBenefitsForAdvertising
FNDA:0,(anonymous_6)
FNDA:0,(anonymous_7)
FNDA:0,(anonymous_8)
DA:69,2
DA:87,1
DA:162,5
DA:200,0
DA:206,0
DA:208,0
DA:209,0
DA:210,0
DA:211,0
DA:212,0
DA:214,0
DA:228,0
DA:229,0
DA:230,0
DA:238,0
DA:240,0
DA:247,0
DA:249,0
DA:256,0
DA:258,0
DA:266,0
DA:268,0
DA:269,0
DA:272,0
DA:275,0
DA:276,0
DA:277,0
DA:278,0
DA:280,0
DA:290,0
DA:292,0
DA:294,0
DA:295,0
DA:298,0
DA:302,0
LF:35
LH:3
BRDA:84,0,0,0
BRDA:84,0,1,1
BRDA:84,1,0,1
BRDA:84,1,1,1
BRDA:206,2,0,0
BRDA:206,2,1,0
BRDA:210,3,0,0
BRDA:210,3,1,0
BRDA:212,4,0,0
BRDA:212,4,1,0
BRDA:230,5,0,0
BRDA:230,5,1,0
BRDA:240,6,0,0
BRDA:240,6,1,0
BRDA:249,7,0,0
BRDA:249,7,1,0
BRDA:258,8,0,0
BRDA:258,8,1,0
BRDA:290,9,0,0
BRDA:290,9,1,0
BRDA:295,10,0,0
BRDA:295,10,1,0
BRDA:298,11,0,0
BRDA:298,11,1,0
BRF:24
BRH:3
end_of_record
TN:
SF:pages/index.js
FN:8,Index
FN:23,getStaticProps
FNF:2
FNH:1
FNDA:2,Index
FNDA:0,getStaticProps
DA:9,2
DA:24,0
DA:30,0
DA:38,1
LF:4
LH:2
BRF:0
BRH:0
end_of_record
TN:
SF:pages/profile.js
FN:10,Profile
FN:68,(anonymous_1)
FN:83,(anonymous_2)
FN:110,getStaticProps
FNF:4
FNH:1
FNDA:2,Profile
FNDA:0,(anonymous_1)
FNDA:0,(anonymous_2)
FNDA:0,getStaticProps
DA:11,2
DA:12,1
DA:13,1
DA:14,1
DA:35,1
DA:51,1
DA:68,0
DA:83,0
DA:111,0
DA:112,0
DA:117,0
LF:11
LH:6
BRDA:11,0,0,0
BRDA:11,0,1,1
BRDA:79,1,0,1
BRDA:79,1,1,0
BRDA:94,2,0,0
BRDA:94,2,1,0
BRDA:111,3,0,0
BRDA:111,3,1,0
BRF:8
BRH:2
end_of_record
TN:
SF:pages/api/metrics.js
FN:5,handler
FNF:1
FNH:0
FNDA:0,handler
DA:3,0
DA:6,0
DA:7,0
LF:3
LH:0
BRF:0
BRH:0
end_of_record
TN:
SF:pages/api/programData/_middleware.js
FN:3,CreateGenericBenefitObj
FN:24,MapBenefitToTaskGroups
FN:26,(anonymous_2)
FN:31,CreateBenefitSummary
FNF:4
FNH:4
FNDA:2,CreateGenericBenefitObj
FNDA:2,MapBenefitToTaskGroups
FNDA:4,(anonymous_2)
FNDA:2,CreateBenefitSummary
DA:9,2
DA:15,2
DA:16,2
DA:17,0
DA:18,0
DA:20,2
DA:25,2
DA:26,4
DA:28,2
DA:32,2
DA:37,2
DA:38,0
DA:40,2
LF:13
LH:10
BRDA:16,0,0,0
BRDA:16,0,1,2
BRDA:26,1,0,4
BRDA:26,1,1,2
BRDA:37,2,0,0
BRDA:37,2,1,2
BRF:6
BRH:4
end_of_record
TN:
SF:pages/api/programData/cpp.js
FN:7,GetCPPProgramData
FN:46,CreateBenefitObjWithCPPData
FN:55,(anonymous_2)
FN:56,(anonymous_3)
FNF:4
FNH:0
FNDA:0,GetCPPProgramData
FNDA:0,CreateBenefitObjWithCPPData
FNDA:0,(anonymous_2)
FNDA:0,(anonymous_3)
DA:8,0
DA:9,0
DA:14,0
DA:16,0
DA:17,0
DA:21,1
DA:28,1
DA:48,0
DA:49,0
DA:51,0
DA:53,0
DA:55,0
DA:56,0
DA:66,0
LF:14
LH:2
BRDA:49,0,0,0
BRDA:49,0,1,0
BRF:2
BRH:0
end_of_record
TN:
SF:pages/api/programData/ei.js
FN:7,GetEIProgramData
FN:46,CreateBenefitObjWithEIData
FN:49,(anonymous_2)
FN:50,(anonymous_3)
FNF:4
FNH:0
FNDA:0,GetEIProgramData
FNDA:0,CreateBenefitObjWithEIData
FNDA:0,(anonymous_2)
FNDA:0,(anonymous_3)
DA:8,0
DA:9,0
DA:14,0
DA:16,0
DA:17,0
DA:21,1
DA:28,1
DA:47,0
DA:49,0
DA:50,0
DA:64,0
LF:11
LH:2
BRF:0
BRH:0
end_of_record
