TN:
SF:components/atoms/ActionButton.js
FN:7,ActionButton
FNF:1
FNH:1
FNDA:22,ActionButton
DA:8,22
DA:11,22
DA:13,22
DA:44,10
LF:4
LH:4
BRDA:13,0,0,15
BRDA:13,0,1,7
BRDA:16,1,0,7
BRDA:16,1,1,8
BRDA:30,2,0,0
BRDA:30,2,1,7
BRDA:31,3,0,2
BRDA:31,3,1,5
BRF:8
BRH:7
end_of_record
TN:
SF:components/atoms/Breadcrumb.js
FN:7,Breadcrumb
FN:20,(anonymous_1)
FNF:2
FNH:2
FNDA:3,Breadcrumb
FNDA:1,(anonymous_1)
DA:8,3
DA:21,1
DA:41,1
LF:3
LH:3
BRDA:19,0,0,1
BRDA:19,0,1,2
BRF:2
BRH:2
end_of_record
TN:
SF:components/atoms/Card.js
FN:4,Card
FNF:1
FNH:1
FNDA:2,Card
DA:5,2
DA:23,1
LF:2
LH:2
BRF:0
BRH:0
end_of_record
TN:
SF:components/atoms/DateModified.js
FN:6,DateModified
FNF:1
FNH:1
FNDA:4,DateModified
DA:7,4
DA:15,2
DA:20,2
LF:3
LH:3
BRF:0
BRH:0
end_of_record
TN:
SF:components/atoms/HorizontalRule.js
FN:4,HorizontalRule
FNF:1
FNH:1
FNDA:189,HorizontalRule
DA:5,189
DA:6,0
DA:11,189
DA:12,0
DA:17,189
DA:18,184
DA:24,5
LF:7
LH:5
BRDA:5,0,0,0
BRDA:5,0,1,189
BRDA:5,1,0,189
BRDA:5,1,1,0
BRDA:11,2,0,0
BRDA:11,2,1,189
BRDA:17,3,0,184
BRDA:17,3,1,5
BRF:8
BRH:5
end_of_record
TN:
SF:components/atoms/Meta.js
FN:5,Meta
FN:24,(anonymous_1)
FNF:2
FNH:2
FNDA:1,Meta
FNDA:2,(anonymous_1)
DA:6,1
DA:25,2
DA:63,1
DA:69,1
LF:4
LH:4
BRDA:18,0,0,1
BRDA:18,0,1,0
BRDA:39,1,0,1
BRDA:39,1,1,1
BRF:4
BRH:3
end_of_record
TN:
SF:components/atoms/NoBenefitCardHeader.js
FN:5,BenefitCardHeaderActive
FN:9,(anonymous_1)
FNF:2
FNH:2
FNDA:48,BenefitCardHeaderActive
FNDA:96,(anonymous_1)
DA:6,48
DA:7,48
DA:9,48
DA:10,96
DA:13,48
LF:5
LH:5
BRDA:6,0,0,4
BRDA:6,0,1,44
BRF:2
BRH:2
end_of_record
TN:
SF:components/atoms/PhaseBanner.js
FN:7,PhaseBanner
FNF:1
FNH:1
FNDA:2,PhaseBanner
DA:8,2
DA:31,1
LF:2
LH:2
BRF:0
BRH:0
end_of_record
TN:
SF:components/atoms/ProfileInfoSection.js
FN:6,ProfileInfoSection
FN:15,(anonymous_1)
FN:32,(anonymous_2)
FNF:3
FNH:3
FNDA:8,ProfileInfoSection
FNDA:22,(anonymous_1)
FNDA:36,(anonymous_2)
DA:7,8
DA:8,8
DA:16,22
DA:33,36
DA:44,3
LF:5
LH:5
BRDA:7,0,0,0
BRDA:7,0,1,8
BRDA:20,1,0,0
BRDA:20,1,1,22
BRF:4
BRH:2
end_of_record
TN:
SF:components/atoms/StatusBadge.js
FN:10,StatusBadge
FNF:1
FNH:1
FNDA:1,StatusBadge
DA:11,1
DA:12,1
DA:38,2
LF:3
LH:3
BRDA:11,0,0,1
BRDA:11,0,1,0
BRDA:19,1,0,0
BRDA:19,1,1,1
BRDA:21,2,0,0
BRDA:21,2,1,1
BRDA:23,3,0,0
BRDA:23,3,1,1
BRDA:23,4,0,1
BRDA:23,4,1,1
BRDA:26,5,0,0
BRDA:26,5,1,1
BRDA:32,6,0,1
BRDA:32,6,1,1
BRF:14
BRH:9
end_of_record
TN:
SF:components/atoms/TabList.js
FN:7,TabList
FN:8,(anonymous_1)
FN:9,(anonymous_2)
FN:15,(anonymous_3)
FN:30,(anonymous_4)
FNF:5
FNH:3
FNDA:4,TabList
FNDA:4,(anonymous_1)
FNDA:9,(anonymous_2)
FNDA:0,(anonymous_3)
FNDA:0,(anonymous_4)
DA:8,4
DA:9,4
DA:10,9
DA:16,0
DA:17,0
DA:30,0
DA:37,4
DA:44,2
LF:8
LH:5
BRDA:16,0,0,0
BRDA:16,0,1,0
BRDA:25,1,0,4
BRDA:25,1,1,5
BRF:4
BRH:2
end_of_record
TN:
SF:components/atoms/ViewMoreLessButton.js
FN:4,ViewMoreLessButton
FNF:1
FNH:1
FNDA:5,ViewMoreLessButton
DA:5,5
DA:36,4
LF:2
LH:2
BRDA:16,0,0,1
BRDA:16,0,1,3
BRF:2
BRH:2
end_of_record
TN:
SF:components/molecules/BenefitApplicationCard.js
FN:8,(anonymous_0)
FN:14,(anonymous_1)
FN:22,(anonymous_2)
FNF:3
FNH:3
FNDA:135,(anonymous_0)
FNDA:135,(anonymous_1)
FNDA:270,(anonymous_2)
DA:8,2
DA:9,135
DA:10,135
DA:11,135
DA:12,135
DA:14,135
DA:15,135
DA:22,135
DA:23,270
DA:28,135
DA:93,2
LF:11
LH:11
BRDA:9,0,0,3
BRDA:9,0,1,132
BRDA:16,1,0,135
BRDA:16,1,1,89
BRDA:16,1,2,124
BRDA:23,2,0,114
BRDA:23,2,1,156
BRDA:57,3,0,24
BRDA:57,3,1,111
BRF:9
BRH:9
end_of_record
TN:
SF:components/molecules/BenefitCardHeaderSummary.js
FN:7,BenefitCardHeaderSummary
FN:18,(anonymous_1)
FN:51,(anonymous_2)
FN:70,(anonymous_3)
FNF:4
FNH:4
FNDA:1,BenefitCardHeaderSummary
FNDA:1,(anonymous_1)
FNDA:1,(anonymous_2)
FNDA:5,(anonymous_3)
DA:8,1
DA:9,1
DA:18,1
DA:19,1
DA:23,1
DA:28,0
DA:35,0
DA:36,0
DA:40,0
DA:41,0
DA:44,0
DA:46,0
DA:47,0
DA:51,1
DA:52,1
DA:54,0
DA:60,1
DA:64,1
DA:70,5
DA:82,3
LF:20
LH:11
BRDA:8,0,0,1
BRDA:8,0,1,0
BRDA:19,1,0,0
BRDA:19,1,1,0
BRDA:19,1,2,1
BRDA:19,1,3,0
BRDA:19,1,4,0
BRDA:19,1,5,0
BRDA:19,1,6,0
BRDA:19,1,7,0
BRDA:19,1,8,0
BRDA:19,1,9,0
BRDA:19,1,10,0
BRDA:19,1,11,0
BRDA:19,1,12,0
BRDA:19,1,13,0
BRDA:19,1,14,0
BRDA:52,2,0,0
BRDA:52,2,1,1
BRDA:56,3,0,0
BRDA:56,3,1,0
BRDA:60,4,0,1
BRDA:60,4,1,1
BRDA:70,5,0,0
BRDA:70,5,1,1
BRF:25
BRH:6
end_of_record
TN:
SF:components/molecules/BenefitTasks.js
FN:6,BenefitTasks
FN:15,(anonymous_1)
FNF:2
FNH:2
FNDA:47,BenefitTasks
FNDA:138,(anonymous_1)
DA:7,47
DA:9,47
DA:16,138
DA:32,4
LF:4
LH:4
BRDA:7,0,0,3
BRDA:7,0,1,44
BRF:2
BRH:2
end_of_record
TN:
SF:components/molecules/DSFooter.js
FN:3,DSFooter
FNF:1
FNH:1
FNDA:1,DSFooter
DA:4,1
LF:1
LH:1
BRF:0
BRH:0
end_of_record
TN:
SF:components/molecules/DSHeader.js
FN:6,DSHeader
FN:32,(anonymous_1)
FN:38,noRefCheck
FN:39,noRefCheck
FNF:4
FNH:1
FNDA:2,DSHeader
FNDA:0,(anonymous_1)
FNDA:0,noRefCheck
FNDA:0,noRefCheck
DA:7,2
DA:8,1
DA:18,1
DA:32,0
LF:4
LH:3
BRDA:7,0,0,0
BRDA:7,0,1,1
BRDA:24,1,0,0
BRDA:24,1,1,1
BRF:4
BRH:2
end_of_record
TN:
SF:components/molecules/Footer.js
FN:8,Footer
FN:28,(anonymous_1)
FN:54,(anonymous_2)
FNF:3
FNH:3
FNDA:2,Footer
FNDA:3,(anonymous_1)
FNDA:5,(anonymous_2)
DA:9,2
DA:29,3
DA:55,5
DA:90,1
LF:4
LH:4
BRDA:59,0,0,2
BRDA:59,0,1,3
BRF:2
BRH:2
end_of_record
TN:
SF:components/molecules/Greeting.js
FN:5,Greeting
FNF:1
FNH:1
FNDA:11,Greeting
DA:6,11
DA:8,11
LF:2
LH:2
BRDA:6,0,0,0
BRDA:6,0,1,11
BRF:2
BRH:1
end_of_record
TN:
SF:components/molecules/Header.js
FN:7,Header
FN:13,(anonymous_1)
FNF:2
FNH:2
FNDA:3,Header
FNDA:3,(anonymous_1)
DA:8,3
DA:9,3
DA:10,3
DA:12,3
DA:13,3
DA:15,3
DA:16,0
DA:20,3
DA:23,3
DA:129,1
LF:10
LH:9
BRDA:15,0,0,0
BRDA:15,0,1,3
BRDA:15,1,0,3
BRDA:15,1,1,0
BRDA:15,1,2,0
BRDA:47,2,0,2
BRDA:47,2,1,1
BRDA:52,3,0,2
BRDA:52,3,1,1
BRDA:62,4,0,3
BRDA:62,4,1,3
BRDA:63,5,0,2
BRDA:63,5,1,1
BRDA:68,6,0,2
BRDA:68,6,1,1
BRDA:70,7,0,2
BRDA:70,7,1,1
BRDA:79,8,0,3
BRDA:79,8,1,3
BRDA:80,9,0,2
BRDA:80,9,1,1
BRDA:86,10,0,2
BRDA:86,10,1,1
BRDA:88,11,0,2
BRDA:88,11,1,1
BRF:25
BRH:22
end_of_record
TN:
SF:components/molecules/Menu.js
FN:9,Menu
FN:41,(anonymous_1)
FNF:2
FNH:2
FNDA:6,Menu
FNDA:18,(anonymous_1)
DA:11,6
DA:13,6
DA:42,18
DA:44,18
DA:78,2
LF:5
LH:5
BRDA:48,0,0,12
BRDA:48,0,1,6
BRDA:48,1,0,18
BRDA:48,1,1,12
BRDA:53,2,0,15
BRDA:53,2,1,3
BRF:6
BRH:6
end_of_record
TN:
SF:components/molecules/NoBenefitCard.js
FN:9,(anonymous_0)
FN:15,(anonymous_1)
FN:20,(anonymous_2)
FN:46,(anonymous_3)
FNF:4
FNH:1
FNDA:47,(anonymous_0)
FNDA:0,(anonymous_1)
FNDA:0,(anonymous_2)
FNDA:0,(anonymous_3)
DA:9,2
DA:10,47
DA:11,46
DA:12,46
DA:13,46
DA:14,46
DA:15,46
DA:16,0
DA:17,0
DA:20,46
DA:21,0
DA:22,0
DA:33,46
DA:47,0
DA:48,0
DA:59,2
LF:16
LH:10
BRDA:10,0,0,2
BRDA:10,0,1,44
BRDA:16,1,0,0
BRDA:16,1,1,0
BRDA:21,2,0,0
BRDA:21,2,1,0
BRDA:21,3,0,0
BRDA:21,3,1,0
BRDA:22,4,0,0
BRDA:22,4,1,0
BRDA:43,5,0,46
BRDA:43,5,1,0
BRF:12
BRH:3
end_of_record
TN:
SF:components/molecules/ProfileInfo.js
FN:4,ProfileInfo
FN:7,(anonymous_1)
FNF:2
FNH:2
FNDA:3,ProfileInfo
FNDA:6,(anonymous_1)
DA:5,3
DA:8,6
DA:19,2
LF:3
LH:3
BRF:0
BRH:0
end_of_record
TN:
SF:components/molecules/SplashLanguageSelect.js
FN:5,SplashLanguageSelect
FNF:1
FNH:1
FNDA:3,SplashLanguageSelect
DA:6,3
LF:1
LH:1
BRF:0
BRH:0
end_of_record
TN:
SF:components/molecules/UniversalBenefitCard.js
FN:11,UniversalBenefitCard
FN:23,(anonymous_1)
FN:72,(anonymous_2)
FN:92,(anonymous_3)
FN:112,(anonymous_4)
FNF:5
FNH:2
FNDA:3,UniversalBenefitCard
FNDA:1,(anonymous_1)
FNDA:0,(anonymous_2)
FNDA:0,(anonymous_3)
FNDA:0,(anonymous_4)
DA:12,3
DA:13,1
DA:15,1
DA:20,1
DA:21,1
DA:23,1
DA:24,1
DA:37,1
DA:73,0
DA:93,0
DA:94,0
DA:95,0
DA:99,0
DA:113,0
DA:126,2
LF:15
LH:9
BRDA:12,0,0,1
BRDA:12,0,1,0
BRDA:24,1,0,1
BRDA:24,1,1,0
BRDA:53,2,0,1
BRDA:53,2,1,0
BRDA:53,3,0,1
BRDA:53,3,1,0
BRDA:94,4,0,0
BRDA:94,4,1,0
BRDA:107,5,0,1
BRDA:107,5,1,0
BRDA:107,6,0,1
BRDA:107,6,1,0
BRDA:110,7,0,0
BRDA:110,7,1,0
BRF:16
BRH:6
end_of_record
TN:
SF:components/organisms/Layout.js
FN:17,Layout
FN:22,(anonymous_1)
FNF:2
FNH:0
FNDA:0,Layout
FNDA:0,(anonymous_1)
DA:18,0
DA:20,0
DA:22,0
DA:23,0
DA:24,0
DA:38,0
DA:167,0
DA:205,0
LF:8
LH:0
BRDA:18,0,0,0
BRDA:18,0,1,0
BRDA:20,1,0,0
BRDA:20,1,1,0
BRDA:23,2,0,0
BRDA:23,2,1,0
BRDA:28,3,0,0
BRDA:28,3,1,0
BRDA:40,4,0,0
BRDA:40,4,1,0
BRDA:59,5,0,0
BRDA:59,5,1,0
BRDA:71,6,0,0
BRDA:71,6,1,0
BRDA:83,7,0,0
BRDA:83,7,1,0
BRDA:90,8,0,0
BRDA:90,8,1,0
BRDA:92,9,0,0
BRDA:92,9,1,0
BRF:20
BRH:0
end_of_record
TN:
SF:pages/400.js
FN:3,Error400
FN:15,getStaticProps
FNF:2
FNH:1
FNDA:2,Error400
FNDA:0,getStaticProps
DA:4,2
DA:5,1
DA:16,0
DA:17,0
DA:22,0
DA:25,0
LF:6
LH:2
BRDA:4,0,0,0
BRDA:4,0,1,1
BRDA:16,1,0,0
BRDA:16,1,1,0
BRF:4
BRH:1
end_of_record
TN:
SF:pages/404.js
FN:3,Error404
FN:15,getStaticProps
FNF:2
FNH:1
FNDA:2,Error404
FNDA:0,getStaticProps
DA:4,2
DA:5,1
DA:16,0
DA:17,0
DA:22,0
DA:25,0
LF:6
LH:2
BRDA:4,0,0,0
BRDA:4,0,1,1
BRDA:16,1,0,0
BRDA:16,1,1,0
BRF:4
BRH:1
end_of_record
TN:
SF:pages/500.js
FN:3,Error500
FN:15,getStaticProps
FNF:2
FNH:1
FNDA:2,Error500
FNDA:0,getStaticProps
DA:4,2
DA:5,1
DA:16,0
DA:17,0
DA:22,0
DA:25,0
LF:6
LH:2
BRDA:4,0,0,0
BRDA:4,0,1,1
BRDA:16,1,0,0
BRDA:16,1,1,0
BRF:4
BRH:1
end_of_record
TN:
SF:pages/503.js
FN:3,Error503
FN:15,getStaticProps
FNF:2
FNH:1
FNDA:2,Error503
FNDA:0,getStaticProps
DA:4,2
DA:5,1
DA:16,0
DA:17,0
DA:22,0
DA:25,0
LF:6
LH:2
BRDA:4,0,0,0
BRDA:4,0,1,1
BRDA:16,1,0,0
BRDA:16,1,1,0
BRF:4
BRH:1
end_of_record
TN:
SF:pages/_app.js
FN:5,MyApp
FNF:1
FNH:0
FNDA:0,MyApp
DA:6,0
LF:1
LH:0
BRF:0
BRH:0
end_of_record
TN:
SF:pages/_document.js
FN:4,(anonymous_0)
FN:9,(anonymous_1)
FNF:2
FNH:0
FNDA:0,(anonymous_0)
FNDA:0,(anonymous_1)
DA:5,0
DA:6,0
DA:10,0
LF:3
LH:0
BRF:0
BRH:0
end_of_record
TN:
SF:pages/dashboard.js
FN:11,Dashboard
FN:37,(anonymous_1)
FN:38,fetchProgramData
FN:72,(anonymous_3)
FN:86,(anonymous_4)
FN:100,(anonymous_5)
FN:114,(anonymous_6)
FN:136,(anonymous_7)
FN:152,(anonymous_8)
FN:164,getServerSideProps
FNF:10
FNH:5
FNDA:12,Dashboard
FNDA:1,(anonymous_1)
FNDA:5,fetchProgramData
FNDA:0,(anonymous_3)
FNDA:0,(anonymous_4)
FNDA:0,(anonymous_5)
FNDA:0,(anonymous_6)
FNDA:132,(anonymous_7)
FNDA:44,(anonymous_8)
FNDA:0,getServerSideProps
DA:12,12
DA:15,11
DA:17,11
DA:18,11
DA:19,11
DA:21,11
DA:22,11
DA:23,11
DA:25,11
DA:26,11
DA:27,11
DA:29,11
DA:30,11
DA:31,11
DA:33,11
DA:34,11
DA:35,11
DA:37,11
DA:39,5
DA:40,5
DA:41,5
DA:42,0
DA:43,0
DA:46,5
DA:51,0
DA:52,0
DA:54,5
DA:58,1
DA:59,1
DA:60,1
DA:61,1
DA:62,1
DA:65,11
DA:73,0
DA:87,0
DA:101,0
DA:115,0
DA:137,132
DA:138,0
DA:139,132
DA:140,0
DA:142,132
DA:153,44
DA:165,0
DA:167,0
DA:168,0
DA:170,0
DA:174,0
DA:175,0
DA:177,0
DA:178,0
DA:187,0
DA:193,0
DA:195,0
LF:54
LH:33
BRDA:41,0,0,0
BRDA:41,0,1,5
BRDA:42,1,0,0
BRDA:42,1,1,0
BRDA:69,2,0,9
BRDA:69,2,1,2
BRDA:70,3,0,11
BRDA:70,3,1,1
BRDA:71,4,0,0
BRDA:71,4,1,11
BRDA:83,5,0,7
BRDA:83,5,1,4
BRDA:84,6,0,11
BRDA:84,6,1,3
BRDA:85,7,0,0
BRDA:85,7,1,11
BRDA:97,8,0,5
BRDA:97,8,1,6
BRDA:98,9,0,11
BRDA:98,9,1,5
BRDA:99,10,0,0
BRDA:99,10,1,11
BRDA:111,11,0,3
BRDA:111,11,1,8
BRDA:113,12,0,0
BRDA:113,12,1,11
BRDA:125,13,0,1
BRDA:125,13,1,10
BRDA:126,14,0,11
BRDA:126,14,1,9
BRDA:127,15,0,0
BRDA:127,15,1,11
BRDA:137,16,0,0
BRDA:137,16,1,132
BRDA:137,17,0,132
BRDA:137,17,1,88
BRDA:139,18,0,0
BRDA:139,18,1,132
BRDA:139,19,0,132
BRDA:139,19,1,11
BRDA:170,20,0,0
BRDA:170,20,1,0
BRDA:171,21,0,0
BRDA:171,21,1,0
BRDA:175,22,0,0
BRDA:175,22,1,0
BRDA:177,23,0,0
BRDA:177,23,1,0
BRDA:193,24,0,0
BRDA:193,24,1,0
BRF:50
BRH:30
end_of_record
TN:
SF:pages/index.js
FN:4,Index
FN:12,getStaticProps
FNF:2
FNH:1
FNDA:1,Index
FNDA:0,getStaticProps
DA:5,1
DA:13,0
DA:18,0
DA:24,0
DA:33,1
LF:5
LH:2
BRF:0
BRH:0
end_of_record
TN:
SF:pages/profile.js
FN:8,Profile
FN:94,(anonymous_1)
FN:110,(anonymous_2)
FN:138,getStaticProps
FNF:4
FNH:1
FNDA:1,Profile
FNDA:0,(anonymous_1)
FNDA:0,(anonymous_2)
FNDA:0,getStaticProps
DA:9,1
DA:10,1
DA:11,1
DA:12,1
DA:37,1
DA:55,1
DA:87,1
DA:94,0
DA:110,0
DA:139,0
DA:140,0
DA:142,0
DA:148,0
DA:155,0
LF:14
LH:7
BRDA:9,0,0,0
BRDA:9,0,1,1
BRDA:106,1,0,1
BRDA:106,1,1,0
BRDA:125,2,0,0
BRDA:125,2,1,0
BRDA:139,3,0,0
BRDA:139,3,1,0
BRDA:140,4,0,0
BRDA:140,4,1,0
BRF:10
BRH:2
end_of_record
TN:
SF:pages/api/metrics.js
FN:5,handler
FNF:1
FNH:0
FNDA:0,handler
DA:3,0
DA:6,0
DA:7,0
LF:3
LH:0
BRF:0
BRH:0
end_of_record
TN:
SF:pages/api/auth/[...nextauth].js
FN:23,(anonymous_0)
FN:36,(anonymous_1)
FNF:2
FNH:0
FNDA:0,(anonymous_0)
FNDA:0,(anonymous_1)
DA:24,0
DA:37,0
DA:38,0
LF:3
LH:0
BRF:0
BRH:0
end_of_record
TN:
SF:pages/api/programData/_middleware.js
FN:5,middleware
FN:21,GetProgramData
FN:47,(anonymous_2)
FNF:3
FNH:0
FNDA:0,middleware
FNDA:0,GetProgramData
FNDA:0,(anonymous_2)
DA:6,0
DA:11,0
DA:13,0
DA:14,0
DA:22,0
DA:23,0
DA:26,0
DA:27,0
DA:28,0
DA:29,0
DA:30,0
DA:35,0
DA:36,0
DA:38,0
DA:41,0
DA:45,0
DA:46,0
DA:47,0
DA:48,0
DA:50,0
DA:52,0
DA:55,0
DA:56,0
DA:59,0
DA:61,0
LF:25
LH:0
BRDA:6,0,0,0
BRDA:6,0,1,0
BRDA:7,1,0,0
BRDA:7,1,1,0
BRDA:13,2,0,0
BRDA:13,2,1,0
BRDA:22,3,0,0
BRDA:22,3,1,0
BRDA:27,4,0,0
BRDA:27,4,1,0
BRDA:29,5,0,0
BRDA:29,5,1,0
BRDA:35,6,0,0
BRDA:35,6,1,0
BRDA:45,7,0,0
BRDA:45,7,1,0
BRDA:45,8,0,0
BRDA:45,8,1,0
BRF:18
BRH:0
end_of_record
TN:
SF:pages/api/programData/cpp.js
FN:4,handler
FN:9,(anonymous_1)
FN:10,(anonymous_2)
FNF:3
FNH:0
FNDA:0,handler
FNDA:0,(anonymous_1)
FNDA:0,(anonymous_2)
DA:5,0
DA:9,0
DA:10,0
LF:3
LH:0
BRF:0
BRH:0
end_of_record
TN:
SF:pages/api/programData/cppd.js
FN:4,handler
FN:9,(anonymous_1)
FN:10,(anonymous_2)
FNF:3
FNH:0
FNDA:0,handler
FNDA:0,(anonymous_1)
FNDA:0,(anonymous_2)
DA:5,0
DA:9,0
DA:10,0
LF:3
LH:0
BRF:0
BRH:0
end_of_record
TN:
SF:pages/api/programData/ei.js
FN:4,handler
FN:9,(anonymous_1)
FN:10,(anonymous_2)
FNF:3
FNH:0
FNDA:0,handler
FNDA:0,(anonymous_1)
FNDA:0,(anonymous_2)
DA:5,0
DA:9,0
DA:10,0
LF:3
LH:0
BRF:0
BRH:0
end_of_record
TN:
SF:pages/api/programData/oas.js
FN:4,handler
FN:9,(anonymous_1)
FN:10,(anonymous_2)
FNF:3
FNH:0
FNDA:0,handler
FNDA:0,(anonymous_1)
FNDA:0,(anonymous_2)
DA:5,0
DA:9,0
DA:10,0
LF:3
LH:0
BRF:0
BRH:0
end_of_record
TN:
SF:pages/api/programData/seb.js
FN:5,handler
FNF:1
FNH:0
FNDA:0,handler
DA:6,0
DA:9,0
DA:10,0
DA:12,0
DA:19,0
DA:20,0
DA:21,0
DA:23,0
DA:26,0
DA:28,0
LF:10
LH:0
BRDA:6,0,0,0
BRDA:6,0,1,0
BRDA:10,1,0,0
BRDA:10,1,1,0
BRDA:19,2,0,0
BRDA:19,2,1,0
BRF:6
BRH:0
end_of_record
