TN:
SF:components/atoms/ActionButton.js
FN:7,ActionButton
FNF:1
FNH:1
FNDA:119,ActionButton
DA:8,119
DA:11,119
DA:13,119
DA:44,11
LF:4
LH:4
BRDA:13,0,0,15
BRDA:13,0,1,104
BRDA:16,1,0,7
BRDA:16,1,1,8
BRDA:30,2,0,0
BRDA:30,2,1,104
BRDA:31,3,0,2
BRDA:31,3,1,102
BRF:8
BRH:7
end_of_record
TN:
SF:components/atoms/BenefitCardHeaderActive.js
FN:12,BenefitCardHeaderActive
FN:14,(anonymous_1)
FN:22,(anonymous_2)
FN:28,(anonymous_3)
FN:40,(anonymous_4)
FN:43,(anonymous_5)
FN:56,(anonymous_6)
FNF:7
FNH:4
FNDA:5,BenefitCardHeaderActive
FNDA:5,(anonymous_1)
FNDA:0,(anonymous_2)
FNDA:0,(anonymous_3)
FNDA:0,(anonymous_4)
FNDA:5,(anonymous_5)
FNDA:5,(anonymous_6)
DA:13,5
DA:14,5
DA:15,5
DA:16,1
DA:17,4
DA:21,0
DA:22,0
DA:24,4
DA:28,5
DA:30,0
DA:31,0
DA:32,0
DA:36,0
DA:38,0
DA:40,0
DA:43,5
DA:44,5
DA:45,0
DA:46,5
DA:50,0
DA:52,5
DA:56,5
DA:57,5
DA:58,0
DA:59,5
DA:63,0
DA:65,5
DA:69,5
LF:28
LH:16
BRDA:13,0,0,5
BRDA:13,0,1,0
BRDA:15,1,0,1
BRDA:15,1,1,4
BRDA:17,2,0,0
BRDA:17,2,1,4
BRDA:18,3,0,4
BRDA:18,3,1,4
BRDA:30,4,0,0
BRDA:30,4,1,0
BRDA:30,5,0,0
BRDA:30,5,1,0
BRDA:32,6,0,0
BRDA:32,6,1,0
BRDA:33,7,0,0
BRDA:33,7,1,0
BRDA:44,8,0,0
BRDA:44,8,1,5
BRDA:44,9,0,5
BRDA:44,9,1,4
BRDA:46,10,0,0
BRDA:46,10,1,5
BRDA:47,11,0,5
BRDA:47,11,1,0
BRDA:57,12,0,0
BRDA:57,12,1,5
BRDA:57,13,0,5
BRDA:57,13,1,4
BRDA:59,14,0,0
BRDA:59,14,1,5
BRDA:60,15,0,5
BRDA:60,15,1,0
BRDA:102,16,0,5
BRDA:102,16,1,0
BRF:34
BRH:17
end_of_record
TN:
SF:components/atoms/BenefitCardHeaderActiveAgreement.js
FN:7,BenefitCardHeaderActiveAgreement
FN:9,(anonymous_1)
FNF:2
FNH:2
FNDA:1,BenefitCardHeaderActiveAgreement
FNDA:1,(anonymous_1)
DA:8,1
DA:9,1
DA:10,1
DA:11,0
DA:13,1
DA:17,1
LF:6
LH:5
BRDA:8,0,0,1
BRDA:8,0,1,0
BRDA:10,1,0,0
BRDA:10,1,1,1
BRF:4
BRH:2
end_of_record
TN:
SF:components/atoms/BenefitCardHeaderInactive.js
FN:7,BenefitCardHeaderInactive
FN:9,(anonymous_1)
FNF:2
FNH:2
FNDA:24,BenefitCardHeaderInactive
FNDA:24,(anonymous_1)
DA:8,24
DA:9,24
DA:10,24
DA:13,24
LF:4
LH:4
BRDA:8,0,0,2
BRDA:8,0,1,22
BRF:2
BRH:2
end_of_record
TN:
SF:components/atoms/BenefitCardHeaderPending.js
FN:7,BenefitCardHeaderPending
FN:9,(anonymous_1)
FNF:2
FNH:2
FNDA:47,BenefitCardHeaderPending
FNDA:47,(anonymous_1)
DA:8,47
DA:9,47
DA:10,47
DA:11,12
DA:13,35
DA:17,47
LF:6
LH:6
BRDA:8,0,0,3
BRDA:8,0,1,44
BRDA:10,1,0,12
BRDA:10,1,1,35
BRF:4
BRH:4
end_of_record
TN:
SF:components/atoms/Breadcrumb.js
FN:7,Breadcrumb
FN:20,(anonymous_1)
FNF:2
FNH:2
FNDA:3,Breadcrumb
FNDA:1,(anonymous_1)
DA:8,3
DA:21,1
DA:41,1
LF:3
LH:3
BRDA:19,0,0,1
BRDA:19,0,1,2
BRF:2
BRH:2
end_of_record
TN:
SF:components/atoms/Card.js
FN:4,Card
FNF:1
FNH:1
FNDA:2,Card
DA:5,2
DA:23,1
LF:2
LH:2
BRF:0
BRH:0
end_of_record
TN:
SF:components/atoms/DateModified.js
FN:6,DateModified
FNF:1
FNH:1
FNDA:4,DateModified
DA:7,4
DA:15,2
DA:20,2
LF:3
LH:3
BRF:0
BRH:0
end_of_record
TN:
SF:components/atoms/HorizontalRule.js
FN:4,HorizontalRule
FNF:1
FNH:1
FNDA:354,HorizontalRule
DA:5,354
DA:6,0
DA:11,354
DA:12,0
DA:17,354
DA:18,173
DA:24,181
LF:7
LH:5
BRDA:5,0,0,0
BRDA:5,0,1,354
BRDA:5,1,0,354
BRDA:5,1,1,0
BRDA:11,2,0,0
BRDA:11,2,1,354
BRDA:17,3,0,173
BRDA:17,3,1,181
BRF:8
BRH:5
end_of_record
TN:
SF:components/atoms/Meta.js
FN:5,Meta
FN:24,(anonymous_1)
FNF:2
FNH:2
FNDA:1,Meta
FNDA:2,(anonymous_1)
DA:6,1
DA:25,2
DA:63,1
DA:69,1
LF:4
LH:4
BRDA:18,0,0,1
BRDA:18,0,1,0
BRDA:39,1,0,1
BRDA:39,1,1,1
BRF:4
BRH:3
end_of_record
TN:
SF:components/atoms/NoBenefitCardHeader.js
FN:5,BenefitCardHeaderActive
FN:9,(anonymous_1)
FNF:2
FNH:2
FNDA:48,BenefitCardHeaderActive
FNDA:96,(anonymous_1)
DA:6,48
DA:7,48
DA:9,48
DA:10,96
DA:13,48
LF:5
LH:5
BRDA:6,0,0,4
BRDA:6,0,1,44
BRF:2
BRH:2
end_of_record
TN:
SF:components/atoms/PhaseBanner.js
FN:7,PhaseBanner
FNF:1
FNH:1
FNDA:2,PhaseBanner
DA:8,2
DA:31,1
LF:2
LH:2
BRF:0
BRH:0
end_of_record
TN:
SF:components/atoms/ProfileInfoSection.js
FN:6,ProfileInfoSection
FN:15,(anonymous_1)
FN:32,(anonymous_2)
FNF:3
FNH:3
FNDA:8,ProfileInfoSection
FNDA:22,(anonymous_1)
FNDA:36,(anonymous_2)
DA:7,8
DA:8,8
DA:16,22
DA:33,36
DA:44,3
LF:5
LH:5
BRDA:7,0,0,0
BRDA:7,0,1,8
BRDA:20,1,0,0
BRDA:20,1,1,22
BRF:4
BRH:2
end_of_record
TN:
SF:components/atoms/StatusBadge.js
FN:10,StatusBadge
FNF:1
FNH:1
FNDA:118,StatusBadge
DA:11,118
DA:12,118
DA:34,7
LF:3
LH:3
BRDA:11,0,0,11
BRDA:11,0,1,107
BRDA:19,1,0,5
BRDA:19,1,1,113
BRDA:21,2,0,0
BRDA:21,2,1,113
BRDA:23,3,0,47
BRDA:23,3,1,66
BRDA:28,4,0,118
BRDA:28,4,1,42
BRF:10
BRH:9
end_of_record
TN:
SF:components/atoms/TabList.js
FN:7,TabList
FN:8,(anonymous_1)
FN:9,(anonymous_2)
FN:15,(anonymous_3)
FN:30,(anonymous_4)
FNF:5
FNH:3
FNDA:4,TabList
FNDA:4,(anonymous_1)
FNDA:9,(anonymous_2)
FNDA:0,(anonymous_3)
FNDA:0,(anonymous_4)
DA:8,4
DA:9,4
DA:10,9
DA:16,0
DA:17,0
DA:30,0
DA:37,4
DA:44,2
LF:8
LH:5
BRDA:16,0,0,0
BRDA:16,0,1,0
BRDA:25,1,0,4
BRDA:25,1,1,5
BRF:4
BRH:2
end_of_record
TN:
SF:components/atoms/ViewMoreLessButton.js
FN:4,ViewMoreLessButton
FNF:1
FNH:1
FNDA:103,ViewMoreLessButton
DA:5,103
DA:36,5
LF:2
LH:2
BRDA:16,0,0,1
BRDA:16,0,1,100
BRF:2
BRH:2
end_of_record
TN:
SF:components/molecules/BenefitApplicationCard.js
FN:8,(anonymous_0)
FN:14,(anonymous_1)
FN:22,(anonymous_2)
FNF:3
FNH:3
FNDA:47,(anonymous_0)
FNDA:47,(anonymous_1)
FNDA:94,(anonymous_2)
DA:8,2
DA:9,47
DA:10,47
DA:11,47
DA:12,47
DA:14,47
DA:15,47
DA:22,47
DA:23,94
DA:28,47
DA:93,2
LF:11
LH:11
BRDA:9,0,0,3
BRDA:9,0,1,44
BRDA:16,1,0,47
BRDA:16,1,1,9
BRDA:16,1,2,46
BRDA:23,2,0,78
BRDA:23,2,1,16
BRDA:57,3,0,14
BRDA:57,3,1,33
BRF:9
BRH:9
end_of_record
TN:
SF:components/molecules/BenefitCard.js
FN:16,(anonymous_0)
FN:22,(anonymous_1)
FN:27,(anonymous_2)
FN:42,(anonymous_3)
FN:45,(anonymous_4)
FN:58,(anonymous_5)
FN:95,(anonymous_6)
FN:145,(anonymous_7)
FN:169,(anonymous_8)
FNF:9
FNH:4
FNDA:68,(anonymous_0)
FNDA:0,(anonymous_1)
FNDA:4,(anonymous_2)
FNDA:0,(anonymous_3)
FNDA:0,(anonymous_4)
FNDA:68,(anonymous_5)
FNDA:136,(anonymous_6)
FNDA:0,(anonymous_7)
FNDA:0,(anonymous_8)
DA:16,2
DA:17,68
DA:18,68
DA:19,68
DA:20,68
DA:21,68
DA:22,68
DA:23,0
DA:24,0
DA:27,68
DA:29,4
DA:31,0
DA:32,4
DA:37,0
DA:40,4
DA:42,0
DA:45,68
DA:46,0
DA:47,0
DA:58,68
DA:59,68
DA:61,2
DA:70,44
DA:77,22
DA:84,0
DA:91,0
DA:95,68
DA:96,136
DA:98,4
DA:105,88
DA:112,44
DA:118,0
DA:122,68
DA:146,0
DA:147,0
DA:170,0
DA:190,2
LF:37
LH:24
BRDA:17,0,0,2
BRDA:17,0,1,66
BRDA:23,1,0,0
BRDA:23,1,1,0
BRDA:29,2,0,0
BRDA:29,2,1,4
BRDA:29,3,0,4
BRDA:29,3,1,4
BRDA:32,4,0,0
BRDA:32,4,1,4
BRDA:33,5,0,4
BRDA:33,5,1,0
BRDA:46,6,0,0
BRDA:46,6,1,0
BRDA:46,7,0,0
BRDA:46,7,1,0
BRDA:47,8,0,0
BRDA:47,8,1,0
BRDA:59,9,0,2
BRDA:59,9,1,44
BRDA:59,9,2,22
BRDA:59,9,3,0
BRDA:59,9,4,0
BRDA:96,10,0,4
BRDA:96,10,1,88
BRDA:96,10,2,44
BRDA:96,10,3,0
BRDA:129,11,0,68
BRDA:129,11,1,0
BRDA:138,12,0,68
BRDA:138,12,1,46
BRDA:139,13,0,68
BRDA:139,13,1,22
BRDA:158,14,0,11
BRDA:158,14,1,57
BRDA:161,15,0,57
BRDA:161,15,1,11
BRDA:168,16,0,11
BRDA:168,16,1,0
BRF:39
BRH:23
end_of_record
TN:
SF:components/molecules/BenefitCardHeaderSummary.js
FN:7,BenefitCardHeaderSummary
FN:14,(anonymous_1)
FN:39,(anonymous_2)
FNF:3
FNH:3
FNDA:1,BenefitCardHeaderSummary
FNDA:1,(anonymous_1)
FNDA:1,(anonymous_2)
DA:8,1
DA:9,1
DA:14,1
DA:15,1
DA:17,1
DA:22,0
DA:26,0
DA:27,0
DA:29,0
DA:30,0
DA:34,1
DA:39,1
DA:51,3
LF:13
LH:8
BRDA:8,0,0,1
BRDA:8,0,1,0
BRDA:15,1,0,1
BRDA:15,1,1,0
BRDA:15,1,2,0
BRDA:15,1,3,0
BRDA:15,1,4,0
BRDA:38,2,0,1
BRDA:38,2,1,1
BRDA:39,3,0,0
BRDA:39,3,1,1
BRF:11
BRH:5
end_of_record
TN:
SF:components/molecules/BenefitTasks.js
FN:6,BenefitTasks
FN:23,(anonymous_1)
FNF:2
FNH:2
FNDA:106,BenefitTasks
FNDA:451,(anonymous_1)
DA:7,106
DA:8,106
DA:11,106
DA:13,106
DA:24,451
DA:40,5
LF:6
LH:6
BRDA:7,0,0,7
BRDA:7,0,1,99
BRDA:8,1,0,0
BRDA:8,1,1,106
BRDA:16,2,0,1
BRDA:16,2,1,105
BRDA:18,3,0,46
BRDA:18,3,1,59
BRF:8
BRH:7
end_of_record
TN:
SF:components/molecules/DSFooter.js
FN:3,DSFooter
FNF:1
FNH:1
FNDA:2,DSFooter
DA:4,2
LF:1
LH:1
BRF:0
BRH:0
end_of_record
TN:
SF:components/molecules/DSHeader.js
FN:6,DSHeader
FN:32,(anonymous_1)
FN:38,noRefCheck
FN:39,noRefCheck
FNF:4
FNH:1
FNDA:2,DSHeader
FNDA:0,(anonymous_1)
FNDA:0,noRefCheck
FNDA:0,noRefCheck
DA:7,2
DA:8,1
DA:18,1
DA:32,0
LF:4
LH:3
BRDA:7,0,0,0
BRDA:7,0,1,1
BRDA:24,1,0,0
BRDA:24,1,1,1
BRF:4
BRH:2
end_of_record
TN:
SF:components/molecules/Footer.js
FN:8,Footer
FN:28,(anonymous_1)
FN:54,(anonymous_2)
FNF:3
FNH:3
FNDA:2,Footer
FNDA:3,(anonymous_1)
FNDA:5,(anonymous_2)
DA:9,2
DA:29,3
DA:55,5
DA:90,1
LF:4
LH:4
BRDA:59,0,0,2
BRDA:59,0,1,3
BRF:2
BRH:2
end_of_record
TN:
SF:components/molecules/Greeting.js
FN:5,Greeting
FNF:1
FNH:1
FNDA:11,Greeting
DA:6,11
DA:8,11
LF:2
LH:2
BRDA:6,0,0,0
BRDA:6,0,1,11
BRF:2
BRH:1
end_of_record
TN:
SF:components/molecules/Header.js
FN:7,Header
FN:13,(anonymous_1)
FNF:2
FNH:2
FNDA:3,Header
FNDA:3,(anonymous_1)
DA:8,3
DA:9,3
DA:10,3
DA:12,3
DA:13,3
DA:15,3
DA:16,0
DA:20,3
DA:23,3
DA:129,1
LF:10
LH:9
BRDA:15,0,0,0
BRDA:15,0,1,3
BRDA:15,1,0,3
BRDA:15,1,1,0
BRDA:15,1,2,0
BRDA:47,2,0,2
BRDA:47,2,1,1
BRDA:52,3,0,2
BRDA:52,3,1,1
BRDA:62,4,0,3
BRDA:62,4,1,3
BRDA:63,5,0,2
BRDA:63,5,1,1
BRDA:68,6,0,2
BRDA:68,6,1,1
BRDA:70,7,0,2
BRDA:70,7,1,1
BRDA:79,8,0,3
BRDA:79,8,1,3
BRDA:80,9,0,2
BRDA:80,9,1,1
BRDA:86,10,0,2
BRDA:86,10,1,1
BRDA:88,11,0,2
BRDA:88,11,1,1
BRF:25
BRH:22
end_of_record
TN:
SF:components/molecules/Menu.js
FN:9,Menu
FN:41,(anonymous_1)
FNF:2
FNH:2
FNDA:6,Menu
FNDA:18,(anonymous_1)
DA:11,6
DA:13,6
DA:42,18
DA:44,18
DA:78,2
LF:5
LH:5
BRDA:48,0,0,12
BRDA:48,0,1,6
BRDA:48,1,0,18
BRDA:48,1,1,12
BRDA:53,2,0,15
BRDA:53,2,1,3
BRF:6
BRH:6
end_of_record
TN:
SF:components/molecules/NoBenefitCard.js
FN:9,(anonymous_0)
FN:15,(anonymous_1)
FN:20,(anonymous_2)
FN:52,(anonymous_3)
FNF:4
FNH:1
FNDA:46,(anonymous_0)
FNDA:0,(anonymous_1)
FNDA:0,(anonymous_2)
FNDA:0,(anonymous_3)
DA:9,2
DA:10,46
DA:11,46
DA:12,46
DA:13,46
DA:14,46
DA:15,46
DA:16,0
DA:17,0
DA:20,46
DA:21,0
DA:22,0
DA:33,46
DA:53,0
DA:54,0
DA:65,2
LF:16
LH:10
BRDA:10,0,0,2
BRDA:10,0,1,44
BRDA:16,1,0,0
BRDA:16,1,1,0
BRDA:21,2,0,0
BRDA:21,2,1,0
BRDA:21,3,0,0
BRDA:21,3,1,0
BRDA:22,4,0,0
BRDA:22,4,1,0
BRDA:49,5,0,46
BRDA:49,5,1,11
BRF:12
BRH:4
end_of_record
TN:
SF:components/molecules/ProfileInfo.js
FN:4,ProfileInfo
FN:7,(anonymous_1)
FNF:2
FNH:2
FNDA:3,ProfileInfo
FNDA:6,(anonymous_1)
DA:5,3
DA:8,6
DA:19,2
LF:3
LH:3
BRF:0
BRH:0
end_of_record
TN:
SF:components/molecules/SplashLanguageSelect.js
FN:5,SplashLanguageSelect
FNF:1
FNH:1
FNDA:3,SplashLanguageSelect
DA:6,3
LF:1
LH:1
BRF:0
BRH:0
end_of_record
TN:
SF:components/molecules/UniversalBenefitCard.js
FN:11,UniversalBenefitCard
FN:38,(anonymous_1)
FN:56,(anonymous_2)
FN:76,(anonymous_3)
FNF:4
FNH:1
FNDA:45,UniversalBenefitCard
FNDA:0,(anonymous_1)
FNDA:0,(anonymous_2)
FNDA:0,(anonymous_3)
DA:12,45
DA:13,41
DA:15,41
DA:20,41
DA:21,41
DA:22,41
DA:39,0
DA:57,0
DA:58,0
DA:59,0
DA:63,0
DA:77,0
DA:95,2
LF:13
LH:7
BRDA:12,0,0,1
BRDA:12,0,1,40
BRDA:35,1,0,41
BRDA:35,1,1,0
BRDA:35,2,0,41
BRDA:35,2,1,0
BRDA:58,3,0,0
BRDA:58,3,1,0
BRDA:71,4,0,41
BRDA:71,4,1,0
BRDA:71,5,0,41
BRDA:71,5,1,0
BRDA:74,6,0,0
BRDA:74,6,1,0
BRF:14
BRH:6
end_of_record
TN:
SF:components/organisms/DashboardUtils.js
FN:7,getProgramBenefit
FN:8,(anonymous_1)
FN:16,getBenefitCode
FN:17,(anonymous_3)
FN:25,getBenefitType
FN:26,(anonymous_5)
FN:34,formatDate
FNF:7
FNH:0
FNDA:0,getProgramBenefit
FNDA:0,(anonymous_1)
FNDA:0,getBenefitCode
FNDA:0,(anonymous_3)
FNDA:0,getBenefitType
FNDA:0,(anonymous_5)
FNDA:0,formatDate
DA:8,0
DA:9,0
DA:10,0
DA:13,0
DA:17,0
DA:18,0
DA:19,0
DA:22,0
DA:26,0
DA:27,0
DA:28,0
DA:31,0
DA:35,0
DA:36,0
LF:14
LH:0
BRDA:9,0,0,0
BRDA:9,0,1,0
BRDA:18,1,0,0
BRDA:18,1,1,0
BRDA:27,2,0,0
BRDA:27,2,1,0
BRF:6
BRH:0
end_of_record
TN:
SF:components/organisms/Layout.js
FN:17,Layout
FN:22,(anonymous_1)
FNF:2
FNH:0
FNDA:0,Layout
FNDA:0,(anonymous_1)
DA:18,0
DA:20,0
DA:22,0
DA:23,0
DA:24,0
DA:38,0
DA:167,0
DA:205,0
LF:8
LH:0
BRDA:18,0,0,0
BRDA:18,0,1,0
BRDA:20,1,0,0
BRDA:20,1,1,0
BRDA:23,2,0,0
BRDA:23,2,1,0
BRDA:28,3,0,0
BRDA:28,3,1,0
BRDA:40,4,0,0
BRDA:40,4,1,0
BRDA:59,5,0,0
BRDA:59,5,1,0
BRDA:71,6,0,0
BRDA:71,6,1,0
BRDA:83,7,0,0
BRDA:83,7,1,0
BRDA:90,8,0,0
BRDA:90,8,1,0
BRDA:92,9,0,0
BRDA:92,9,1,0
BRF:20
BRH:0
end_of_record
TN:
SF:pages/400.js
FN:3,Error400
FN:15,getStaticProps
FNF:2
FNH:1
FNDA:2,Error400
FNDA:0,getStaticProps
DA:4,2
DA:5,1
DA:16,0
DA:17,0
DA:22,0
DA:25,0
LF:6
LH:2
BRDA:4,0,0,0
BRDA:4,0,1,1
BRDA:16,1,0,0
BRDA:16,1,1,0
BRF:4
BRH:1
end_of_record
TN:
SF:pages/404.js
FN:3,Error404
FN:15,getStaticProps
FNF:2
FNH:1
FNDA:2,Error404
FNDA:0,getStaticProps
DA:4,2
DA:5,1
DA:16,0
DA:17,0
DA:22,0
DA:25,0
LF:6
LH:2
BRDA:4,0,0,0
BRDA:4,0,1,1
BRDA:16,1,0,0
BRDA:16,1,1,0
BRF:4
BRH:1
end_of_record
TN:
SF:pages/500.js
FN:3,Error500
FN:15,getStaticProps
FNF:2
FNH:1
FNDA:2,Error500
FNDA:0,getStaticProps
DA:4,2
DA:5,1
DA:16,0
DA:17,0
DA:22,0
DA:25,0
LF:6
LH:2
BRDA:4,0,0,0
BRDA:4,0,1,1
BRDA:16,1,0,0
BRDA:16,1,1,0
BRF:4
BRH:1
end_of_record
TN:
SF:pages/503.js
FN:3,Error503
FN:15,getStaticProps
FNF:2
FNH:1
FNDA:2,Error503
FNDA:0,getStaticProps
DA:4,2
DA:5,1
DA:16,0
DA:17,0
DA:22,0
DA:25,0
LF:6
LH:2
BRDA:4,0,0,0
BRDA:4,0,1,1
BRDA:16,1,0,0
BRDA:16,1,1,0
BRF:4
BRH:1
end_of_record
TN:
SF:pages/_app.js
FN:5,MyApp
FNF:1
FNH:0
FNDA:0,MyApp
DA:6,0
LF:1
LH:0
BRF:0
BRH:0
end_of_record
TN:
SF:pages/_document.js
FN:4,(anonymous_0)
FN:9,(anonymous_1)
FNF:2
FNH:0
FNDA:0,(anonymous_0)
FNDA:0,(anonymous_1)
DA:5,0
DA:6,0
DA:10,0
LF:3
LH:0
BRF:0
BRH:0
end_of_record
TN:
SF:pages/dashboard.js
FN:12,Dashboard
FN:39,(anonymous_1)
FN:41,(anonymous_2)
FN:42,(anonymous_3)
FN:45,(anonymous_4)
FN:48,(anonymous_5)
FN:51,(anonymous_6)
FN:52,(anonymous_7)
FN:55,(anonymous_8)
FN:58,(anonymous_9)
FN:61,(anonymous_10)
FN:62,(anonymous_11)
FN:65,(anonymous_12)
FN:68,(anonymous_13)
FN:71,(anonymous_14)
FN:72,(anonymous_15)
FN:75,(anonymous_16)
FN:78,(anonymous_17)
FN:81,(anonymous_18)
FN:82,(anonymous_19)
FN:85,(anonymous_20)
FN:88,(anonymous_21)
FN:141,(anonymous_22)
FN:150,(anonymous_23)
FN:166,(anonymous_24)
FN:178,getServerSideProps
FNF:26
FNH:20
FNDA:12,Dashboard
FNDA:1,(anonymous_1)
FNDA:1,(anonymous_2)
FNDA:1,(anonymous_3)
FNDA:0,(anonymous_4)
FNDA:1,(anonymous_5)
FNDA:1,(anonymous_6)
FNDA:1,(anonymous_7)
FNDA:0,(anonymous_8)
FNDA:1,(anonymous_9)
FNDA:1,(anonymous_10)
FNDA:1,(anonymous_11)
FNDA:0,(anonymous_12)
FNDA:1,(anonymous_13)
FNDA:1,(anonymous_14)
FNDA:1,(anonymous_15)
FNDA:0,(anonymous_16)
FNDA:1,(anonymous_17)
FNDA:1,(anonymous_18)
FNDA:1,(anonymous_19)
FNDA:0,(anonymous_20)
FNDA:1,(anonymous_21)
FNDA:66,(anonymous_22)
FNDA:132,(anonymous_23)
FNDA:44,(anonymous_24)
FNDA:0,getServerSideProps
DA:13,12
DA:14,11
DA:17,11
DA:19,11
DA:20,11
DA:21,11
DA:23,11
DA:24,11
DA:25,11
DA:27,11
DA:28,11
DA:29,11
DA:31,11
DA:32,11
DA:33,11
DA:35,11
DA:36,11
DA:37,11
DA:39,11
DA:40,1
DA:41,1
DA:43,1
DA:46,0
DA:48,1
DA:50,1
DA:51,1
DA:53,1
DA:56,0
DA:58,1
DA:60,1
DA:61,1
DA:63,1
DA:66,0
DA:68,1
DA:70,1
DA:71,1
DA:73,1
DA:76,0
DA:78,1
DA:80,1
DA:81,1
DA:83,1
DA:86,0
DA:88,1
DA:91,11
DA:142,66
DA:151,132
DA:152,80
DA:153,52
DA:154,8
DA:156,44
DA:167,44
DA:179,0
DA:181,0
DA:185,0
DA:186,0
DA:188,0
DA:189,0
DA:198,0
DA:204,0
DA:206,0
LF:61
LH:47
BRDA:95,0,0,5
BRDA:95,0,1,6
BRDA:96,1,0,10
BRDA:96,1,1,1
BRDA:104,2,0,4
BRDA:104,2,1,7
BRDA:105,3,0,9
BRDA:105,3,1,2
BRDA:113,4,0,3
BRDA:113,4,1,8
BRDA:114,5,0,8
BRDA:114,5,1,3
BRDA:122,6,0,2
BRDA:122,6,1,9
BRDA:123,7,0,7
BRDA:123,7,1,4
BRDA:131,8,0,1
BRDA:131,8,1,10
BRDA:132,9,0,6
BRDA:132,9,1,5
BRDA:151,10,0,80
BRDA:151,10,1,52
BRDA:151,11,0,132
BRDA:151,11,1,88
BRDA:153,12,0,8
BRDA:153,12,1,44
BRDA:153,13,0,52
BRDA:153,13,1,11
BRDA:181,14,0,0
BRDA:181,14,1,0
BRDA:182,15,0,0
BRDA:182,15,1,0
BRDA:186,16,0,0
BRDA:186,16,1,0
BRDA:188,17,0,0
BRDA:188,17,1,0
BRDA:204,18,0,0
BRDA:204,18,1,0
BRF:38
BRH:28
end_of_record
TN:
SF:pages/index.js
FN:4,Index
FN:12,getStaticProps
FNF:2
FNH:1
FNDA:1,Index
FNDA:0,getStaticProps
DA:5,1
DA:13,0
DA:18,0
DA:24,0
DA:33,1
LF:5
LH:2
BRF:0
BRH:0
end_of_record
TN:
SF:pages/profile.js
FN:8,Profile
FN:94,(anonymous_1)
FN:110,(anonymous_2)
FN:138,getStaticProps
FNF:4
FNH:1
FNDA:1,Profile
FNDA:0,(anonymous_1)
FNDA:0,(anonymous_2)
FNDA:0,getStaticProps
DA:9,1
DA:10,1
DA:11,1
DA:12,1
DA:37,1
DA:55,1
DA:87,1
DA:94,0
DA:110,0
DA:139,0
DA:140,0
DA:142,0
DA:148,0
DA:155,0
LF:14
LH:7
BRDA:9,0,0,0
BRDA:9,0,1,1
BRDA:106,1,0,1
BRDA:106,1,1,0
BRDA:125,2,0,0
BRDA:125,2,1,0
BRDA:139,3,0,0
BRDA:139,3,1,0
BRDA:140,4,0,0
BRDA:140,4,1,0
BRF:10
BRH:2
end_of_record
TN:
SF:pages/api/metrics.js
FN:5,handler
FNF:1
FNH:0
FNDA:0,handler
DA:3,0
DA:6,0
DA:7,0
LF:3
LH:0
BRF:0
BRH:0
end_of_record
TN:
SF:pages/api/auth/[...nextauth].js
FN:23,(anonymous_0)
FN:36,(anonymous_1)
FNF:2
FNH:0
FNDA:0,(anonymous_0)
FNDA:0,(anonymous_1)
DA:24,0
DA:37,0
DA:38,0
LF:3
LH:0
BRF:0
BRH:0
end_of_record
TN:
SF:pages/api/programData/_middleware.js
FN:3,middleware
FNF:1
FNH:0
FNDA:0,middleware
DA:4,0
DA:9,0
DA:11,0
DA:12,0
LF:4
LH:0
BRDA:4,0,0,0
BRDA:4,0,1,0
BRDA:5,1,0,0
BRDA:5,1,1,0
BRDA:11,2,0,0
BRDA:11,2,1,0
BRF:6
BRH:0
end_of_record
TN:
SF:pages/api/programData/cpp.js
FN:3,handler
FNF:1
FNH:0
FNDA:0,handler
DA:4,0
DA:5,0
DA:6,0
DA:11,0
DA:14,0
DA:16,0
DA:17,0
DA:20,0
DA:22,0
LF:9
LH:0
BRDA:4,0,0,0
BRDA:4,0,1,0
BRF:2
BRH:0
end_of_record
TN:
SF:pages/api/programData/cppd.js
FN:3,handler
FNF:1
FNH:0
FNDA:0,handler
DA:4,0
DA:5,0
DA:18,0
DA:20,0
LF:4
LH:0
BRDA:4,0,0,0
BRDA:4,0,1,0
BRF:2
BRH:0
end_of_record
TN:
SF:pages/api/programData/ei.js
FN:3,handler
FNF:1
FNH:0
FNDA:0,handler
DA:4,0
DA:5,0
DA:6,0
DA:11,0
DA:14,0
DA:16,0
DA:17,0
DA:20,0
DA:22,0
LF:9
LH:0
BRDA:4,0,0,0
BRDA:4,0,1,0
BRF:2
BRH:0
end_of_record
TN:
SF:pages/api/programData/oas.js
FN:3,handler
FNF:1
FNH:0
FNDA:0,handler
DA:4,0
DA:5,0
DA:18,0
DA:20,0
LF:4
LH:0
BRDA:4,0,0,0
BRDA:4,0,1,0
BRF:2
BRH:0
end_of_record
TN:
SF:pages/api/programData/seb.js
FN:3,handler
FNF:1
FNH:0
FNDA:0,handler
DA:4,0
DA:5,0
DA:18,0
DA:20,0
LF:4
LH:0
BRDA:4,0,0,0
BRDA:4,0,1,0
BRF:2
BRH:0
end_of_record
