TN:
SF:components/atoms/ActionButton.js
FN:7,ActionButton
FNF:1
FNH:1
FNDA:68,ActionButton
DA:8,68
DA:11,68
DA:13,68
DA:43,10
LF:4
LH:4
BRDA:13,0,0,15
BRDA:13,0,1,53
BRDA:16,1,0,7
BRDA:16,1,1,8
BRDA:30,2,0,2
BRDA:30,2,1,51
BRF:6
BRH:6
end_of_record
TN:
SF:components/atoms/BenefitCardHeaderActive.js
FN:11,BenefitCardHeaderActive
FN:13,(anonymous_1)
FN:21,(anonymous_2)
FN:27,(anonymous_3)
FN:42,(anonymous_4)
FN:45,(anonymous_5)
FN:56,(anonymous_6)
FNF:7
FNH:7
FNDA:25,BenefitCardHeaderActive
FNDA:25,(anonymous_1)
FNDA:7,(anonymous_2)
FNDA:25,(anonymous_3)
FNDA:8,(anonymous_4)
FNDA:25,(anonymous_5)
FNDA:25,(anonymous_6)
DA:12,25
DA:13,25
DA:14,25
DA:15,6
DA:16,19
DA:20,7
DA:21,7
DA:23,12
DA:27,25
DA:29,25
DA:33,7
DA:34,18
DA:38,1
DA:40,17
DA:42,8
DA:45,25
DA:46,25
DA:50,14
DA:52,11
DA:56,25
DA:57,25
DA:58,9
DA:59,16
DA:60,5
DA:62,11
DA:66,25
LF:26
LH:26
BRDA:12,0,0,25
BRDA:12,0,1,0
BRDA:14,1,0,6
BRDA:14,1,1,19
BRDA:16,2,0,7
BRDA:16,2,1,12
BRDA:17,3,0,19
BRDA:17,3,1,9
BRDA:29,4,0,7
BRDA:29,4,1,18
BRDA:30,5,0,25
BRDA:30,5,1,9
BRDA:34,6,0,1
BRDA:34,6,1,17
BRDA:35,7,0,18
BRDA:35,7,1,5
BRDA:46,8,0,14
BRDA:46,8,1,11
BRDA:47,9,0,25
BRDA:47,9,1,16
BRDA:57,10,0,9
BRDA:57,10,1,16
BRDA:59,11,0,5
BRDA:59,11,1,11
BRDA:94,12,0,25
BRDA:94,12,1,0
BRDA:108,13,0,20
BRDA:108,13,1,5
BRF:28
BRH:26
end_of_record
TN:
SF:components/atoms/BenefitCardHeaderInactive.js
FN:6,BenefitCardHeaderInactive
FN:8,(anonymous_1)
FNF:2
FNH:2
FNDA:12,BenefitCardHeaderInactive
FNDA:12,(anonymous_1)
DA:7,12
DA:8,12
DA:9,12
DA:12,12
LF:4
LH:4
BRDA:7,0,0,12
BRDA:7,0,1,0
BRF:2
BRH:1
end_of_record
TN:
SF:components/atoms/BenefitCardHeaderPending.js
FN:6,BenefitCardHeaderPending
FN:8,(anonymous_1)
FNF:2
FNH:2
FNDA:23,BenefitCardHeaderPending
FNDA:23,(anonymous_1)
DA:7,23
DA:8,23
DA:9,23
DA:10,6
DA:12,17
DA:16,23
LF:6
LH:6
BRDA:7,0,0,23
BRDA:7,0,1,0
BRDA:9,1,0,6
BRDA:9,1,1,17
BRF:4
BRH:3
end_of_record
TN:
SF:components/atoms/BenefitDetailPart.js
FN:6,(anonymous_0)
FNF:1
FNH:1
FNDA:4,(anonymous_0)
DA:6,4
DA:7,4
DA:9,4
DA:32,4
LF:4
LH:4
BRDA:7,0,0,3
BRDA:7,0,1,1
BRDA:25,1,0,4
BRDA:25,1,1,2
BRF:4
BRH:4
end_of_record
TN:
SF:components/atoms/Breadcrumb.js
FN:7,Breadcrumb
FN:20,(anonymous_1)
FNF:2
FNH:2
FNDA:3,Breadcrumb
FNDA:1,(anonymous_1)
DA:8,3
DA:21,1
DA:41,1
LF:3
LH:3
BRDA:19,0,0,1
BRDA:19,0,1,2
BRF:2
BRH:2
end_of_record
TN:
SF:components/atoms/Card.js
FN:4,Card
FNF:1
FNH:1
FNDA:2,Card
DA:5,2
DA:23,1
LF:2
LH:2
BRF:0
BRH:0
end_of_record
TN:
SF:components/atoms/DateModified.js
FN:6,DateModified
FNF:1
FNH:1
FNDA:4,DateModified
DA:7,4
DA:15,3
DA:20,3
LF:3
LH:3
BRF:0
BRH:0
end_of_record
TN:
SF:components/atoms/HorizontalRule.js
FN:4,HorizontalRule
FNF:1
FNH:1
FNDA:222,HorizontalRule
DA:5,222
DA:6,0
DA:11,222
DA:12,0
DA:17,222
DA:18,113
DA:24,109
LF:7
LH:5
BRDA:5,0,0,0
BRDA:5,0,1,222
BRDA:5,1,0,222
BRDA:5,1,1,0
BRDA:11,2,0,0
BRDA:11,2,1,222
BRDA:17,3,0,113
BRDA:17,3,1,109
BRF:8
BRH:5
end_of_record
TN:
SF:components/atoms/Meta.js
FN:5,Meta
FN:24,(anonymous_1)
FNF:2
FNH:2
FNDA:2,Meta
FNDA:2,(anonymous_1)
DA:6,2
DA:25,2
DA:63,2
DA:69,2
LF:4
LH:4
BRDA:18,0,0,1
BRDA:18,0,1,1
BRDA:39,1,0,2
BRDA:39,1,1,1
BRF:4
BRH:4
end_of_record
TN:
SF:components/atoms/NoBenefitCardHeader.js
FN:5,BenefitCardHeaderActive
FN:9,(anonymous_1)
FNF:2
FNH:2
FNDA:24,BenefitCardHeaderActive
FNDA:48,(anonymous_1)
DA:6,24
DA:7,24
DA:9,24
DA:10,48
DA:13,24
LF:5
LH:5
BRDA:6,0,0,24
BRDA:6,0,1,0
BRF:2
BRH:1
end_of_record
TN:
SF:components/atoms/PhaseBanner.js
FN:7,PhaseBanner
FNF:1
FNH:1
FNDA:2,PhaseBanner
DA:8,2
DA:31,2
LF:2
LH:2
BRF:0
BRH:0
end_of_record
TN:
SF:components/atoms/ViewMoreLessButton.js
FN:4,ViewMoreLessButton
FNF:1
FNH:1
FNDA:50,ViewMoreLessButton
DA:5,50
DA:25,4
LF:2
LH:2
BRDA:17,0,0,1
BRDA:17,0,1,49
BRF:2
BRH:2
end_of_record
TN:
SF:components/molecules/ActiveBenefitDetails.js
FN:8,(anonymous_0)
FNF:1
FNH:1
FNDA:1,(anonymous_0)
DA:8,3
DA:9,1
DA:11,1
DA:52,3
LF:4
LH:4
BRDA:9,0,0,1
BRDA:9,0,1,0
BRDA:22,1,0,0
BRDA:22,1,1,1
BRF:4
BRH:2
end_of_record
TN:
SF:components/molecules/BenefitApplicationCard.js
FN:8,(anonymous_0)
FN:14,(anonymous_1)
FN:22,(anonymous_2)
FNF:3
FNH:3
FNDA:28,(anonymous_0)
FNDA:28,(anonymous_1)
FNDA:56,(anonymous_2)
DA:8,2
DA:9,28
DA:10,28
DA:11,28
DA:12,28
DA:14,28
DA:15,28
DA:22,28
DA:23,56
DA:28,28
DA:93,2
LF:11
LH:11
BRDA:9,0,0,28
BRDA:9,0,1,0
BRDA:16,1,0,28
BRDA:16,1,1,6
BRDA:16,1,2,23
BRDA:23,2,0,54
BRDA:23,2,1,2
BRDA:57,3,0,12
BRDA:57,3,1,16
BRF:9
BRH:8
end_of_record
TN:
SF:components/molecules/BenefitCard.js
FN:16,(anonymous_0)
FN:22,(anonymous_1)
FN:27,(anonymous_2)
FN:36,(anonymous_3)
FN:39,(anonymous_4)
FN:52,(anonymous_5)
FN:81,(anonymous_6)
FN:129,(anonymous_7)
FN:158,(anonymous_8)
FNF:9
FNH:5
FNDA:54,(anonymous_0)
FNDA:0,(anonymous_1)
FNDA:22,(anonymous_2)
FNDA:6,(anonymous_3)
FNDA:0,(anonymous_4)
FNDA:52,(anonymous_5)
FNDA:52,(anonymous_6)
FNDA:0,(anonymous_7)
FNDA:0,(anonymous_8)
DA:16,2
DA:17,54
DA:18,52
DA:19,52
DA:20,52
DA:21,52
DA:22,52
DA:23,0
DA:24,0
DA:27,52
DA:29,22
DA:30,7
DA:31,15
DA:32,5
DA:34,10
DA:36,12
DA:39,52
DA:40,0
DA:41,0
DA:52,52
DA:53,52
DA:55,22
DA:63,20
DA:70,10
DA:77,0
DA:81,52
DA:82,52
DA:84,22
DA:91,20
DA:98,10
DA:104,0
DA:108,52
DA:130,0
DA:159,0
DA:160,0
DA:172,2
LF:36
LH:27
BRDA:17,0,0,52
BRDA:17,0,1,0
BRDA:23,1,0,0
BRDA:23,1,1,0
BRDA:29,2,0,7
BRDA:29,2,1,15
BRDA:31,3,0,5
BRDA:31,3,1,10
BRDA:40,4,0,0
BRDA:40,4,1,0
BRDA:40,5,0,0
BRDA:40,5,1,0
BRDA:41,6,0,0
BRDA:41,6,1,0
BRDA:53,7,0,22
BRDA:53,7,1,20
BRDA:53,7,2,10
BRDA:53,7,3,0
BRDA:82,8,0,22
BRDA:82,8,1,20
BRDA:82,8,2,10
BRDA:82,8,3,0
BRDA:122,9,0,42
BRDA:122,9,1,10
BRDA:128,10,0,10
BRDA:128,10,1,0
BRDA:145,11,0,0
BRDA:145,11,1,52
BRDA:145,12,0,52
BRDA:145,12,1,0
BRDA:152,13,0,52
BRDA:152,13,1,42
BRDA:153,14,0,52
BRDA:153,14,1,10
BRF:34
BRH:20
end_of_record
TN:
SF:components/molecules/BenefitTasks.js
FN:5,BenefitTasks
FN:22,(anonymous_1)
FNF:2
FNH:2
FNDA:67,BenefitTasks
FNDA:297,(anonymous_1)
DA:6,67
DA:7,67
DA:10,67
DA:12,67
DA:23,297
DA:39,4
LF:6
LH:6
BRDA:6,0,0,22
BRDA:6,0,1,45
BRDA:7,1,0,0
BRDA:7,1,1,67
BRDA:15,2,0,1
BRDA:15,2,1,66
BRDA:17,3,0,22
BRDA:17,3,1,44
BRF:8
BRH:7
end_of_record
TN:
SF:components/molecules/DSFooter.js
FN:3,DSFooter
FNF:1
FNH:1
FNDA:8,DSFooter
DA:4,8
LF:1
LH:1
BRF:0
BRH:0
end_of_record
TN:
SF:components/molecules/DSHeader.js
FN:5,DSHeader
FN:41,(anonymous_1)
FN:41,(anonymous_2)
FNF:3
FNH:1
FNDA:10,DSHeader
FNDA:0,(anonymous_1)
FNDA:0,(anonymous_2)
DA:6,10
DA:7,10
DA:21,10
LF:3
LH:3
BRDA:6,0,0,9
BRDA:6,0,1,1
BRF:2
BRH:2
end_of_record
TN:
SF:components/molecules/Footer.js
FN:8,Footer
FN:28,(anonymous_1)
FN:54,(anonymous_2)
FNF:3
FNH:3
FNDA:2,Footer
FNDA:3,(anonymous_1)
FNDA:5,(anonymous_2)
DA:9,2
DA:29,3
DA:55,5
DA:90,2
LF:4
LH:4
BRDA:59,0,0,2
BRDA:59,0,1,3
BRF:2
BRH:2
end_of_record
TN:
SF:components/molecules/Greeting.js
FN:4,Greeting
FNF:1
FNH:1
FNDA:5,Greeting
DA:5,5
DA:7,5
LF:2
LH:2
BRDA:5,0,0,5
BRDA:5,0,1,0
BRF:2
BRH:1
end_of_record
TN:
SF:components/molecules/Header.js
FN:7,Header
FN:13,(anonymous_1)
FNF:2
FNH:2
FNDA:3,Header
FNDA:3,(anonymous_1)
DA:8,3
DA:9,3
DA:10,3
DA:12,3
DA:13,3
DA:15,3
DA:16,0
DA:20,3
DA:23,3
DA:129,2
LF:10
LH:9
BRDA:15,0,0,0
BRDA:15,0,1,3
BRDA:15,1,0,3
BRDA:15,1,1,0
BRDA:15,1,2,0
BRDA:47,2,0,2
BRDA:47,2,1,1
BRDA:52,3,0,2
BRDA:52,3,1,1
BRDA:62,4,0,3
BRDA:62,4,1,3
BRDA:63,5,0,2
BRDA:63,5,1,1
BRDA:68,6,0,2
BRDA:68,6,1,1
BRDA:70,7,0,2
BRDA:70,7,1,1
BRDA:79,8,0,3
BRDA:79,8,1,3
BRDA:80,9,0,2
BRDA:80,9,1,1
BRDA:86,10,0,2
BRDA:86,10,1,1
BRDA:88,11,0,2
BRDA:88,11,1,1
BRF:25
BRH:22
end_of_record
TN:
SF:components/molecules/Menu.js
FN:9,Menu
FN:41,(anonymous_1)
FNF:2
FNH:2
FNDA:6,Menu
FNDA:18,(anonymous_1)
DA:11,6
DA:13,6
DA:42,18
DA:44,18
DA:78,3
LF:5
LH:5
BRDA:48,0,0,12
BRDA:48,0,1,6
BRDA:48,1,0,18
BRDA:48,1,1,12
BRDA:53,2,0,15
BRDA:53,2,1,3
BRF:6
BRH:6
end_of_record
TN:
SF:components/molecules/NoBenefitCard.js
FN:9,(anonymous_0)
FN:15,(anonymous_1)
FN:20,(anonymous_2)
FN:52,(anonymous_3)
FNF:4
FNH:1
FNDA:22,(anonymous_0)
FNDA:0,(anonymous_1)
FNDA:0,(anonymous_2)
FNDA:0,(anonymous_3)
DA:9,2
DA:10,22
DA:11,22
DA:12,22
DA:13,22
DA:14,22
DA:15,22
DA:16,0
DA:17,0
DA:20,22
DA:21,0
DA:22,0
DA:33,22
DA:53,0
DA:54,0
DA:65,2
LF:16
LH:10
BRDA:10,0,0,22
BRDA:10,0,1,0
BRDA:16,1,0,0
BRDA:16,1,1,0
BRDA:21,2,0,0
BRDA:21,2,1,0
BRDA:21,3,0,0
BRDA:21,3,1,0
BRDA:22,4,0,0
BRDA:22,4,1,0
BRDA:49,5,0,22
BRDA:49,5,1,5
BRF:12
BRH:3
end_of_record
TN:
SF:components/molecules/SplashLanguageSelect.js
FN:5,SplashLanguageSelect
FNF:1
FNH:1
FNDA:3,SplashLanguageSelect
DA:6,3
LF:1
LH:1
BRF:0
BRH:0
end_of_record
TN:
SF:components/organisms/DashboardUtils.js
FN:7,getProgramBenefit
FN:8,(anonymous_1)
FN:16,getBenefitCode
FN:17,(anonymous_3)
FN:25,getBenefitType
FN:26,(anonymous_5)
FN:34,formatDate
FNF:7
FNH:7
FNDA:7,getProgramBenefit
FNDA:14,(anonymous_1)
FNDA:8,getBenefitCode
FNDA:16,(anonymous_3)
FNDA:12,getBenefitType
FNDA:24,(anonymous_5)
FNDA:14,formatDate
DA:8,7
DA:9,14
DA:10,7
DA:13,7
DA:17,8
DA:18,16
DA:19,8
DA:22,8
DA:26,12
DA:27,24
DA:28,6
DA:31,12
DA:35,14
DA:36,14
LF:14
LH:14
BRDA:9,0,0,7
BRDA:9,0,1,7
BRDA:18,1,0,8
BRDA:18,1,1,8
BRDA:27,2,0,6
BRDA:27,2,1,18
BRF:6
BRH:6
end_of_record
TN:
SF:components/organisms/Layout.js
FN:15,Layout
FN:18,(anonymous_1)
FNF:2
FNH:2
FNDA:1,Layout
FNDA:1,(anonymous_1)
DA:16,1
DA:18,1
DA:19,1
DA:20,0
DA:34,1
DA:149,1
DA:172,1
LF:7
LH:6
BRDA:16,0,0,1
BRDA:16,0,1,0
BRDA:19,1,0,0
BRDA:19,1,1,1
BRDA:24,2,0,0
BRDA:24,2,1,0
BRDA:36,3,0,0
BRDA:36,3,1,1
BRDA:55,4,0,0
BRDA:55,4,1,1
BRDA:74,5,0,0
BRDA:74,5,1,1
BRF:12
BRH:5
end_of_record
TN:
SF:pages/400.js
FN:4,Error400
FNF:1
FNH:1
FNDA:2,Error400
DA:5,2
LF:1
LH:1
BRF:0
BRH:0
end_of_record
TN:
SF:pages/404.js
FN:4,Error404
FNF:1
FNH:1
FNDA:2,Error404
DA:5,2
LF:1
LH:1
BRF:0
BRH:0
end_of_record
TN:
SF:pages/500.js
FN:4,Error500
FNF:1
FNH:1
FNDA:2,Error500
DA:5,2
LF:1
LH:1
BRF:0
BRH:0
end_of_record
TN:
SF:pages/503.js
FN:4,Error503
FNF:1
FNH:1
FNDA:2,Error503
DA:5,2
LF:1
LH:1
BRF:0
BRH:0
end_of_record
TN:
SF:pages/_app.js
FN:4,MyApp
FNF:1
FNH:0
FNDA:0,MyApp
DA:5,0
LF:1
LH:0
BRF:0
BRH:0
end_of_record
TN:
SF:pages/_document.js
FN:4,(anonymous_0)
FN:9,(anonymous_1)
FNF:2
FNH:0
FNDA:0,(anonymous_0)
FNDA:0,(anonymous_1)
DA:5,0
DA:6,0
DA:10,0
LF:3
LH:0
BRF:0
BRH:0
end_of_record
TN:
SF:pages/dashboard.js
FN:61,Dashboard
FN:65,(anonymous_1)
FN:72,(anonymous_2)
FN:73,(anonymous_3)
FN:79,(anonymous_4)
FN:86,(anonymous_5)
FN:87,(anonymous_6)
FN:159,(anonymous_7)
FN:197,getStaticProps
FN:217,BuildAdvertisingCards
FN:280,CheckAllBenefitsForAdvertising
FN:284,(anonymous_11)
FN:287,(anonymous_12)
FN:294,(anonymous_13)
FNF:14
FNH:8
FNDA:7,Dashboard
FNDA:1,(anonymous_1)
FNDA:1,(anonymous_2)
FNDA:1,(anonymous_3)
FNDA:1,(anonymous_4)
FNDA:1,(anonymous_5)
FNDA:1,(anonymous_6)
FNDA:30,(anonymous_7)
FNDA:0,getStaticProps
FNDA:0,BuildAdvertisingCards
FNDA:0,CheckAllBenefitsForAdvertising
FNDA:0,(anonymous_11)
FNDA:0,(anonymous_12)
FNDA:0,(anonymous_13)
DA:62,7
DA:63,6
DA:64,6
DA:65,6
DA:66,1
DA:67,1
DA:72,1
DA:74,1
DA:75,1
DA:79,6
DA:80,1
DA:81,1
DA:86,1
DA:88,1
DA:89,1
DA:93,6
DA:160,30
DA:198,0
DA:210,0
DA:220,0
DA:221,0
DA:222,0
DA:230,0
DA:232,0
DA:239,0
DA:241,0
DA:248,0
DA:250,0
DA:258,0
DA:260,0
DA:261,0
DA:264,0
DA:267,0
DA:268,0
DA:269,0
DA:270,0
DA:272,0
DA:282,0
DA:284,0
DA:286,0
DA:287,0
DA:290,0
DA:294,0
LF:43
LH:17
BRDA:222,0,0,0
BRDA:222,0,1,0
BRDA:232,1,0,0
BRDA:232,1,1,0
BRDA:241,2,0,0
BRDA:241,2,1,0
BRDA:250,3,0,0
BRDA:250,3,1,0
BRDA:282,4,0,0
BRDA:282,4,1,0
BRDA:287,5,0,0
BRDA:287,5,1,0
BRDA:290,6,0,0
BRDA:290,6,1,0
BRF:14
BRH:0
end_of_record
TN:
SF:pages/index.js
FN:8,Index
FN:23,getStaticProps
FNF:2
FNH:1
FNDA:1,Index
FNDA:0,getStaticProps
DA:9,1
DA:24,0
DA:30,0
DA:37,1
LF:4
LH:2
BRF:0
BRH:0
end_of_record
TN:
SF:pages/api/metrics.js
FN:5,handler
FNF:1
FNH:0
FNDA:0,handler
DA:3,0
DA:6,0
DA:7,0
LF:3
LH:0
BRF:0
BRH:0
end_of_record
