TN:
SF:components/atoms/ActionButton.js
FN:7,ActionButton
FNF:1
FNH:1
FNDA:73,ActionButton
DA:8,73
DA:11,73
DA:13,73
DA:43,10
LF:4
LH:4
BRDA:13,0,0,15
BRDA:13,0,1,58
BRDA:16,1,0,7
BRDA:16,1,1,8
BRDA:30,2,0,2
BRDA:30,2,1,56
BRF:6
BRH:6
end_of_record
TN:
SF:components/atoms/BenefitCardHeaderActive.js
FN:11,BenefitCardHeaderActive
FN:13,(anonymous_1)
FN:21,(anonymous_2)
FN:27,(anonymous_3)
FN:42,(anonymous_4)
FN:45,(anonymous_5)
FN:56,(anonymous_6)
FNF:7
FNH:7
FNDA:25,BenefitCardHeaderActive
FNDA:25,(anonymous_1)
FNDA:7,(anonymous_2)
FNDA:25,(anonymous_3)
FNDA:8,(anonymous_4)
FNDA:25,(anonymous_5)
FNDA:25,(anonymous_6)
DA:12,25
DA:13,25
DA:14,25
DA:15,6
DA:16,19
DA:20,7
DA:21,7
DA:23,12
DA:27,25
DA:29,25
DA:33,7
DA:34,18
DA:38,1
DA:40,17
DA:42,8
DA:45,25
DA:46,25
DA:50,14
DA:52,11
DA:56,25
DA:57,25
DA:58,9
DA:59,16
DA:60,5
DA:62,11
DA:66,25
LF:26
LH:26
BRDA:12,0,0,25
BRDA:12,0,1,0
BRDA:14,1,0,6
BRDA:14,1,1,19
BRDA:16,2,0,7
BRDA:16,2,1,12
BRDA:17,3,0,19
BRDA:17,3,1,9
BRDA:29,4,0,7
BRDA:29,4,1,18
BRDA:30,5,0,25
BRDA:30,5,1,9
BRDA:34,6,0,1
BRDA:34,6,1,17
BRDA:35,7,0,18
BRDA:35,7,1,5
BRDA:46,8,0,14
BRDA:46,8,1,11
BRDA:47,9,0,25
BRDA:47,9,1,16
BRDA:57,10,0,9
BRDA:57,10,1,16
BRDA:59,11,0,5
BRDA:59,11,1,11
BRDA:94,12,0,25
BRDA:94,12,1,0
BRDA:108,13,0,20
BRDA:108,13,1,5
BRF:28
BRH:26
end_of_record
TN:
SF:components/atoms/BenefitCardHeaderActiveAgreement.js
FN:6,BenefitCardHeaderActiveAgreement
FN:8,(anonymous_1)
FNF:2
FNH:2
FNDA:6,BenefitCardHeaderActiveAgreement
FNDA:6,(anonymous_1)
DA:7,6
DA:8,6
DA:9,6
DA:10,0
DA:12,6
DA:16,6
LF:6
LH:5
BRDA:7,0,0,6
BRDA:7,0,1,0
BRDA:9,1,0,0
BRDA:9,1,1,6
BRF:4
BRH:2
end_of_record
TN:
SF:components/atoms/BenefitCardHeaderInactive.js
FN:6,BenefitCardHeaderInactive
FN:8,(anonymous_1)
FNF:2
FNH:2
FNDA:12,BenefitCardHeaderInactive
FNDA:12,(anonymous_1)
DA:7,12
DA:8,12
DA:9,12
DA:12,12
LF:4
LH:4
BRDA:7,0,0,12
BRDA:7,0,1,0
BRF:2
BRH:1
end_of_record
TN:
SF:components/atoms/BenefitCardHeaderPending.js
FN:6,BenefitCardHeaderPending
FN:8,(anonymous_1)
FNF:2
FNH:2
FNDA:23,BenefitCardHeaderPending
FNDA:23,(anonymous_1)
DA:7,23
DA:8,23
DA:9,23
DA:10,6
DA:12,17
DA:16,23
LF:6
LH:6
BRDA:7,0,0,23
BRDA:7,0,1,0
BRDA:9,1,0,6
BRDA:9,1,1,17
BRF:4
BRH:3
end_of_record
TN:
SF:components/atoms/BenefitDetailPart.js
FN:6,(anonymous_0)
FNF:1
FNH:1
FNDA:4,(anonymous_0)
DA:6,4
DA:7,4
DA:9,4
DA:32,4
LF:4
LH:4
BRDA:7,0,0,3
BRDA:7,0,1,1
BRDA:25,1,0,4
BRDA:25,1,1,2
BRF:4
BRH:4
end_of_record
TN:
SF:components/atoms/Breadcrumb.js
FN:7,Breadcrumb
FN:20,(anonymous_1)
FNF:2
FNH:2
FNDA:3,Breadcrumb
FNDA:1,(anonymous_1)
DA:8,3
DA:21,1
DA:41,1
LF:3
LH:3
BRDA:19,0,0,1
BRDA:19,0,1,2
BRF:2
BRH:2
end_of_record
TN:
SF:components/atoms/Card.js
FN:4,Card
FNF:1
FNH:1
FNDA:2,Card
DA:5,2
DA:23,1
LF:2
LH:2
BRF:0
BRH:0
end_of_record
TN:
SF:components/atoms/DateModified.js
FN:6,DateModified
FNF:1
FNH:1
FNDA:4,DateModified
DA:7,4
DA:15,3
DA:20,3
LF:3
LH:3
BRF:0
BRH:0
end_of_record
TN:
SF:components/atoms/HorizontalRule.js
FN:4,HorizontalRule
FNF:1
FNH:1
FNDA:233,HorizontalRule
DA:5,233
DA:6,0
DA:11,233
DA:12,0
DA:17,233
DA:18,119
DA:24,114
LF:7
LH:5
BRDA:5,0,0,0
BRDA:5,0,1,233
BRDA:5,1,0,233
BRDA:5,1,1,0
BRDA:11,2,0,0
BRDA:11,2,1,233
BRDA:17,3,0,119
BRDA:17,3,1,114
BRF:8
BRH:5
end_of_record
TN:
SF:components/atoms/Meta.js
FN:5,Meta
FN:24,(anonymous_1)
FNF:2
FNH:2
FNDA:2,Meta
FNDA:2,(anonymous_1)
DA:6,2
DA:25,2
DA:63,2
DA:69,2
LF:4
LH:4
BRDA:18,0,0,1
BRDA:18,0,1,1
BRDA:39,1,0,2
BRDA:39,1,1,1
BRF:4
BRH:4
end_of_record
TN:
SF:components/atoms/NoBenefitCardHeader.js
FN:5,BenefitCardHeaderActive
FN:9,(anonymous_1)
FNF:2
FNH:2
FNDA:24,BenefitCardHeaderActive
FNDA:48,(anonymous_1)
DA:6,24
DA:7,24
DA:9,24
DA:10,48
DA:13,24
LF:5
LH:5
BRDA:6,0,0,24
BRDA:6,0,1,0
BRF:2
BRH:1
end_of_record
TN:
SF:components/atoms/PhaseBanner.js
FN:7,PhaseBanner
FNF:1
FNH:1
FNDA:2,PhaseBanner
DA:8,2
DA:31,2
LF:2
LH:2
BRF:0
BRH:0
end_of_record
TN:
SF:components/atoms/ViewMoreLessButton.js
FN:4,ViewMoreLessButton
FNF:1
FNH:1
FNDA:55,ViewMoreLessButton
DA:5,55
DA:25,4
LF:2
LH:2
BRDA:17,0,0,1
BRDA:17,0,1,54
BRF:2
BRH:2
end_of_record
TN:
SF:components/molecules/ActiveBenefitDetails.js
FN:8,(anonymous_0)
FNF:1
FNH:1
FNDA:1,(anonymous_0)
DA:8,3
DA:9,1
DA:11,1
DA:52,3
LF:4
LH:4
BRDA:9,0,0,1
BRDA:9,0,1,0
BRDA:22,1,0,0
BRDA:22,1,1,1
BRF:4
BRH:2
end_of_record
TN:
SF:components/molecules/BenefitApplicationCard.js
FN:8,(anonymous_0)
FN:14,(anonymous_1)
FN:22,(anonymous_2)
FNF:3
FNH:3
FNDA:28,(anonymous_0)
FNDA:28,(anonymous_1)
FNDA:56,(anonymous_2)
DA:8,2
DA:9,28
DA:10,28
DA:11,28
DA:12,28
DA:14,28
DA:15,28
DA:22,28
DA:23,56
DA:28,28
DA:93,2
LF:11
LH:11
BRDA:9,0,0,28
BRDA:9,0,1,0
BRDA:16,1,0,28
BRDA:16,1,1,6
BRDA:16,1,2,23
BRDA:23,2,0,54
BRDA:23,2,1,2
BRDA:57,3,0,12
BRDA:57,3,1,16
BRF:9
BRH:8
end_of_record
TN:
SF:components/molecules/BenefitCard.js
FN:17,(anonymous_0)
FN:23,(anonymous_1)
FN:28,(anonymous_2)
FN:37,(anonymous_3)
FN:40,(anonymous_4)
FN:53,(anonymous_5)
FN:89,(anonymous_6)
FN:141,(anonymous_7)
FN:170,(anonymous_8)
FNF:9
FNH:5
FNDA:59,(anonymous_0)
FNDA:0,(anonymous_1)
FNDA:44,(anonymous_2)
FNDA:12,(anonymous_3)
FNDA:0,(anonymous_4)
FNDA:57,(anonymous_5)
FNDA:109,(anonymous_6)
FNDA:0,(anonymous_7)
FNDA:0,(anonymous_8)
DA:17,2
DA:18,59
DA:19,57
DA:20,57
DA:21,57
DA:22,57
DA:23,57
DA:24,0
DA:25,0
DA:28,57
DA:30,44
DA:31,14
DA:32,30
DA:33,10
DA:35,20
DA:37,24
DA:40,57
DA:41,0
DA:42,0
DA:53,57
DA:54,57
DA:56,22
DA:64,20
DA:71,10
DA:78,5
DA:85,0
DA:89,57
DA:90,109
DA:92,44
DA:99,40
DA:106,20
DA:112,5
DA:116,57
DA:142,0
DA:171,0
DA:172,0
DA:184,2
LF:37
LH:29
BRDA:18,0,0,57
BRDA:18,0,1,0
BRDA:24,1,0,0
BRDA:24,1,1,0
BRDA:30,2,0,14
BRDA:30,2,1,30
BRDA:32,3,0,10
BRDA:32,3,1,20
BRDA:41,4,0,0
BRDA:41,4,1,0
BRDA:41,5,0,0
BRDA:41,5,1,0
BRDA:42,6,0,0
BRDA:42,6,1,0
BRDA:54,7,0,22
BRDA:54,7,1,20
BRDA:54,7,2,10
BRDA:54,7,3,5
BRDA:54,7,4,0
BRDA:90,8,0,44
BRDA:90,8,1,40
BRDA:90,8,2,20
BRDA:90,8,3,5
BRDA:123,9,0,52
BRDA:123,9,1,5
BRDA:134,10,0,42
BRDA:134,10,1,15
BRDA:140,11,0,15
BRDA:140,11,1,0
BRDA:157,12,0,0
BRDA:157,12,1,57
BRDA:157,13,0,57
BRDA:157,13,1,0
BRDA:164,14,0,57
BRDA:164,14,1,47
BRDA:165,15,0,57
BRDA:165,15,1,10
BRF:37
BRH:24
end_of_record
TN:
SF:components/molecules/BenefitTasks.js
FN:5,BenefitTasks
FN:22,(anonymous_1)
FNF:2
FNH:2
FNDA:67,BenefitTasks
FNDA:297,(anonymous_1)
DA:6,67
DA:7,67
DA:10,67
DA:12,67
DA:23,297
DA:39,4
LF:6
LH:6
BRDA:6,0,0,22
BRDA:6,0,1,45
BRDA:7,1,0,0
BRDA:7,1,1,67
BRDA:15,2,0,1
BRDA:15,2,1,66
BRDA:17,3,0,22
BRDA:17,3,1,44
BRF:8
BRH:7
end_of_record
TN:
SF:components/molecules/DSFooter.js
FN:3,DSFooter
FNF:1
FNH:1
FNDA:10,DSFooter
DA:4,10
LF:1
LH:1
BRF:0
BRH:0
end_of_record
TN:
SF:components/molecules/DSHeader.js
FN:5,DSHeader
FN:29,noRefCheck
FN:35,noRefCheck
FN:36,noRefCheck
FNF:4
FNH:1
FNDA:12,DSHeader
FNDA:0,noRefCheck
FNDA:0,noRefCheck
FNDA:0,noRefCheck
DA:6,12
DA:7,11
LF:2
LH:2
BRDA:6,0,0,10
BRDA:6,0,1,1
BRF:2
BRH:2
end_of_record
TN:
SF:components/molecules/Footer.js
FN:8,Footer
FN:28,(anonymous_1)
FN:54,(anonymous_2)
FNF:3
FNH:3
FNDA:2,Footer
FNDA:3,(anonymous_1)
FNDA:5,(anonymous_2)
DA:9,2
DA:29,3
DA:55,5
DA:90,2
LF:4
LH:4
BRDA:59,0,0,2
BRDA:59,0,1,3
BRF:2
BRH:2
end_of_record
TN:
SF:components/molecules/Greeting.js
FN:4,Greeting
FNF:1
FNH:1
FNDA:5,Greeting
DA:5,5
DA:7,5
LF:2
LH:2
BRDA:5,0,0,5
BRDA:5,0,1,0
BRF:2
BRH:1
end_of_record
TN:
SF:components/molecules/Header.js
FN:7,Header
FN:13,(anonymous_1)
FNF:2
FNH:2
FNDA:3,Header
FNDA:3,(anonymous_1)
DA:8,3
DA:9,3
DA:10,3
DA:12,3
DA:13,3
DA:15,3
DA:16,0
DA:20,3
DA:23,3
DA:129,2
LF:10
LH:9
BRDA:15,0,0,0
BRDA:15,0,1,3
BRDA:15,1,0,3
BRDA:15,1,1,0
BRDA:15,1,2,0
BRDA:47,2,0,2
BRDA:47,2,1,1
BRDA:52,3,0,2
BRDA:52,3,1,1
BRDA:62,4,0,3
BRDA:62,4,1,3
BRDA:63,5,0,2
BRDA:63,5,1,1
BRDA:68,6,0,2
BRDA:68,6,1,1
BRDA:70,7,0,2
BRDA:70,7,1,1
BRDA:79,8,0,3
BRDA:79,8,1,3
BRDA:80,9,0,2
BRDA:80,9,1,1
BRDA:86,10,0,2
BRDA:86,10,1,1
BRDA:88,11,0,2
BRDA:88,11,1,1
BRF:25
BRH:22
end_of_record
TN:
SF:components/molecules/Menu.js
FN:9,Menu
FN:41,(anonymous_1)
FNF:2
FNH:2
FNDA:6,Menu
FNDA:18,(anonymous_1)
DA:11,6
DA:13,6
DA:42,18
DA:44,18
DA:78,3
LF:5
LH:5
BRDA:48,0,0,12
BRDA:48,0,1,6
BRDA:48,1,0,18
BRDA:48,1,1,12
BRDA:53,2,0,15
BRDA:53,2,1,3
BRF:6
BRH:6
end_of_record
TN:
SF:components/molecules/NoBenefitCard.js
FN:9,(anonymous_0)
FN:15,(anonymous_1)
FN:20,(anonymous_2)
FN:52,(anonymous_3)
FNF:4
FNH:1
FNDA:22,(anonymous_0)
FNDA:0,(anonymous_1)
FNDA:0,(anonymous_2)
FNDA:0,(anonymous_3)
DA:9,2
DA:10,22
DA:11,22
DA:12,22
DA:13,22
DA:14,22
DA:15,22
DA:16,0
DA:17,0
DA:20,22
DA:21,0
DA:22,0
DA:33,22
DA:53,0
DA:54,0
DA:65,2
LF:16
LH:10
BRDA:10,0,0,22
BRDA:10,0,1,0
BRDA:16,1,0,0
BRDA:16,1,1,0
BRDA:21,2,0,0
BRDA:21,2,1,0
BRDA:21,3,0,0
BRDA:21,3,1,0
BRDA:22,4,0,0
BRDA:22,4,1,0
BRDA:49,5,0,22
BRDA:49,5,1,5
BRF:12
BRH:3
end_of_record
TN:
SF:components/molecules/SplashLanguageSelect.js
FN:5,SplashLanguageSelect
FNF:1
FNH:1
FNDA:3,SplashLanguageSelect
DA:6,3
LF:1
LH:1
BRF:0
BRH:0
end_of_record
TN:
SF:components/organisms/DashboardUtils.js
FN:7,getProgramBenefit
FN:8,(anonymous_1)
FN:16,getBenefitCode
FN:17,(anonymous_3)
FN:25,getBenefitType
FN:26,(anonymous_5)
FN:34,formatDate
FNF:7
FNH:7
FNDA:7,getProgramBenefit
FNDA:14,(anonymous_1)
FNDA:8,getBenefitCode
FNDA:16,(anonymous_3)
FNDA:24,getBenefitType
FNDA:48,(anonymous_5)
FNDA:14,formatDate
DA:8,7
DA:9,14
DA:10,7
DA:13,7
DA:17,8
DA:18,16
DA:19,8
DA:22,8
DA:26,24
DA:27,48
DA:28,12
DA:31,24
DA:35,14
DA:36,14
LF:14
LH:14
BRDA:9,0,0,7
BRDA:9,0,1,7
BRDA:18,1,0,8
BRDA:18,1,1,8
BRDA:27,2,0,12
BRDA:27,2,1,36
BRF:6
BRH:6
end_of_record
TN:
SF:components/organisms/Layout.js
FN:15,Layout
FN:18,(anonymous_1)
FNF:2
FNH:2
FNDA:1,Layout
FNDA:1,(anonymous_1)
DA:16,1
DA:18,1
DA:19,1
DA:20,0
DA:34,1
DA:149,1
DA:172,1
LF:7
LH:6
BRDA:16,0,0,1
BRDA:16,0,1,0
BRDA:19,1,0,0
BRDA:19,1,1,1
BRDA:24,2,0,0
BRDA:24,2,1,0
BRDA:36,3,0,0
BRDA:36,3,1,1
BRDA:55,4,0,0
BRDA:55,4,1,1
BRDA:74,5,0,0
BRDA:74,5,1,1
BRF:12
BRH:5
end_of_record
TN:
SF:pages/400.js
FN:4,Error400
FNF:1
FNH:1
FNDA:2,Error400
DA:5,2
LF:1
LH:1
BRF:0
BRH:0
end_of_record
TN:
SF:pages/404.js
FN:4,Error404
FNF:1
FNH:1
FNDA:2,Error404
DA:5,2
LF:1
LH:1
BRF:0
BRH:0
end_of_record
TN:
SF:pages/500.js
FN:4,Error500
FNF:1
FNH:1
FNDA:2,Error500
DA:5,2
LF:1
LH:1
BRF:0
BRH:0
end_of_record
TN:
SF:pages/503.js
FN:4,Error503
FNF:1
FNH:1
FNDA:2,Error503
DA:5,2
LF:1
LH:1
BRF:0
BRH:0
end_of_record
TN:
SF:pages/_app.js
FN:4,MyApp
FNF:1
FNH:0
FNDA:0,MyApp
DA:5,0
LF:1
LH:0
BRF:0
BRH:0
end_of_record
TN:
SF:pages/_document.js
FN:4,(anonymous_0)
FN:9,(anonymous_1)
FNF:2
FNH:0
FNDA:0,(anonymous_0)
FNDA:0,(anonymous_1)
DA:5,0
DA:6,0
DA:10,0
LF:3
LH:0
BRF:0
BRH:0
end_of_record
TN:
SF:pages/dashboard.js
FN:63,Dashboard
FN:67,(anonymous_1)
FN:74,(anonymous_2)
FN:75,(anonymous_3)
FN:81,(anonymous_4)
FN:88,(anonymous_5)
FN:89,(anonymous_6)
FN:167,(anonymous_7)
FN:205,getStaticProps
FN:225,BuildAdvertisingCards
FN:288,CheckAllBenefitsForAdvertising
FN:292,(anonymous_11)
FN:295,(anonymous_12)
FN:302,(anonymous_13)
FNF:14
FNH:8
FNDA:7,Dashboard
FNDA:1,(anonymous_1)
FNDA:1,(anonymous_2)
FNDA:1,(anonymous_3)
FNDA:1,(anonymous_4)
FNDA:1,(anonymous_5)
FNDA:1,(anonymous_6)
FNDA:30,(anonymous_7)
FNDA:0,getStaticProps
FNDA:0,BuildAdvertisingCards
FNDA:0,CheckAllBenefitsForAdvertising
FNDA:0,(anonymous_11)
FNDA:0,(anonymous_12)
FNDA:0,(anonymous_13)
DA:64,7
DA:65,6
DA:66,6
DA:67,6
DA:68,1
DA:69,1
DA:74,1
DA:76,1
DA:77,1
DA:81,6
DA:82,1
DA:83,1
DA:88,1
DA:90,1
DA:91,1
DA:95,6
DA:168,30
DA:206,0
DA:218,0
DA:228,0
DA:229,0
DA:230,0
DA:238,0
DA:240,0
DA:247,0
DA:249,0
DA:256,0
DA:258,0
DA:266,0
DA:268,0
DA:269,0
DA:272,0
DA:275,0
DA:276,0
DA:277,0
DA:278,0
DA:280,0
DA:290,0
DA:292,0
DA:294,0
DA:295,0
DA:298,0
DA:302,0
LF:43
LH:17
BRDA:230,0,0,0
BRDA:230,0,1,0
BRDA:240,1,0,0
BRDA:240,1,1,0
BRDA:249,2,0,0
BRDA:249,2,1,0
BRDA:258,3,0,0
BRDA:258,3,1,0
BRDA:290,4,0,0
BRDA:290,4,1,0
BRDA:295,5,0,0
BRDA:295,5,1,0
BRDA:298,6,0,0
BRDA:298,6,1,0
BRF:14
BRH:0
end_of_record
TN:
SF:pages/index.js
FN:8,Index
FN:23,getStaticProps
FNF:2
FNH:1
FNDA:1,Index
FNDA:0,getStaticProps
DA:9,1
DA:24,0
DA:30,0
DA:37,1
LF:4
LH:2
BRF:0
BRH:0
end_of_record
TN:
SF:pages/profile.js
FN:5,Profile
FN:17,getStaticProps
FNF:2
FNH:1
FNDA:2,Profile
FNDA:0,getStaticProps
DA:6,2
DA:18,0
LF:2
LH:1
BRF:0
BRH:0
end_of_record
TN:
SF:pages/api/metrics.js
FN:5,handler
FNF:1
FNH:0
FNDA:0,handler
DA:3,0
DA:6,0
DA:7,0
LF:3
LH:0
BRF:0
BRH:0
end_of_record
