TN:
SF:components/atoms/ActionButton.js
FN:7,ActionButton
FNF:1
FNH:1
FNDA:114,ActionButton
DA:20,114
DA:22,114
DA:52,11
LF:3
LH:3
BRDA:22,0,0,111
BRDA:22,0,1,3
BRDA:25,1,0,12
BRDA:25,1,1,99
BRDA:39,2,0,2
BRDA:39,2,1,1
BRF:6
BRH:6
end_of_record
TN:
SF:components/atoms/Breadcrumb.js
FN:7,Breadcrumb
FN:20,(anonymous_1)
FNF:2
FNH:2
FNDA:3,Breadcrumb
FNDA:1,(anonymous_1)
DA:8,3
DA:21,1
DA:41,1
LF:3
LH:3
BRDA:19,0,0,1
BRDA:19,0,1,2
BRF:2
BRH:2
end_of_record
TN:
SF:components/atoms/Card.js
FN:4,(anonymous_0)
FNF:1
FNH:1
FNDA:28,(anonymous_0)
DA:4,4
DA:12,28
DA:31,4
LF:3
LH:3
BRF:0
BRH:0
end_of_record
TN:
SF:components/atoms/ContactCard.js
FN:4,(anonymous_0)
FNF:1
FNH:1
FNDA:31,(anonymous_0)
DA:4,3
DA:13,31
DA:38,3
LF:3
LH:3
BRF:0
BRH:0
end_of_record
TN:
SF:components/atoms/DateModified.js
FN:6,DateModified
FNF:1
FNH:1
FNDA:16,DateModified
DA:7,16
DA:15,4
DA:20,4
LF:3
LH:3
BRF:0
BRH:0
end_of_record
TN:
SF:components/atoms/Meta.js
FN:4,Meta
FNF:1
FNH:1
FNDA:13,Meta
DA:5,13
DA:26,3
DA:32,3
LF:3
LH:3
BRDA:12,0,0,3
BRDA:12,0,1,10
BRF:2
BRH:2
end_of_record
TN:
SF:components/atoms/PhaseBanner.js
FN:7,PhaseBanner
FNF:1
FNH:1
FNDA:14,PhaseBanner
DA:8,14
DA:28,3
LF:2
LH:2
BRF:0
BRH:0
end_of_record
TN:
SF:components/atoms/SearchBar.js
FN:8,SearchBar
FN:11,(anonymous_1)
FN:32,(anonymous_2)
FNF:3
FNH:1
FNDA:19,SearchBar
FNDA:0,(anonymous_1)
FNDA:0,(anonymous_2)
DA:9,19
DA:10,19
DA:11,19
DA:12,0
DA:15,0
DA:16,0
DA:25,19
DA:32,0
DA:62,5
LF:9
LH:5
BRDA:15,0,0,0
BRDA:15,0,1,0
BRDA:56,1,0,19
BRDA:56,1,1,2
BRF:4
BRH:2
end_of_record
TN:
SF:components/molecules/CardList.js
FN:4,(anonymous_0)
FN:5,(anonymous_1)
FNF:2
FNH:2
FNDA:14,(anonymous_0)
FNDA:26,(anonymous_1)
DA:4,3
DA:5,14
DA:6,26
DA:20,14
DA:30,3
LF:5
LH:5
BRDA:25,0,0,14
BRDA:25,0,1,0
BRF:2
BRH:1
end_of_record
TN:
SF:components/molecules/ContactUs.js
FN:4,(anonymous_0)
FN:10,(anonymous_1)
FNF:2
FNH:2
FNDA:11,(anonymous_0)
FNDA:29,(anonymous_1)
DA:4,2
DA:5,11
DA:11,29
DA:28,2
LF:4
LH:4
BRF:0
BRH:0
end_of_record
TN:
SF:components/molecules/FeatureBlock.js
FN:7,FeatureBlock
FNF:1
FNH:1
FNDA:11,FeatureBlock
DA:8,11
DA:50,2
LF:2
LH:2
BRF:0
BRH:0
end_of_record
TN:
SF:components/molecules/Footer.js
FN:8,Footer
FN:28,(anonymous_1)
FN:54,(anonymous_2)
FNF:3
FNH:3
FNDA:14,Footer
FNDA:111,(anonymous_1)
FNDA:65,(anonymous_2)
DA:9,14
DA:29,111
DA:55,65
DA:90,3
LF:4
LH:4
BRDA:59,0,0,14
BRDA:59,0,1,51
BRF:2
BRH:2
end_of_record
TN:
SF:components/molecules/Header.js
FN:6,Header
FNF:1
FNH:1
FNDA:15,Header
DA:9,15
DA:11,15
DA:114,3
LF:3
LH:3
BRDA:34,0,0,5
BRDA:34,0,1,10
BRDA:36,1,0,5
BRDA:36,1,1,10
BRDA:47,2,0,5
BRDA:47,2,1,10
BRDA:52,3,0,5
BRDA:52,3,1,10
BRDA:54,4,0,5
BRDA:54,4,1,10
BRDA:64,5,0,5
BRDA:64,5,1,10
BRDA:70,6,0,5
BRDA:70,6,1,10
BRDA:72,7,0,5
BRDA:72,7,1,10
BRF:16
BRH:16
end_of_record
TN:
SF:components/molecules/Menu.js
FN:9,Menu
FN:36,(anonymous_1)
FNF:2
FNH:2
FNDA:18,Menu
FNDA:54,(anonymous_1)
DA:11,18
DA:13,18
DA:37,54
DA:39,54
DA:73,4
LF:5
LH:5
BRDA:43,0,0,36
BRDA:43,0,1,18
BRDA:43,1,0,54
BRDA:43,1,1,36
BRDA:48,2,0,39
BRDA:48,2,1,15
BRF:6
BRH:6
end_of_record
TN:
SF:components/molecules/ModalElement.js
FN:4,ModalElement
FNF:1
FNH:1
FNDA:3,ModalElement
DA:5,3
DA:6,3
DA:9,0
DA:14,0
DA:36,1
LF:5
LH:3
BRDA:5,0,0,3
BRDA:5,0,1,0
BRDA:9,1,0,0
BRDA:9,1,1,0
BRF:4
BRH:1
end_of_record
TN:
SF:components/molecules/SearchCard.js
FN:5,SearchCard
FNF:1
FNH:1
FNDA:11,SearchCard
DA:6,11
DA:32,2
LF:2
LH:2
BRF:0
BRH:0
end_of_record
TN:
SF:components/molecules/SearchFilterForm.js
FN:3,SearchFilterForm
FN:5,(anonymous_1)
FN:15,(anonymous_2)
FN:25,(anonymous_3)
FNF:4
FNH:4
FNDA:5,SearchFilterForm
FNDA:8,(anonymous_1)
FNDA:12,(anonymous_2)
FNDA:12,(anonymous_3)
DA:4,5
DA:6,8
DA:14,5
DA:16,12
DA:24,5
DA:26,12
DA:42,5
DA:100,2
LF:8
LH:8
BRDA:4,0,0,4
BRDA:4,0,1,1
BRDA:14,1,0,4
BRDA:14,1,1,1
BRDA:24,2,0,4
BRDA:24,2,1,1
BRF:6
BRH:6
end_of_record
TN:
SF:components/molecules/SearchHeader.js
FN:4,SearchHeader
FN:31,(anonymous_1)
FNF:2
FNH:1
FNDA:6,SearchHeader
FNDA:0,(anonymous_1)
DA:5,6
DA:31,0
DA:46,2
LF:3
LH:2
BRF:0
BRH:0
end_of_record
TN:
SF:components/molecules/ServiceCanada.js
FN:4,(anonymous_0)
FNF:1
FNH:1
FNDA:11,(anonymous_0)
DA:4,2
DA:12,11
DA:36,2
LF:3
LH:3
BRF:0
BRH:0
end_of_record
TN:
SF:components/molecules/TopTasks.js
FN:4,TopTasks
FN:12,(anonymous_1)
FNF:2
FNH:2
FNDA:11,TopTasks
FNDA:38,(anonymous_1)
DA:5,11
DA:13,38
DA:26,2
LF:3
LH:3
BRF:0
BRH:0
end_of_record
TN:
SF:components/organisms/ImageBox.js
FN:8,ImageBox
FNF:1
FNH:1
FNDA:11,ImageBox
DA:9,11
DA:31,2
LF:2
LH:2
BRF:0
BRH:0
end_of_record
TN:
SF:components/organisms/Layout.js
FN:14,Layout
FNF:1
FNH:1
FNDA:12,Layout
DA:15,12
DA:17,12
DA:110,2
LF:3
LH:3
BRDA:15,0,0,3
BRDA:15,0,1,9
BRDA:99,1,0,0
BRDA:99,1,1,12
BRF:4
BRH:3
end_of_record
TN:
SF:pages/_app.js
FN:4,MyApp
FNF:1
FNH:0
FNDA:0,MyApp
DA:5,0
LF:1
LH:0
BRF:0
BRH:0
end_of_record
TN:
SF:pages/_document.js
FN:4,(anonymous_0)
FN:9,(anonymous_1)
FNF:2
FNH:0
FNDA:0,(anonymous_0)
FNDA:0,(anonymous_1)
DA:5,0
DA:6,0
DA:10,0
LF:3
LH:0
BRDA:13,0,0,0
BRDA:13,0,1,0
BRF:2
BRH:0
end_of_record
TN:
SF:pages/home.js
FN:14,Home
FN:94,getStaticProps
FNF:2
FNH:1
FNDA:9,Home
FNDA:0,getStaticProps
DA:15,9
DA:17,9
DA:95,0
DA:96,0
DA:97,0
DA:103,0
DA:104,0
DA:105,0
DA:106,0
DA:109,0
DA:110,0
DA:111,0
DA:112,0
DA:115,0
LF:14
LH:2
BRDA:15,0,0,1
BRDA:15,0,1,8
BRDA:105,1,0,0
BRDA:105,1,1,0
BRDA:105,2,0,0
BRDA:105,2,1,0
BRDA:111,3,0,0
BRDA:111,3,1,0
BRDA:111,4,0,0
BRDA:111,4,1,0
BRF:10
BRH:2
end_of_record
TN:
SF:pages/index.js
FN:3,Splash
FNF:1
FNH:1
FNDA:1,Splash
DA:4,1
LF:1
LH:1
BRF:0
BRH:0
end_of_record
TN:
SF:pages/searchResult.js
FN:14,SearchResult
FN:42,(anonymous_1)
FN:49,filterSubmitHandler
FN:54,filterCancelHandler
FN:118,getStaticProps
FNF:5
FNH:2
FNDA:3,SearchResult
FNDA:3,(anonymous_1)
FNDA:0,filterSubmitHandler
FNDA:0,filterCancelHandler
FNDA:0,getStaticProps
DA:15,3
DA:16,3
DA:17,3
DA:18,3
DA:19,3
DA:23,3
DA:27,3
DA:32,3
DA:42,3
DA:43,3
DA:44,0
DA:50,0
DA:51,0
DA:55,0
DA:56,0
DA:59,3
DA:119,0
DA:120,0
DA:126,0
DA:127,0
DA:128,0
DA:129,0
DA:130,0
DA:136,0
DA:138,0
DA:139,0
DA:142,0
LF:27
LH:11
BRDA:15,0,0,2
BRDA:15,0,1,1
BRDA:43,1,0,0
BRDA:43,1,1,3
BRDA:64,2,0,3
BRDA:64,2,1,0
BRDA:126,3,0,0
BRDA:126,3,1,0
BRDA:129,4,0,0
BRDA:129,4,1,0
BRDA:129,5,0,0
BRDA:129,5,1,0
BRF:12
BRH:4
end_of_record
TN:
SF:pages/api/aemService.js
FN:2,(anonymous_0)
FN:14,(anonymous_1)
FN:37,(anonymous_2)
FNF:3
FNH:3
FNDA:12,(anonymous_0)
FNDA:8,(anonymous_1)
FNDA:2,(anonymous_2)
DA:3,12
DA:5,10
DA:8,10
DA:11,10
DA:15,8
DA:18,8
DA:19,3
DA:23,5
DA:26,5
DA:27,5
DA:30,5
DA:31,5
DA:34,5
DA:38,2
DA:39,2
DA:46,2
LF:16
LH:16
BRDA:3,0,0,2
BRDA:3,0,1,10
BRDA:5,1,0,3
BRDA:5,1,1,7
BRDA:15,2,0,0
BRDA:15,2,1,8
BRDA:18,3,0,3
BRDA:18,3,1,5
BRDA:26,4,0,0
BRDA:26,4,1,5
BRDA:27,5,0,0
BRDA:27,5,1,5
BRDA:30,6,0,5
BRDA:30,6,1,0
BRDA:40,7,0,2
BRDA:40,7,1,2
BRF:16
BRH:12
end_of_record
TN:
SF:pages/api/getData.js
FN:8,getLocalBenefits
FN:21,getAEMFragments
FN:32,getAEMElements
FN:40,getPageNamesFromAEM
FN:44,(anonymous_4)
FN:51,getBenefitFromAEM
FNF:6
FNH:0
FNDA:0,getLocalBenefits
FNDA:0,getAEMFragments
FNDA:0,getAEMElements
FNDA:0,getPageNamesFromAEM
FNDA:0,(anonymous_4)
FNDA:0,getBenefitFromAEM
DA:14,0
DA:23,0
DA:26,0
DA:27,0
DA:29,0
DA:34,0
DA:35,0
DA:37,0
DA:42,0
DA:44,0
DA:45,0
DA:48,0
DA:53,0
DA:55,0
LF:14
LH:0
BRDA:26,0,0,0
BRDA:26,0,1,0
BRDA:27,1,0,0
BRDA:27,1,1,0
BRF:4
BRH:0
end_of_record
TN:
SF:pages/api/hello.js
FN:3,handler
FNF:1
FNH:0
FNDA:0,handler
DA:4,0
LF:1
LH:0
BRF:0
BRH:0
end_of_record
TN:
SF:pages/api/metrics.js
FN:5,handler
FNF:1
FNH:0
FNDA:0,handler
DA:3,0
DA:6,0
DA:7,0
LF:3
LH:0
BRF:0
BRH:0
end_of_record
TN:
SF:pages/benefits/[id].js
FN:7,BenefitPage
FN:28,getStaticPaths
FN:31,(anonymous_2)
FN:40,getStaticProps
FNF:4
FNH:0
FNDA:0,BenefitPage
FNDA:0,getStaticPaths
FNDA:0,(anonymous_2)
FNDA:0,getStaticProps
DA:11,0
DA:13,0
DA:15,0
DA:30,0
DA:31,0
DA:34,0
DA:42,0
DA:46,0
LF:8
LH:0
BRDA:13,0,0,0
BRDA:13,0,1,0
BRF:2
BRH:0
end_of_record
