TN:
SF:components/atoms/ActionButton.js
FN:7,ActionButton
FNF:1
FNH:1
FNDA:39,ActionButton
DA:8,39
DA:11,39
DA:13,39
DA:44,12
LF:4
LH:4
BRDA:13,0,0,17
BRDA:13,0,1,22
BRDA:16,1,0,9
BRDA:16,1,1,8
BRDA:30,2,0,0
BRDA:30,2,1,22
BRDA:31,3,0,2
BRDA:31,3,1,20
BRF:8
BRH:7
end_of_record
TN:
SF:components/atoms/Breadcrumb.js
FN:7,Breadcrumb
FN:20,(anonymous_1)
FNF:2
FNH:2
FNDA:3,Breadcrumb
FNDA:1,(anonymous_1)
DA:8,3
DA:21,1
DA:41,1
LF:3
LH:3
BRDA:19,0,0,1
BRDA:19,0,1,2
BRF:2
BRH:2
end_of_record
TN:
SF:components/atoms/Card.js
FN:4,Card
FNF:1
FNH:1
FNDA:2,Card
DA:5,2
DA:23,1
LF:2
LH:2
BRF:0
BRH:0
end_of_record
TN:
SF:components/atoms/CardHeader.js
FN:3,CardHeader
FNF:1
FNH:1
FNDA:15,CardHeader
DA:4,15
DA:17,3
LF:2
LH:2
BRDA:6,0,0,0
BRDA:6,0,1,15
BRDA:10,1,0,13
BRDA:10,1,1,2
BRF:4
BRH:3
end_of_record
TN:
SF:components/atoms/DateModified.js
FN:6,DateModified
FNF:1
FNH:1
FNDA:4,DateModified
DA:7,4
DA:15,3
DA:20,3
LF:3
LH:3
BRF:0
BRH:0
end_of_record
TN:
SF:components/atoms/HorizontalRule.js
FN:4,HorizontalRule
FNF:1
FNH:1
FNDA:758,HorizontalRule
DA:5,758
DA:6,0
DA:11,758
DA:12,0
DA:17,758
DA:18,728
DA:24,30
LF:7
LH:5
BRDA:5,0,0,0
BRDA:5,0,1,758
BRDA:5,1,0,758
BRDA:5,1,1,0
BRDA:11,2,0,0
BRDA:11,2,1,758
BRDA:17,3,0,728
BRDA:17,3,1,30
BRF:8
BRH:5
end_of_record
TN:
SF:components/atoms/InfoSection.js
FN:4,InfoSection
FN:8,(anonymous_1)
FNF:2
FNH:2
FNDA:7,InfoSection
FNDA:12,(anonymous_1)
DA:5,7
DA:9,12
DA:24,3
LF:3
LH:3
BRF:0
BRH:0
end_of_record
TN:
SF:components/atoms/Meta.js
FN:5,Meta
FN:24,(anonymous_1)
FNF:2
FNH:2
FNDA:2,Meta
FNDA:2,(anonymous_1)
DA:6,2
DA:25,2
DA:63,2
DA:69,2
LF:4
LH:4
BRDA:18,0,0,1
BRDA:18,0,1,1
BRDA:39,1,0,2
BRDA:39,1,1,1
BRF:4
BRH:4
end_of_record
TN:
SF:components/atoms/NoBenefitCardHeader.js
FN:5,BenefitCardHeaderActive
FN:9,(anonymous_1)
FNF:2
FNH:2
FNDA:184,BenefitCardHeaderActive
FNDA:368,(anonymous_1)
DA:6,184
DA:7,184
DA:9,184
DA:10,368
DA:13,184
LF:5
LH:5
BRDA:6,0,0,184
BRDA:6,0,1,0
BRF:2
BRH:1
end_of_record
TN:
SF:components/atoms/PhaseBanner.js
FN:7,PhaseBanner
FNF:1
FNH:1
FNDA:2,PhaseBanner
DA:8,2
DA:31,2
LF:2
LH:2
BRF:0
BRH:0
end_of_record
TN:
SF:components/atoms/StatusBadge.js
FN:7,StatusBadge
FNF:1
FNH:1
FNDA:16,StatusBadge
DA:8,16
DA:9,5
DA:22,3
LF:3
LH:3
BRDA:8,0,0,11
BRDA:8,0,1,5
BRF:2
BRH:2
end_of_record
TN:
SF:components/atoms/TabList.js
FN:7,TabList
FN:8,(anonymous_1)
FN:9,(anonymous_2)
FN:15,(anonymous_3)
FN:30,(anonymous_4)
FNF:5
FNH:3
FNDA:2,TabList
FNDA:2,(anonymous_1)
FNDA:4,(anonymous_2)
FNDA:0,(anonymous_3)
FNDA:0,(anonymous_4)
DA:8,2
DA:9,2
DA:10,4
DA:16,0
DA:17,0
DA:30,0
DA:37,2
DA:44,1
LF:8
LH:5
BRDA:16,0,0,0
BRDA:16,0,1,0
BRDA:25,1,0,2
BRDA:25,1,1,2
BRF:4
BRH:2
end_of_record
TN:
SF:components/atoms/ViewMoreLessButton.js
FN:4,ViewMoreLessButton
FNF:1
FNH:1
FNDA:19,ViewMoreLessButton
DA:5,19
DA:39,5
LF:2
LH:2
BRDA:19,0,0,1
BRDA:19,0,1,18
BRF:2
BRH:2
end_of_record
TN:
SF:components/molecules/BenefitApplicationCard.js
FN:8,(anonymous_0)
FN:14,(anonymous_1)
FN:22,(anonymous_2)
FNF:3
FNH:3
FNDA:543,(anonymous_0)
FNDA:543,(anonymous_1)
FNDA:1086,(anonymous_2)
DA:8,2
DA:9,543
DA:10,543
DA:11,543
DA:12,543
DA:14,543
DA:15,543
DA:22,543
DA:23,1086
DA:28,543
DA:93,2
LF:11
LH:11
BRDA:9,0,0,543
BRDA:9,0,1,0
BRDA:16,1,0,543
BRDA:16,1,1,361
BRDA:16,1,2,498
BRDA:23,2,0,454
BRDA:23,2,1,632
BRDA:57,3,0,92
BRDA:57,3,1,451
BRF:9
BRH:8
end_of_record
TN:
SF:components/molecules/BenefitCardHeaderSummary.js
FN:3,BenefitCardHeaderSummary
FNF:1
FNH:1
FNDA:22,BenefitCardHeaderSummary
DA:4,22
DA:32,3
LF:2
LH:2
BRDA:10,0,0,0
BRDA:10,0,1,22
BRDA:15,1,0,22
BRDA:15,1,1,22
BRDA:20,2,0,11
BRDA:20,2,1,11
BRF:6
BRH:5
end_of_record
TN:
SF:components/molecules/BenefitTasks.js
FN:4,BenefitTasks
FN:12,(anonymous_1)
FNF:2
FNH:2
FNDA:185,BenefitTasks
FNDA:546,(anonymous_1)
DA:5,185
DA:13,546
DA:31,4
LF:3
LH:3
BRF:0
BRH:0
end_of_record
TN:
SF:components/molecules/DSFooter.js
FN:3,DSFooter
FNF:1
FNH:1
FNDA:2,DSFooter
DA:4,2
LF:1
LH:1
BRF:0
BRH:0
end_of_record
TN:
SF:components/molecules/DSHeader.js
FN:6,DSHeader
FN:32,(anonymous_1)
FN:38,noRefCheck
FN:39,noRefCheck
FNF:4
FNH:1
FNDA:2,DSHeader
FNDA:0,(anonymous_1)
FNDA:0,noRefCheck
FNDA:0,noRefCheck
DA:7,2
DA:8,2
DA:18,2
DA:32,0
LF:4
LH:3
BRDA:7,0,0,0
BRDA:7,0,1,2
BRDA:24,1,0,0
BRDA:24,1,1,2
BRF:4
BRH:2
end_of_record
TN:
SF:components/molecules/Footer.js
FN:8,Footer
FN:28,(anonymous_1)
FN:54,(anonymous_2)
FNF:3
FNH:3
FNDA:2,Footer
FNDA:3,(anonymous_1)
FNDA:5,(anonymous_2)
DA:9,2
DA:29,3
DA:55,5
DA:90,2
LF:4
LH:4
BRDA:59,0,0,2
BRDA:59,0,1,3
BRF:2
BRH:2
end_of_record
TN:
SF:components/molecules/Greeting.js
FN:3,Greeting
FNF:1
FNH:1
FNDA:47,Greeting
DA:4,47
LF:1
LH:1
BRF:0
BRH:0
end_of_record
TN:
SF:components/molecules/Header.js
FN:7,Header
FN:13,(anonymous_1)
FNF:2
FNH:2
FNDA:3,Header
FNDA:3,(anonymous_1)
DA:8,3
DA:9,3
DA:10,3
DA:12,3
DA:13,3
DA:15,3
DA:16,0
DA:20,3
DA:23,3
DA:129,1
LF:10
LH:9
BRDA:15,0,0,0
BRDA:15,0,1,3
BRDA:15,1,0,3
BRDA:15,1,1,0
BRDA:15,1,2,0
BRDA:47,2,0,2
BRDA:47,2,1,1
BRDA:52,3,0,2
BRDA:52,3,1,1
BRDA:62,4,0,3
BRDA:62,4,1,3
BRDA:63,5,0,2
BRDA:63,5,1,1
BRDA:68,6,0,2
BRDA:68,6,1,1
BRDA:70,7,0,2
BRDA:70,7,1,1
BRDA:79,8,0,3
BRDA:79,8,1,3
BRDA:80,9,0,2
BRDA:80,9,1,1
BRDA:86,10,0,2
BRDA:86,10,1,1
BRDA:88,11,0,2
BRDA:88,11,1,1
BRF:25
BRH:22
end_of_record
TN:
SF:components/molecules/Menu.js
FN:9,Menu
FN:41,(anonymous_1)
FNF:2
FNH:2
FNDA:6,Menu
FNDA:18,(anonymous_1)
DA:11,6
DA:13,6
DA:42,18
DA:44,18
DA:78,2
LF:5
LH:5
BRDA:48,0,0,12
BRDA:48,0,1,6
BRDA:48,1,0,18
BRDA:48,1,1,12
BRDA:53,2,0,15
BRDA:53,2,1,3
BRF:6
BRH:6
end_of_record
TN:
SF:components/molecules/NoBenefitCard.js
FN:9,(anonymous_0)
FN:15,(anonymous_1)
FN:20,(anonymous_2)
FN:46,(anonymous_3)
FNF:4
FNH:1
FNDA:184,(anonymous_0)
FNDA:0,(anonymous_1)
FNDA:0,(anonymous_2)
FNDA:0,(anonymous_3)
DA:9,2
DA:10,184
DA:11,182
DA:12,182
DA:13,182
DA:14,182
DA:15,182
DA:16,0
DA:17,0
DA:20,182
DA:21,0
DA:22,0
DA:33,182
DA:47,0
DA:48,0
DA:60,2
LF:16
LH:10
BRDA:10,0,0,182
BRDA:10,0,1,0
BRDA:16,1,0,0
BRDA:16,1,1,0
BRDA:21,2,0,0
BRDA:21,2,1,0
BRDA:21,3,0,0
BRDA:21,3,1,0
BRDA:22,4,0,0
BRDA:22,4,1,0
BRDA:43,5,0,182
BRDA:43,5,1,0
BRF:12
BRH:2
end_of_record
TN:
SF:components/molecules/ProfileInfo.js
FN:4,ProfileInfo
FN:8,(anonymous_1)
FNF:2
FNH:2
FNDA:1,ProfileInfo
FNDA:6,(anonymous_1)
DA:5,1
DA:9,6
DA:25,2
LF:3
LH:3
BRF:0
BRH:0
end_of_record
TN:
SF:components/molecules/SplashLanguageSelect.js
FN:5,SplashLanguageSelect
FNF:1
FNH:1
FNDA:4,SplashLanguageSelect
DA:6,4
LF:1
LH:1
BRF:0
BRH:0
end_of_record
TN:
SF:components/molecules/UniversalBenefitCard.js
FN:12,UniversalBenefitCard
FN:61,(anonymous_1)
FN:83,(anonymous_2)
FN:104,(anonymous_3)
FNF:4
FNH:2
FNDA:13,UniversalBenefitCard
FNDA:21,(anonymous_1)
FNDA:0,(anonymous_2)
FNDA:0,(anonymous_3)
DA:13,13
DA:15,13
DA:16,13
DA:18,13
DA:62,21
DA:84,0
DA:85,0
DA:86,0
DA:90,0
DA:105,0
DA:124,2
LF:11
LH:6
BRDA:47,0,0,2
BRDA:47,0,1,11
BRDA:47,1,0,13
BRDA:47,1,1,12
BRDA:85,2,0,0
BRDA:85,2,1,0
BRDA:99,3,0,2
BRDA:99,3,1,11
BRDA:99,4,0,13
BRDA:99,4,1,13
BRDA:101,5,0,11
BRDA:101,5,1,0
BRF:12
BRH:9
end_of_record
TN:
SF:components/organisms/Layout.js
FN:17,Layout
FN:22,(anonymous_1)
FNF:2
FNH:2
FNDA:1,Layout
FNDA:1,(anonymous_1)
DA:18,1
DA:20,1
DA:22,1
DA:23,1
DA:24,0
DA:38,1
DA:167,1
DA:205,1
LF:8
LH:7
BRDA:18,0,0,0
BRDA:18,0,1,1
BRDA:20,1,0,1
BRDA:20,1,1,1
BRDA:23,2,0,0
BRDA:23,2,1,1
BRDA:28,3,0,0
BRDA:28,3,1,0
BRDA:40,4,0,0
BRDA:40,4,1,1
BRDA:59,5,0,0
BRDA:59,5,1,1
BRDA:71,6,0,0
BRDA:71,6,1,1
BRDA:83,7,0,0
BRDA:83,7,1,1
BRDA:90,8,0,0
BRDA:90,8,1,1
BRDA:92,9,0,0
BRDA:92,9,1,1
BRF:20
BRH:10
end_of_record
TN:
SF:lib/Utils.js
FN:1,formatDate
FN:12,newNormalizedDate
FN:16,formatMoney
FN:24,getGreeting
FNF:4
FNH:4
FNDA:19,formatDate
FNDA:51,newNormalizedDate
FNDA:4,formatMoney
FNDA:49,getGreeting
DA:2,19
DA:5,19
DA:6,19
DA:8,0
DA:13,51
DA:17,4
DA:21,4
DA:25,49
DA:26,1
DA:27,48
DA:28,46
DA:29,2
DA:30,1
DA:32,1
LF:14
LH:13
BRDA:5,0,0,19
BRDA:5,0,1,0
BRDA:25,1,0,1
BRDA:25,1,1,48
BRDA:27,2,0,46
BRDA:27,2,1,2
BRDA:29,3,0,1
BRDA:29,3,1,1
BRF:8
BRH:7
end_of_record
TN:
SF:lib/mapCallout.js
FN:3,MapCallout
FNF:1
FNH:1
FNDA:18,MapCallout
DA:6,18
DA:8,1
DA:9,1
DA:10,1
DA:14,3
DA:15,3
DA:16,3
DA:20,3
DA:21,3
DA:22,3
DA:24,11
DA:25,11
DA:27,11
DA:29,18
LF:14
LH:14
BRDA:6,0,0,1
BRDA:6,0,1,1
BRDA:6,0,2,2
BRDA:6,0,3,3
BRDA:6,0,4,1
BRDA:6,0,5,2
BRDA:6,0,6,3
BRDA:6,0,7,11
BRDA:6,0,8,11
BRF:9
BRH:9
end_of_record
TN:
SF:lib/mapSummaries.js
FN:4,MapSummary
FN:6,(anonymous_1)
FNF:2
FNH:2
FNDA:15,MapSummary
FNDA:36,(anonymous_1)
DA:5,15
DA:6,14
DA:8,36
DA:11,36
DA:12,36
DA:13,36
DA:16,2
DA:17,2
DA:18,2
DA:26,17
DA:27,17
DA:31,3
DA:32,3
DA:37,14
DA:39,14
DA:41,36
LF:16
LH:16
BRDA:5,0,0,1
BRDA:5,0,1,14
BRDA:8,1,0,1
BRDA:8,1,1,35
BRDA:13,2,0,1
BRDA:13,2,1,2
BRDA:13,2,2,1
BRDA:13,2,3,2
BRDA:13,2,4,3
BRDA:13,2,5,4
BRDA:13,2,6,5
BRDA:13,2,7,6
BRDA:13,2,8,17
BRDA:13,2,9,1
BRDA:13,2,10,2
BRDA:13,2,11,3
BRDA:13,2,12,1
BRDA:13,2,13,2
BRDA:13,2,14,3
BRDA:13,2,15,14
BRDA:13,2,16,14
BRF:21
BRH:21
end_of_record
TN:
SF:lib/api/mapBenefits.js
FN:18,FormatSummary
FN:30,MapBenefit
FN:52,MapEICard
FN:122,MapCPPCard
FN:194,MapSEBCard
FN:219,MapOASGISCard
FNF:6
FNH:6
FNDA:110,FormatSummary
FNDA:45,MapBenefit
FNDA:9,MapEICard
FNDA:18,MapCPPCard
FNDA:2,MapSEBCard
FNDA:16,MapOASGISCard
DA:19,110
DA:24,110
DA:25,4
DA:27,110
DA:31,45
DA:36,45
DA:38,45
DA:55,9
DA:56,9
DA:59,9
DA:62,2
DA:70,2
DA:73,5
DA:76,5
DA:77,5
DA:86,5
DA:87,2
DA:94,5
DA:97,1
DA:101,1
DA:104,1
DA:106,9
DA:107,9
DA:125,18
DA:126,18
DA:127,18
DA:130,18
DA:132,6
DA:133,6
DA:134,6
DA:136,6
DA:144,6
DA:147,5
DA:148,5
DA:149,5
DA:150,5
DA:155,5
DA:156,4
DA:163,5
DA:166,2
DA:170,2
DA:173,2
DA:188,5
DA:190,18
DA:191,18
DA:196,2
DA:205,2
DA:222,16
DA:223,16
DA:224,16
DA:227,16
DA:230,2
DA:231,2
DA:233,2
DA:235,2
DA:243,2
DA:246,7
DA:247,7
DA:248,7
DA:253,7
DA:254,4
DA:261,7
DA:264,3
DA:268,3
DA:271,2
DA:286,4
DA:289,16
DA:290,16
LF:68
LH:68
BRDA:24,0,0,4
BRDA:24,0,1,106
BRDA:36,1,0,39
BRDA:36,1,1,6
BRDA:59,2,0,1
BRDA:59,2,1,2
BRDA:59,2,2,5
BRDA:59,2,3,1
BRDA:59,2,4,1
BRDA:86,3,0,2
BRDA:86,3,1,3
BRDA:130,4,0,6
BRDA:130,4,1,5
BRDA:130,4,2,2
BRDA:130,4,3,2
BRDA:130,4,4,5
BRDA:133,5,0,6
BRDA:133,5,1,0
BRDA:148,6,0,2
BRDA:148,6,1,3
BRDA:155,7,0,4
BRDA:155,7,1,1
BRDA:227,8,0,2
BRDA:227,8,1,7
BRDA:227,8,2,3
BRDA:227,8,3,2
BRDA:227,8,4,4
BRDA:231,9,0,2
BRDA:231,9,1,0
BRDA:253,10,0,4
BRDA:253,10,1,3
BRF:31
BRH:29
end_of_record
TN:
SF:lib/api/programData.js
FN:4,MapArrayData
FN:7,(anonymous_1)
FN:16,FetchProgramData
FNF:3
FNH:2
FNDA:7,MapArrayData
FNDA:0,(anonymous_1)
FNDA:8,FetchProgramData
DA:5,7
DA:6,7
DA:7,0
DA:8,0
DA:11,7
DA:13,7
DA:23,8
DA:25,8
DA:26,8
DA:29,8
DA:30,8
DA:32,8
DA:33,6
DA:34,2
DA:35,2
DA:43,2
DA:44,2
DA:46,0
DA:49,0
DA:52,8
DA:53,8
DA:55,0
DA:58,0
DA:59,0
DA:61,0
DA:63,0
LF:26
LH:17
BRDA:6,0,0,0
BRDA:6,0,1,7
BRDA:23,1,0,8
BRDA:23,1,1,0
BRDA:29,2,0,8
BRDA:29,2,1,0
BRDA:32,3,0,6
BRDA:32,3,1,2
BRDA:34,4,0,2
BRDA:34,4,1,0
BRDA:43,5,0,2
BRDA:43,5,1,0
BRDA:52,6,0,8
BRDA:52,6,1,0
BRF:14
BRH:8
end_of_record
TN:
SF:pages/400.js
FN:3,Error400
FN:15,getStaticProps
FNF:2
FNH:2
FNDA:1,Error400
FNDA:2,getStaticProps
DA:4,1
DA:5,1
DA:16,2
DA:21,2
DA:24,2
LF:5
LH:5
BRDA:4,0,0,1
BRDA:4,0,1,0
BRF:2
BRH:1
end_of_record
TN:
SF:pages/404.js
FN:3,Error404
FN:15,getStaticProps
FNF:2
FNH:2
FNDA:1,Error404
FNDA:2,getStaticProps
DA:4,1
DA:5,1
DA:16,2
DA:21,2
DA:24,2
LF:5
LH:5
BRDA:4,0,0,1
BRDA:4,0,1,0
BRF:2
BRH:1
end_of_record
TN:
SF:pages/500.js
FN:3,Error500
FN:15,getStaticProps
FNF:2
FNH:2
FNDA:1,Error500
FNDA:2,getStaticProps
DA:4,1
DA:5,1
DA:16,2
DA:21,2
DA:24,2
LF:5
LH:5
BRDA:4,0,0,1
BRDA:4,0,1,0
BRF:2
BRH:1
end_of_record
TN:
SF:pages/503.js
FN:3,Error503
FN:15,getStaticProps
FNF:2
FNH:2
FNDA:1,Error503
FNDA:2,getStaticProps
DA:4,1
DA:5,1
DA:16,2
DA:21,2
DA:24,2
LF:5
LH:5
BRDA:4,0,0,1
BRDA:4,0,1,0
BRF:2
BRH:1
end_of_record
TN:
SF:pages/_app.js
FN:6,MyApp
FNF:1
FNH:1
FNDA:1,MyApp
DA:7,1
DA:8,1
DA:10,1
DA:11,1
LF:4
LH:4
BRDA:10,0,0,0
BRDA:10,0,1,1
BRF:2
BRH:1
end_of_record
TN:
SF:pages/_document.js
FN:4,(anonymous_0)
FN:9,(anonymous_1)
FNF:2
FNH:2
FNDA:1,(anonymous_0)
FNDA:1,(anonymous_1)
DA:5,1
DA:6,1
DA:10,1
LF:3
LH:3
BRF:0
BRH:0
end_of_record
TN:
SF:pages/dashboard.js
FN:20,Dashboard
FN:54,(anonymous_1)
FN:55,fetchProgramData
FN:98,(anonymous_3)
FN:128,(anonymous_4)
FN:158,(anonymous_5)
FN:188,(anonymous_6)
FN:218,(anonymous_7)
FN:277,(anonymous_8)
FN:295,(anonymous_9)
FN:308,getServerSideProps
FNF:11
FNH:6
FNDA:46,Dashboard
FNDA:5,(anonymous_1)
FNDA:30,fetchProgramData
FNDA:0,(anonymous_3)
FNDA:0,(anonymous_4)
FNDA:0,(anonymous_5)
FNDA:0,(anonymous_6)
FNDA:0,(anonymous_7)
FNDA:540,(anonymous_8)
FNDA:180,(anonymous_9)
FNDA:2,getServerSideProps
DA:21,46
DA:22,45
DA:23,45
DA:25,45
DA:28,45
DA:30,45
DA:31,45
DA:32,45
DA:34,45
DA:35,45
DA:36,45
DA:38,45
DA:39,45
DA:40,45
DA:42,45
DA:43,45
DA:44,45
DA:46,45
DA:47,45
DA:48,45
DA:50,45
DA:51,45
DA:52,45
DA:54,45
DA:56,30
DA:57,30
DA:58,30
DA:59,25
DA:60,5
DA:63,5
DA:64,5
DA:67,0
DA:68,0
DA:70,30
DA:74,5
DA:75,5
DA:76,5
DA:77,5
DA:78,5
DA:79,5
DA:82,45
DA:100,0
DA:101,0
DA:130,0
DA:131,0
DA:160,0
DA:161,0
DA:190,0
DA:191,0
DA:220,0
DA:221,0
DA:278,540
DA:279,0
DA:280,540
DA:281,0
DA:283,540
DA:296,180
DA:309,2
DA:311,2
DA:312,2
DA:314,2
DA:318,2
DA:319,2
DA:321,2
DA:322,1
DA:336,1
DA:342,1
LF:67
LH:53
BRDA:21,0,0,45
BRDA:21,0,1,0
BRDA:58,1,0,25
BRDA:58,1,1,5
BRDA:59,2,0,5
BRDA:59,2,1,20
BRDA:95,3,0,40
BRDA:95,3,1,5
BRDA:96,4,0,45
BRDA:96,4,1,45
BRDA:97,5,0,0
BRDA:97,5,1,45
BRDA:125,6,0,15
BRDA:125,6,1,30
BRDA:126,7,0,45
BRDA:126,7,1,25
BRDA:127,8,0,0
BRDA:127,8,1,45
BRDA:155,9,0,35
BRDA:155,9,1,10
BRDA:156,10,0,45
BRDA:156,10,1,45
BRDA:157,11,0,0
BRDA:157,11,1,45
BRDA:185,12,0,30
BRDA:185,12,1,15
BRDA:187,13,0,0
BRDA:187,13,1,45
BRDA:215,14,0,25
BRDA:215,14,1,20
BRDA:217,15,0,0
BRDA:217,15,1,45
BRDA:245,16,0,5
BRDA:245,16,1,40
BRDA:247,17,0,10
BRDA:247,17,1,35
BRDA:278,18,0,0
BRDA:278,18,1,540
BRDA:278,19,0,540
BRDA:278,19,1,360
BRDA:280,20,0,0
BRDA:280,20,1,540
BRDA:280,21,0,540
BRDA:280,21,1,45
BRDA:294,22,0,45
BRDA:294,22,1,0
BRDA:314,23,0,2
BRDA:314,23,1,0
BRDA:315,24,0,2
BRDA:315,24,1,0
BRDA:319,25,0,1
BRDA:319,25,1,1
BRDA:321,26,0,1
BRDA:321,26,1,1
BRF:54
BRH:43
end_of_record
TN:
SF:pages/index.js
FN:4,Index
FN:12,getStaticProps
FNF:2
FNH:2
FNDA:2,Index
FNDA:1,getStaticProps
DA:5,2
DA:13,1
DA:18,1
DA:24,1
DA:32,2
LF:5
LH:5
BRF:0
BRH:0
end_of_record
TN:
SF:pages/profile.js
FN:10,Profile
FN:124,(anonymous_1)
FN:139,(anonymous_2)
FN:172,getStaticProps
FNF:4
FNH:3
FNDA:2,Profile
FNDA:3,(anonymous_1)
FNDA:0,(anonymous_2)
FNDA:2,getStaticProps
DA:11,2
DA:12,1
DA:34,1
DA:50,1
DA:72,1
DA:95,1
DA:96,1
DA:97,1
DA:99,1
DA:119,1
DA:125,3
DA:139,0
DA:173,2
DA:175,2
DA:181,2
DA:188,2
LF:16
LH:15
BRDA:11,0,0,0
BRDA:11,0,1,1
BRDA:129,1,0,0
BRDA:129,1,1,3
BRDA:140,2,0,3
BRDA:140,2,1,0
BRDA:173,3,0,1
BRDA:173,3,1,1
BRF:8
BRH:5
end_of_record
TN:
SF:pages/security-settings.js
FN:3,getStaticProps
FN:12,SecuritySettings
FNF:2
FNH:0
FNDA:0,getStaticProps
FNDA:0,SecuritySettings
DA:4,0
DA:9,0
DA:13,0
LF:3
LH:0
BRF:0
BRH:0
end_of_record
TN:
SF:pages/api/metrics.js
FN:5,handler
FNF:1
FNH:0
FNDA:0,handler
DA:3,0
DA:6,0
DA:7,0
LF:3
LH:0
BRF:0
BRH:0
end_of_record
TN:
SF:pages/api/auth/[...nextauth].js
FN:23,(anonymous_0)
FN:36,(anonymous_1)
FNF:2
FNH:0
FNDA:0,(anonymous_0)
FNDA:0,(anonymous_1)
DA:24,0
DA:37,0
DA:38,0
LF:3
LH:0
BRF:0
BRH:0
end_of_record
TN:
SF:pages/api/programData/_middleware.js
FN:3,middleware
FNF:1
FNH:1
FNDA:2,middleware
DA:4,2
DA:9,2
DA:11,2
DA:12,1
LF:4
LH:4
BRDA:4,0,0,2
BRDA:4,0,1,0
BRDA:5,1,0,2
BRDA:5,1,1,0
BRDA:11,2,0,1
BRDA:11,2,1,1
BRF:6
BRH:4
end_of_record
TN:
SF:pages/api/programData/cpp.js
FN:4,handler
FN:9,(anonymous_1)
FN:9,(anonymous_2)
FN:10,(anonymous_3)
FNF:4
FNH:4
FNDA:2,handler
FNDA:2,(anonymous_1)
FNDA:2,(anonymous_2)
FNDA:1,(anonymous_3)
DA:5,2
DA:9,2
DA:10,1
LF:3
LH:3
BRF:0
BRH:0
end_of_record
TN:
SF:pages/api/programData/cppd.js
FN:4,handler
FN:9,(anonymous_1)
FN:9,(anonymous_2)
FN:10,(anonymous_3)
FNF:4
FNH:4
FNDA:1,handler
FNDA:1,(anonymous_1)
FNDA:1,(anonymous_2)
FNDA:1,(anonymous_3)
DA:5,1
DA:9,1
DA:10,1
LF:3
LH:3
BRF:0
BRH:0
end_of_record
TN:
SF:pages/api/programData/ei.js
FN:4,handler
FN:9,(anonymous_1)
FN:9,(anonymous_2)
FN:10,(anonymous_3)
FNF:4
FNH:4
FNDA:2,handler
FNDA:2,(anonymous_1)
FNDA:2,(anonymous_2)
FNDA:1,(anonymous_3)
DA:5,2
DA:9,2
DA:10,1
LF:3
LH:3
BRF:0
BRH:0
end_of_record
TN:
SF:pages/api/programData/gis.js
FN:4,handler
FN:9,(anonymous_1)
FN:9,(anonymous_2)
FN:10,(anonymous_3)
FNF:4
FNH:4
FNDA:1,handler
FNDA:1,(anonymous_1)
FNDA:1,(anonymous_2)
FNDA:1,(anonymous_3)
DA:5,1
DA:9,1
DA:10,1
LF:3
LH:3
BRF:0
BRH:0
end_of_record
TN:
SF:pages/api/programData/oas.js
FN:4,handler
FN:9,(anonymous_1)
FN:9,(anonymous_2)
FN:10,(anonymous_3)
FNF:4
FNH:4
FNDA:1,handler
FNDA:1,(anonymous_1)
FNDA:1,(anonymous_2)
FNDA:1,(anonymous_3)
DA:5,1
DA:9,1
DA:10,1
LF:3
LH:3
BRF:0
BRH:0
end_of_record
TN:
SF:pages/api/programData/seb.js
FN:4,handler
FN:9,(anonymous_1)
FN:10,(anonymous_2)
FNF:3
FNH:3
FNDA:1,handler
FNDA:1,(anonymous_1)
FNDA:1,(anonymous_2)
DA:5,1
DA:9,1
DA:10,1
LF:3
LH:3
BRF:0
BRH:0
end_of_record
