{"/home/runner/work/sc-digital-centre/sc-digital-centre/components/atoms/ActionButton.js": {"path":"/home/runner/work/sc-digital-centre/sc-digital-centre/components/atoms/ActionButton.js","statementMap":{"0":{"start":{"line":9,"column":44},"end":{"line":9,"column":49}},"1":{"start":{"line":12,"column":4},"end":{"line":12,"column":241}},"2":{"start":{"line":14,"column":4},"end":{"line":14,"column":141}},"3":{"start":{"line":15,"column":14},"end":{"line":15,"column":55}},"4":{"start":{"line":16,"column":2},"end":{"line":16,"column":75}},"5":{"start":{"line":16,"column":17},"end":{"line":16,"column":75}},"6":{"start":{"line":18,"column":2},"end":{"line":46,"column":3}},"7":{"start":{"line":49,"column":0},"end":{"line":103,"column":1}}},"fnMap":{"0":{"name":"ActionButton","decl":{"start":{"line":7,"column":24},"end":{"line":7,"column":36}},"loc":{"start":{"line":7,"column":44},"end":{"line":47,"column":1}},"line":7}},"branchMap":{"0":{"loc":{"start":{"line":15,"column":14},"end":{"line":15,"column":55}},"type":"cond-expr","locations":[{"start":{"line":15,"column":26},"end":{"line":15,"column":40}},{"start":{"line":15,"column":43},"end":{"line":15,"column":55}}],"line":15},"1":{"loc":{"start":{"line":16,"column":2},"end":{"line":16,"column":75}},"type":"if","locations":[{"start":{"line":16,"column":2},"end":{"line":16,"column":75}},{"start":{},"end":{}}],"line":16},"2":{"loc":{"start":{"line":18,"column":9},"end":{"line":46,"column":3}},"type":"cond-expr","locations":[{"start":{"line":19,"column":4},"end":{"line":32,"column":11}},{"start":{"line":34,"column":4},"end":{"line":45,"column":13}}],"line":18},"3":{"loc":{"start":{"line":21,"column":19},"end":{"line":21,"column":43}},"type":"binary-expr","locations":[{"start":{"line":21,"column":19},"end":{"line":21,"column":34}},{"start":{"line":21,"column":38},"end":{"line":21,"column":43}}],"line":21},"4":{"loc":{"start":{"line":35,"column":21},"end":{"line":35,"column":52}},"type":"binary-expr","locations":[{"start":{"line":35,"column":21},"end":{"line":35,"column":39}},{"start":{"line":35,"column":43},"end":{"line":35,"column":52}}],"line":35},"5":{"loc":{"start":{"line":36,"column":17},"end":{"line":36,"column":41}},"type":"binary-expr","locations":[{"start":{"line":36,"column":17},"end":{"line":36,"column":32}},{"start":{"line":36,"column":36},"end":{"line":36,"column":41}}],"line":36}},"s":{"0":48,"1":48,"2":48,"3":48,"4":48,"5":18,"6":48,"7":13},"f":{"0":48},"b":{"0":[20,28],"1":[18,30],"2":[30,18],"3":[30,28],"4":[18,18],"5":[18,4]},"_coverageSchema":"1a1c01bbd47fc00a2c39e90264f33305004495a9","hash":"f5816b4abb8f31530197cc491cc79d16e582eaa9"}
,"/home/runner/work/sc-digital-centre/sc-digital-centre/components/atoms/Breadcrumb.js": {"path":"/home/runner/work/sc-digital-centre/sc-digital-centre/components/atoms/Breadcrumb.js","statementMap":{"0":{"start":{"line":8,"column":2},"end":{"line":38,"column":3}},"1":{"start":{"line":21,"column":14},"end":{"line":33,"column":15}},"2":{"start":{"line":41,"column":0},"end":{"line":58,"column":1}}},"fnMap":{"0":{"name":"Breadcrumb","decl":{"start":{"line":7,"column":24},"end":{"line":7,"column":34}},"loc":{"start":{"line":7,"column":42},"end":{"line":39,"column":1}},"line":7},"1":{"name":"(anonymous_1)","decl":{"start":{"line":20,"column":28},"end":{"line":20,"column":29}},"loc":{"start":{"line":20,"column":43},"end":{"line":34,"column":13}},"line":20}},"branchMap":{"0":{"loc":{"start":{"line":19,"column":9},"end":{"line":35,"column":16}},"type":"cond-expr","locations":[{"start":{"line":20,"column":12},"end":{"line":34,"column":14}},{"start":{"line":35,"column":12},"end":{"line":35,"column":16}}],"line":19}},"s":{"0":3,"1":1,"2":1},"f":{"0":3,"1":1},"b":{"0":[1,2]},"_coverageSchema":"1a1c01bbd47fc00a2c39e90264f33305004495a9","hash":"c5f3a165ea03cddd2224ce7a12ba0c58a6e6c5ed"}
,"/home/runner/work/sc-digital-centre/sc-digital-centre/components/atoms/Card.js": {"path":"/home/runner/work/sc-digital-centre/sc-digital-centre/components/atoms/Card.js","statementMap":{"0":{"start":{"line":5,"column":2},"end":{"line":20,"column":3}},"1":{"start":{"line":23,"column":0},"end":{"line":43,"column":1}}},"fnMap":{"0":{"name":"Card","decl":{"start":{"line":4,"column":24},"end":{"line":4,"column":28}},"loc":{"start":{"line":4,"column":36},"end":{"line":21,"column":1}},"line":4}},"branchMap":{},"s":{"0":2,"1":1},"f":{"0":2},"b":{},"_coverageSchema":"1a1c01bbd47fc00a2c39e90264f33305004495a9","hash":"24292055c375da43d315e0e52dec104dd048394c"}
,"/home/runner/work/sc-digital-centre/sc-digital-centre/components/atoms/CardHeader.js": {"path":"/home/runner/work/sc-digital-centre/sc-digital-centre/components/atoms/CardHeader.js","statementMap":{"0":{"start":{"line":4,"column":2},"end":{"line":14,"column":3}},"1":{"start":{"line":17,"column":0},"end":{"line":32,"column":1}}},"fnMap":{"0":{"name":"CardHeader","decl":{"start":{"line":3,"column":24},"end":{"line":3,"column":34}},"loc":{"start":{"line":3,"column":42},"end":{"line":15,"column":1}},"line":3}},"branchMap":{"0":{"loc":{"start":{"line":6,"column":7},"end":{"line":8,"column":14}},"type":"cond-expr","locations":[{"start":{"line":7,"column":8},"end":{"line":7,"column":56}},{"start":{"line":8,"column":10},"end":{"line":8,"column":14}}],"line":6},"1":{"loc":{"start":{"line":10,"column":7},"end":{"line":12,"column":14}},"type":"cond-expr","locations":[{"start":{"line":11,"column":8},"end":{"line":11,"column":56}},{"start":{"line":12,"column":10},"end":{"line":12,"column":14}}],"line":10}},"s":{"0":9,"1":3},"f":{"0":9},"b":{"0":[0,9],"1":[7,2]},"_coverageSchema":"1a1c01bbd47fc00a2c39e90264f33305004495a9","hash":"1ef16eeecadad22182c374e12839b4dbe67a641c"}
,"/home/runner/work/sc-digital-centre/sc-digital-centre/components/atoms/DateModified.js": {"path":"/home/runner/work/sc-digital-centre/sc-digital-centre/components/atoms/DateModified.js","statementMap":{"0":{"start":{"line":7,"column":2},"end":{"line":12,"column":3}},"1":{"start":{"line":15,"column":0},"end":{"line":18,"column":1}},"2":{"start":{"line":20,"column":0},"end":{"line":26,"column":1}}},"fnMap":{"0":{"name":"DateModified","decl":{"start":{"line":6,"column":24},"end":{"line":6,"column":36}},"loc":{"start":{"line":6,"column":44},"end":{"line":13,"column":1}},"line":6}},"branchMap":{},"s":{"0":2,"1":1,"2":1},"f":{"0":2},"b":{},"_coverageSchema":"1a1c01bbd47fc00a2c39e90264f33305004495a9","hash":"16d0d1db67d68c61297447dbe996d8a91d9e31de"}
,"/home/runner/work/sc-digital-centre/sc-digital-centre/components/atoms/HorizontalRule.js": {"path":"/home/runner/work/sc-digital-centre/sc-digital-centre/components/atoms/HorizontalRule.js","statementMap":{"0":{"start":{"line":5,"column":2},"end":{"line":29,"column":3}},"1":{"start":{"line":6,"column":4},"end":{"line":10,"column":5}},"2":{"start":{"line":11,"column":9},"end":{"line":29,"column":3}},"3":{"start":{"line":12,"column":4},"end":{"line":16,"column":5}},"4":{"start":{"line":17,"column":9},"end":{"line":29,"column":3}},"5":{"start":{"line":18,"column":4},"end":{"line":22,"column":5}},"6":{"start":{"line":24,"column":4},"end":{"line":28,"column":5}}},"fnMap":{"0":{"name":"HorizontalRule","decl":{"start":{"line":4,"column":24},"end":{"line":4,"column":38}},"loc":{"start":{"line":4,"column":46},"end":{"line":30,"column":1}},"line":4}},"branchMap":{"0":{"loc":{"start":{"line":5,"column":2},"end":{"line":29,"column":3}},"type":"if","locations":[{"start":{"line":5,"column":2},"end":{"line":29,"column":3}},{"start":{"line":11,"column":9},"end":{"line":29,"column":3}}],"line":5},"1":{"loc":{"start":{"line":5,"column":6},"end":{"line":5,"column":38}},"type":"binary-expr","locations":[{"start":{"line":5,"column":6},"end":{"line":5,"column":18}},{"start":{"line":5,"column":22},"end":{"line":5,"column":38}}],"line":5},"2":{"loc":{"start":{"line":11,"column":9},"end":{"line":29,"column":3}},"type":"if","locations":[{"start":{"line":11,"column":9},"end":{"line":29,"column":3}},{"start":{"line":17,"column":9},"end":{"line":29,"column":3}}],"line":11},"3":{"loc":{"start":{"line":17,"column":9},"end":{"line":29,"column":3}},"type":"if","locations":[{"start":{"line":17,"column":9},"end":{"line":29,"column":3}},{"start":{"line":23,"column":9},"end":{"line":29,"column":3}}],"line":17}},"s":{"0":1152,"1":0,"2":1152,"3":0,"4":1152,"5":165,"6":987},"f":{"0":1152},"b":{"0":[0,1152],"1":[1152,0],"2":[0,1152],"3":[165,987]},"_coverageSchema":"1a1c01bbd47fc00a2c39e90264f33305004495a9","hash":"5bcf64ecd3a36dbdfa95a003d34e5370ae938a61"}
,"/home/runner/work/sc-digital-centre/sc-digital-centre/components/atoms/InfoSection.js": {"path":"/home/runner/work/sc-digital-centre/sc-digital-centre/components/atoms/InfoSection.js","statementMap":{"0":{"start":{"line":5,"column":2},"end":{"line":23,"column":3}},"1":{"start":{"line":9,"column":8},"end":{"line":13,"column":9}},"2":{"start":{"line":26,"column":0},"end":{"line":40,"column":1}}},"fnMap":{"0":{"name":"InfoSection","decl":{"start":{"line":4,"column":24},"end":{"line":4,"column":35}},"loc":{"start":{"line":4,"column":43},"end":{"line":24,"column":1}},"line":4},"1":{"name":"(anonymous_1)","decl":{"start":{"line":8,"column":22},"end":{"line":8,"column":23}},"loc":{"start":{"line":8,"column":39},"end":{"line":14,"column":7}},"line":8}},"branchMap":{},"s":{"0":17,"1":24,"2":4},"f":{"0":17,"1":24},"b":{},"_coverageSchema":"1a1c01bbd47fc00a2c39e90264f33305004495a9","hash":"56279794312a26da033cd4c0e8f5a8682dd94501"}
,"/home/runner/work/sc-digital-centre/sc-digital-centre/components/atoms/Meta.js": {"path":"/home/runner/work/sc-digital-centre/sc-digital-centre/components/atoms/Meta.js","statementMap":{"0":{"start":{"line":6,"column":2},"end":{"line":60,"column":3}},"1":{"start":{"line":25,"column":8},"end":{"line":30,"column":10}},"2":{"start":{"line":63,"column":0},"end":{"line":67,"column":1}},"3":{"start":{"line":69,"column":0},"end":{"line":89,"column":1}}},"fnMap":{"0":{"name":"Meta","decl":{"start":{"line":5,"column":24},"end":{"line":5,"column":28}},"loc":{"start":{"line":5,"column":36},"end":{"line":61,"column":1}},"line":5},"1":{"name":"(anonymous_1)","decl":{"start":{"line":24,"column":35},"end":{"line":24,"column":36}},"loc":{"start":{"line":25,"column":8},"end":{"line":30,"column":10}},"line":25}},"branchMap":{"0":{"loc":{"start":{"line":18,"column":17},"end":{"line":18,"column":54}},"type":"cond-expr","locations":[{"start":{"line":18,"column":41},"end":{"line":18,"column":46}},{"start":{"line":18,"column":49},"end":{"line":18,"column":54}}],"line":18},"1":{"loc":{"start":{"line":39,"column":7},"end":{"line":55,"column":7}},"type":"binary-expr","locations":[{"start":{"line":39,"column":7},"end":{"line":39,"column":30}},{"start":{"line":40,"column":8},"end":{"line":54,"column":11}}],"line":39}},"s":{"0":2,"1":2,"2":2,"3":2},"f":{"0":2,"1":2},"b":{"0":[1,1],"1":[2,1]},"_coverageSchema":"1a1c01bbd47fc00a2c39e90264f33305004495a9","hash":"6bbd96f390de37e846dd8a4f9d76f6b92e1a8362"}
,"/home/runner/work/sc-digital-centre/sc-digital-centre/components/atoms/NoBenefitCardHeader.js": {"path":"/home/runner/work/sc-digital-centre/sc-digital-centre/components/atoms/NoBenefitCardHeader.js","statementMap":{"0":{"start":{"line":6,"column":12},"end":{"line":6,"column":43}},"1":{"start":{"line":7,"column":22},"end":{"line":7,"column":47}},"2":{"start":{"line":9,"column":30},"end":{"line":11,"column":3}},"3":{"start":{"line":10,"column":4},"end":{"line":10,"column":39}},"4":{"start":{"line":13,"column":2},"end":{"line":35,"column":3}}},"fnMap":{"0":{"name":"BenefitCardHeaderActive","decl":{"start":{"line":5,"column":24},"end":{"line":5,"column":47}},"loc":{"start":{"line":5,"column":55},"end":{"line":36,"column":1}},"line":5},"1":{"name":"(anonymous_1)","decl":{"start":{"line":9,"column":30},"end":{"line":9,"column":31}},"loc":{"start":{"line":9,"column":36},"end":{"line":11,"column":3}},"line":9}},"branchMap":{"0":{"loc":{"start":{"line":6,"column":12},"end":{"line":6,"column":43}},"type":"cond-expr","locations":[{"start":{"line":6,"column":36},"end":{"line":6,"column":38}},{"start":{"line":6,"column":41},"end":{"line":6,"column":43}}],"line":6}},"s":{"0":164,"1":164,"2":164,"3":328,"4":164},"f":{"0":164,"1":328},"b":{"0":[164,0]},"_coverageSchema":"1a1c01bbd47fc00a2c39e90264f33305004495a9","hash":"57fc0e7bd7870fb1da2bbab283f73dd7e5fef89c"}
,"/home/runner/work/sc-digital-centre/sc-digital-centre/components/atoms/PhaseBanner.js": {"path":"/home/runner/work/sc-digital-centre/sc-digital-centre/components/atoms/PhaseBanner.js","statementMap":{"0":{"start":{"line":8,"column":2},"end":{"line":28,"column":3}},"1":{"start":{"line":31,"column":0},"end":{"line":40,"column":1}}},"fnMap":{"0":{"name":"PhaseBanner","decl":{"start":{"line":7,"column":24},"end":{"line":7,"column":35}},"loc":{"start":{"line":7,"column":43},"end":{"line":29,"column":1}},"line":7}},"branchMap":{},"s":{"0":2,"1":2},"f":{"0":2},"b":{},"_coverageSchema":"1a1c01bbd47fc00a2c39e90264f33305004495a9","hash":"7b2ff0716d4c7989d1e8494ab232cf1a75ea65fd"}
,"/home/runner/work/sc-digital-centre/sc-digital-centre/components/atoms/StatusBadge.js": {"path":"/home/runner/work/sc-digital-centre/sc-digital-centre/components/atoms/StatusBadge.js","statementMap":{"0":{"start":{"line":8,"column":2},"end":{"line":8,"column":31}},"1":{"start":{"line":8,"column":20},"end":{"line":8,"column":31}},"2":{"start":{"line":9,"column":2},"end":{"line":19,"column":3}},"3":{"start":{"line":22,"column":0},"end":{"line":47,"column":1}}},"fnMap":{"0":{"name":"StatusBadge","decl":{"start":{"line":7,"column":24},"end":{"line":7,"column":35}},"loc":{"start":{"line":7,"column":43},"end":{"line":20,"column":1}},"line":7}},"branchMap":{"0":{"loc":{"start":{"line":8,"column":2},"end":{"line":8,"column":31}},"type":"if","locations":[{"start":{"line":8,"column":2},"end":{"line":8,"column":31}},{"start":{},"end":{}}],"line":8}},"s":{"0":10,"1":5,"2":5,"3":3},"f":{"0":10},"b":{"0":[5,5]},"_coverageSchema":"1a1c01bbd47fc00a2c39e90264f33305004495a9","hash":"56a90e0a8f9029fa0b3671e06228c3da8ced1ade"}
,"/home/runner/work/sc-digital-centre/sc-digital-centre/components/atoms/ViewMoreLessButton.js": {"path":"/home/runner/work/sc-digital-centre/sc-digital-centre/components/atoms/ViewMoreLessButton.js","statementMap":{"0":{"start":{"line":7,"column":2},"end":{"line":36,"column":3}},"1":{"start":{"line":39,"column":0},"end":{"line":48,"column":1}}},"fnMap":{"0":{"name":"ViewMoreLessButton","decl":{"start":{"line":6,"column":24},"end":{"line":6,"column":42}},"loc":{"start":{"line":6,"column":50},"end":{"line":37,"column":1}},"line":6}},"branchMap":{"0":{"loc":{"start":{"line":21,"column":11},"end":{"line":31,"column":11}},"type":"cond-expr","locations":[{"start":{"line":22,"column":12},"end":{"line":25,"column":14}},{"start":{"line":27,"column":12},"end":{"line":30,"column":14}}],"line":21}},"s":{"0":13,"1":5},"f":{"0":13},"b":{"0":[1,12]},"_coverageSchema":"1a1c01bbd47fc00a2c39e90264f33305004495a9","hash":"b5ea92785d706d571e31a0e2967407b2151a9a35"}
,"/home/runner/work/sc-digital-centre/sc-digital-centre/components/molecules/BenefitApplicationCard.js": {"path":"/home/runner/work/sc-digital-centre/sc-digital-centre/components/molecules/BenefitApplicationCard.js","statementMap":{"0":{"start":{"line":10,"column":31},"end":{"line":104,"column":1}},"1":{"start":{"line":11,"column":12},"end":{"line":11,"column":43}},"2":{"start":{"line":12,"column":22},"end":{"line":12,"column":58}},"3":{"start":{"line":13,"column":25},"end":{"line":13,"column":64}},"4":{"start":{"line":14,"column":22},"end":{"line":14,"column":58}},"5":{"start":{"line":16,"column":35},"end":{"line":22,"column":3}},"6":{"start":{"line":17,"column":4},"end":{"line":21,"column":5}},"7":{"start":{"line":24,"column":31},"end":{"line":28,"column":3}},"8":{"start":{"line":25,"column":4},"end":{"line":27,"column":45}},"9":{"start":{"line":30,"column":2},"end":{"line":103,"column":3}},"10":{"start":{"line":108,"column":0},"end":{"line":115,"column":1}}},"fnMap":{"0":{"name":"(anonymous_0)","decl":{"start":{"line":10,"column":31},"end":{"line":10,"column":32}},"loc":{"start":{"line":10,"column":42},"end":{"line":104,"column":1}},"line":10},"1":{"name":"(anonymous_1)","decl":{"start":{"line":16,"column":35},"end":{"line":16,"column":36}},"loc":{"start":{"line":16,"column":41},"end":{"line":22,"column":3}},"line":16},"2":{"name":"(anonymous_2)","decl":{"start":{"line":24,"column":31},"end":{"line":24,"column":32}},"loc":{"start":{"line":24,"column":37},"end":{"line":28,"column":3}},"line":24}},"branchMap":{"0":{"loc":{"start":{"line":11,"column":12},"end":{"line":11,"column":43}},"type":"cond-expr","locations":[{"start":{"line":11,"column":36},"end":{"line":11,"column":38}},{"start":{"line":11,"column":41},"end":{"line":11,"column":43}}],"line":11},"1":{"loc":{"start":{"line":18,"column":6},"end":{"line":20,"column":52}},"type":"binary-expr","locations":[{"start":{"line":18,"column":7},"end":{"line":18,"column":53}},{"start":{"line":19,"column":8},"end":{"line":19,"column":45}},{"start":{"line":20,"column":6},"end":{"line":20,"column":52}}],"line":18},"2":{"loc":{"start":{"line":25,"column":11},"end":{"line":27,"column":45}},"type":"cond-expr","locations":[{"start":{"line":26,"column":8},"end":{"line":26,"column":19}},{"start":{"line":27,"column":8},"end":{"line":27,"column":45}}],"line":25},"3":{"loc":{"start":{"line":53,"column":13},"end":{"line":70,"column":13}},"type":"cond-expr","locations":[{"start":{"line":54,"column":14},"end":{"line":67,"column":20}},{"start":{"line":69,"column":14},"end":{"line":69,"column":52}}],"line":53}},"s":{"0":2,"1":483,"2":483,"3":483,"4":483,"5":483,"6":483,"7":483,"8":966,"9":483,"10":2},"f":{"0":483,"1":483,"2":966},"b":{"0":[483,0],"1":[483,321,443],"2":[404,562],"3":[82,401]},"_coverageSchema":"1a1c01bbd47fc00a2c39e90264f33305004495a9","hash":"25aa5bf69e6d63b7e539b1fff7433f2fda4a346e"}
,"/home/runner/work/sc-digital-centre/sc-digital-centre/components/molecules/BenefitCardHeaderSummary.js": {"path":"/home/runner/work/sc-digital-centre/sc-digital-centre/components/molecules/BenefitCardHeaderSummary.js","statementMap":{"0":{"start":{"line":4,"column":2},"end":{"line":29,"column":3}},"1":{"start":{"line":32,"column":0},"end":{"line":39,"column":1}}},"fnMap":{"0":{"name":"BenefitCardHeaderSummary","decl":{"start":{"line":3,"column":24},"end":{"line":3,"column":48}},"loc":{"start":{"line":3,"column":56},"end":{"line":30,"column":1}},"line":3}},"branchMap":{"0":{"loc":{"start":{"line":10,"column":7},"end":{"line":12,"column":14}},"type":"cond-expr","locations":[{"start":{"line":11,"column":8},"end":{"line":11,"column":60}},{"start":{"line":12,"column":10},"end":{"line":12,"column":14}}],"line":10},"1":{"loc":{"start":{"line":15,"column":33},"end":{"line":15,"column":63}},"type":"binary-expr","locations":[{"start":{"line":15,"column":33},"end":{"line":15,"column":49}},{"start":{"line":15,"column":53},"end":{"line":15,"column":63}}],"line":15},"2":{"loc":{"start":{"line":20,"column":7},"end":{"line":27,"column":14}},"type":"cond-expr","locations":[{"start":{"line":21,"column":8},"end":{"line":26,"column":12}},{"start":{"line":27,"column":10},"end":{"line":27,"column":14}}],"line":20}},"s":{"0":10,"1":3},"f":{"0":10},"b":{"0":[0,10],"1":[10,10],"2":[5,5]},"_coverageSchema":"1a1c01bbd47fc00a2c39e90264f33305004495a9","hash":"197077ecc21dae3bda864d2a631b97f18f08ed70"}
,"/home/runner/work/sc-digital-centre/sc-digital-centre/components/molecules/BenefitTasks.js": {"path":"/home/runner/work/sc-digital-centre/sc-digital-centre/components/molecules/BenefitTasks.js","statementMap":{"0":{"start":{"line":6,"column":2},"end":{"line":29,"column":3}},"1":{"start":{"line":13,"column":10},"end":{"line":25,"column":11}},"2":{"start":{"line":32,"column":0},"end":{"line":43,"column":1}}},"fnMap":{"0":{"name":"BenefitTasks","decl":{"start":{"line":5,"column":24},"end":{"line":5,"column":36}},"loc":{"start":{"line":5,"column":44},"end":{"line":30,"column":1}},"line":5},"1":{"name":"(anonymous_1)","decl":{"start":{"line":12,"column":34},"end":{"line":12,"column":35}},"loc":{"start":{"line":12,"column":51},"end":{"line":26,"column":9}},"line":12}},"branchMap":{},"s":{"0":164,"1":486,"2":4},"f":{"0":164,"1":486},"b":{},"_coverageSchema":"1a1c01bbd47fc00a2c39e90264f33305004495a9","hash":"f4cdf6c22c84bc7cec6a213782bda5641d11017c"}
,"/home/runner/work/sc-digital-centre/sc-digital-centre/components/molecules/DSHeader.js": {"path":"/home/runner/work/sc-digital-centre/sc-digital-centre/components/molecules/DSHeader.js","statementMap":{"0":{"start":{"line":7,"column":12},"end":{"line":7,"column":43}},"1":{"start":{"line":8,"column":29},"end":{"line":17,"column":3}},"2":{"start":{"line":18,"column":22},"end":{"line":23,"column":3}},"3":{"start":{"line":24,"column":2},"end":{"line":49,"column":3}},"4":{"start":{"line":39,"column":25},"end":{"line":39,"column":34}}},"fnMap":{"0":{"name":"DSHeader","decl":{"start":{"line":6,"column":24},"end":{"line":6,"column":32}},"loc":{"start":{"line":6,"column":40},"end":{"line":50,"column":1}},"line":6},"1":{"name":"(anonymous_1)","decl":{"start":{"line":39,"column":19},"end":{"line":39,"column":20}},"loc":{"start":{"line":39,"column":25},"end":{"line":39,"column":34}},"line":39},"2":{"name":"noRefCheck","decl":{"start":{"line":45,"column":27},"end":{"line":45,"column":37}},"loc":{"start":{"line":45,"column":40},"end":{"line":45,"column":42}},"line":45},"3":{"name":"noRefCheck","decl":{"start":{"line":46,"column":27},"end":{"line":46,"column":37}},"loc":{"start":{"line":46,"column":40},"end":{"line":46,"column":42}},"line":46}},"branchMap":{"0":{"loc":{"start":{"line":7,"column":12},"end":{"line":7,"column":43}},"type":"cond-expr","locations":[{"start":{"line":7,"column":36},"end":{"line":7,"column":38}},{"start":{"line":7,"column":41},"end":{"line":7,"column":43}}],"line":7},"1":{"loc":{"start":{"line":30,"column":8},"end":{"line":32,"column":30}},"type":"cond-expr","locations":[{"start":{"line":31,"column":12},"end":{"line":31,"column":60}},{"start":{"line":32,"column":12},"end":{"line":32,"column":30}}],"line":30}},"s":{"0":2,"1":2,"2":2,"3":2,"4":0},"f":{"0":2,"1":0,"2":0,"3":0},"b":{"0":[0,2],"1":[0,2]},"_coverageSchema":"1a1c01bbd47fc00a2c39e90264f33305004495a9","hash":"bf24fa08c24334b75bae150327213a250e621c98"}
,"/home/runner/work/sc-digital-centre/sc-digital-centre/components/molecules/Greeting.js": {"path":"/home/runner/work/sc-digital-centre/sc-digital-centre/components/molecules/Greeting.js","statementMap":{"0":{"start":{"line":4,"column":2},"end":{"line":22,"column":3}}},"fnMap":{"0":{"name":"Greeting","decl":{"start":{"line":3,"column":24},"end":{"line":3,"column":32}},"loc":{"start":{"line":3,"column":40},"end":{"line":23,"column":1}},"line":3}},"branchMap":{},"s":{"0":42},"f":{"0":42},"b":{},"_coverageSchema":"1a1c01bbd47fc00a2c39e90264f33305004495a9","hash":"0403fa9609eebff0fbb77a768d8e1bc9a0d2337c"}
,"/home/runner/work/sc-digital-centre/sc-digital-centre/components/molecules/LoadingState.js": {"path":"/home/runner/work/sc-digital-centre/sc-digital-centre/components/molecules/LoadingState.js","statementMap":{"0":{"start":{"line":2,"column":2},"end":{"line":22,"column":3}}},"fnMap":{"0":{"name":"LoadingState","decl":{"start":{"line":1,"column":24},"end":{"line":1,"column":36}},"loc":{"start":{"line":1,"column":39},"end":{"line":23,"column":1}},"line":1}},"branchMap":{},"s":{"0":65},"f":{"0":65},"b":{},"_coverageSchema":"1a1c01bbd47fc00a2c39e90264f33305004495a9","hash":"0e20e4eea212f48c31afe89d9c71bc0743314952"}
,"/home/runner/work/sc-digital-centre/sc-digital-centre/components/molecules/NoBenefitCard.js": {"path":"/home/runner/work/sc-digital-centre/sc-digital-centre/components/molecules/NoBenefitCard.js","statementMap":{"0":{"start":{"line":9,"column":22},"end":{"line":57,"column":1}},"1":{"start":{"line":10,"column":12},"end":{"line":10,"column":43}},"2":{"start":{"line":11,"column":30},"end":{"line":11,"column":45}},"3":{"start":{"line":12,"column":38},"end":{"line":12,"column":70}},"4":{"start":{"line":13,"column":23},"end":{"line":13,"column":35}},"5":{"start":{"line":14,"column":23},"end":{"line":14,"column":35}},"6":{"start":{"line":15,"column":22},"end":{"line":18,"column":3}},"7":{"start":{"line":16,"column":4},"end":{"line":16,"column":63}},"8":{"start":{"line":17,"column":4},"end":{"line":17,"column":22}},"9":{"start":{"line":20,"column":19},"end":{"line":31,"column":3}},"10":{"start":{"line":21,"column":4},"end":{"line":21,"column":62}},"11":{"start":{"line":21,"column":56},"end":{"line":21,"column":62}},"12":{"start":{"line":22,"column":4},"end":{"line":30,"column":10}},"13":{"start":{"line":33,"column":2},"end":{"line":56,"column":3}},"14":{"start":{"line":47,"column":12},"end":{"line":47,"column":25}},"15":{"start":{"line":48,"column":12},"end":{"line":48,"column":22}},"16":{"start":{"line":60,"column":0},"end":{"line":64,"column":1}}},"fnMap":{"0":{"name":"(anonymous_0)","decl":{"start":{"line":9,"column":22},"end":{"line":9,"column":23}},"loc":{"start":{"line":9,"column":33},"end":{"line":57,"column":1}},"line":9},"1":{"name":"(anonymous_1)","decl":{"start":{"line":15,"column":22},"end":{"line":15,"column":23}},"loc":{"start":{"line":15,"column":28},"end":{"line":18,"column":3}},"line":15},"2":{"name":"(anonymous_2)","decl":{"start":{"line":20,"column":19},"end":{"line":20,"column":20}},"loc":{"start":{"line":20,"column":25},"end":{"line":31,"column":3}},"line":20},"3":{"name":"(anonymous_3)","decl":{"start":{"line":46,"column":19},"end":{"line":46,"column":20}},"loc":{"start":{"line":46,"column":25},"end":{"line":49,"column":11}},"line":46}},"branchMap":{"0":{"loc":{"start":{"line":10,"column":12},"end":{"line":10,"column":43}},"type":"cond-expr","locations":[{"start":{"line":10,"column":36},"end":{"line":10,"column":38}},{"start":{"line":10,"column":41},"end":{"line":10,"column":43}}],"line":10},"1":{"loc":{"start":{"line":16,"column":18},"end":{"line":16,"column":62}},"type":"cond-expr","locations":[{"start":{"line":16,"column":27},"end":{"line":16,"column":49}},{"start":{"line":16,"column":52},"end":{"line":16,"column":62}}],"line":16},"2":{"loc":{"start":{"line":21,"column":4},"end":{"line":21,"column":62}},"type":"if","locations":[{"start":{"line":21,"column":4},"end":{"line":21,"column":62}},{"start":{},"end":{}}],"line":21},"3":{"loc":{"start":{"line":21,"column":8},"end":{"line":21,"column":54}},"type":"binary-expr","locations":[{"start":{"line":21,"column":8},"end":{"line":21,"column":29}},{"start":{"line":21,"column":33},"end":{"line":21,"column":54}}],"line":21},"4":{"loc":{"start":{"line":22,"column":4},"end":{"line":30,"column":10}},"type":"cond-expr","locations":[{"start":{"line":23,"column":8},"end":{"line":26,"column":10}},{"start":{"line":27,"column":8},"end":{"line":30,"column":10}}],"line":22},"5":{"loc":{"start":{"line":43,"column":7},"end":{"line":54,"column":7}},"type":"binary-expr","locations":[{"start":{"line":43,"column":7},"end":{"line":43,"column":38}},{"start":{"line":44,"column":8},"end":{"line":53,"column":10}}],"line":43}},"s":{"0":2,"1":163,"2":162,"3":162,"4":162,"5":162,"6":162,"7":0,"8":0,"9":162,"10":0,"11":0,"12":0,"13":162,"14":0,"15":0,"16":2},"f":{"0":163,"1":0,"2":0,"3":0},"b":{"0":[162,0],"1":[0,0],"2":[0,0],"3":[0,0],"4":[0,0],"5":[162,0]},"_coverageSchema":"1a1c01bbd47fc00a2c39e90264f33305004495a9","hash":"52afa39e517de071cce8b1e912726e7197d92358"}
,"/home/runner/work/sc-digital-centre/sc-digital-centre/components/molecules/ProfileInfo.js": {"path":"/home/runner/work/sc-digital-centre/sc-digital-centre/components/molecules/ProfileInfo.js","statementMap":{"0":{"start":{"line":5,"column":2},"end":{"line":22,"column":3}},"1":{"start":{"line":9,"column":10},"end":{"line":18,"column":11}},"2":{"start":{"line":25,"column":0},"end":{"line":38,"column":1}}},"fnMap":{"0":{"name":"ProfileInfo","decl":{"start":{"line":4,"column":24},"end":{"line":4,"column":35}},"loc":{"start":{"line":4,"column":43},"end":{"line":23,"column":1}},"line":4},"1":{"name":"(anonymous_1)","decl":{"start":{"line":8,"column":26},"end":{"line":8,"column":27}},"loc":{"start":{"line":8,"column":36},"end":{"line":19,"column":9}},"line":8}},"branchMap":{},"s":{"0":1,"1":6,"2":2},"f":{"0":1,"1":6},"b":{},"_coverageSchema":"1a1c01bbd47fc00a2c39e90264f33305004495a9","hash":"3c3c4c5bd0477ef7261744c163075564dbb10532"}
,"/home/runner/work/sc-digital-centre/sc-digital-centre/components/molecules/SplashLanguageSelect.js": {"path":"/home/runner/work/sc-digital-centre/sc-digital-centre/components/molecules/SplashLanguageSelect.js","statementMap":{"0":{"start":{"line":6,"column":2},"end":{"line":72,"column":3}}},"fnMap":{"0":{"name":"SplashLanguageSelect","decl":{"start":{"line":5,"column":24},"end":{"line":5,"column":44}},"loc":{"start":{"line":5,"column":47},"end":{"line":73,"column":1}},"line":5}},"branchMap":{},"s":{"0":4},"f":{"0":4},"b":{},"_coverageSchema":"1a1c01bbd47fc00a2c39e90264f33305004495a9","hash":"d932fb2c7d3ec73ced60e37c09c86a9f4fbd05dd"}
,"/home/runner/work/sc-digital-centre/sc-digital-centre/components/molecules/UniversalBenefitCard.js": {"path":"/home/runner/work/sc-digital-centre/sc-digital-centre/components/molecules/UniversalBenefitCard.js","statementMap":{"0":{"start":{"line":13,"column":30},"end":{"line":13,"column":45}},"1":{"start":{"line":15,"column":24},"end":{"line":15,"column":63}},"2":{"start":{"line":16,"column":21},"end":{"line":16,"column":57}},"3":{"start":{"line":18,"column":2},"end":{"line":121,"column":3}},"4":{"start":{"line":62,"column":14},"end":{"line":72,"column":15}},"5":{"start":{"line":84,"column":33},"end":{"line":84,"column":40}},"6":{"start":{"line":85,"column":33},"end":{"line":85,"column":74}},"7":{"start":{"line":86,"column":12},"end":{"line":89,"column":14}},"8":{"start":{"line":90,"column":12},"end":{"line":90,"column":35}},"9":{"start":{"line":105,"column":20},"end":{"line":112,"column":21}},"10":{"start":{"line":124,"column":0},"end":{"line":153,"column":1}}},"fnMap":{"0":{"name":"UniversalBenefitCard","decl":{"start":{"line":12,"column":24},"end":{"line":12,"column":44}},"loc":{"start":{"line":12,"column":52},"end":{"line":122,"column":1}},"line":12},"1":{"name":"(anonymous_1)","decl":{"start":{"line":61,"column":33},"end":{"line":61,"column":34}},"loc":{"start":{"line":61,"column":53},"end":{"line":73,"column":13}},"line":61},"2":{"name":"(anonymous_2)","decl":{"start":{"line":83,"column":19},"end":{"line":83,"column":20}},"loc":{"start":{"line":83,"column":25},"end":{"line":91,"column":11}},"line":83},"3":{"name":"(anonymous_3)","decl":{"start":{"line":104,"column":40},"end":{"line":104,"column":41}},"loc":{"start":{"line":104,"column":61},"end":{"line":113,"column":19}},"line":104}},"branchMap":{"0":{"loc":{"start":{"line":47,"column":9},"end":{"line":75,"column":9}},"type":"cond-expr","locations":[{"start":{"line":48,"column":10},"end":{"line":58,"column":16}},{"start":{"line":60,"column":10},"end":{"line":74,"column":15}}],"line":47},"1":{"loc":{"start":{"line":47,"column":9},"end":{"line":47,"column":63}},"type":"binary-expr","locations":[{"start":{"line":47,"column":9},"end":{"line":47,"column":32}},{"start":{"line":47,"column":36},"end":{"line":47,"column":63}}],"line":47},"2":{"loc":{"start":{"line":85,"column":33},"end":{"line":85,"column":74}},"type":"cond-expr","locations":[{"start":{"line":85,"column":48},"end":{"line":85,"column":58}},{"start":{"line":85,"column":61},"end":{"line":85,"column":74}}],"line":85},"3":{"loc":{"start":{"line":99,"column":9},"end":{"line":118,"column":9}},"type":"cond-expr","locations":[{"start":{"line":99,"column":68},"end":{"line":99,"column":72}},{"start":{"line":100,"column":10},"end":{"line":117,"column":16}}],"line":99},"4":{"loc":{"start":{"line":99,"column":9},"end":{"line":99,"column":65}},"type":"binary-expr","locations":[{"start":{"line":99,"column":9},"end":{"line":99,"column":33}},{"start":{"line":99,"column":37},"end":{"line":99,"column":65}}],"line":99},"5":{"loc":{"start":{"line":101,"column":13},"end":{"line":116,"column":13}},"type":"cond-expr","locations":[{"start":{"line":101,"column":23},"end":{"line":101,"column":27}},{"start":{"line":102,"column":14},"end":{"line":115,"column":20}}],"line":101}},"s":{"0":7,"1":7,"2":7,"3":7,"4":9,"5":0,"6":0,"7":0,"8":0,"9":0,"10":2},"f":{"0":7,"1":9,"2":0,"3":0},"b":{"0":[2,5],"1":[7,6],"2":[0,0],"3":[2,5],"4":[7,7],"5":[5,0]},"_coverageSchema":"1a1c01bbd47fc00a2c39e90264f33305004495a9","hash":"99ec1f784752c58cab63a4f0d0c9ca9cf81a47a1"}
,"/home/runner/work/sc-digital-centre/sc-digital-centre/components/organisms/Layout.js": {"path":"/home/runner/work/sc-digital-centre/sc-digital-centre/components/organisms/Layout.js","statementMap":{"0":{"start":{"line":14,"column":18},"end":{"line":14,"column":37}},"1":{"start":{"line":16,"column":2},"end":{"line":30,"column":20}},"2":{"start":{"line":17,"column":4},"end":{"line":29,"column":5}},"3":{"start":{"line":18,"column":6},"end":{"line":28,"column":8}},"4":{"start":{"line":32,"column":2},"end":{"line":81,"column":3}},"5":{"start":{"line":84,"column":0},"end":{"line":116,"column":1}}},"fnMap":{"0":{"name":"Layout","decl":{"start":{"line":12,"column":24},"end":{"line":12,"column":30}},"loc":{"start":{"line":12,"column":38},"end":{"line":82,"column":1}},"line":12},"1":{"name":"(anonymous_1)","decl":{"start":{"line":16,"column":12},"end":{"line":16,"column":13}},"loc":{"start":{"line":16,"column":18},"end":{"line":30,"column":3}},"line":16}},"branchMap":{"0":{"loc":{"start":{"line":14,"column":18},"end":{"line":14,"column":37}},"type":"binary-expr","locations":[{"start":{"line":14,"column":18},"end":{"line":14,"column":31}},{"start":{"line":14,"column":35},"end":{"line":14,"column":37}}],"line":14},"1":{"loc":{"start":{"line":17,"column":4},"end":{"line":29,"column":5}},"type":"if","locations":[{"start":{"line":17,"column":4},"end":{"line":29,"column":5}},{"start":{},"end":{}}],"line":17},"2":{"loc":{"start":{"line":22,"column":20},"end":{"line":22,"column":57}},"type":"cond-expr","locations":[{"start":{"line":22,"column":44},"end":{"line":22,"column":49}},{"start":{"line":22,"column":52},"end":{"line":22,"column":57}}],"line":22},"3":{"loc":{"start":{"line":34,"column":7},"end":{"line":42,"column":14}},"type":"cond-expr","locations":[{"start":{"line":35,"column":8},"end":{"line":41,"column":17}},{"start":{"line":42,"column":10},"end":{"line":42,"column":14}}],"line":34},"4":{"loc":{"start":{"line":45,"column":7},"end":{"line":53,"column":14}},"type":"cond-expr","locations":[{"start":{"line":46,"column":8},"end":{"line":52,"column":11}},{"start":{"line":53,"column":10},"end":{"line":53,"column":14}}],"line":45},"5":{"loc":{"start":{"line":55,"column":7},"end":{"line":62,"column":7}},"type":"cond-expr","locations":[{"start":{"line":55,"column":28},"end":{"line":55,"column":32}},{"start":{"line":56,"column":8},"end":{"line":61,"column":10}}],"line":55},"6":{"loc":{"start":{"line":65,"column":9},"end":{"line":69,"column":9}},"type":"cond-expr","locations":[{"start":{"line":66,"column":10},"end":{"line":66,"column":24}},{"start":{"line":68,"column":10},"end":{"line":68,"column":61}}],"line":65},"7":{"loc":{"start":{"line":72,"column":7},"end":{"line":79,"column":7}},"type":"cond-expr","locations":[{"start":{"line":72,"column":28},"end":{"line":72,"column":32}},{"start":{"line":73,"column":8},"end":{"line":78,"column":10}}],"line":72}},"s":{"0":1,"1":1,"2":1,"3":0,"4":1,"5":1},"f":{"0":1,"1":1},"b":{"0":[1,1],"1":[0,1],"2":[0,0],"3":[0,1],"4":[0,1],"5":[0,1],"6":[0,1],"7":[0,1]},"_coverageSchema":"1a1c01bbd47fc00a2c39e90264f33305004495a9","hash":"4cbba4810e6ecd6a9380bf555b06c2280a0c88a1"}
,"/home/runner/work/sc-digital-centre/sc-digital-centre/lib/Utils.js": {"path":"/home/runner/work/sc-digital-centre/sc-digital-centre/lib/Utils.js","statementMap":{"0":{"start":{"line":2,"column":18},"end":{"line":2,"column":68}},"1":{"start":{"line":5,"column":2},"end":{"line":12,"column":3}},"2":{"start":{"line":6,"column":4},"end":{"line":6,"column":16}},"3":{"start":{"line":7,"column":9},"end":{"line":12,"column":3}},"4":{"start":{"line":9,"column":4},"end":{"line":9,"column":26}},"5":{"start":{"line":11,"column":4},"end":{"line":11,"column":35}},"6":{"start":{"line":14,"column":2},"end":{"line":14,"column":57}},"7":{"start":{"line":20,"column":2},"end":{"line":20,"column":43}},"8":{"start":{"line":24,"column":12},"end":{"line":27,"column":4}},"9":{"start":{"line":28,"column":2},"end":{"line":28,"column":51}},"10":{"start":{"line":32,"column":2},"end":{"line":40,"column":3}},"11":{"start":{"line":33,"column":4},"end":{"line":33,"column":28}},"12":{"start":{"line":34,"column":9},"end":{"line":40,"column":3}},"13":{"start":{"line":35,"column":4},"end":{"line":35,"column":30}},"14":{"start":{"line":36,"column":9},"end":{"line":40,"column":3}},"15":{"start":{"line":37,"column":4},"end":{"line":37,"column":28}},"16":{"start":{"line":39,"column":4},"end":{"line":39,"column":21}}},"fnMap":{"0":{"name":"formatDate","decl":{"start":{"line":1,"column":16},"end":{"line":1,"column":26}},"loc":{"start":{"line":1,"column":42},"end":{"line":15,"column":1}},"line":1},"1":{"name":"newNormalizedDate","decl":{"start":{"line":19,"column":16},"end":{"line":19,"column":33}},"loc":{"start":{"line":19,"column":41},"end":{"line":21,"column":1}},"line":19},"2":{"name":"formatMoney","decl":{"start":{"line":23,"column":16},"end":{"line":23,"column":27}},"loc":{"start":{"line":23,"column":43},"end":{"line":29,"column":1}},"line":23},"3":{"name":"getGreeting","decl":{"start":{"line":31,"column":16},"end":{"line":31,"column":27}},"loc":{"start":{"line":31,"column":34},"end":{"line":41,"column":1}},"line":31}},"branchMap":{"0":{"loc":{"start":{"line":5,"column":2},"end":{"line":12,"column":3}},"type":"if","locations":[{"start":{"line":5,"column":2},"end":{"line":12,"column":3}},{"start":{"line":7,"column":9},"end":{"line":12,"column":3}}],"line":5},"1":{"loc":{"start":{"line":7,"column":9},"end":{"line":12,"column":3}},"type":"if","locations":[{"start":{"line":7,"column":9},"end":{"line":12,"column":3}},{"start":{"line":10,"column":9},"end":{"line":12,"column":3}}],"line":7},"2":{"loc":{"start":{"line":7,"column":13},"end":{"line":7,"column":57}},"type":"binary-expr","locations":[{"start":{"line":7,"column":13},"end":{"line":7,"column":26}},{"start":{"line":7,"column":30},"end":{"line":7,"column":57}}],"line":7},"3":{"loc":{"start":{"line":32,"column":2},"end":{"line":40,"column":3}},"type":"if","locations":[{"start":{"line":32,"column":2},"end":{"line":40,"column":3}},{"start":{"line":34,"column":9},"end":{"line":40,"column":3}}],"line":32},"4":{"loc":{"start":{"line":34,"column":9},"end":{"line":40,"column":3}},"type":"if","locations":[{"start":{"line":34,"column":9},"end":{"line":40,"column":3}},{"start":{"line":36,"column":9},"end":{"line":40,"column":3}}],"line":34},"5":{"loc":{"start":{"line":36,"column":9},"end":{"line":40,"column":3}},"type":"if","locations":[{"start":{"line":36,"column":9},"end":{"line":40,"column":3}},{"start":{"line":38,"column":9},"end":{"line":40,"column":3}}],"line":36}},"s":{"0":15,"1":15,"2":0,"3":15,"4":1,"5":14,"6":15,"7":44,"8":5,"9":5,"10":44,"11":1,"12":43,"13":41,"14":2,"15":1,"16":1},"f":{"0":15,"1":44,"2":5,"3":44},"b":{"0":[0,15],"1":[1,14],"2":[15,15],"3":[1,43],"4":[41,2],"5":[1,1]},"_coverageSchema":"1a1c01bbd47fc00a2c39e90264f33305004495a9","hash":"b4762f2fdff9dd74f38b0d854f8d59b6edcb24f1"}
,"/home/runner/work/sc-digital-centre/sc-digital-centre/lib/auth.js": {"path":"/home/runner/work/sc-digital-centre/sc-digital-centre/lib/auth.js","statementMap":{"0":{"start":{"line":4,"column":2},"end":{"line":7,"column":3}},"1":{"start":{"line":11,"column":18},"end":{"line":11,"column":43}},"2":{"start":{"line":13,"column":2},"end":{"line":13,"column":31}},"3":{"start":{"line":17,"column":2},"end":{"line":22,"column":3}}},"fnMap":{"0":{"name":"AuthIsDisabled","decl":{"start":{"line":3,"column":16},"end":{"line":3,"column":30}},"loc":{"start":{"line":3,"column":33},"end":{"line":8,"column":1}},"line":3},"1":{"name":"AuthIsValid","decl":{"start":{"line":10,"column":22},"end":{"line":10,"column":33}},"loc":{"start":{"line":10,"column":39},"end":{"line":14,"column":1}},"line":10},"2":{"name":"Redirect","decl":{"start":{"line":16,"column":16},"end":{"line":16,"column":24}},"loc":{"start":{"line":16,"column":27},"end":{"line":23,"column":1}},"line":16}},"branchMap":{"0":{"loc":{"start":{"line":5,"column":4},"end":{"line":6,"column":54}},"type":"binary-expr","locations":[{"start":{"line":5,"column":4},"end":{"line":5,"column":29}},{"start":{"line":6,"column":4},"end":{"line":6,"column":54}}],"line":5},"1":{"loc":{"start":{"line":13,"column":9},"end":{"line":13,"column":31}},"type":"cond-expr","locations":[{"start":{"line":13,"column":19},"end":{"line":13,"column":23}},{"start":{"line":13,"column":26},"end":{"line":13,"column":31}}],"line":13}},"s":{"0":14,"1":2,"2":2,"3":1},"f":{"0":14,"1":2,"2":1},"b":{"0":[14,12],"1":[1,1]},"_coverageSchema":"1a1c01bbd47fc00a2c39e90264f33305004495a9","hash":"b5d1f360f439e957bceccea7e2b2c785c46098c8"}
,"/home/runner/work/sc-digital-centre/sc-digital-centre/lib/mapAdCards.js": {"path":"/home/runner/work/sc-digital-centre/sc-digital-centre/lib/mapAdCards.js","statementMap":{"0":{"start":{"line":7,"column":2},"end":{"line":32,"column":3}},"1":{"start":{"line":9,"column":6},"end":{"line":14,"column":7}},"2":{"start":{"line":13,"column":8},"end":{"line":13,"column":62}},"3":{"start":{"line":15,"column":6},"end":{"line":15,"column":11}},"4":{"start":{"line":17,"column":6},"end":{"line":24,"column":7}},"5":{"start":{"line":21,"column":8},"end":{"line":21,"column":65}},"6":{"start":{"line":22,"column":13},"end":{"line":24,"column":7}},"7":{"start":{"line":23,"column":8},"end":{"line":23,"column":66}},"8":{"start":{"line":25,"column":6},"end":{"line":25,"column":11}},"9":{"start":{"line":29,"column":6},"end":{"line":29,"column":60}},"10":{"start":{"line":31,"column":6},"end":{"line":31,"column":11}},"11":{"start":{"line":33,"column":2},"end":{"line":33,"column":16}}},"fnMap":{"0":{"name":"determineAdCards","decl":{"start":{"line":5,"column":16},"end":{"line":5,"column":32}},"loc":{"start":{"line":5,"column":51},"end":{"line":34,"column":1}},"line":5}},"branchMap":{"0":{"loc":{"start":{"line":7,"column":2},"end":{"line":32,"column":3}},"type":"switch","locations":[{"start":{"line":8,"column":4},"end":{"line":15,"column":11}},{"start":{"line":16,"column":4},"end":{"line":25,"column":11}},{"start":{"line":26,"column":4},"end":{"line":26,"column":26}},{"start":{"line":27,"column":4},"end":{"line":27,"column":27}},{"start":{"line":28,"column":4},"end":{"line":29,"column":60}},{"start":{"line":30,"column":4},"end":{"line":31,"column":11}}],"line":7},"1":{"loc":{"start":{"line":9,"column":6},"end":{"line":14,"column":7}},"type":"if","locations":[{"start":{"line":9,"column":6},"end":{"line":14,"column":7}},{"start":{},"end":{}}],"line":9},"2":{"loc":{"start":{"line":10,"column":8},"end":{"line":11,"column":49}},"type":"binary-expr","locations":[{"start":{"line":10,"column":8},"end":{"line":10,"column":51}},{"start":{"line":11,"column":8},"end":{"line":11,"column":49}}],"line":10},"3":{"loc":{"start":{"line":17,"column":6},"end":{"line":24,"column":7}},"type":"if","locations":[{"start":{"line":17,"column":6},"end":{"line":24,"column":7}},{"start":{"line":22,"column":13},"end":{"line":24,"column":7}}],"line":17},"4":{"loc":{"start":{"line":18,"column":8},"end":{"line":19,"column":59}},"type":"binary-expr","locations":[{"start":{"line":18,"column":8},"end":{"line":18,"column":51}},{"start":{"line":19,"column":8},"end":{"line":19,"column":59}}],"line":18},"5":{"loc":{"start":{"line":22,"column":13},"end":{"line":24,"column":7}},"type":"if","locations":[{"start":{"line":22,"column":13},"end":{"line":24,"column":7}},{"start":{},"end":{}}],"line":22}},"s":{"0":17,"1":5,"2":1,"3":5,"4":3,"5":2,"6":1,"7":1,"8":3,"9":5,"10":9,"11":17},"f":{"0":17},"b":{"0":[5,3,3,4,5,9],"1":[1,4],"2":[5,1],"3":[2,1],"4":[3,2],"5":[1,0]},"_coverageSchema":"1a1c01bbd47fc00a2c39e90264f33305004495a9","hash":"dafad5425bccac467e60a49ce2509a8347007fe9"}
,"/home/runner/work/sc-digital-centre/sc-digital-centre/lib/mapCallout.js": {"path":"/home/runner/work/sc-digital-centre/sc-digital-centre/lib/mapCallout.js","statementMap":{"0":{"start":{"line":6,"column":2},"end":{"line":29,"column":3}},"1":{"start":{"line":8,"column":6},"end":{"line":8,"column":22}},"2":{"start":{"line":9,"column":6},"end":{"line":9,"column":30}},"3":{"start":{"line":10,"column":6},"end":{"line":10,"column":11}},"4":{"start":{"line":14,"column":6},"end":{"line":14,"column":22}},"5":{"start":{"line":15,"column":6},"end":{"line":15,"column":24}},"6":{"start":{"line":16,"column":6},"end":{"line":16,"column":11}},"7":{"start":{"line":21,"column":6},"end":{"line":21,"column":29}},"8":{"start":{"line":22,"column":6},"end":{"line":22,"column":20}},"9":{"start":{"line":23,"column":6},"end":{"line":23,"column":11}},"10":{"start":{"line":25,"column":6},"end":{"line":25,"column":22}},"11":{"start":{"line":26,"column":6},"end":{"line":26,"column":20}},"12":{"start":{"line":28,"column":6},"end":{"line":28,"column":11}},"13":{"start":{"line":30,"column":2},"end":{"line":30,"column":24}}},"fnMap":{"0":{"name":"MapCallout","decl":{"start":{"line":3,"column":24},"end":{"line":3,"column":34}},"loc":{"start":{"line":3,"column":52},"end":{"line":31,"column":1}},"line":3}},"branchMap":{"0":{"loc":{"start":{"line":6,"column":2},"end":{"line":29,"column":3}},"type":"switch","locations":[{"start":{"line":7,"column":4},"end":{"line":10,"column":11}},{"start":{"line":11,"column":4},"end":{"line":11,"column":31}},{"start":{"line":12,"column":4},"end":{"line":12,"column":41}},{"start":{"line":13,"column":4},"end":{"line":16,"column":11}},{"start":{"line":17,"column":4},"end":{"line":17,"column":33}},{"start":{"line":18,"column":4},"end":{"line":18,"column":31}},{"start":{"line":19,"column":4},"end":{"line":19,"column":35}},{"start":{"line":20,"column":4},"end":{"line":23,"column":11}},{"start":{"line":24,"column":4},"end":{"line":26,"column":20}},{"start":{"line":27,"column":4},"end":{"line":28,"column":11}}],"line":6}},"s":{"0":13,"1":1,"2":1,"3":1,"4":3,"5":3,"6":3,"7":4,"8":4,"9":4,"10":5,"11":5,"12":5,"13":13},"f":{"0":13},"b":{"0":[1,1,2,3,1,2,3,4,5,5]},"_coverageSchema":"1a1c01bbd47fc00a2c39e90264f33305004495a9","hash":"c1f94e24ae6edbed1d1bcdcbf177725dc0162790"}
,"/home/runner/work/sc-digital-centre/sc-digital-centre/lib/mapSummaries.js": {"path":"/home/runner/work/sc-digital-centre/sc-digital-centre/lib/mapSummaries.js","statementMap":{"0":{"start":{"line":5,"column":2},"end":{"line":5,"column":34}},"1":{"start":{"line":5,"column":18},"end":{"line":5,"column":34}},"2":{"start":{"line":6,"column":2},"end":{"line":54,"column":4}},"3":{"start":{"line":8,"column":6},"end":{"line":11,"column":23}},"4":{"start":{"line":12,"column":23},"end":{"line":12,"column":27}},"5":{"start":{"line":13,"column":28},"end":{"line":13,"column":32}},"6":{"start":{"line":14,"column":4},"end":{"line":45,"column":5}},"7":{"start":{"line":18,"column":8},"end":{"line":18,"column":57}},"8":{"start":{"line":19,"column":8},"end":{"line":19,"column":38}},"9":{"start":{"line":20,"column":8},"end":{"line":20,"column":13}},"10":{"start":{"line":29,"column":8},"end":{"line":29,"column":56}},"11":{"start":{"line":30,"column":8},"end":{"line":30,"column":13}},"12":{"start":{"line":34,"column":8},"end":{"line":34,"column":39}},"13":{"start":{"line":35,"column":8},"end":{"line":35,"column":13}},"14":{"start":{"line":37,"column":8},"end":{"line":37,"column":78}},"15":{"start":{"line":38,"column":8},"end":{"line":38,"column":13}},"16":{"start":{"line":42,"column":8},"end":{"line":42,"column":36}},"17":{"start":{"line":44,"column":8},"end":{"line":44,"column":13}},"18":{"start":{"line":46,"column":4},"end":{"line":53,"column":5}}},"fnMap":{"0":{"name":"MapSummary","decl":{"start":{"line":4,"column":16},"end":{"line":4,"column":26}},"loc":{"start":{"line":4,"column":49},"end":{"line":55,"column":1}},"line":4},"1":{"name":"(anonymous_1)","decl":{"start":{"line":6,"column":23},"end":{"line":6,"column":24}},"loc":{"start":{"line":6,"column":36},"end":{"line":54,"column":3}},"line":6}},"branchMap":{"0":{"loc":{"start":{"line":5,"column":2},"end":{"line":5,"column":34}},"type":"if","locations":[{"start":{"line":5,"column":2},"end":{"line":5,"column":34}},{"start":{},"end":{}}],"line":5},"1":{"loc":{"start":{"line":8,"column":6},"end":{"line":11,"column":23}},"type":"cond-expr","locations":[{"start":{"line":10,"column":10},"end":{"line":10,"column":37}},{"start":{"line":11,"column":10},"end":{"line":11,"column":23}}],"line":8},"2":{"loc":{"start":{"line":8,"column":6},"end":{"line":9,"column":55}},"type":"binary-expr","locations":[{"start":{"line":8,"column":6},"end":{"line":8,"column":48}},{"start":{"line":9,"column":6},"end":{"line":9,"column":55}}],"line":8},"3":{"loc":{"start":{"line":14,"column":4},"end":{"line":45,"column":5}},"type":"switch","locations":[{"start":{"line":15,"column":6},"end":{"line":15,"column":36}},{"start":{"line":16,"column":6},"end":{"line":16,"column":39}},{"start":{"line":17,"column":6},"end":{"line":20,"column":13}},{"start":{"line":21,"column":6},"end":{"line":21,"column":36}},{"start":{"line":22,"column":6},"end":{"line":22,"column":35}},{"start":{"line":23,"column":6},"end":{"line":23,"column":37}},{"start":{"line":24,"column":6},"end":{"line":24,"column":41}},{"start":{"line":25,"column":6},"end":{"line":25,"column":46}},{"start":{"line":26,"column":6},"end":{"line":26,"column":40}},{"start":{"line":27,"column":6},"end":{"line":27,"column":40}},{"start":{"line":28,"column":6},"end":{"line":30,"column":13}},{"start":{"line":31,"column":6},"end":{"line":31,"column":41}},{"start":{"line":32,"column":6},"end":{"line":32,"column":40}},{"start":{"line":33,"column":6},"end":{"line":35,"column":13}},{"start":{"line":36,"column":6},"end":{"line":38,"column":13}},{"start":{"line":39,"column":6},"end":{"line":39,"column":38}},{"start":{"line":40,"column":6},"end":{"line":40,"column":40}},{"start":{"line":41,"column":6},"end":{"line":42,"column":36}},{"start":{"line":43,"column":6},"end":{"line":44,"column":13}}],"line":14},"4":{"loc":{"start":{"line":37,"column":23},"end":{"line":37,"column":78}},"type":"cond-expr","locations":[{"start":{"line":37,"column":41},"end":{"line":37,"column":58}},{"start":{"line":37,"column":61},"end":{"line":37,"column":78}}],"line":37}},"s":{"0":9,"1":1,"2":8,"3":26,"4":26,"5":26,"6":26,"7":3,"8":3,"9":3,"10":12,"11":12,"12":3,"13":3,"14":1,"15":1,"16":7,"17":7,"18":26},"f":{"0":9,"1":26},"b":{"0":[1,8],"1":[2,24],"2":[26,25],"3":[1,2,3,1,2,3,4,5,6,11,12,1,2,3,1,1,2,7,7],"4":[1,0]},"_coverageSchema":"1a1c01bbd47fc00a2c39e90264f33305004495a9","hash":"d140dc9585c9596726da697c618525179e362aed"}
,"/home/runner/work/sc-digital-centre/sc-digital-centre/lib/aem/mapper.js": {"path":"/home/runner/work/sc-digital-centre/sc-digital-centre/lib/aem/mapper.js","statementMap":{"0":{"start":{"line":5,"column":2},"end":{"line":25,"column":3}},"1":{"start":{"line":6,"column":23},"end":{"line":8,"column":6}},"2":{"start":{"line":7,"column":6},"end":{"line":7,"column":19}},"3":{"start":{"line":9,"column":26},"end":{"line":9,"column":65}},"4":{"start":{"line":10,"column":4},"end":{"line":19,"column":5}},"5":{"start":{"line":21,"column":4},"end":{"line":24,"column":5}}},"fnMap":{"0":{"name":"MapDashboard","decl":{"start":{"line":4,"column":30},"end":{"line":4,"column":42}},"loc":{"start":{"line":4,"column":45},"end":{"line":26,"column":1}},"line":4},"1":{"name":"(anonymous_1)","decl":{"start":{"line":6,"column":65},"end":{"line":6,"column":66}},"loc":{"start":{"line":6,"column":77},"end":{"line":8,"column":5}},"line":6}},"branchMap":{},"s":{"0":1,"1":1,"2":0,"3":0,"4":0,"5":1},"f":{"0":1,"1":0},"b":{},"_coverageSchema":"1a1c01bbd47fc00a2c39e90264f33305004495a9","hash":"01a9e174b5afefd01f773fe8e76b40292924a4cd"}
,"/home/runner/work/sc-digital-centre/sc-digital-centre/lib/api/mapBenefits.js": {"path":"/home/runner/work/sc-digital-centre/sc-digital-centre/lib/api/mapBenefits.js","statementMap":{"0":{"start":{"line":19,"column":23},"end":{"line":22,"column":3}},"1":{"start":{"line":24,"column":2},"end":{"line":26,"column":3}},"2":{"start":{"line":25,"column":4},"end":{"line":25,"column":32}},"3":{"start":{"line":27,"column":2},"end":{"line":27,"column":23}},"4":{"start":{"line":31,"column":2},"end":{"line":34,"column":5}},"5":{"start":{"line":32,"column":4},"end":{"line":34,"column":5}},"6":{"start":{"line":35,"column":18},"end":{"line":39,"column":3}},"7":{"start":{"line":40,"column":2},"end":{"line":40,"column":46}},"8":{"start":{"line":40,"column":17},"end":{"line":40,"column":46}},"9":{"start":{"line":42,"column":2},"end":{"line":42,"column":16}},"10":{"start":{"line":59,"column":15},"end":{"line":59,"column":52}},"11":{"start":{"line":60,"column":17},"end":{"line":60,"column":56}},"12":{"start":{"line":62,"column":2},"end":{"line":65,"column":3}},"13":{"start":{"line":63,"column":4},"end":{"line":64,"column":69}},"14":{"start":{"line":68,"column":2},"end":{"line":114,"column":3}},"15":{"start":{"line":71,"column":6},"end":{"line":78,"column":7}},"16":{"start":{"line":79,"column":6},"end":{"line":79,"column":11}},"17":{"start":{"line":82,"column":38},"end":{"line":84,"column":7}},"18":{"start":{"line":85,"column":6},"end":{"line":85,"column":77}},"19":{"start":{"line":86,"column":6},"end":{"line":93,"column":7}},"20":{"start":{"line":95,"column":6},"end":{"line":102,"column":7}},"21":{"start":{"line":96,"column":8},"end":{"line":101,"column":9}},"22":{"start":{"line":103,"column":6},"end":{"line":103,"column":11}},"23":{"start":{"line":106,"column":6},"end":{"line":109,"column":7}},"24":{"start":{"line":110,"column":6},"end":{"line":110,"column":11}},"25":{"start":{"line":113,"column":6},"end":{"line":113,"column":11}},"26":{"start":{"line":115,"column":18},"end":{"line":115,"column":70}},"27":{"start":{"line":116,"column":2},"end":{"line":116,"column":16}},"28":{"start":{"line":134,"column":18},"end":{"line":134,"column":57}},"29":{"start":{"line":135,"column":15},"end":{"line":135,"column":51}},"30":{"start":{"line":136,"column":17},"end":{"line":136,"column":56}},"31":{"start":{"line":140,"column":2},"end":{"line":199,"column":3}},"32":{"start":{"line":142,"column":24},"end":{"line":142,"column":69}},"33":{"start":{"line":143,"column":6},"end":{"line":145,"column":7}},"34":{"start":{"line":144,"column":8},"end":{"line":144,"column":70}},"35":{"start":{"line":146,"column":6},"end":{"line":150,"column":7}},"36":{"start":{"line":151,"column":6},"end":{"line":151,"column":11}},"37":{"start":{"line":154,"column":29},"end":{"line":154,"column":77}},"38":{"start":{"line":155,"column":34},"end":{"line":155,"column":63}},"39":{"start":{"line":156,"column":6},"end":{"line":156,"column":76}},"40":{"start":{"line":157,"column":6},"end":{"line":160,"column":7}},"41":{"start":{"line":162,"column":6},"end":{"line":169,"column":7}},"42":{"start":{"line":163,"column":8},"end":{"line":168,"column":9}},"43":{"start":{"line":170,"column":6},"end":{"line":170,"column":11}},"44":{"start":{"line":173,"column":6},"end":{"line":176,"column":7}},"45":{"start":{"line":177,"column":6},"end":{"line":177,"column":11}},"46":{"start":{"line":180,"column":6},"end":{"line":189,"column":7}},"47":{"start":{"line":190,"column":6},"end":{"line":190,"column":11}},"48":{"start":{"line":192,"column":6},"end":{"line":195,"column":7}},"49":{"start":{"line":196,"column":6},"end":{"line":196,"column":11}},"50":{"start":{"line":198,"column":6},"end":{"line":198,"column":11}},"51":{"start":{"line":200,"column":18},"end":{"line":200,"column":62}},"52":{"start":{"line":201,"column":2},"end":{"line":201,"column":16}},"53":{"start":{"line":206,"column":18},"end":{"line":214,"column":3}},"54":{"start":{"line":215,"column":2},"end":{"line":215,"column":18}},"55":{"start":{"line":232,"column":18},"end":{"line":232,"column":57}},"56":{"start":{"line":233,"column":15},"end":{"line":233,"column":51}},"57":{"start":{"line":234,"column":17},"end":{"line":234,"column":56}},"58":{"start":{"line":237,"column":2},"end":{"line":297,"column":3}},"59":{"start":{"line":240,"column":24},"end":{"line":240,"column":70}},"60":{"start":{"line":241,"column":6},"end":{"line":244,"column":7}},"61":{"start":{"line":243,"column":8},"end":{"line":243,"column":70}},"62":{"start":{"line":245,"column":6},"end":{"line":252,"column":7}},"63":{"start":{"line":253,"column":6},"end":{"line":253,"column":11}},"64":{"start":{"line":256,"column":29},"end":{"line":256,"column":74}},"65":{"start":{"line":257,"column":6},"end":{"line":257,"column":59}},"66":{"start":{"line":258,"column":6},"end":{"line":261,"column":7}},"67":{"start":{"line":263,"column":6},"end":{"line":270,"column":7}},"68":{"start":{"line":264,"column":8},"end":{"line":269,"column":9}},"69":{"start":{"line":271,"column":6},"end":{"line":271,"column":11}},"70":{"start":{"line":274,"column":6},"end":{"line":277,"column":7}},"71":{"start":{"line":278,"column":6},"end":{"line":278,"column":11}},"72":{"start":{"line":281,"column":6},"end":{"line":293,"column":7}},"73":{"start":{"line":296,"column":6},"end":{"line":296,"column":11}},"74":{"start":{"line":299,"column":18},"end":{"line":299,"column":62}},"75":{"start":{"line":300,"column":2},"end":{"line":300,"column":16}}},"fnMap":{"0":{"name":"FormatSummary","decl":{"start":{"line":18,"column":16},"end":{"line":18,"column":29}},"loc":{"start":{"line":18,"column":50},"end":{"line":28,"column":1}},"line":18},"1":{"name":"MapBenefit","decl":{"start":{"line":30,"column":16},"end":{"line":30,"column":26}},"loc":{"start":{"line":30,"column":73},"end":{"line":43,"column":1}},"line":30},"2":{"name":"MapEICard","decl":{"start":{"line":56,"column":16},"end":{"line":56,"column":25}},"loc":{"start":{"line":56,"column":41},"end":{"line":117,"column":1}},"line":56},"3":{"name":"MapCPPCard","decl":{"start":{"line":131,"column":16},"end":{"line":131,"column":26}},"loc":{"start":{"line":131,"column":43},"end":{"line":202,"column":1}},"line":131},"4":{"name":"MapSEBCard","decl":{"start":{"line":204,"column":16},"end":{"line":204,"column":26}},"loc":{"start":{"line":204,"column":38},"end":{"line":216,"column":1}},"line":204},"5":{"name":"MapOASGISCard","decl":{"start":{"line":229,"column":16},"end":{"line":229,"column":29}},"loc":{"start":{"line":229,"column":43},"end":{"line":301,"column":1}},"line":229}},"branchMap":{"0":{"loc":{"start":{"line":24,"column":2},"end":{"line":26,"column":3}},"type":"if","locations":[{"start":{"line":24,"column":2},"end":{"line":26,"column":3}},{"start":{},"end":{}}],"line":24},"1":{"loc":{"start":{"line":31,"column":2},"end":{"line":34,"column":5}},"type":"if","locations":[{"start":{"line":31,"column":2},"end":{"line":34,"column":5}},{"start":{},"end":{}}],"line":31},"2":{"loc":{"start":{"line":31,"column":6},"end":{"line":31,"column":46}},"type":"binary-expr","locations":[{"start":{"line":31,"column":6},"end":{"line":31,"column":18}},{"start":{"line":31,"column":22},"end":{"line":31,"column":31}},{"start":{"line":31,"column":35},"end":{"line":31,"column":46}}],"line":31},"3":{"loc":{"start":{"line":40,"column":2},"end":{"line":40,"column":46}},"type":"if","locations":[{"start":{"line":40,"column":2},"end":{"line":40,"column":46}},{"start":{},"end":{}}],"line":40},"4":{"loc":{"start":{"line":62,"column":2},"end":{"line":65,"column":3}},"type":"if","locations":[{"start":{"line":62,"column":2},"end":{"line":65,"column":3}},{"start":{},"end":{}}],"line":62},"5":{"loc":{"start":{"line":68,"column":2},"end":{"line":114,"column":3}},"type":"switch","locations":[{"start":{"line":69,"column":4},"end":{"line":69,"column":31}},{"start":{"line":70,"column":4},"end":{"line":79,"column":11}},{"start":{"line":81,"column":4},"end":{"line":103,"column":11}},{"start":{"line":105,"column":4},"end":{"line":110,"column":11}},{"start":{"line":112,"column":4},"end":{"line":113,"column":11}}],"line":68},"6":{"loc":{"start":{"line":95,"column":6},"end":{"line":102,"column":7}},"type":"if","locations":[{"start":{"line":95,"column":6},"end":{"line":102,"column":7}},{"start":{},"end":{}}],"line":95},"7":{"loc":{"start":{"line":140,"column":2},"end":{"line":199,"column":3}},"type":"switch","locations":[{"start":{"line":141,"column":4},"end":{"line":151,"column":11}},{"start":{"line":153,"column":4},"end":{"line":170,"column":11}},{"start":{"line":172,"column":4},"end":{"line":177,"column":11}},{"start":{"line":179,"column":4},"end":{"line":190,"column":11}},{"start":{"line":191,"column":4},"end":{"line":196,"column":11}},{"start":{"line":197,"column":4},"end":{"line":198,"column":11}}],"line":140},"8":{"loc":{"start":{"line":143,"column":6},"end":{"line":145,"column":7}},"type":"if","locations":[{"start":{"line":143,"column":6},"end":{"line":145,"column":7}},{"start":{},"end":{}}],"line":143},"9":{"loc":{"start":{"line":155,"column":34},"end":{"line":155,"column":63}},"type":"cond-expr","locations":[{"start":{"line":155,"column":55},"end":{"line":155,"column":58}},{"start":{"line":155,"column":61},"end":{"line":155,"column":63}}],"line":155},"10":{"loc":{"start":{"line":162,"column":6},"end":{"line":169,"column":7}},"type":"if","locations":[{"start":{"line":162,"column":6},"end":{"line":169,"column":7}},{"start":{},"end":{}}],"line":162},"11":{"loc":{"start":{"line":237,"column":2},"end":{"line":297,"column":3}},"type":"switch","locations":[{"start":{"line":238,"column":4},"end":{"line":253,"column":11}},{"start":{"line":255,"column":4},"end":{"line":271,"column":11}},{"start":{"line":273,"column":4},"end":{"line":278,"column":11}},{"start":{"line":280,"column":4},"end":{"line":293,"column":7}},{"start":{"line":295,"column":4},"end":{"line":296,"column":11}}],"line":237},"12":{"loc":{"start":{"line":241,"column":6},"end":{"line":244,"column":7}},"type":"if","locations":[{"start":{"line":241,"column":6},"end":{"line":244,"column":7}},{"start":{},"end":{}}],"line":241},"13":{"loc":{"start":{"line":263,"column":6},"end":{"line":270,"column":7}},"type":"if","locations":[{"start":{"line":263,"column":6},"end":{"line":270,"column":7}},{"start":{},"end":{}}],"line":263}},"s":{"0":115,"1":115,"2":2,"3":115,"4":46,"5":0,"6":46,"7":46,"8":40,"9":46,"10":9,"11":9,"12":9,"13":8,"14":9,"15":4,"16":4,"17":3,"18":3,"19":3,"20":3,"21":2,"22":3,"23":1,"24":1,"25":1,"26":9,"27":9,"28":19,"29":19,"30":19,"31":19,"32":6,"33":6,"34":6,"35":6,"36":6,"37":5,"38":5,"39":5,"40":5,"41":5,"42":4,"43":5,"44":2,"45":2,"46":2,"47":2,"48":1,"49":1,"50":3,"51":19,"52":19,"53":2,"54":2,"55":16,"56":16,"57":16,"58":16,"59":2,"60":2,"61":2,"62":2,"63":2,"64":7,"65":7,"66":7,"67":7,"68":5,"69":7,"70":3,"71":3,"72":2,"73":4,"74":16,"75":16},"f":{"0":115,"1":46,"2":9,"3":19,"4":2,"5":16},"b":{"0":[2,113],"1":[0,46],"2":[46,46,46],"3":[40,6],"4":[8,1],"5":[3,4,3,1,1],"6":[2,1],"7":[6,5,2,2,1,3],"8":[6,0],"9":[2,3],"10":[4,1],"11":[2,7,3,2,4],"12":[2,0],"13":[5,2]},"_coverageSchema":"1a1c01bbd47fc00a2c39e90264f33305004495a9","hash":"7863b6bdea3f04716d43f2b319f01e2150fd383e"}
,"/home/runner/work/sc-digital-centre/sc-digital-centre/lib/api/programData.js": {"path":"/home/runner/work/sc-digital-centre/sc-digital-centre/lib/api/programData.js","statementMap":{"0":{"start":{"line":6,"column":17},"end":{"line":6,"column":19}},"1":{"start":{"line":7,"column":2},"end":{"line":13,"column":3}},"2":{"start":{"line":8,"column":4},"end":{"line":10,"column":6}},"3":{"start":{"line":9,"column":6},"end":{"line":9,"column":32}},"4":{"start":{"line":12,"column":4},"end":{"line":12,"column":30}},"5":{"start":{"line":14,"column":2},"end":{"line":14,"column":15}},"6":{"start":{"line":24,"column":2},"end":{"line":67,"column":3}},"7":{"start":{"line":26,"column":6},"end":{"line":27,"column":61}},"8":{"start":{"line":27,"column":8},"end":{"line":27,"column":61}},"9":{"start":{"line":28,"column":6},"end":{"line":63,"column":7}},"10":{"start":{"line":29,"column":28},"end":{"line":29,"column":49}},"11":{"start":{"line":32,"column":8},"end":{"line":34,"column":9}},"12":{"start":{"line":33,"column":10},"end":{"line":33,"column":52}},"13":{"start":{"line":35,"column":8},"end":{"line":53,"column":9}},"14":{"start":{"line":36,"column":10},"end":{"line":36,"column":48}},"15":{"start":{"line":37,"column":15},"end":{"line":53,"column":9}},"16":{"start":{"line":38,"column":30},"end":{"line":44,"column":12}},"17":{"start":{"line":46,"column":10},"end":{"line":50,"column":11}},"18":{"start":{"line":47,"column":12},"end":{"line":47,"column":45}},"19":{"start":{"line":49,"column":12},"end":{"line":49,"column":100}},"20":{"start":{"line":52,"column":10},"end":{"line":52,"column":61}},"21":{"start":{"line":55,"column":8},"end":{"line":59,"column":9}},"22":{"start":{"line":56,"column":10},"end":{"line":56,"column":60}},"23":{"start":{"line":58,"column":10},"end":{"line":58,"column":38}},"24":{"start":{"line":61,"column":8},"end":{"line":61,"column":26}},"25":{"start":{"line":62,"column":8},"end":{"line":62,"column":36}},"26":{"start":{"line":64,"column":6},"end":{"line":64,"column":11}},"27":{"start":{"line":66,"column":6},"end":{"line":66,"column":68}}},"fnMap":{"0":{"name":"MapArrayData","decl":{"start":{"line":5,"column":16},"end":{"line":5,"column":28}},"loc":{"start":{"line":5,"column":44},"end":{"line":15,"column":1}},"line":5},"1":{"name":"(anonymous_1)","decl":{"start":{"line":8,"column":17},"end":{"line":8,"column":18}},"loc":{"start":{"line":8,"column":27},"end":{"line":10,"column":5}},"line":8},"2":{"name":"FetchProgramData","decl":{"start":{"line":17,"column":22},"end":{"line":17,"column":38}},"loc":{"start":{"line":23,"column":2},"end":{"line":68,"column":1}},"line":23}},"branchMap":{"0":{"loc":{"start":{"line":7,"column":2},"end":{"line":13,"column":3}},"type":"if","locations":[{"start":{"line":7,"column":2},"end":{"line":13,"column":3}},{"start":{"line":11,"column":9},"end":{"line":13,"column":3}}],"line":7},"1":{"loc":{"start":{"line":24,"column":2},"end":{"line":67,"column":3}},"type":"switch","locations":[{"start":{"line":25,"column":4},"end":{"line":64,"column":11}},{"start":{"line":65,"column":4},"end":{"line":66,"column":68}}],"line":24},"2":{"loc":{"start":{"line":26,"column":6},"end":{"line":27,"column":61}},"type":"if","locations":[{"start":{"line":26,"column":6},"end":{"line":27,"column":61}},{"start":{},"end":{}}],"line":26},"3":{"loc":{"start":{"line":26,"column":10},"end":{"line":26,"column":56}},"type":"binary-expr","locations":[{"start":{"line":26,"column":10},"end":{"line":26,"column":27}},{"start":{"line":26,"column":31},"end":{"line":26,"column":56}}],"line":26},"4":{"loc":{"start":{"line":32,"column":8},"end":{"line":34,"column":9}},"type":"if","locations":[{"start":{"line":32,"column":8},"end":{"line":34,"column":9}},{"start":{},"end":{}}],"line":32},"5":{"loc":{"start":{"line":35,"column":8},"end":{"line":53,"column":9}},"type":"if","locations":[{"start":{"line":35,"column":8},"end":{"line":53,"column":9}},{"start":{"line":37,"column":15},"end":{"line":53,"column":9}}],"line":35},"6":{"loc":{"start":{"line":37,"column":15},"end":{"line":53,"column":9}},"type":"if","locations":[{"start":{"line":37,"column":15},"end":{"line":53,"column":9}},{"start":{"line":51,"column":15},"end":{"line":53,"column":9}}],"line":37},"7":{"loc":{"start":{"line":46,"column":10},"end":{"line":50,"column":11}},"type":"if","locations":[{"start":{"line":46,"column":10},"end":{"line":50,"column":11}},{"start":{"line":48,"column":17},"end":{"line":50,"column":11}}],"line":46},"8":{"loc":{"start":{"line":55,"column":8},"end":{"line":59,"column":9}},"type":"if","locations":[{"start":{"line":55,"column":8},"end":{"line":59,"column":9}},{"start":{"line":57,"column":15},"end":{"line":59,"column":9}}],"line":55}},"s":{"0":7,"1":7,"2":0,"3":0,"4":7,"5":7,"6":8,"7":8,"8":0,"9":8,"10":8,"11":8,"12":8,"13":8,"14":6,"15":2,"16":2,"17":2,"18":2,"19":0,"20":0,"21":8,"22":8,"23":0,"24":0,"25":0,"26":0,"27":0},"f":{"0":7,"1":0,"2":8},"b":{"0":[0,7],"1":[8,0],"2":[0,8],"3":[8,0],"4":[8,0],"5":[6,2],"6":[2,0],"7":[2,0],"8":[8,0]},"_coverageSchema":"1a1c01bbd47fc00a2c39e90264f33305004495a9","hash":"8b20e4d847324b0345bc710247ec2f6d78f4d3cc"}
,"/home/runner/work/sc-digital-centre/sc-digital-centre/pages/400.js": {"path":"/home/runner/work/sc-digital-centre/sc-digital-centre/pages/400.js","statementMap":{"0":{"start":{"line":4,"column":24},"end":{"line":4,"column":78}},"1":{"start":{"line":5,"column":2},"end":{"line":12,"column":3}},"2":{"start":{"line":16,"column":19},"end":{"line":20,"column":3}},"3":{"start":{"line":21,"column":18},"end":{"line":23,"column":3}},"4":{"start":{"line":24,"column":2},"end":{"line":26,"column":3}}},"fnMap":{"0":{"name":"Error400","decl":{"start":{"line":3,"column":24},"end":{"line":3,"column":32}},"loc":{"start":{"line":3,"column":40},"end":{"line":13,"column":1}},"line":3},"1":{"name":"getStaticProps","decl":{"start":{"line":15,"column":22},"end":{"line":15,"column":36}},"loc":{"start":{"line":15,"column":49},"end":{"line":27,"column":1}},"line":15}},"branchMap":{"0":{"loc":{"start":{"line":4,"column":24},"end":{"line":4,"column":78}},"type":"cond-expr","locations":[{"start":{"line":4,"column":48},"end":{"line":4,"column":60}},{"start":{"line":4,"column":63},"end":{"line":4,"column":78}}],"line":4}},"s":{"0":1,"1":1,"2":2,"3":2,"4":2},"f":{"0":1,"1":2},"b":{"0":[1,0]},"_coverageSchema":"1a1c01bbd47fc00a2c39e90264f33305004495a9","hash":"13d21b0d9ccac8514f8719bc93f521c490ef59af"}
,"/home/runner/work/sc-digital-centre/sc-digital-centre/pages/404.js": {"path":"/home/runner/work/sc-digital-centre/sc-digital-centre/pages/404.js","statementMap":{"0":{"start":{"line":4,"column":24},"end":{"line":4,"column":78}},"1":{"start":{"line":5,"column":2},"end":{"line":12,"column":3}},"2":{"start":{"line":16,"column":19},"end":{"line":20,"column":3}},"3":{"start":{"line":21,"column":18},"end":{"line":23,"column":3}},"4":{"start":{"line":24,"column":2},"end":{"line":26,"column":3}}},"fnMap":{"0":{"name":"Error404","decl":{"start":{"line":3,"column":24},"end":{"line":3,"column":32}},"loc":{"start":{"line":3,"column":40},"end":{"line":13,"column":1}},"line":3},"1":{"name":"getStaticProps","decl":{"start":{"line":15,"column":22},"end":{"line":15,"column":36}},"loc":{"start":{"line":15,"column":49},"end":{"line":27,"column":1}},"line":15}},"branchMap":{"0":{"loc":{"start":{"line":4,"column":24},"end":{"line":4,"column":78}},"type":"cond-expr","locations":[{"start":{"line":4,"column":48},"end":{"line":4,"column":60}},{"start":{"line":4,"column":63},"end":{"line":4,"column":78}}],"line":4}},"s":{"0":1,"1":1,"2":2,"3":2,"4":2},"f":{"0":1,"1":2},"b":{"0":[1,0]},"_coverageSchema":"1a1c01bbd47fc00a2c39e90264f33305004495a9","hash":"bc73268a94552cbe229572fb82d60005679501aa"}
,"/home/runner/work/sc-digital-centre/sc-digital-centre/pages/500.js": {"path":"/home/runner/work/sc-digital-centre/sc-digital-centre/pages/500.js","statementMap":{"0":{"start":{"line":4,"column":24},"end":{"line":4,"column":78}},"1":{"start":{"line":5,"column":2},"end":{"line":12,"column":3}},"2":{"start":{"line":16,"column":19},"end":{"line":20,"column":3}},"3":{"start":{"line":21,"column":18},"end":{"line":23,"column":3}},"4":{"start":{"line":24,"column":2},"end":{"line":26,"column":3}}},"fnMap":{"0":{"name":"Error500","decl":{"start":{"line":3,"column":24},"end":{"line":3,"column":32}},"loc":{"start":{"line":3,"column":40},"end":{"line":13,"column":1}},"line":3},"1":{"name":"getStaticProps","decl":{"start":{"line":15,"column":22},"end":{"line":15,"column":36}},"loc":{"start":{"line":15,"column":49},"end":{"line":27,"column":1}},"line":15}},"branchMap":{"0":{"loc":{"start":{"line":4,"column":24},"end":{"line":4,"column":78}},"type":"cond-expr","locations":[{"start":{"line":4,"column":48},"end":{"line":4,"column":60}},{"start":{"line":4,"column":63},"end":{"line":4,"column":78}}],"line":4}},"s":{"0":1,"1":1,"2":2,"3":2,"4":2},"f":{"0":1,"1":2},"b":{"0":[1,0]},"_coverageSchema":"1a1c01bbd47fc00a2c39e90264f33305004495a9","hash":"6f6696b87ddc439135ac5a40d7ce5e3007330056"}
,"/home/runner/work/sc-digital-centre/sc-digital-centre/pages/503.js": {"path":"/home/runner/work/sc-digital-centre/sc-digital-centre/pages/503.js","statementMap":{"0":{"start":{"line":4,"column":24},"end":{"line":4,"column":78}},"1":{"start":{"line":5,"column":2},"end":{"line":12,"column":3}},"2":{"start":{"line":16,"column":19},"end":{"line":20,"column":3}},"3":{"start":{"line":21,"column":18},"end":{"line":23,"column":3}},"4":{"start":{"line":24,"column":2},"end":{"line":26,"column":3}}},"fnMap":{"0":{"name":"Error503","decl":{"start":{"line":3,"column":24},"end":{"line":3,"column":32}},"loc":{"start":{"line":3,"column":40},"end":{"line":13,"column":1}},"line":3},"1":{"name":"getStaticProps","decl":{"start":{"line":15,"column":22},"end":{"line":15,"column":36}},"loc":{"start":{"line":15,"column":49},"end":{"line":27,"column":1}},"line":15}},"branchMap":{"0":{"loc":{"start":{"line":4,"column":24},"end":{"line":4,"column":78}},"type":"cond-expr","locations":[{"start":{"line":4,"column":48},"end":{"line":4,"column":60}},{"start":{"line":4,"column":63},"end":{"line":4,"column":78}}],"line":4}},"s":{"0":1,"1":1,"2":2,"3":2,"4":2},"f":{"0":1,"1":2},"b":{"0":[1,0]},"_coverageSchema":"1a1c01bbd47fc00a2c39e90264f33305004495a9","hash":"57fef696fa29fe1eb7e74ff4f158ac5f910f22b2"}
,"/home/runner/work/sc-digital-centre/sc-digital-centre/pages/_app.js": {"path":"/home/runner/work/sc-digital-centre/sc-digital-centre/pages/_app.js","statementMap":{"0":{"start":{"line":7,"column":15},"end":{"line":7,"column":26}},"1":{"start":{"line":8,"column":2},"end":{"line":8,"column":15}},"2":{"start":{"line":10,"column":4},"end":{"line":10,"column":69}},"3":{"start":{"line":11,"column":2},"end":{"line":23,"column":3}}},"fnMap":{"0":{"name":"MyApp","decl":{"start":{"line":6,"column":24},"end":{"line":6,"column":29}},"loc":{"start":{"line":6,"column":56},"end":{"line":24,"column":1}},"line":6}},"branchMap":{"0":{"loc":{"start":{"line":10,"column":4},"end":{"line":10,"column":69}},"type":"cond-expr","locations":[{"start":{"line":10,"column":32},"end":{"line":10,"column":53}},{"start":{"line":10,"column":56},"end":{"line":10,"column":69}}],"line":10}},"s":{"0":1,"1":1,"2":1,"3":1},"f":{"0":1},"b":{"0":[0,1]},"_coverageSchema":"1a1c01bbd47fc00a2c39e90264f33305004495a9","hash":"3b14b1580b98bdd993f111a5bb5fc28890d98228"}
,"/home/runner/work/sc-digital-centre/sc-digital-centre/pages/_document.js": {"path":"/home/runner/work/sc-digital-centre/sc-digital-centre/pages/_document.js","statementMap":{"0":{"start":{"line":6,"column":25},"end":{"line":6,"column":60}},"1":{"start":{"line":7,"column":4},"end":{"line":7,"column":30}},"2":{"start":{"line":11,"column":4},"end":{"line":29,"column":5}}},"fnMap":{"0":{"name":"(anonymous_0)","decl":{"start":{"line":5,"column":2},"end":{"line":5,"column":3}},"loc":{"start":{"line":5,"column":36},"end":{"line":8,"column":3}},"line":5},"1":{"name":"(anonymous_1)","decl":{"start":{"line":10,"column":2},"end":{"line":10,"column":3}},"loc":{"start":{"line":10,"column":11},"end":{"line":30,"column":3}},"line":10}},"branchMap":{"0":{"loc":{"start":{"line":21,"column":11},"end":{"line":26,"column":18}},"type":"cond-expr","locations":[{"start":{"line":22,"column":12},"end":{"line":25,"column":14}},{"start":{"line":26,"column":14},"end":{"line":26,"column":18}}],"line":21}},"s":{"0":1,"1":1,"2":1},"f":{"0":1,"1":1},"b":{"0":[0,1]},"_coverageSchema":"1a1c01bbd47fc00a2c39e90264f33305004495a9","hash":"61a0d1e685a1d5b450df8f6e52211602f3c05cfb"}
,"/home/runner/work/sc-digital-centre/sc-digital-centre/pages/dashboard.js": {"path":"/home/runner/work/sc-digital-centre/sc-digital-centre/pages/dashboard.js","statementMap":{"0":{"start":{"line":25,"column":12},"end":{"line":25,"column":43}},"1":{"start":{"line":26,"column":13},"end":{"line":26,"column":34}},"2":{"start":{"line":27,"column":17},"end":{"line":27,"column":36}},"3":{"start":{"line":29,"column":50},"end":{"line":31,"column":3}},"4":{"start":{"line":32,"column":46},"end":{"line":32,"column":75}},"5":{"start":{"line":33,"column":46},"end":{"line":33,"column":76}},"6":{"start":{"line":35,"column":38},"end":{"line":35,"column":48}},"7":{"start":{"line":36,"column":36},"end":{"line":36,"column":51}},"8":{"start":{"line":37,"column":34},"end":{"line":37,"column":44}},"9":{"start":{"line":39,"column":40},"end":{"line":39,"column":50}},"10":{"start":{"line":40,"column":38},"end":{"line":40,"column":53}},"11":{"start":{"line":41,"column":36},"end":{"line":41,"column":46}},"12":{"start":{"line":43,"column":36},"end":{"line":43,"column":46}},"13":{"start":{"line":44,"column":34},"end":{"line":44,"column":49}},"14":{"start":{"line":45,"column":32},"end":{"line":45,"column":42}},"15":{"start":{"line":47,"column":38},"end":{"line":47,"column":48}},"16":{"start":{"line":48,"column":36},"end":{"line":48,"column":51}},"17":{"start":{"line":49,"column":34},"end":{"line":49,"column":44}},"18":{"start":{"line":51,"column":38},"end":{"line":51,"column":48}},"19":{"start":{"line":52,"column":36},"end":{"line":52,"column":51}},"20":{"start":{"line":53,"column":34},"end":{"line":53,"column":44}},"21":{"start":{"line":55,"column":38},"end":{"line":55,"column":48}},"22":{"start":{"line":56,"column":36},"end":{"line":56,"column":51}},"23":{"start":{"line":57,"column":34},"end":{"line":57,"column":44}},"24":{"start":{"line":59,"column":40},"end":{"line":59,"column":50}},"25":{"start":{"line":61,"column":2},"end":{"line":96,"column":72}},"26":{"start":{"line":62,"column":4},"end":{"line":95,"column":5}},"27":{"start":{"line":71,"column":8},"end":{"line":86,"column":9}},"28":{"start":{"line":72,"column":22},"end":{"line":72,"column":64}},"29":{"start":{"line":73,"column":10},"end":{"line":80,"column":11}},"30":{"start":{"line":74,"column":12},"end":{"line":76,"column":13}},"31":{"start":{"line":75,"column":14},"end":{"line":75,"column":39}},"32":{"start":{"line":78,"column":25},"end":{"line":78,"column":41}},"33":{"start":{"line":79,"column":12},"end":{"line":79,"column":79}},"34":{"start":{"line":82,"column":10},"end":{"line":82,"column":68}},"35":{"start":{"line":83,"column":10},"end":{"line":83,"column":28}},"36":{"start":{"line":85,"column":10},"end":{"line":85,"column":25}},"37":{"start":{"line":89,"column":6},"end":{"line":89,"column":71}},"38":{"start":{"line":90,"column":6},"end":{"line":90,"column":75}},"39":{"start":{"line":91,"column":6},"end":{"line":91,"column":67}},"40":{"start":{"line":92,"column":6},"end":{"line":92,"column":71}},"41":{"start":{"line":93,"column":6},"end":{"line":93,"column":71}},"42":{"start":{"line":94,"column":6},"end":{"line":94,"column":71}},"43":{"start":{"line":98,"column":2},"end":{"line":191,"column":4}},"44":{"start":{"line":99,"column":4},"end":{"line":177,"column":5}},"45":{"start":{"line":107,"column":23},"end":{"line":114,"column":7}},"46":{"start":{"line":116,"column":31},"end":{"line":116,"column":33}},"47":{"start":{"line":117,"column":39},"end":{"line":117,"column":41}},"48":{"start":{"line":118,"column":32},"end":{"line":118,"column":34}},"49":{"start":{"line":119,"column":33},"end":{"line":119,"column":35}},"50":{"start":{"line":120,"column":29},"end":{"line":120,"column":31}},"51":{"start":{"line":121,"column":29},"end":{"line":121,"column":31}},"52":{"start":{"line":122,"column":28},"end":{"line":122,"column":30}},"53":{"start":{"line":123,"column":35},"end":{"line":123,"column":37}},"54":{"start":{"line":124,"column":24},"end":{"line":124,"column":26}},"55":{"start":{"line":126,"column":6},"end":{"line":162,"column":8}},"56":{"start":{"line":127,"column":8},"end":{"line":161,"column":9}},"57":{"start":{"line":128,"column":10},"end":{"line":160,"column":12}},"58":{"start":{"line":130,"column":12},"end":{"line":158,"column":13}},"59":{"start":{"line":132,"column":16},"end":{"line":132,"column":48}},"60":{"start":{"line":133,"column":16},"end":{"line":133,"column":21}},"61":{"start":{"line":135,"column":16
[...]
e":220,"column":22},"end":{"line":220,"column":26}}],"line":220},"16":{"loc":{"start":{"line":221,"column":9},"end":{"line":221,"column":25}},"type":"binary-expr","locations":[{"start":{"line":221,"column":9},"end":{"line":221,"column":17}},{"start":{"line":221,"column":21},"end":{"line":221,"column":25}}],"line":221},"17":{"loc":{"start":{"line":223,"column":9},"end":{"line":257,"column":16}},"type":"cond-expr","locations":[{"start":{"line":224,"column":12},"end":{"line":256,"column":14}},{"start":{"line":257,"column":12},"end":{"line":257,"column":16}}],"line":223},"18":{"loc":{"start":{"line":227,"column":16},"end":{"line":254,"column":17}},"type":"if","locations":[{"start":{"line":227,"column":16},"end":{"line":254,"column":17}},{"start":{},"end":{}}],"line":227},"19":{"loc":{"start":{"line":227,"column":20},"end":{"line":227,"column":75}},"type":"binary-expr","locations":[{"start":{"line":227,"column":20},"end":{"line":227,"column":37}},{"start":{"line":227,"column":41},"end":{"line":227,"column":55}},{"start":{"line":227,"column":59},"end":{"line":227,"column":75}}],"line":227},"20":{"loc":{"start":{"line":261,"column":17},"end":{"line":268,"column":11}},"type":"cond-expr","locations":[{"start":{"line":261,"column":72},"end":{"line":261,"column":76}},{"start":{"line":262,"column":12},"end":{"line":267,"column":18}}],"line":261},"21":{"loc":{"start":{"line":272,"column":9},"end":{"line":280,"column":16}},"type":"cond-expr","locations":[{"start":{"line":273,"column":12},"end":{"line":279,"column":14}},{"start":{"line":280,"column":12},"end":{"line":280,"column":16}}],"line":272},"22":{"loc":{"start":{"line":287,"column":2},"end":{"line":287,"column":71}},"type":"if","locations":[{"start":{"line":287,"column":2},"end":{"line":287,"column":71}},{"start":{},"end":{}}],"line":287},"23":{"loc":{"start":{"line":287,"column":6},"end":{"line":287,"column":52}},"type":"binary-expr","locations":[{"start":{"line":287,"column":6},"end":{"line":287,"column":23}},{"start":{"line":287,"column":27},"end":{"line":287,"column":52}}],"line":287}},"s":{"0":40,"1":40,"2":40,"3":40,"4":40,"5":40,"6":40,"7":40,"8":40,"9":40,"10":40,"11":40,"12":40,"13":40,"14":40,"15":40,"16":40,"17":40,"18":40,"19":40,"20":40,"21":40,"22":40,"23":40,"24":40,"25":40,"26":28,"27":24,"28":24,"29":24,"30":20,"31":4,"32":4,"33":4,"34":0,"35":0,"36":24,"37":4,"38":4,"39":4,"40":4,"41":4,"42":4,"43":40,"44":32,"45":4,"46":4,"47":4,"48":4,"49":4,"50":4,"51":4,"52":4,"53":4,"54":4,"55":4,"56":24,"57":4,"58":4,"59":0,"60":0,"61":0,"62":0,"63":0,"64":0,"65":0,"66":0,"67":0,"68":0,"69":0,"70":0,"71":0,"72":0,"73":0,"74":0,"75":4,"76":4,"77":4,"78":4,"79":4,"80":40,"81":36,"82":4,"83":4,"84":4,"85":480,"86":160,"87":2,"88":1,"89":1,"90":1,"91":1,"92":1,"93":1},"f":{"0":40,"1":28,"2":24,"3":32,"4":24,"5":4,"6":36,"7":4,"8":480,"9":160,"10":2},"b":{"0":[40,0],"1":[4,24],"2":[28,4,4,4,4,4],"3":[20,4],"4":[4,16],"5":[4,28],"6":[32,28,12,12,12,12],"7":[4,20],"8":[0,0,0,0,0,0,0,0,4],"9":[8,32],"10":[40,32,32,28,24,16],"11":[40,40],"12":[40,40],"13":[40,40],"14":[40,40],"15":[40,20],"16":[40,40],"17":[4,36],"18":[4,0],"19":[4,4,4],"20":[0,480],"21":[40,0],"22":[1,1],"23":[2,2]},"_coverageSchema":"1a1c01bbd47fc00a2c39e90264f33305004495a9","hash":"ee88d477c6be58eb0c65b208d449feb3ce7006ba"}
,"/home/runner/work/sc-digital-centre/sc-digital-centre/pages/index.js": {"path":"/home/runner/work/sc-digital-centre/sc-digital-centre/pages/index.js","statementMap":{"0":{"start":{"line":5,"column":2},"end":{"line":9,"column":3}},"1":{"start":{"line":13,"column":19},"end":{"line":17,"column":3}},"2":{"start":{"line":18,"column":18},"end":{"line":22,"column":3}},"3":{"start":{"line":24,"column":2},"end":{"line":29,"column":3}},"4":{"start":{"line":32,"column":0},"end":{"line":37,"column":1}}},"fnMap":{"0":{"name":"Index","decl":{"start":{"line":4,"column":24},"end":{"line":4,"column":29}},"loc":{"start":{"line":4,"column":37},"end":{"line":10,"column":1}},"line":4},"1":{"name":"getStaticProps","decl":{"start":{"line":12,"column":22},"end":{"line":12,"column":36}},"loc":{"start":{"line":12,"column":39},"end":{"line":30,"column":1}},"line":12}},"branchMap":{},"s":{"0":2,"1":1,"2":1,"3":1,"4":2},"f":{"0":2,"1":1},"b":{},"_coverageSchema":"1a1c01bbd47fc00a2c39e90264f33305004495a9","hash":"1e48d0311978bcba8b4516c50e84fa3b0507caad"}
,"/home/runner/work/sc-digital-centre/sc-digital-centre/pages/profile.js": {"path":"/home/runner/work/sc-digital-centre/sc-digital-centre/pages/profile.js","statementMap":{"0":{"start":{"line":12,"column":12},"end":{"line":12,"column":43}},"1":{"start":{"line":13,"column":23},"end":{"line":34,"column":3}},"2":{"start":{"line":35,"column":24},"end":{"line":49,"column":3}},"3":{"start":{"line":51,"column":24},"end":{"line":72,"column":3}},"4":{"start":{"line":73,"column":24},"end":{"line":94,"column":3}},"5":{"start":{"line":96,"column":44},"end":{"line":96,"column":59}},"6":{"start":{"line":97,"column":42},"end":{"line":97,"column":57}},"7":{"start":{"line":98,"column":44},"end":{"line":98,"column":59}},"8":{"start":{"line":100,"column":30},"end":{"line":119,"column":3}},"9":{"start":{"line":120,"column":2},"end":{"line":171,"column":3}},"10":{"start":{"line":126,"column":8},"end":{"line":149,"column":9}},"11":{"start":{"line":140,"column":31},"end":{"line":140,"column":69}},"12":{"start":{"line":175,"column":2},"end":{"line":175,"column":71}},"13":{"start":{"line":175,"column":54},"end":{"line":175,"column":71}},"14":{"start":{"line":177,"column":12},"end":{"line":177,"column":37}},"15":{"start":{"line":179,"column":19},"end":{"line":183,"column":3}},"16":{"start":{"line":185,"column":26},"end":{"line":190,"column":3}},"17":{"start":{"line":192,"column":2},"end":{"line":199,"column":3}}},"fnMap":{"0":{"name":"Profile","decl":{"start":{"line":11,"column":24},"end":{"line":11,"column":31}},"loc":{"start":{"line":11,"column":39},"end":{"line":172,"column":1}},"line":11},"1":{"name":"(anonymous_1)","decl":{"start":{"line":125,"column":31},"end":{"line":125,"column":32}},"loc":{"start":{"line":125,"column":55},"end":{"line":150,"column":7}},"line":125},"2":{"name":"(anonymous_2)","decl":{"start":{"line":140,"column":25},"end":{"line":140,"column":26}},"loc":{"start":{"line":140,"column":31},"end":{"line":140,"column":69}},"line":140},"3":{"name":"getServerSideProps","decl":{"start":{"line":174,"column":22},"end":{"line":174,"column":40}},"loc":{"start":{"line":174,"column":58},"end":{"line":200,"column":1}},"line":174}},"branchMap":{"0":{"loc":{"start":{"line":12,"column":12},"end":{"line":12,"column":43}},"type":"cond-expr","locations":[{"start":{"line":12,"column":36},"end":{"line":12,"column":38}},{"start":{"line":12,"column":41},"end":{"line":12,"column":43}}],"line":12},"1":{"loc":{"start":{"line":130,"column":15},"end":{"line":136,"column":22}},"type":"cond-expr","locations":[{"start":{"line":131,"column":16},"end":{"line":135,"column":18}},{"start":{"line":136,"column":18},"end":{"line":136,"column":22}}],"line":130},"2":{"loc":{"start":{"line":141,"column":25},"end":{"line":141,"column":72}},"type":"cond-expr","locations":[{"start":{"line":141,"column":45},"end":{"line":141,"column":59}},{"start":{"line":141,"column":62},"end":{"line":141,"column":72}}],"line":141},"3":{"loc":{"start":{"line":175,"column":2},"end":{"line":175,"column":71}},"type":"if","locations":[{"start":{"line":175,"column":2},"end":{"line":175,"column":71}},{"start":{},"end":{}}],"line":175},"4":{"loc":{"start":{"line":175,"column":6},"end":{"line":175,"column":52}},"type":"binary-expr","locations":[{"start":{"line":175,"column":6},"end":{"line":175,"column":23}},{"start":{"line":175,"column":27},"end":{"line":175,"column":52}}],"line":175},"5":{"loc":{"start":{"line":177,"column":12},"end":{"line":177,"column":37}},"type":"cond-expr","locations":[{"start":{"line":177,"column":30},"end":{"line":177,"column":32}},{"start":{"line":177,"column":35},"end":{"line":177,"column":37}}],"line":177}},"s":{"0":1,"1":1,"2":1,"3":1,"4":1,"5":1,"6":1,"7":1,"8":1,"9":1,"10":3,"11":0,"12":2,"13":0,"14":2,"15":2,"16":2,"17":2},"f":{"0":1,"1":3,"2":0,"3":2},"b":{"0":[0,1],"1":[0,3],"2":[3,0],"3":[0,2],"4":[2,0],"5":[1,1]},"_coverageSchema":"1a1c01bbd47fc00a2c39e90264f33305004495a9","hash":"6f7519928a9ce0ba7a6f021df0c148bebda33469"}
,"/home/runner/work/sc-digital-centre/sc-digital-centre/pages/security-settings.js": {"path":"/home/runner/work/sc-digital-centre/sc-digital-centre/pages/security-settings.js","statementMap":{"0":{"start":{"line":9,"column":2},"end":{"line":9,"column":71}},"1":{"start":{"line":9,"column":54},"end":{"line":9,"column":71}},"2":{"start":{"line":11,"column":12},"end":{"line":11,"column":37}},"3":{"start":{"line":12,"column":19},"end":{"line":16,"column":3}},"4":{"start":{"line":17,"column":26},"end":{"line":22,"column":3}},"5":{"start":{"line":23,"column":2},"end":{"line":23,"column":57}},"6":{"start":{"line":27,"column":12},"end":{"line":27,"column":43}},"7":{"start":{"line":29,"column":19},"end":{"line":32,"column":3}},"8":{"start":{"line":34,"column":2},"end":{"line":84,"column":3}}},"fnMap":{"0":{"name":"getServerSideProps","decl":{"start":{"line":8,"column":22},"end":{"line":8,"column":40}},"loc":{"start":{"line":8,"column":58},"end":{"line":24,"column":1}},"line":8},"1":{"name":"SecuritySettings","decl":{"start":{"line":26,"column":24},"end":{"line":26,"column":40}},"loc":{"start":{"line":26,"column":48},"end":{"line":85,"column":1}},"line":26}},"branchMap":{"0":{"loc":{"start":{"line":9,"column":2},"end":{"line":9,"column":71}},"type":"if","locations":[{"start":{"line":9,"column":2},"end":{"line":9,"column":71}},{"start":{},"end":{}}],"line":9},"1":{"loc":{"start":{"line":9,"column":6},"end":{"line":9,"column":52}},"type":"binary-expr","locations":[{"start":{"line":9,"column":6},"end":{"line":9,"column":23}},{"start":{"line":9,"column":27},"end":{"line":9,"column":52}}],"line":9},"2":{"loc":{"start":{"line":11,"column":12},"end":{"line":11,"column":37}},"type":"cond-expr","locations":[{"start":{"line":11,"column":30},"end":{"line":11,"column":32}},{"start":{"line":11,"column":35},"end":{"line":11,"column":37}}],"line":11},"3":{"loc":{"start":{"line":27,"column":12},"end":{"line":27,"column":43}},"type":"cond-expr","locations":[{"start":{"line":27,"column":36},"end":{"line":27,"column":38}},{"start":{"line":27,"column":41},"end":{"line":27,"column":43}}],"line":27}},"s":{"0":2,"1":0,"2":2,"3":2,"4":2,"5":2,"6":2,"7":2,"8":2},"f":{"0":2,"1":2},"b":{"0":[0,2],"1":[2,0],"2":[1,1],"3":[1,1]},"_coverageSchema":"1a1c01bbd47fc00a2c39e90264f33305004495a9","hash":"4b344c6d5463abc0841874df5ce1b465f8384d91"}
,"/home/runner/work/sc-digital-centre/sc-digital-centre/pages/api/metrics.js": {"path":"/home/runner/work/sc-digital-centre/sc-digital-centre/pages/api/metrics.js","statementMap":{"0":{"start":{"line":3,"column":0},"end":{"line":3,"column":53}},"1":{"start":{"line":6,"column":2},"end":{"line":6,"column":53}},"2":{"start":{"line":7,"column":2},"end":{"line":7,"column":30}}},"fnMap":{"0":{"name":"handler","decl":{"start":{"line":5,"column":24},"end":{"line":5,"column":31}},"loc":{"start":{"line":5,"column":42},"end":{"line":8,"column":1}},"line":5}},"branchMap":{},"s":{"0":0,"1":0,"2":0},"f":{"0":0},"b":{}}
,"/home/runner/work/sc-digital-centre/sc-digital-centre/pages/api/auth/[...nextauth].js": {"path":"/home/runner/work/sc-digital-centre/sc-digital-centre/pages/api/auth/[...nextauth].js","statementMap":{"0":{"start":{"line":24,"column":8},"end":{"line":28,"column":9}},"1":{"start":{"line":37,"column":6},"end":{"line":37,"column":30}},"2":{"start":{"line":38,"column":6},"end":{"line":38,"column":18}}},"fnMap":{"0":{"name":"(anonymous_0)","decl":{"start":{"line":23,"column":6},"end":{"line":23,"column":7}},"loc":{"start":{"line":23,"column":23},"end":{"line":29,"column":7}},"line":23},"1":{"name":"(anonymous_1)","decl":{"start":{"line":36,"column":4},"end":{"line":36,"column":5}},"loc":{"start":{"line":36,"column":25},"end":{"line":39,"column":5}},"line":36}},"branchMap":{},"s":{"0":0,"1":0,"2":0},"f":{"0":0,"1":0},"b":{}}
,"/home/runner/work/sc-digital-centre/sc-digital-centre/pages/api/programData/cpp.js": {"path":"/home/runner/work/sc-digital-centre/sc-digital-centre/pages/api/programData/cpp.js","statementMap":{"0":{"start":{"line":5,"column":2},"end":{"line":11,"column":3}},"1":{"start":{"line":9,"column":14},"end":{"line":9,"column":60}},"2":{"start":{"line":9,"column":43},"end":{"line":9,"column":59}},"3":{"start":{"line":10,"column":17},"end":{"line":10,"column":28}}},"fnMap":{"0":{"name":"handler","decl":{"start":{"line":4,"column":30},"end":{"line":4,"column":37}},"loc":{"start":{"line":4,"column":48},"end":{"line":12,"column":1}},"line":4},"1":{"name":"(anonymous_1)","decl":{"start":{"line":9,"column":4},"end":{"line":9,"column":5}},"loc":{"start":{"line":9,"column":14},"end":{"line":9,"column":60}},"line":9},"2":{"name":"(anonymous_2)","decl":{"start":{"line":9,"column":33},"end":{"line":9,"column":34}},"loc":{"start":{"line":9,"column":43},"end":{"line":9,"column":59}},"line":9},"3":{"name":"(anonymous_3)","decl":{"start":{"line":10,"column":4},"end":{"line":10,"column":5}},"loc":{"start":{"line":10,"column":17},"end":{"line":10,"column":28}},"line":10}},"branchMap":{},"s":{"0":2,"1":2,"2":2,"3":1},"f":{"0":2,"1":2,"2":2,"3":1},"b":{},"_coverageSchema":"1a1c01bbd47fc00a2c39e90264f33305004495a9","hash":"a2271a73cde93b668acd516041178f9aced68b18"}
,"/home/runner/work/sc-digital-centre/sc-digital-centre/pages/api/programData/cppd.js": {"path":"/home/runner/work/sc-digital-centre/sc-digital-centre/pages/api/programData/cppd.js","statementMap":{"0":{"start":{"line":5,"column":2},"end":{"line":11,"column":3}},"1":{"start":{"line":9,"column":14},"end":{"line":9,"column":60}},"2":{"start":{"line":9,"column":43},"end":{"line":9,"column":59}},"3":{"start":{"line":10,"column":17},"end":{"line":10,"column":29}}},"fnMap":{"0":{"name":"handler","decl":{"start":{"line":4,"column":30},"end":{"line":4,"column":37}},"loc":{"start":{"line":4,"column":48},"end":{"line":12,"column":1}},"line":4},"1":{"name":"(anonymous_1)","decl":{"start":{"line":9,"column":4},"end":{"line":9,"column":5}},"loc":{"start":{"line":9,"column":14},"end":{"line":9,"column":60}},"line":9},"2":{"name":"(anonymous_2)","decl":{"start":{"line":9,"column":33},"end":{"line":9,"column":34}},"loc":{"start":{"line":9,"column":43},"end":{"line":9,"column":59}},"line":9},"3":{"name":"(anonymous_3)","decl":{"start":{"line":10,"column":4},"end":{"line":10,"column":5}},"loc":{"start":{"line":10,"column":17},"end":{"line":10,"column":29}},"line":10}},"branchMap":{},"s":{"0":1,"1":1,"2":1,"3":1},"f":{"0":1,"1":1,"2":1,"3":1},"b":{},"_coverageSchema":"1a1c01bbd47fc00a2c39e90264f33305004495a9","hash":"2281ff91c4647a18765c5599af203e528880b025"}
,"/home/runner/work/sc-digital-centre/sc-digital-centre/pages/api/programData/ei.js": {"path":"/home/runner/work/sc-digital-centre/sc-digital-centre/pages/api/programData/ei.js","statementMap":{"0":{"start":{"line":5,"column":2},"end":{"line":11,"column":3}},"1":{"start":{"line":9,"column":14},"end":{"line":9,"column":59}},"2":{"start":{"line":9,"column":43},"end":{"line":9,"column":58}},"3":{"start":{"line":10,"column":17},"end":{"line":10,"column":27}}},"fnMap":{"0":{"name":"handler","decl":{"start":{"line":4,"column":30},"end":{"line":4,"column":37}},"loc":{"start":{"line":4,"column":48},"end":{"line":12,"column":1}},"line":4},"1":{"name":"(anonymous_1)","decl":{"start":{"line":9,"column":4},"end":{"line":9,"column":5}},"loc":{"start":{"line":9,"column":14},"end":{"line":9,"column":59}},"line":9},"2":{"name":"(anonymous_2)","decl":{"start":{"line":9,"column":33},"end":{"line":9,"column":34}},"loc":{"start":{"line":9,"column":43},"end":{"line":9,"column":58}},"line":9},"3":{"name":"(anonymous_3)","decl":{"start":{"line":10,"column":4},"end":{"line":10,"column":5}},"loc":{"start":{"line":10,"column":17},"end":{"line":10,"column":27}},"line":10}},"branchMap":{},"s":{"0":2,"1":2,"2":2,"3":1},"f":{"0":2,"1":2,"2":2,"3":1},"b":{},"_coverageSchema":"1a1c01bbd47fc00a2c39e90264f33305004495a9","hash":"ab0a1d3c001a617a878f9debacdc720a7f0f000f"}
,"/home/runner/work/sc-digital-centre/sc-digital-centre/pages/api/programData/gis.js": {"path":"/home/runner/work/sc-digital-centre/sc-digital-centre/pages/api/programData/gis.js","statementMap":{"0":{"start":{"line":5,"column":2},"end":{"line":11,"column":3}},"1":{"start":{"line":9,"column":14},"end":{"line":9,"column":63}},"2":{"start":{"line":9,"column":43},"end":{"line":9,"column":62}},"3":{"start":{"line":10,"column":17},"end":{"line":10,"column":28}}},"fnMap":{"0":{"name":"handler","decl":{"start":{"line":4,"column":30},"end":{"line":4,"column":37}},"loc":{"start":{"line":4,"column":48},"end":{"line":12,"column":1}},"line":4},"1":{"name":"(anonymous_1)","decl":{"start":{"line":9,"column":4},"end":{"line":9,"column":5}},"loc":{"start":{"line":9,"column":14},"end":{"line":9,"column":63}},"line":9},"2":{"name":"(anonymous_2)","decl":{"start":{"line":9,"column":33},"end":{"line":9,"column":34}},"loc":{"start":{"line":9,"column":43},"end":{"line":9,"column":62}},"line":9},"3":{"name":"(anonymous_3)","decl":{"start":{"line":10,"column":4},"end":{"line":10,"column":5}},"loc":{"start":{"line":10,"column":17},"end":{"line":10,"column":28}},"line":10}},"branchMap":{},"s":{"0":1,"1":1,"2":1,"3":1},"f":{"0":1,"1":1,"2":1,"3":1},"b":{},"_coverageSchema":"1a1c01bbd47fc00a2c39e90264f33305004495a9","hash":"1905ed65ba0e551fd49adb57cba33cdf05e0dd49"}
,"/home/runner/work/sc-digital-centre/sc-digital-centre/pages/api/programData/oas.js": {"path":"/home/runner/work/sc-digital-centre/sc-digital-centre/pages/api/programData/oas.js","statementMap":{"0":{"start":{"line":5,"column":2},"end":{"line":11,"column":3}},"1":{"start":{"line":9,"column":14},"end":{"line":9,"column":63}},"2":{"start":{"line":9,"column":43},"end":{"line":9,"column":62}},"3":{"start":{"line":10,"column":17},"end":{"line":10,"column":28}}},"fnMap":{"0":{"name":"handler","decl":{"start":{"line":4,"column":30},"end":{"line":4,"column":37}},"loc":{"start":{"line":4,"column":48},"end":{"line":12,"column":1}},"line":4},"1":{"name":"(anonymous_1)","decl":{"start":{"line":9,"column":4},"end":{"line":9,"column":5}},"loc":{"start":{"line":9,"column":14},"end":{"line":9,"column":63}},"line":9},"2":{"name":"(anonymous_2)","decl":{"start":{"line":9,"column":33},"end":{"line":9,"column":34}},"loc":{"start":{"line":9,"column":43},"end":{"line":9,"column":62}},"line":9},"3":{"name":"(anonymous_3)","decl":{"start":{"line":10,"column":4},"end":{"line":10,"column":5}},"loc":{"start":{"line":10,"column":17},"end":{"line":10,"column":28}},"line":10}},"branchMap":{},"s":{"0":1,"1":1,"2":1,"3":1},"f":{"0":1,"1":1,"2":1,"3":1},"b":{},"_coverageSchema":"1a1c01bbd47fc00a2c39e90264f33305004495a9","hash":"13de474abbf68a5d52ba44983adad7a996982976"}
,"/home/runner/work/sc-digital-centre/sc-digital-centre/pages/api/programData/seb.js": {"path":"/home/runner/work/sc-digital-centre/sc-digital-centre/pages/api/programData/seb.js","statementMap":{"0":{"start":{"line":5,"column":2},"end":{"line":11,"column":3}},"1":{"start":{"line":9,"column":16},"end":{"line":9,"column":34}},"2":{"start":{"line":10,"column":21},"end":{"line":10,"column":36}}},"fnMap":{"0":{"name":"handler","decl":{"start":{"line":4,"column":30},"end":{"line":4,"column":37}},"loc":{"start":{"line":4,"column":48},"end":{"line":12,"column":1}},"line":4},"1":{"name":"(anonymous_1)","decl":{"start":{"line":9,"column":4},"end":{"line":9,"column":5}},"loc":{"start":{"line":9,"column":16},"end":{"line":9,"column":34}},"line":9},"2":{"name":"(anonymous_2)","decl":{"start":{"line":10,"column":4},"end":{"line":10,"column":5}},"loc":{"start":{"line":10,"column":21},"end":{"line":10,"column":36}},"line":10}},"branchMap":{},"s":{"0":1,"1":1,"2":1},"f":{"0":1,"1":1,"2":1},"b":{},"_coverageSchema":"1a1c01bbd47fc00a2c39e90264f33305004495a9","hash":"6ea2558fabb11968c160aafceb9be06541d4aa65"}
}
