{"/home/runner/work/sc-digital-centre/sc-digital-centre/components/atoms/ActionButton.js": {"path":"/home/runner/work/sc-digital-centre/sc-digital-centre/components/atoms/ActionButton.js","statementMap":{"0":{"start":{"line":8,"column":22},"end":{"line":8,"column":27}},"1":{"start":{"line":11,"column":4},"end":{"line":11,"column":249}},"2":{"start":{"line":13,"column":2},"end":{"line":40,"column":3}},"3":{"start":{"line":43,"column":0},"end":{"line":90,"column":1}}},"fnMap":{"0":{"name":"ActionButton","decl":{"start":{"line":7,"column":24},"end":{"line":7,"column":36}},"loc":{"start":{"line":7,"column":44},"end":{"line":41,"column":1}},"line":7}},"branchMap":{"0":{"loc":{"start":{"line":13,"column":9},"end":{"line":40,"column":3}},"type":"cond-expr","locations":[{"start":{"line":14,"column":4},"end":{"line":27,"column":11}},{"start":{"line":29,"column":4},"end":{"line":39,"column":13}}],"line":13},"1":{"loc":{"start":{"line":16,"column":22},"end":{"line":16,"column":71}},"type":"cond-expr","locations":[{"start":{"line":16,"column":41},"end":{"line":16,"column":53}},{"start":{"line":16,"column":56},"end":{"line":16,"column":71}}],"line":16},"2":{"loc":{"start":{"line":30,"column":20},"end":{"line":30,"column":69}},"type":"cond-expr","locations":[{"start":{"line":30,"column":39},"end":{"line":30,"column":51}},{"start":{"line":30,"column":54},"end":{"line":30,"column":69}}],"line":30}},"s":{"0":33,"1":33,"2":33,"3":10},"f":{"0":33},"b":{"0":[15,18],"1":[7,8],"2":[2,16]},"_coverageSchema":"1a1c01bbd47fc00a2c39e90264f33305004495a9","hash":"fecdf9d0f841f5e019f6efd17eb70f5e5328dc1c"}
,"/home/runner/work/sc-digital-centre/sc-digital-centre/components/atoms/BenefitCardHeaderActive.js": {"path":"/home/runner/work/sc-digital-centre/sc-digital-centre/components/atoms/BenefitCardHeaderActive.js","statementMap":{"0":{"start":{"line":13,"column":12},"end":{"line":13,"column":43}},"1":{"start":{"line":14,"column":30},"end":{"line":26,"column":3}},"2":{"start":{"line":15,"column":4},"end":{"line":25,"column":5}},"3":{"start":{"line":16,"column":6},"end":{"line":16,"column":45}},"4":{"start":{"line":17,"column":11},"end":{"line":25,"column":5}},"5":{"start":{"line":21,"column":29},"end":{"line":21,"column":78}},"6":{"start":{"line":22,"column":6},"end":{"line":22,"column":59}},"7":{"start":{"line":22,"column":39},"end":{"line":22,"column":47}},"8":{"start":{"line":24,"column":6},"end":{"line":24,"column":55}},"9":{"start":{"line":28,"column":29},"end":{"line":41,"column":3}},"10":{"start":{"line":30,"column":4},"end":{"line":39,"column":5}},"11":{"start":{"line":31,"column":6},"end":{"line":31,"column":66}},"12":{"start":{"line":32,"column":11},"end":{"line":39,"column":5}},"13":{"start":{"line":36,"column":6},"end":{"line":36,"column":69}},"14":{"start":{"line":38,"column":6},"end":{"line":38,"column":44}},"15":{"start":{"line":40,"column":4},"end":{"line":40,"column":54}},"16":{"start":{"line":40,"column":34},"end":{"line":40,"column":42}},"17":{"start":{"line":43,"column":23},"end":{"line":54,"column":3}},"18":{"start":{"line":44,"column":4},"end":{"line":53,"column":5}},"19":{"start":{"line":45,"column":6},"end":{"line":45,"column":41}},"20":{"start":{"line":46,"column":11},"end":{"line":53,"column":5}},"21":{"start":{"line":50,"column":6},"end":{"line":50,"column":40}},"22":{"start":{"line":52,"column":6},"end":{"line":52,"column":44}},"23":{"start":{"line":56,"column":25},"end":{"line":67,"column":3}},"24":{"start":{"line":57,"column":4},"end":{"line":66,"column":5}},"25":{"start":{"line":58,"column":6},"end":{"line":58,"column":59}},"26":{"start":{"line":59,"column":11},"end":{"line":66,"column":5}},"27":{"start":{"line":63,"column":6},"end":{"line":63,"column":57}},"28":{"start":{"line":65,"column":6},"end":{"line":65,"column":42}},"29":{"start":{"line":69,"column":2},"end":{"line":136,"column":3}}},"fnMap":{"0":{"name":"BenefitCardHeaderActive","decl":{"start":{"line":12,"column":24},"end":{"line":12,"column":47}},"loc":{"start":{"line":12,"column":55},"end":{"line":137,"column":1}},"line":12},"1":{"name":"(anonymous_1)","decl":{"start":{"line":14,"column":30},"end":{"line":14,"column":31}},"loc":{"start":{"line":14,"column":36},"end":{"line":26,"column":3}},"line":14},"2":{"name":"(anonymous_2)","decl":{"start":{"line":22,"column":32},"end":{"line":22,"column":33}},"loc":{"start":{"line":22,"column":39},"end":{"line":22,"column":47}},"line":22},"3":{"name":"(anonymous_3)","decl":{"start":{"line":28,"column":29},"end":{"line":28,"column":30}},"loc":{"start":{"line":28,"column":35},"end":{"line":41,"column":3}},"line":28},"4":{"name":"(anonymous_4)","decl":{"start":{"line":40,"column":27},"end":{"line":40,"column":28}},"loc":{"start":{"line":40,"column":34},"end":{"line":40,"column":42}},"line":40},"5":{"name":"(anonymous_5)","decl":{"start":{"line":43,"column":23},"end":{"line":43,"column":24}},"loc":{"start":{"line":43,"column":29},"end":{"line":54,"column":3}},"line":43},"6":{"name":"(anonymous_6)","decl":{"start":{"line":56,"column":25},"end":{"line":56,"column":26}},"loc":{"start":{"line":56,"column":31},"end":{"line":67,"column":3}},"line":56}},"branchMap":{"0":{"loc":{"start":{"line":13,"column":12},"end":{"line":13,"column":43}},"type":"cond-expr","locations":[{"start":{"line":13,"column":36},"end":{"line":13,"column":38}},{"start":{"line":13,"column":41},"end":{"line":13,"column":43}}],"line":13},"1":{"loc":{"start":{"line":15,"column":4},"end":{"line":25,"column":5}},"type":"if","locations":[{"start":{"line":15,"column":4},"end":{"line":25,"column":5}},{"start":{"line":17,"column":11},"end":{"line":25,"column":5}}],"line":15},"2":{"loc":{"start":{"line":17,"column":11},"end":{"line":25,"column":5}},"type":"if","locations":[{"start":{"line":17,"column":11},"end":{"line":25,"column":5}},{"start":{"line":23,"column":11},"end":{"line":25,"column":5}}],"line":17},"3":{"loc":{"start":{"line":18,"column":6},"end":{"line":19,"column":24}},"type":"binary-expr","locations":[{"start":{"line":18,"column":6},"end":{"line":18,"column":51}},{"start":{"line":19,"column":6},"end":{"line":19,"column":24}}],"line":18},"4":{"loc":{"start":{"line":30,"column":4},"end":{"line":39,"column":5}},"type":"if","locations":[{"start":{"line":30,"column":4},"end":{"line":39,"column":5}},{"start":{"line":32,"column":11},"end":{"line":39,"column":5}}],"line":30},"5":{"loc":{"start":{"line":30,"column":8},"end":{"line":30,"column":75}},"type":"binary-expr","locations":[{"start":{"line":30,"column":8},"end":{"line":30,"column":53}},{"start":{"line":30,"column":57},"end":{"line":30,"column":75}}],"line":30},"6":{"loc":{"start":{"line":32,"column":11},"end":{"line":39,"column":5}},"type":"if","locations":[{"start":{"line":32,"column":11},"end":{"line":39,"column":5}},{"start":{"line":37,"column":11},"end":{"line":39,"column":5}}],"line":32},"7":{"loc":{"start":{"line":33,"column":6},"end":{"line":34,"column":23}},"type":"binary-expr","locations":[{"start":{"line":33,"column":6},"end":{"line":33,"column":50}},{"start":{"line":34,"column":6},"end":{"line":34,"column":23}}],"line":33},"8":{"loc":{"start":{"line":44,"column":4},"end":{"line":53,"column":5}},"type":"if","locations":[{"start":{"line":44,"column":4},"end":{"line":53,"column":5}},{"start":{"line":46,"column":11},"end":{"line":53,"column":5}}],"line":44},"9":{"loc":{"start":{"line":44,"column":8},"end":{"line":44,"column":75}},"type":"binary-expr","locations":[{"start":{"line":44,"column":8},"end":{"line":44,"column":53}},{"start":{"line":44,"column":57},"end":{"line":44,"column":75}}],"line":44},"10":{"loc":{"start":{"line":46,"column":11},"end":{"line":53,"column":5}},"type":"if","locations":[{"start":{"line":46,"column":11},"end":{"line":53,"column":5}},{"start":{"line":51,"column":11},"end":{"line":53,"column":5}}],"line":46},"11":{"loc":{"start":{"line":47,"column":6},"end":{"line":48,"column":23}},"type":"binary-expr","locations":[{"start":{"line":47,"column":6},"end":{"line":47,"column":50}},{"start":{"line":48,"column":6},"end":{"line":48,"column":23}}],"line":47},"12":{"loc":{"start":{"line":57,"column":4},"end":{"line":66,"column":5}},"type":"if","locations":[{"start":{"line":57,"column":4},"end":{"line":66,"column":5}},{"start":{"line":59,"column":11},"end":{"line":66,"column":5}}],"line":57},"13":{"loc":{"start":{"line":57,"column":8},"end":{"line":57,"column":75}},"type":"binary-expr","locations":[{"start":{"line":57,"column":8},"end":{"line":57,"column":53}},{"start":{"line":57,"column":57},"end":{"line":57,"column":75}}],"line":57},"14":{"loc":{"start":{"line":59,"column":11},"end":{"line":66,"column":5}},"type":"if","locations":[{"start":{"line":59,"column":11},"end":{"line":66,"column":5}},{"start":{"line":64,"column":11},"end":{"line":66,"column":5}}],"line":59},"15":{"loc":{"start":{"line":60,"column":6},"end":{"line":61,"column":23}},"type":"binary-expr","locations":[{"start":{"line":60,"column":6},"end":{"line":60,"column":50}},{"start":{"line":61,"column":6},"end":{"line":61,"column":23}}],"line":60},"16":{"loc":{"start":{"line":105,"column":17},"end":{"line":107,"column":35}},"type":"cond-expr","locations":[{"start":{"line":106,"column":20},"end":{"line":106,"column":42}},{"start":{"line":107,"column":20},"end":{"line":107,"column":35}}],"line":105}},"s":{"0":9,"1":9,"2":9,"3":2,"4":7,"5":0,"6":0,"7":0,"8":7,"9":9,"10":0,"11":0,"12":0,"13":0,"14":0,"15":0,"16":0,"17":9,"18":9,"19":0,"20":9,"21":0,"22":9,"23":9,"24":9,"25":0,"26":9,"27":0,"28":9,"29":9},"f":{"0":9,"1":9,"2":0,"3":0,"4":0,"5":9,"6":9},"b":{"0":[5,4],"1":[2,7],"2":[0,7],"3":[7,5],"4":[0,0],"5":[0,0],"6":[0,0],"7":[0,0],"8":[0,9],"9":[9,5],"10":[0,9],"11":[9,1],"12":[0,9],"13":[9,5],"14":[0,9],"15":[9,1],"16":[8,1]},"_coverageSchema":"1a1c01bbd47fc00a2c39e90264f33305004495a9","hash":"64f03178527a185c0e7a1e3338c52819a4856a00"}
,"/home/runner/work/sc-digital-centre/sc-digital-centre/components/atoms/BenefitCardHeaderActiveAgreement.js": {"path":"/home/runner/work/sc-digital-centre/sc-digital-centre/components/atoms/BenefitCardHeaderActiveAgreement.js","statementMap":{"0":{"start":{"line":8,"column":12},"end":{"line":8,"column":43}},"1":{"start":{"line":9,"column":30},"end":{"line":15,"column":3}},"2":{"start":{"line":10,"column":4},"end":{"line":14,"column":5}},"3":{"start":{"line":11,"column":6},"end":{"line":11,"column":45}},"4":{"start":{"line":13,"column":6},"end":{"line":13,"column":55}},"5":{"start":{"line":17,"column":2},"end":{"line":64,"column":3}}},"fnMap":{"0":{"name":"BenefitCardHeaderActiveAgreement","decl":{"start":{"line":7,"column":24},"end":{"line":7,"column":56}},"loc":{"start":{"line":7,"column":64},"end":{"line":65,"column":1}},"line":7},"1":{"name":"(anonymous_1)","decl":{"start":{"line":9,"column":30},"end":{"line":9,"column":31}},"loc":{"start":{"line":9,"column":36},"end":{"line":15,"column":3}},"line":9}},"branchMap":{"0":{"loc":{"start":{"line":8,"column":12},"end":{"line":8,"column":43}},"type":"cond-expr","locations":[{"start":{"line":8,"column":36},"end":{"line":8,"column":38}},{"start":{"line":8,"column":41},"end":{"line":8,"column":43}}],"line":8},"1":{"loc":{"start":{"line":10,"column":4},"end":{"line":14,"column":5}},"type":"if","locations":[{"start":{"line":10,"column":4},"end":{"line":14,"column":5}},{"start":{"line":12,"column":11},"end":{"line":14,"column":5}}],"line":10}},"s":{"0":2,"1":2,"2":2,"3":0,"4":2,"5":2},"f":{"0":2,"1":2},"b":{"0":[1,1],"1":[0,2]},"_coverageSchema":"1a1c01bbd47fc00a2c39e90264f33305004495a9","hash":"2cb766a5db15e8b3914cadfc40f6263077c464a6"}
,"/home/runner/work/sc-digital-centre/sc-digital-centre/components/atoms/BenefitCardHeaderInactive.js": {"path":"/home/runner/work/sc-digital-centre/sc-digital-centre/components/atoms/BenefitCardHeaderInactive.js","statementMap":{"0":{"start":{"line":8,"column":12},"end":{"line":8,"column":43}},"1":{"start":{"line":9,"column":30},"end":{"line":11,"column":3}},"2":{"start":{"line":10,"column":4},"end":{"line":10,"column":53}},"3":{"start":{"line":13,"column":2},"end":{"line":42,"column":3}}},"fnMap":{"0":{"name":"BenefitCardHeaderInactive","decl":{"start":{"line":7,"column":24},"end":{"line":7,"column":49}},"loc":{"start":{"line":7,"column":57},"end":{"line":43,"column":1}},"line":7},"1":{"name":"(anonymous_1)","decl":{"start":{"line":9,"column":30},"end":{"line":9,"column":31}},"loc":{"start":{"line":9,"column":36},"end":{"line":11,"column":3}},"line":9}},"branchMap":{"0":{"loc":{"start":{"line":8,"column":12},"end":{"line":8,"column":43}},"type":"cond-expr","locations":[{"start":{"line":8,"column":36},"end":{"line":8,"column":38}},{"start":{"line":8,"column":41},"end":{"line":8,"column":43}}],"line":8}},"s":{"0":4,"1":4,"2":4,"3":4},"f":{"0":4,"1":4},"b":{"0":[2,2]},"_coverageSchema":"1a1c01bbd47fc00a2c39e90264f33305004495a9","hash":"9dab7656187b91ee29f066bbb90dc8d4444dd5bb"}
,"/home/runner/work/sc-digital-centre/sc-digital-centre/components/atoms/BenefitCardHeaderPending.js": {"path":"/home/runner/work/sc-digital-centre/sc-digital-centre/components/atoms/BenefitCardHeaderPending.js","statementMap":{"0":{"start":{"line":8,"column":12},"end":{"line":8,"column":43}},"1":{"start":{"line":9,"column":30},"end":{"line":15,"column":3}},"2":{"start":{"line":10,"column":4},"end":{"line":14,"column":5}},"3":{"start":{"line":11,"column":6},"end":{"line":11,"column":45}},"4":{"start":{"line":13,"column":6},"end":{"line":13,"column":55}},"5":{"start":{"line":17,"column":2},"end":{"line":74,"column":3}}},"fnMap":{"0":{"name":"BenefitCardHeaderPending","decl":{"start":{"line":7,"column":24},"end":{"line":7,"column":48}},"loc":{"start":{"line":7,"column":56},"end":{"line":75,"column":1}},"line":7},"1":{"name":"(anonymous_1)","decl":{"start":{"line":9,"column":30},"end":{"line":9,"column":31}},"loc":{"start":{"line":9,"column":36},"end":{"line":15,"column":3}},"line":9}},"branchMap":{"0":{"loc":{"start":{"line":8,"column":12},"end":{"line":8,"column":43}},"type":"cond-expr","locations":[{"start":{"line":8,"column":36},"end":{"line":8,"column":38}},{"start":{"line":8,"column":41},"end":{"line":8,"column":43}}],"line":8},"1":{"loc":{"start":{"line":10,"column":4},"end":{"line":14,"column":5}},"type":"if","locations":[{"start":{"line":10,"column":4},"end":{"line":14,"column":5}},{"start":{"line":12,"column":11},"end":{"line":14,"column":5}}],"line":10}},"s":{"0":7,"1":7,"2":7,"3":2,"4":5,"5":7},"f":{"0":7,"1":7},"b":{"0":[3,4],"1":[2,5]},"_coverageSchema":"1a1c01bbd47fc00a2c39e90264f33305004495a9","hash":"56f2b5ad4ec199e8a821cff9caa833b79f2daf38"}
,"/home/runner/work/sc-digital-centre/sc-digital-centre/components/atoms/BenefitDetailPart.js": {"path":"/home/runner/work/sc-digital-centre/sc-digital-centre/components/atoms/BenefitDetailPart.js","statementMap":{"0":{"start":{"line":6,"column":26},"end":{"line":30,"column":1}},"1":{"start":{"line":7,"column":12},"end":{"line":7,"column":43}},"2":{"start":{"line":9,"column":2},"end":{"line":29,"column":3}},"3":{"start":{"line":32,"column":0},"end":{"line":38,"column":1}}},"fnMap":{"0":{"name":"(anonymous_0)","decl":{"start":{"line":6,"column":26},"end":{"line":6,"column":27}},"loc":{"start":{"line":6,"column":37},"end":{"line":30,"column":1}},"line":6}},"branchMap":{"0":{"loc":{"start":{"line":7,"column":12},"end":{"line":7,"column":43}},"type":"cond-expr","locations":[{"start":{"line":7,"column":36},"end":{"line":7,"column":38}},{"start":{"line":7,"column":41},"end":{"line":7,"column":43}}],"line":7},"1":{"loc":{"start":{"line":25,"column":11},"end":{"line":25,"column":42}},"type":"binary-expr","locations":[{"start":{"line":25,"column":11},"end":{"line":25,"column":24}},{"start":{"line":25,"column":28},"end":{"line":25,"column":42}}],"line":25}},"s":{"0":4,"1":4,"2":4,"3":4},"f":{"0":4},"b":{"0":[3,1],"1":[4,2]},"_coverageSchema":"1a1c01bbd47fc00a2c39e90264f33305004495a9","hash":"0c63cf33d8e7a878014d843ff616e85baa37c4fa"}
,"/home/runner/work/sc-digital-centre/sc-digital-centre/components/atoms/Breadcrumb.js": {"path":"/home/runner/work/sc-digital-centre/sc-digital-centre/components/atoms/Breadcrumb.js","statementMap":{"0":{"start":{"line":8,"column":2},"end":{"line":38,"column":3}},"1":{"start":{"line":21,"column":14},"end":{"line":33,"column":15}},"2":{"start":{"line":41,"column":0},"end":{"line":58,"column":1}}},"fnMap":{"0":{"name":"Breadcrumb","decl":{"start":{"line":7,"column":24},"end":{"line":7,"column":34}},"loc":{"start":{"line":7,"column":42},"end":{"line":39,"column":1}},"line":7},"1":{"name":"(anonymous_1)","decl":{"start":{"line":20,"column":28},"end":{"line":20,"column":29}},"loc":{"start":{"line":20,"column":43},"end":{"line":34,"column":13}},"line":20}},"branchMap":{"0":{"loc":{"start":{"line":19,"column":9},"end":{"line":35,"column":16}},"type":"cond-expr","locations":[{"start":{"line":20,"column":12},"end":{"line":34,"column":14}},{"start":{"line":35,"column":12},"end":{"line":35,"column":16}}],"line":19}},"s":{"0":3,"1":1,"2":1},"f":{"0":3,"1":1},"b":{"0":[1,2]},"_coverageSchema":"1a1c01bbd47fc00a2c39e90264f33305004495a9","hash":"c5f3a165ea03cddd2224ce7a12ba0c58a6e6c5ed"}
,"/home/runner/work/sc-digital-centre/sc-digital-centre/components/atoms/Card.js": {"path":"/home/runner/work/sc-digital-centre/sc-digital-centre/components/atoms/Card.js","statementMap":{"0":{"start":{"line":5,"column":2},"end":{"line":20,"column":3}},"1":{"start":{"line":23,"column":0},"end":{"line":43,"column":1}}},"fnMap":{"0":{"name":"Card","decl":{"start":{"line":4,"column":24},"end":{"line":4,"column":28}},"loc":{"start":{"line":4,"column":36},"end":{"line":21,"column":1}},"line":4}},"branchMap":{},"s":{"0":2,"1":1},"f":{"0":2},"b":{},"_coverageSchema":"1a1c01bbd47fc00a2c39e90264f33305004495a9","hash":"24292055c375da43d315e0e52dec104dd048394c"}
,"/home/runner/work/sc-digital-centre/sc-digital-centre/components/atoms/DateModified.js": {"path":"/home/runner/work/sc-digital-centre/sc-digital-centre/components/atoms/DateModified.js","statementMap":{"0":{"start":{"line":7,"column":2},"end":{"line":12,"column":3}},"1":{"start":{"line":15,"column":0},"end":{"line":18,"column":1}},"2":{"start":{"line":20,"column":0},"end":{"line":26,"column":1}}},"fnMap":{"0":{"name":"DateModified","decl":{"start":{"line":6,"column":24},"end":{"line":6,"column":36}},"loc":{"start":{"line":6,"column":44},"end":{"line":13,"column":1}},"line":6}},"branchMap":{},"s":{"0":4,"1":3,"2":3},"f":{"0":4},"b":{},"_coverageSchema":"1a1c01bbd47fc00a2c39e90264f33305004495a9","hash":"16d0d1db67d68c61297447dbe996d8a91d9e31de"}
,"/home/runner/work/sc-digital-centre/sc-digital-centre/components/atoms/HorizontalRule.js": {"path":"/home/runner/work/sc-digital-centre/sc-digital-centre/components/atoms/HorizontalRule.js","statementMap":{"0":{"start":{"line":5,"column":2},"end":{"line":29,"column":3}},"1":{"start":{"line":6,"column":4},"end":{"line":10,"column":5}},"2":{"start":{"line":11,"column":9},"end":{"line":29,"column":3}},"3":{"start":{"line":12,"column":4},"end":{"line":16,"column":5}},"4":{"start":{"line":17,"column":9},"end":{"line":29,"column":3}},"5":{"start":{"line":18,"column":4},"end":{"line":22,"column":5}},"6":{"start":{"line":24,"column":4},"end":{"line":28,"column":5}}},"fnMap":{"0":{"name":"HorizontalRule","decl":{"start":{"line":4,"column":24},"end":{"line":4,"column":38}},"loc":{"start":{"line":4,"column":46},"end":{"line":30,"column":1}},"line":4}},"branchMap":{"0":{"loc":{"start":{"line":5,"column":2},"end":{"line":29,"column":3}},"type":"if","locations":[{"start":{"line":5,"column":2},"end":{"line":29,"column":3}},{"start":{"line":11,"column":9},"end":{"line":29,"column":3}}],"line":5},"1":{"loc":{"start":{"line":5,"column":6},"end":{"line":5,"column":38}},"type":"binary-expr","locations":[{"start":{"line":5,"column":6},"end":{"line":5,"column":18}},{"start":{"line":5,"column":22},"end":{"line":5,"column":38}}],"line":5},"2":{"loc":{"start":{"line":11,"column":9},"end":{"line":29,"column":3}},"type":"if","locations":[{"start":{"line":11,"column":9},"end":{"line":29,"column":3}},{"start":{"line":17,"column":9},"end":{"line":29,"column":3}}],"line":11},"3":{"loc":{"start":{"line":17,"column":9},"end":{"line":29,"column":3}},"type":"if","locations":[{"start":{"line":17,"column":9},"end":{"line":29,"column":3}},{"start":{"line":23,"column":9},"end":{"line":29,"column":3}}],"line":17}},"s":{"0":69,"1":0,"2":69,"3":0,"4":69,"5":39,"6":30},"f":{"0":69},"b":{"0":[0,69],"1":[69,0],"2":[0,69],"3":[39,30]},"_coverageSchema":"1a1c01bbd47fc00a2c39e90264f33305004495a9","hash":"5bcf64ecd3a36dbdfa95a003d34e5370ae938a61"}
,"/home/runner/work/sc-digital-centre/sc-digital-centre/components/atoms/Meta.js": {"path":"/home/runner/work/sc-digital-centre/sc-digital-centre/components/atoms/Meta.js","statementMap":{"0":{"start":{"line":6,"column":2},"end":{"line":60,"column":3}},"1":{"start":{"line":25,"column":8},"end":{"line":30,"column":10}},"2":{"start":{"line":63,"column":0},"end":{"line":67,"column":1}},"3":{"start":{"line":69,"column":0},"end":{"line":89,"column":1}}},"fnMap":{"0":{"name":"Meta","decl":{"start":{"line":5,"column":24},"end":{"line":5,"column":28}},"loc":{"start":{"line":5,"column":36},"end":{"line":61,"column":1}},"line":5},"1":{"name":"(anonymous_1)","decl":{"start":{"line":24,"column":35},"end":{"line":24,"column":36}},"loc":{"start":{"line":25,"column":8},"end":{"line":30,"column":10}},"line":25}},"branchMap":{"0":{"loc":{"start":{"line":18,"column":17},"end":{"line":18,"column":54}},"type":"cond-expr","locations":[{"start":{"line":18,"column":41},"end":{"line":18,"column":46}},{"start":{"line":18,"column":49},"end":{"line":18,"column":54}}],"line":18},"1":{"loc":{"start":{"line":39,"column":7},"end":{"line":55,"column":7}},"type":"binary-expr","locations":[{"start":{"line":39,"column":7},"end":{"line":39,"column":30}},{"start":{"line":40,"column":8},"end":{"line":54,"column":11}}],"line":39}},"s":{"0":2,"1":2,"2":2,"3":2},"f":{"0":2,"1":2},"b":{"0":[1,1],"1":[2,1]},"_coverageSchema":"1a1c01bbd47fc00a2c39e90264f33305004495a9","hash":"6bbd96f390de37e846dd8a4f9d76f6b92e1a8362"}
,"/home/runner/work/sc-digital-centre/sc-digital-centre/components/atoms/NoBenefitCardHeader.js": {"path":"/home/runner/work/sc-digital-centre/sc-digital-centre/components/atoms/NoBenefitCardHeader.js","statementMap":{"0":{"start":{"line":6,"column":12},"end":{"line":6,"column":43}},"1":{"start":{"line":7,"column":22},"end":{"line":7,"column":47}},"2":{"start":{"line":9,"column":30},"end":{"line":11,"column":3}},"3":{"start":{"line":10,"column":4},"end":{"line":10,"column":39}},"4":{"start":{"line":13,"column":2},"end":{"line":38,"column":3}}},"fnMap":{"0":{"name":"BenefitCardHeaderActive","decl":{"start":{"line":5,"column":24},"end":{"line":5,"column":47}},"loc":{"start":{"line":5,"column":55},"end":{"line":39,"column":1}},"line":5},"1":{"name":"(anonymous_1)","decl":{"start":{"line":9,"column":30},"end":{"line":9,"column":31}},"loc":{"start":{"line":9,"column":36},"end":{"line":11,"column":3}},"line":9}},"branchMap":{"0":{"loc":{"start":{"line":6,"column":12},"end":{"line":6,"column":43}},"type":"cond-expr","locations":[{"start":{"line":6,"column":36},"end":{"line":6,"column":38}},{"start":{"line":6,"column":41},"end":{"line":6,"column":43}}],"line":6}},"s":{"0":8,"1":8,"2":8,"3":16,"4":8},"f":{"0":8,"1":16},"b":{"0":[4,4]},"_coverageSchema":"1a1c01bbd47fc00a2c39e90264f33305004495a9","hash":"488e588b5e2dcad047fd7def9f479208f10a791e"}
,"/home/runner/work/sc-digital-centre/sc-digital-centre/components/atoms/PhaseBanner.js": {"path":"/home/runner/work/sc-digital-centre/sc-digital-centre/components/atoms/PhaseBanner.js","statementMap":{"0":{"start":{"line":8,"column":2},"end":{"line":28,"column":3}},"1":{"start":{"line":31,"column":0},"end":{"line":40,"column":1}}},"fnMap":{"0":{"name":"PhaseBanner","decl":{"start":{"line":7,"column":24},"end":{"line":7,"column":35}},"loc":{"start":{"line":7,"column":43},"end":{"line":29,"column":1}},"line":7}},"branchMap":{},"s":{"0":2,"1":2},"f":{"0":2},"b":{},"_coverageSchema":"1a1c01bbd47fc00a2c39e90264f33305004495a9","hash":"7b2ff0716d4c7989d1e8494ab232cf1a75ea65fd"}
,"/home/runner/work/sc-digital-centre/sc-digital-centre/components/atoms/ProfileInfoSection.js": {"path":"/home/runner/work/sc-digital-centre/sc-digital-centre/components/atoms/ProfileInfoSection.js","statementMap":{"0":{"start":{"line":4,"column":2},"end":{"line":29,"column":3}},"1":{"start":{"line":12,"column":12},"end":{"line":24,"column":13}},"2":{"start":{"line":21,"column":18},"end":{"line":21,"column":44}},"3":{"start":{"line":32,"column":0},"end":{"line":41,"column":1}}},"fnMap":{"0":{"name":"ProfileInfoSection","decl":{"start":{"line":3,"column":24},"end":{"line":3,"column":42}},"loc":{"start":{"line":3,"column":50},"end":{"line":30,"column":1}},"line":3},"1":{"name":"(anonymous_1)","decl":{"start":{"line":11,"column":26},"end":{"line":11,"column":27}},"loc":{"start":{"line":11,"column":36},"end":{"line":25,"column":11}},"line":11},"2":{"name":"(anonymous_2)","decl":{"start":{"line":20,"column":34},"end":{"line":20,"column":35}},"loc":{"start":{"line":21,"column":18},"end":{"line":21,"column":44}},"line":21}},"branchMap":{},"s":{"0":8,"1":22,"2":36,"3":3},"f":{"0":8,"1":22,"2":36},"b":{},"_coverageSchema":"1a1c01bbd47fc00a2c39e90264f33305004495a9","hash":"513e1728eeecc7fe81e154ac3a985e844c0bbdbb"}
,"/home/runner/work/sc-digital-centre/sc-digital-centre/components/atoms/SettingsNavButton.js": {"path":"/home/runner/work/sc-digital-centre/sc-digital-centre/components/atoms/SettingsNavButton.js","statementMap":{"0":{"start":{"line":7,"column":22},"end":{"line":7,"column":27}},"1":{"start":{"line":10,"column":4},"end":{"line":10,"column":147}},"2":{"start":{"line":12,"column":4},"end":{"line":12,"column":157}},"3":{"start":{"line":13,"column":2},"end":{"line":31,"column":3}},"4":{"start":{"line":34,"column":0},"end":{"line":76,"column":1}}},"fnMap":{"0":{"name":"SettingsNavButton","decl":{"start":{"line":6,"column":24},"end":{"line":6,"column":41}},"loc":{"start":{"line":6,"column":49},"end":{"line":32,"column":1}},"line":6}},"branchMap":{"0":{"loc":{"start":{"line":16,"column":8},"end":{"line":20,"column":27}},"type":"cond-expr","locations":[{"start":{"line":17,"column":12},"end":{"line":19,"column":25}},{"start":{"line":20,"column":12},"end":{"line":20,"column":27}}],"line":16},"1":{"loc":{"start":{"line":17,"column":12},"end":{"line":19,"column":25}},"type":"cond-expr","locations":[{"start":{"line":18,"column":14},"end":{"line":18,"column":26}},{"start":{"line":19,"column":14},"end":{"line":19,"column":25}}],"line":17}},"s":{"0":7,"1":7,"2":7,"3":7,"4":2},"f":{"0":7},"b":{"0":[4,1],"1":[3,1]},"_coverageSchema":"1a1c01bbd47fc00a2c39e90264f33305004495a9","hash":"339b5f4f7e94ae9b3102328049dc6fc85913a9f8"}
,"/home/runner/work/sc-digital-centre/sc-digital-centre/components/atoms/StatusBadge.js": {"path":"/home/runner/work/sc-digital-centre/sc-digital-centre/components/atoms/StatusBadge.js","statementMap":{"0":{"start":{"line":8,"column":2},"end":{"line":16,"column":3}},"1":{"start":{"line":19,"column":0},"end":{"line":28,"column":1}}},"fnMap":{"0":{"name":"StatusBadge","decl":{"start":{"line":7,"column":24},"end":{"line":7,"column":35}},"loc":{"start":{"line":7,"column":43},"end":{"line":17,"column":1}},"line":7}},"branchMap":{},"s":{"0":22,"1":6},"f":{"0":22},"b":{},"_coverageSchema":"1a1c01bbd47fc00a2c39e90264f33305004495a9","hash":"aef55cf81a412d1537d57007487a9f39a0a844ca"}
,"/home/runner/work/sc-digital-centre/sc-digital-centre/components/atoms/ViewMoreLessButton.js": {"path":"/home/runner/work/sc-digital-centre/sc-digital-centre/components/atoms/ViewMoreLessButton.js","statementMap":{"0":{"start":{"line":5,"column":2},"end":{"line":22,"column":3}},"1":{"start":{"line":25,"column":0},"end":{"line":31,"column":1}}},"fnMap":{"0":{"name":"ViewMoreLessButton","decl":{"start":{"line":4,"column":24},"end":{"line":4,"column":42}},"loc":{"start":{"line":4,"column":50},"end":{"line":23,"column":1}},"line":4}},"branchMap":{"0":{"loc":{"start":{"line":17,"column":21},"end":{"line":17,"column":73}},"type":"cond-expr","locations":[{"start":{"line":17,"column":34},"end":{"line":17,"column":57}},{"start":{"line":17,"column":60},"end":{"line":17,"column":73}}],"line":17}},"s":{"0":15,"1":4},"f":{"0":15},"b":{"0":[1,14]},"_coverageSchema":"1a1c01bbd47fc00a2c39e90264f33305004495a9","hash":"258706a20bfe427b652c233963371eed8b8ccb7d"}
,"/home/runner/work/sc-digital-centre/sc-digital-centre/components/molecules/ActiveBenefitDetails.js": {"path":"/home/runner/work/sc-digital-centre/sc-digital-centre/components/molecules/ActiveBenefitDetails.js","statementMap":{"0":{"start":{"line":8,"column":29},"end":{"line":50,"column":1}},"1":{"start":{"line":9,"column":12},"end":{"line":9,"column":43}},"2":{"start":{"line":11,"column":2},"end":{"line":49,"column":3}},"3":{"start":{"line":52,"column":0},"end":{"line":67,"column":1}}},"fnMap":{"0":{"name":"(anonymous_0)","decl":{"start":{"line":8,"column":29},"end":{"line":8,"column":30}},"loc":{"start":{"line":8,"column":40},"end":{"line":50,"column":1}},"line":8}},"branchMap":{"0":{"loc":{"start":{"line":9,"column":12},"end":{"line":9,"column":43}},"type":"cond-expr","locations":[{"start":{"line":9,"column":36},"end":{"line":9,"column":38}},{"start":{"line":9,"column":41},"end":{"line":9,"column":43}}],"line":9},"1":{"loc":{"start":{"line":22,"column":14},"end":{"line":24,"column":34}},"type":"cond-expr","locations":[{"start":{"line":23,"column":18},"end":{"line":23,"column":44}},{"start":{"line":24,"column":18},"end":{"line":24,"column":34}}],"line":22}},"s":{"0":3,"1":1,"2":1,"3":3},"f":{"0":1},"b":{"0":[1,0],"1":[0,1]},"_coverageSchema":"1a1c01bbd47fc00a2c39e90264f33305004495a9","hash":"f42866a49e01f36d8a72ffbcbd5ab6f2639d6b7e"}
,"/home/runner/work/sc-digital-centre/sc-digital-centre/components/molecules/BenefitApplicationCard.js": {"path":"/home/runner/work/sc-digital-centre/sc-digital-centre/components/molecules/BenefitApplicationCard.js","statementMap":{"0":{"start":{"line":8,"column":31},"end":{"line":89,"column":1}},"1":{"start":{"line":9,"column":12},"end":{"line":9,"column":43}},"2":{"start":{"line":10,"column":22},"end":{"line":10,"column":58}},"3":{"start":{"line":11,"column":25},"end":{"line":11,"column":64}},"4":{"start":{"line":12,"column":22},"end":{"line":12,"column":58}},"5":{"start":{"line":14,"column":35},"end":{"line":20,"column":3}},"6":{"start":{"line":15,"column":4},"end":{"line":19,"column":5}},"7":{"start":{"line":22,"column":31},"end":{"line":26,"column":3}},"8":{"start":{"line":23,"column":4},"end":{"line":25,"column":45}},"9":{"start":{"line":28,"column":2},"end":{"line":88,"column":3}},"10":{"start":{"line":93,"column":0},"end":{"line":106,"column":1}}},"fnMap":{"0":{"name":"(anonymous_0)","decl":{"start":{"line":8,"column":31},"end":{"line":8,"column":32}},"loc":{"start":{"line":8,"column":42},"end":{"line":89,"column":1}},"line":8},"1":{"name":"(anonymous_1)","decl":{"start":{"line":14,"column":35},"end":{"line":14,"column":36}},"loc":{"start":{"line":14,"column":41},"end":{"line":20,"column":3}},"line":14},"2":{"name":"(anonymous_2)","decl":{"start":{"line":22,"column":31},"end":{"line":22,"column":32}},"loc":{"start":{"line":22,"column":37},"end":{"line":26,"column":3}},"line":22}},"branchMap":{"0":{"loc":{"start":{"line":9,"column":12},"end":{"line":9,"column":43}},"type":"cond-expr","locations":[{"start":{"line":9,"column":36},"end":{"line":9,"column":38}},{"start":{"line":9,"column":41},"end":{"line":9,"column":43}}],"line":9},"1":{"loc":{"start":{"line":16,"column":6},"end":{"line":18,"column":51}},"type":"binary-expr","locations":[{"start":{"line":16,"column":7},"end":{"line":16,"column":52}},{"start":{"line":17,"column":8},"end":{"line":17,"column":45}},{"start":{"line":18,"column":6},"end":{"line":18,"column":51}}],"line":16},"2":{"loc":{"start":{"line":23,"column":11},"end":{"line":25,"column":45}},"type":"cond-expr","locations":[{"start":{"line":24,"column":8},"end":{"line":24,"column":19}},{"start":{"line":25,"column":8},"end":{"line":25,"column":45}}],"line":23},"3":{"loc":{"start":{"line":57,"column":13},"end":{"line":71,"column":13}},"type":"cond-expr","locations":[{"start":{"line":58,"column":14},"end":{"line":68,"column":20}},{"start":{"line":70,"column":14},"end":{"line":70,"column":52}}],"line":57}},"s":{"0":2,"1":8,"2":8,"3":8,"4":8,"5":8,"6":8,"7":8,"8":16,"9":8,"10":2},"f":{"0":8,"1":8,"2":16},"b":{"0":[3,5],"1":[8,2,7],"2":[14,2],"3":[4,4]},"_coverageSchema":"1a1c01bbd47fc00a2c39e90264f33305004495a9","hash":"afa8b9dff058cfbc19bac737b17afdb74df2acd2"}
,"/home/runner/work/sc-digital-centre/sc-digital-centre/components/molecules/BenefitCard.js": {"path":"/home/runner/work/sc-digital-centre/sc-digital-centre/components/molecules/BenefitCard.js","statementMap":{"0":{"start":{"line":17,"column":20},"end":{"line":187,"column":1}},"1":{"start":{"line":18,"column":12},"end":{"line":18,"column":43}},"2":{"start":{"line":19,"column":30},"end":{"line":19,"column":45}},"3":{"start":{"line":20,"column":38},"end":{"line":20,"column":58}},"4":{"start":{"line":21,"column":23},"end":{"line":21,"column":35}},"5":{"start":{"line":22,"column":23},"end":{"line":22,"column":35}},"6":{"start":{"line":23,"column":22},"end":{"line":26,"column":3}},"7":{"start":{"line":24,"column":4},"end":{"line":24,"column":51}},"8":{"start":{"line":25,"column":4},"end":{"line":25,"column":22}},"9":{"start":{"line":28,"column":29},"end":{"line":44,"column":3}},"10":{"start":{"line":30,"column":4},"end":{"line":42,"column":5}},"11":{"start":{"line":32,"column":6},"end":{"line":32,"column":66}},"12":{"start":{"line":33,"column":11},"end":{"line":42,"column":5}},"13":{"start":{"line":38,"column":6},"end":{"line":38,"column":68}},"14":{"start":{"line":41,"column":6},"end":{"line":41,"column":42}},"15":{"start":{"line":43,"column":4},"end":{"line":43,"column":54}},"16":{"start":{"line":43,"column":34},"end":{"line":43,"column":42}},"17":{"start":{"line":46,"column":19},"end":{"line":57,"column":3}},"18":{"start":{"line":47,"column":4},"end":{"line":47,"column":62}},"19":{"start":{"line":47,"column":56},"end":{"line":47,"column":62}},"20":{"start":{"line":48,"column":4},"end":{"line":56,"column":10}},"21":{"start":{"line":59,"column":30},"end":{"line":94,"column":3}},"22":{"start":{"line":60,"column":4},"end":{"line":93,"column":5}},"23":{"start":{"line":62,"column":8},"end":{"line":69,"column":9}},"24":{"start":{"line":71,"column":8},"end":{"line":76,"column":9}},"25":{"start":{"line":78,"column":8},"end":{"line":83,"column":9}},"26":{"start":{"line":85,"column":8},"end":{"line":90,"column":9}},"27":{"start":{"line":92,"column":8},"end":{"line":92,"column":19}},"28":{"start":{"line":96,"column":30},"end":{"line":121,"column":3}},"29":{"start":{"line":97,"column":4},"end":{"line":120,"column":5}},"30":{"start":{"line":99,"column":8},"end":{"line":104,"column":9}},"31":{"start":{"line":106,"column":8},"end":{"line":111,"column":9}},"32":{"start":{"line":113,"column":8},"end":{"line":117,"column":9}},"33":{"start":{"line":119,"column":8},"end":{"line":119,"column":19}},"34":{"start":{"line":123,"column":2},"end":{"line":186,"column":3}},"35":{"start":{"line":149,"column":12},"end":{"line":159,"column":13}},"36":{"start":{"line":178,"column":12},"end":{"line":178,"column":25}},"37":{"start":{"line":179,"column":12},"end":{"line":179,"column":22}},"38":{"start":{"line":191,"column":0},"end":{"line":209,"column":1}}},"fnMap":{"0":{"name":"(anonymous_0)","decl":{"start":{"line":17,"column":20},"end":{"line":17,"column":21}},"loc":{"start":{"line":17,"column":31},"end":{"line":187,"column":1}},"line":17},"1":{"name":"(anonymous_1)","decl":{"start":{"line":23,"column":22},"end":{"line":23,"column":23}},"loc":{"start":{"line":23,"column":28},"end":{"line":26,"column":3}},"line":23},"2":{"name":"(anonymous_2)","decl":{"start":{"line":28,"column":29},"end":{"line":28,"column":30}},"loc":{"start":{"line":28,"column":35},"end":{"line":44,"column":3}},"line":28},"3":{"name":"(anonymous_3)","decl":{"start":{"line":43,"column":27},"end":{"line":43,"column":28}},"loc":{"start":{"line":43,"column":34},"end":{"line":43,"column":42}},"line":43},"4":{"name":"(anonymous_4)","decl":{"start":{"line":46,"column":19},"end":{"line":46,"column":20}},"loc":{"start":{"line":46,"column":25},"end":{"line":57,"column":3}},"line":46},"5":{"name":"(anonymous_5)","decl":{"start":{"line":59,"column":30},"end":{"line":59,"column":31}},"loc":{"start":{"line":59,"column":36},"end":{"line":94,"column":3}},"line":59},"6":{"name":"(anonymous_6)","decl":{"start":{"line":96,"column":30},"end":{"line":96,"column":31}},"loc":{"start":{"line":96,"column":36},"end":{"line":121,"column":3}},"line":96},"7":{"name":"(anonymous_7)","decl":{"start":{"line":148,"column":26},"end":{"line":148,"column":27}},"loc":{"start":{"line":148,"column":44},"end":{"line":160,"column":11}},"line":148},"8":{"name":"(anonymous_8)","decl":{"start":{"line":177,"column":19},"end":{"line":177,"column":20}},"loc":{"start":{"line":177,"column":25},"end":{"line":180,"column":11}},"line":177}},"branchMap":{"0":{"loc":{"start":{"line":18,"column":12},"end":{"line":18,"column":43}},"type":"cond-expr","locations":[{"start":{"line":18,"column":36},"end":{"line":18,"column":38}},{"start":{"line":18,"column":41},"end":{"line":18,"column":43}}],"line":18},"1":{"loc":{"start":{"line":24,"column":18},"end":{"line":24,"column":50}},"type":"cond-expr","locations":[{"start":{"line":24,"column":27},"end":{"line":24,"column":37}},{"start":{"line":24,"column":40},"end":{"line":24,"column":50}}],"line":24},"2":{"loc":{"start":{"line":30,"column":4},"end":{"line":42,"column":5}},"type":"if","locations":[{"start":{"line":30,"column":4},"end":{"line":42,"column":5}},{"start":{"line":33,"column":11},"end":{"line":42,"column":5}}],"line":30},"3":{"loc":{"start":{"line":30,"column":8},"end":{"line":30,"column":75}},"type":"binary-expr","locations":[{"start":{"line":30,"column":8},"end":{"line":30,"column":53}},{"start":{"line":30,"column":57},"end":{"line":30,"column":75}}],"line":30},"4":{"loc":{"start":{"line":33,"column":11},"end":{"line":42,"column":5}},"type":"if","locations":[{"start":{"line":33,"column":11},"end":{"line":42,"column":5}},{"start":{"line":39,"column":11},"end":{"line":42,"column":5}}],"line":33},"5":{"loc":{"start":{"line":34,"column":6},"end":{"line":35,"column":23}},"type":"binary-expr","locations":[{"start":{"line":34,"column":6},"end":{"line":34,"column":50}},{"start":{"line":35,"column":6},"end":{"line":35,"column":23}}],"line":34},"6":{"loc":{"start":{"line":47,"column":4},"end":{"line":47,"column":62}},"type":"if","locations":[{"start":{"line":47,"column":4},"end":{"line":47,"column":62}},{"start":{},"end":{}}],"line":47},"7":{"loc":{"start":{"line":47,"column":8},"end":{"line":47,"column":54}},"type":"binary-expr","locations":[{"start":{"line":47,"column":8},"end":{"line":47,"column":29}},{"start":{"line":47,"column":33},"end":{"line":47,"column":54}}],"line":47},"8":{"loc":{"start":{"line":48,"column":4},"end":{"line":56,"column":10}},"type":"cond-expr","locations":[{"start":{"line":49,"column":8},"end":{"line":52,"column":10}},{"start":{"line":53,"column":8},"end":{"line":56,"column":10}}],"line":48},"9":{"loc":{"start":{"line":60,"column":4},"end":{"line":93,"column":5}},"type":"switch","locations":[{"start":{"line":61,"column":6},"end":{"line":69,"column":9}},{"start":{"line":70,"column":6},"end":{"line":76,"column":9}},{"start":{"line":77,"column":6},"end":{"line":83,"column":9}},{"start":{"line":84,"column":6},"end":{"line":90,"column":9}},{"start":{"line":91,"column":6},"end":{"line":92,"column":19}}],"line":60},"10":{"loc":{"start":{"line":97,"column":4},"end":{"line":120,"column":5}},"type":"switch","locations":[{"start":{"line":98,"column":6},"end":{"line":104,"column":9}},{"start":{"line":105,"column":6},"end":{"line":111,"column":9}},{"start":{"line":112,"column":6},"end":{"line":117,"column":9}},{"start":{"line":118,"column":6},"end":{"line":119,"column":19}}],"line":97},"11":{"loc":{"start":{"line":130,"column":7},"end":{"line":137,"column":14}},"type":"cond-expr","locations":[{"start":{"line":131,"column":8},"end":{"line":136,"column":11}},{"start":{"line":137,"column":10},"end":{"line":137,"column":14}}],"line":130},"12":{"loc":{"start":{"line":141,"column":9},"end":{"line":161,"column":9}},"type":"cond-expr","locations":[{"start":{"line":142,"column":10},"end":{"line":146,"column":12}},{"start":{"line":147,"column":12},"end":{"line":161,"column":9}}],"line":141},"13":{"loc":{"start":{"line":147,"column":12},"end":{"line":161,"column":9}},"type":"cond-expr","locations":[{"start":{"line":147,"column":22},"end":{"line":147,"column":26}},{"start":{"line":148,"column":10},"end":{"line":160,"column":12}}],"line":147},"14":{"loc":{"start":{"line":164,"column":7},"end":{"line":170,"column":7}},"type":"cond-expr","locations":[{"start":{"line":167,"column":8},"end":{"line":167,"column":78}},{"start":{"line":169,"column":8},"end":{"line":169,"column":13}}],"line":164},"15":{"loc":{"start":{"line":164,"column":7},"end":{"line":166,"column":42}},"type":"binary-expr","locations":[{"start":{"line":164,"column":7},"end":{"line":164,"column":13}},{"start":{"line":165,"column":6},"end":{"line":166,"column":42}}],"line":164},"16":{"loc":{"start":{"line":171,"column":7},"end":{"line":184,"column":7}},"type":"binary-expr","locations":[{"start":{"line":171,"column":7},"end":{"line":174,"column":7}},{"start":{"line":175,"column":8},"end":{"line":183,"column":10}}],"line":171},"17":{"loc":{"start":{"line":172,"column":8},"end":{"line":173,"column":72}},"type":"binary-expr","locations":[{"start":{"line":172,"column":8},"end":{"line":173,"column":46}},{"start":{"line":173,"column":50},"end":{"line":173,"column":72}}],"line":172}},"s":{"0":2,"1":13,"2":13,"3":13,"4":13,"5":13,"6":13,"7":0,"8":0,"9":13,"10":12,"11":0,"12":12,"13":0,"14":12,"15":0,"16":0,"17":13,"18":0,"19":0,"20":0,"21":13,"22":13,"23":6,"24":4,"25":2,"26":1,"27":0,"28":13,"29":25,"30":12,"31":8,"32":4,"33":1,"34":13,"35":0,"36":0,"37":0,"38":2},"f":{"0":13,"1":0,"2":12,"3":0,"4":0,"5":13,"6":25,"7":0,"8":0},"b":{"0":[2,11],"1":[0,0],"2":[0,12],"3":[12,6],"4":[0,12],"5":[12,2],"6":[0,0],"7":[0,0],"8":[0,0],"9":[6,4,2,1,0],"10":[12,8,4,1],"11":[12,1],"12":[9,4],"13":[4,0],"14":[0,13],"15":[13,0],"16":[13,11],"17":[13,2]},"_coverageSchema":"1a1c01bbd47fc00a2c39e90264f33305004495a9","hash":"148551290cf225b697ccc6ec8f980d93110b3ee3"}
,"/home/runner/work/sc-digital-centre/sc-digital-centre/components/molecules/BenefitTasks.js": {"path":"/home/runner/work/sc-digital-centre/sc-digital-centre/components/molecules/BenefitTasks.js","statementMap":{"0":{"start":{"line":6,"column":12},"end":{"line":6,"column":43}},"1":{"start":{"line":7,"column":25},"end":{"line":9,"column":29}},"2":{"start":{"line":10,"column":23},"end":{"line":10,"column":43}},"3":{"start":{"line":12,"column":2},"end":{"line":36,"column":3}},"4":{"start":{"line":23,"column":10},"end":{"line":32,"column":11}},"5":{"start":{"line":39,"column":0},"end":{"line":47,"column":1}}},"fnMap":{"0":{"name":"BenefitTasks","decl":{"start":{"line":5,"column":24},"end":{"line":5,"column":36}},"loc":{"start":{"line":5,"column":44},"end":{"line":37,"column":1}},"line":5},"1":{"name":"(anonymous_1)","decl":{"start":{"line":22,"column":28},"end":{"line":22,"column":29}},"loc":{"start":{"line":22,"column":46},"end":{"line":33,"column":9}},"line":22}},"branchMap":{"0":{"loc":{"start":{"line":6,"column":12},"end":{"line":6,"column":43}},"type":"cond-expr","locations":[{"start":{"line":6,"column":36},"end":{"line":6,"column":38}},{"start":{"line":6,"column":41},"end":{"line":6,"column":43}}],"line":6},"1":{"loc":{"start":{"line":7,"column":25},"end":{"line":9,"column":29}},"type":"cond-expr","locations":[{"start":{"line":8,"column":6},"end":{"line":8,"column":17}},{"start":{"line":9,"column":6},"end":{"line":9,"column":29}}],"line":7},"2":{"loc":{"start":{"line":15,"column":9},"end":{"line":19,"column":44}},"type":"cond-expr","locations":[{"start":{"line":16,"column":12},"end":{"line":16,"column":24}},{"start":{"line":17,"column":12},"end":{"line":19,"column":44}}],"line":15},"3":{"loc":{"start":{"line":17,"column":12},"end":{"line":19,"column":44}},"type":"cond-expr","locations":[{"start":{"line":18,"column":12},"end":{"line":18,"column":27}},{"start":{"line":19,"column":12},"end":{"line":19,"column":44}}],"line":17}},"s":{"0":18,"1":18,"2":18,"3":18,"4":71,"5":4},"f":{"0":18,"1":71},"b":{"0":[2,16],"1":[0,18],"2":[1,17],"3":[6,11]},"_coverageSchema":"1a1c01bbd47fc00a2c39e90264f33305004495a9","hash":"4ecb7ea64afde2b974b83618417853e7cf73bc78"}
,"/home/runner/work/sc-digital-centre/sc-digital-centre/components/molecules/DSFooter.js": {"path":"/home/runner/work/sc-digital-centre/sc-digital-centre/components/molecules/DSFooter.js","statementMap":{"0":{"start":{"line":4,"column":2},"end":{"line":12,"column":3}}},"fnMap":{"0":{"name":"DSFooter","decl":{"start":{"line":3,"column":24},"end":{"line":3,"column":32}},"loc":{"start":{"line":3,"column":35},"end":{"line":13,"column":1}},"line":3}},"branchMap":{},"s":{"0":6},"f":{"0":6},"b":{},"_coverageSchema":"1a1c01bbd47fc00a2c39e90264f33305004495a9","hash":"6c0209d6d541db79bf90c3df8bd9569fce0e6417"}
,"/home/runner/work/sc-digital-centre/sc-digital-centre/components/molecules/DSHeader.js": {"path":"/home/runner/work/sc-digital-centre/sc-digital-centre/components/molecules/DSHeader.js","statementMap":{"0":{"start":{"line":6,"column":12},"end":{"line":6,"column":43}},"1":{"start":{"line":7,"column":2},"end":{"line":40,"column":3}}},"fnMap":{"0":{"name":"DSHeader","decl":{"start":{"line":5,"column":24},"end":{"line":5,"column":32}},"loc":{"start":{"line":5,"column":40},"end":{"line":41,"column":1}},"line":5},"1":{"name":"noRefCheck","decl":{"start":{"line":30,"column":28},"end":{"line":30,"column":38}},"loc":{"start":{"line":30,"column":41},"end":{"line":30,"column":43}},"line":30},"2":{"name":"noRefCheck","decl":{"start":{"line":36,"column":27},"end":{"line":36,"column":37}},"loc":{"start":{"line":36,"column":40},"end":{"line":36,"column":42}},"line":36},"3":{"name":"noRefCheck","decl":{"start":{"line":37,"column":27},"end":{"line":37,"column":37}},"loc":{"start":{"line":37,"column":40},"end":{"line":37,"column":42}},"line":37}},"branchMap":{"0":{"loc":{"start":{"line":6,"column":12},"end":{"line":6,"column":43}},"type":"cond-expr","locations":[{"start":{"line":6,"column":36},"end":{"line":6,"column":38}},{"start":{"line":6,"column":41},"end":{"line":6,"column":43}}],"line":6}},"s":{"0":14,"1":7},"f":{"0":14,"1":0,"2":0,"3":0},"b":{"0":[0,7]},"_coverageSchema":"1a1c01bbd47fc00a2c39e90264f33305004495a9","hash":"5d7aeda1b8f984f8ed0ed859bb5a2ea0cbc45727"}
,"/home/runner/work/sc-digital-centre/sc-digital-centre/components/molecules/Footer.js": {"path":"/home/runner/work/sc-digital-centre/sc-digital-centre/components/molecules/Footer.js","statementMap":{"0":{"start":{"line":9,"column":2},"end":{"line":87,"column":3}},"1":{"start":{"line":29,"column":16},"end":{"line":38,"column":17}},"2":{"start":{"line":55,"column":18},"end":{"line":72,"column":19}},"3":{"start":{"line":90,"column":0},"end":{"line":128,"column":1}}},"fnMap":{"0":{"name":"Footer","decl":{"start":{"line":8,"column":24},"end":{"line":8,"column":30}},"loc":{"start":{"line":8,"column":38},"end":{"line":88,"column":1}},"line":8},"1":{"name":"(anonymous_1)","decl":{"start":{"line":28,"column":40},"end":{"line":28,"column":41}},"loc":{"start":{"line":28,"column":58},"end":{"line":39,"column":15}},"line":28},"2":{"name":"(anonymous_2)","decl":{"start":{"line":54,"column":33},"end":{"line":54,"column":34}},"loc":{"start":{"line":54,"column":51},"end":{"line":73,"column":17}},"line":54}},"branchMap":{"0":{"loc":{"start":{"line":59,"column":24},"end":{"line":61,"column":79}},"type":"cond-expr","locations":[{"start":{"line":60,"column":28},"end":{"line":60,"column":92}},{"start":{"line":61,"column":28},"end":{"line":61,"column":79}}],"line":59}},"s":{"0":2,"1":3,"2":5,"3":2},"f":{"0":2,"1":3,"2":5},"b":{"0":[2,3]},"_coverageSchema":"1a1c01bbd47fc00a2c39e90264f33305004495a9","hash":"2d3a08cf779bd2a6aeebaa349dc3146e2196cbeb"}
,"/home/runner/work/sc-digital-centre/sc-digital-centre/components/molecules/Greeting.js": {"path":"/home/runner/work/sc-digital-centre/sc-digital-centre/components/molecules/Greeting.js","statementMap":{"0":{"start":{"line":6,"column":12},"end":{"line":6,"column":43}},"1":{"start":{"line":8,"column":2},"end":{"line":24,"column":3}}},"fnMap":{"0":{"name":"Greeting","decl":{"start":{"line":5,"column":24},"end":{"line":5,"column":32}},"loc":{"start":{"line":5,"column":40},"end":{"line":25,"column":1}},"line":5}},"branchMap":{"0":{"loc":{"start":{"line":6,"column":12},"end":{"line":6,"column":43}},"type":"cond-expr","locations":[{"start":{"line":6,"column":36},"end":{"line":6,"column":38}},{"start":{"line":6,"column":41},"end":{"line":6,"column":43}}],"line":6}},"s":{"0":1,"1":1},"f":{"0":1},"b":{"0":[0,1]},"_coverageSchema":"1a1c01bbd47fc00a2c39e90264f33305004495a9","hash":"4003cfb276947c72b5b1d7e2cad78aacc609fe78"}
,"/home/runner/work/sc-digital-centre/sc-digital-centre/components/molecules/Header.js": {"path":"/home/runner/work/sc-digital-centre/sc-digital-centre/components/molecules/Header.js","statementMap":{"0":{"start":{"line":8,"column":17},"end":{"line":8,"column":28}},"1":{"start":{"line":9,"column":34},"end":{"line":9,"column":46}},"2":{"start":{"line":10,"column":16},"end":{"line":10,"column":21}},"3":{"start":{"line":12,"column":46},"end":{"line":12,"column":62}},"4":{"start":{"line":13,"column":2},"end":{"line":21,"column":52}},"5":{"start":{"line":15,"column":4},"end":{"line":19,"column":5}},"6":{"start":{"line":16,"column":6},"end":{"line":18,"column":7}},"7":{"start":{"line":20,"column":4},"end":{"line":20,"column":44}},"8":{"start":{"line":23,"column":2},"end":{"line":126,"column":3}},"9":{"start":{"line":129,"column":0},"end":{"line":164,"column":1}}},"fnMap":{"0":{"name":"Header","decl":{"start":{"line":7,"column":24},"end":{"line":7,"column":30}},"loc":{"start":{"line":7,"column":38},"end":{"line":127,"column":1}},"line":7},"1":{"name":"(anonymous_1)","decl":{"start":{"line":13,"column":18},"end":{"line":13,"column":19}},"loc":{"start":{"line":13,"column":24},"end":{"line":21,"column":3}},"line":13}},"branchMap":{"0":{"loc":{"start":{"line":15,"column":4},"end":{"line":19,"column":5}},"type":"if","locations":[{"start":{"line":15,"column":4},"end":{"line":19,"column":5}},{"start":{},"end":{}}],"line":15},"1":{"loc":{"start":{"line":15,"column":8},"end":{"line":15,"column":62}},"type":"binary-expr","locations":[{"start":{"line":15,"column":8},"end":{"line":15,"column":28}},{"start":{"line":15,"column":32},"end":{"line":15,"column":45}},{"start":{"line":15,"column":49},"end":{"line":15,"column":62}}],"line":15},"2":{"loc":{"start":{"line":47,"column":18},"end":{"line":49,"column":39}},"type":"cond-expr","locations":[{"start":{"line":48,"column":22},"end":{"line":48,"column":39}},{"start":{"line":49,"column":22},"end":{"line":49,"column":39}}],"line":47},"3":{"loc":{"start":{"line":52,"column":18},"end":{"line":54,"column":46}},"type":"cond-expr","locations":[{"start":{"line":53,"column":22},"end":{"line":53,"column":44}},{"start":{"line":54,"column":22},"end":{"line":54,"column":46}}],"line":52},"4":{"loc":{"start":{"line":62,"column":20},"end":{"line":62,"column":41}},"type":"binary-expr","locations":[{"start":{"line":62,"column":20},"end":{"line":62,"column":34}},{"start":{"line":62,"column":38},"end":{"line":62,"column":41}}],"line":62},"5":{"loc":{"start":{"line":63,"column":22},"end":{"line":63,"column":59}},"type":"cond-expr","locations":[{"start":{"line":63,"column":48},"end":{"line":63,"column":52}},{"start":{"line":63,"column":55},"end":{"line":63,"column":59}}],"line":63},"6":{"loc":{"start":{"line":68,"column":22},"end":{"line":68,"column":59}},"type":"cond-expr","locations":[{"start":{"line":68,"column":48},"end":{"line":68,"column":52}},{"start":{"line":68,"column":55},"end":{"line":68,"column":59}}],"line":68},"7":{"loc":{"start":{"line":70,"column":17},"end":{"line":70,"column":54}},"type":"cond-expr","locations":[{"start":{"line":70,"column":43},"end":{"line":70,"column":47}},{"start":{"line":70,"column":50},"end":{"line":70,"column":54}}],"line":70},"8":{"loc":{"start":{"line":79,"column":20},"end":{"line":79,"column":41}},"type":"binary-expr","locations":[{"start":{"line":79,"column":20},"end":{"line":79,"column":34}},{"start":{"line":79,"column":38},"end":{"line":79,"column":41}}],"line":79},"9":{"loc":{"start":{"line":80,"column":22},"end":{"line":80,"column":59}},"type":"cond-expr","locations":[{"start":{"line":80,"column":48},"end":{"line":80,"column":52}},{"start":{"line":80,"column":55},"end":{"line":80,"column":59}}],"line":80},"10":{"loc":{"start":{"line":86,"column":22},"end":{"line":86,"column":59}},"type":"cond-expr","locations":[{"start":{"line":86,"column":48},"end":{"line":86,"column":52}},{"start":{"line":86,"column":55},"end":{"line":86,"column":59}}],"line":86},"11":{"loc":{"start":{"line":88,"column":17},"end":{"line":88,"column":65}},"type":"cond-expr","locations":[{"start":{"line":88,"column":43},"end":{"line":88,"column":53}},{"start":{"line":88,"column":56},"end":{"line":88,"column":65}}],"line":88}},"s":{"0":3,"1":3,"2":3,"3":3,"4":3,"5":3,"6":0,"7":3,"8":3,"9":2},"f":{"0":3,"1":3},"b":{"0":[0,3],"1":[3,0,0],"2":[2,1],"3":[2,1],"4":[3,3],"5":[2,1],"6":[2,1],"7":[2,1],"8":[3,3],"9":[2,1],"10":[2,1],"11":[2,1]},"_coverageSchema":"1a1c01bbd47fc00a2c39e90264f33305004495a9","hash":"90f36c13a3f08778a87987436dc2290b2e8b3b31"}
,"/home/runner/work/sc-digital-centre/sc-digital-centre/components/molecules/Menu.js": {"path":"/home/runner/work/sc-digital-centre/sc-digital-centre/components/molecules/Menu.js","statementMap":{"0":{"start":{"line":11,"column":21},"end":{"line":11,"column":32}},"1":{"start":{"line":13,"column":2},"end":{"line":75,"column":3}},"2":{"start":{"line":42,"column":31},"end":{"line":42,"column":51}},"3":{"start":{"line":44,"column":14},"end":{"line":59,"column":15}},"4":{"start":{"line":78,"column":0},"end":{"line":99,"column":1}}},"fnMap":{"0":{"name":"Menu","decl":{"start":{"line":9,"column":24},"end":{"line":9,"column":28}},"loc":{"start":{"line":9,"column":36},"end":{"line":76,"column":1}},"line":9},"1":{"name":"(anonymous_1)","decl":{"start":{"line":41,"column":29},"end":{"line":41,"column":30}},"loc":{"start":{"line":41,"column":44},"end":{"line":60,"column":13}},"line":41}},"branchMap":{"0":{"loc":{"start":{"line":48,"column":20},"end":{"line":50,"column":32}},"type":"cond-expr","locations":[{"start":{"line":49,"column":24},"end":{"line":49,"column":44}},{"start":{"line":50,"column":24},"end":{"line":50,"column":32}}],"line":48},"1":{"loc":{"start":{"line":48,"column":20},"end":{"line":48,"column":63}},"type":"binary-expr","locations":[{"start":{"line":48,"column":20},"end":{"line":48,"column":29}},{"start":{"line":48,"column":33},"end":{"line":48,"column":63}}],"line":48},"2":{"loc":{"start":{"line":53,"column":32},"end":{"line":53,"column":56}},"type":"cond-expr","locations":[{"start":{"line":53,"column":43},"end":{"line":53,"column":49}},{"start":{"line":53,"column":52},"end":{"line":53,"column":56}}],"line":53}},"s":{"0":6,"1":6,"2":18,"3":18,"4":3},"f":{"0":6,"1":18},"b":{"0":[12,6],"1":[18,12],"2":[15,3]},"_coverageSchema":"1a1c01bbd47fc00a2c39e90264f33305004495a9","hash":"bd6a1063a51a81f5e313868b2cb2c5fa4843e8f2"}
,"/home/runner/work/sc-digital-centre/sc-digital-centre/components/molecules/NoBenefitCard.js": {"path":"/home/runner/work/sc-digital-centre/sc-digital-centre/components/molecules/NoBenefitCard.js","statementMap":{"0":{"start":{"line":9,"column":22},"end":{"line":62,"column":1}},"1":{"start":{"line":10,"column":12},"end":{"line":10,"column":43}},"2":{"start":{"line":11,"column":30},"end":{"line":11,"column":45}},"3":{"start":{"line":12,"column":38},"end":{"line":12,"column":58}},"4":{"start":{"line":13,"column":23},"end":{"line":13,"column":35}},"5":{"start":{"line":14,"column":23},"end":{"line":14,"column":35}},"6":{"start":{"line":15,"column":22},"end":{"line":18,"column":3}},"7":{"start":{"line":16,"column":4},"end":{"line":16,"column":51}},"8":{"start":{"line":17,"column":4},"end":{"line":17,"column":22}},"9":{"start":{"line":20,"column":19},"end":{"line":31,"column":3}},"10":{"start":{"line":21,"column":4},"end":{"line":21,"column":62}},"11":{"start":{"line":21,"column":56},"end":{"line":21,"column":62}},"12":{"start":{"line":22,"column":4},"end":{"line":30,"column":10}},"13":{"start":{"line":33,"column":2},"end":{"line":61,"column":3}},"14":{"start":{"line":53,"column":12},"end":{"line":53,"column":25}},"15":{"start":{"line":54,"column":12},"end":{"line":54,"column":22}},"16":{"start":{"line":65,"column":0},"end":{"line":69,"column":1}}},"fnMap":{"0":{"name":"(anonymous_0)","decl":{"start":{"line":9,"column":22},"end":{"line":9,"column":23}},"loc":{"start":{"line":9,"column":33},"end":{"line":62,"column":1}},"line":9},"1":{"name":"(anonymous_1)","decl":{"start":{"line":15,"column":22},"end":{"line":15,"column":23}},"loc":{"start":{"line":15,"column":28},"end":{"line":18,"column":3}},"line":15},"2":{"name":"(anonymous_2)","decl":{"start":{"line":20,"column":19},"end":{"line":20,"column":20}},"loc":{"start":{"line":20,"column":25},"end":{"line":31,"column":3}},"line":20},"3":{"name":"(anonymous_3)","decl":{"start":{"line":52,"column":19},"end":{"line":52,"column":20}},"loc":{"start":{"line":52,"column":25},"end":{"line":55,"column":11}},"line":52}},"branchMap":{"0":{"loc":{"start":{"line":10,"column":12},"end":{"line":10,"column":43}},"type":"cond-expr","locations":[{"start":{"line":10,"column":36},"end":{"line":10,"column":38}},{"start":{"line":10,"column":41},"end":{"line":10,"column":43}}],"line":10},"1":{"loc":{"start":{"line":16,"column":18},"end":{"line":16,"column":50}},"type":"cond-expr","locations":[{"start":{"line":16,"column":27},"end":{"line":16,"column":37}},{"start":{"line":16,"column":40},"end":{"line":16,"column":50}}],"line":16},"2":{"loc":{"start":{"line":21,"column":4},"end":{"line":21,"column":62}},"type":"if","locations":[{"start":{"line":21,"column":4},"end":{"line":21,"column":62}},{"start":{},"end":{}}],"line":21},"3":{"loc":{"start":{"line":21,"column":8},"end":{"line":21,"column":54}},"type":"binary-expr","locations":[{"start":{"line":21,"column":8},"end":{"line":21,"column":29}},{"start":{"line":21,"column":33},"end":{"line":21,"column":54}}],"line":21},"4":{"loc":{"start":{"line":22,"column":4},"end":{"line":30,"column":10}},"type":"cond-expr","locations":[{"start":{"line":23,"column":8},"end":{"line":26,"column":10}},{"start":{"line":27,"column":8},"end":{"line":30,"column":10}}],"line":22},"5":{"loc":{"start":{"line":49,"column":7},"end":{"line":59,"column":7}},"type":"binary-expr","locations":[{"start":{"line":49,"column":7},"end":{"line":49,"column":29}},{"start":{"line":50,"column":8},"end":{"line":58,"column":10}}],"line":49}},"s":{"0":2,"1":6,"2":6,"3":6,"4":6,"5":6,"6":6,"7":0,"8":0,"9":6,"10":0,"11":0,"12":0,"13":6,"14":0,"15":0,"16":2},"f":{"0":6,"1":0,"2":0,"3":0},"b":{"0":[2,4],"1":[0,0],"2":[0,0],"3":[0,0],"4":[0,0],"5":[6,1]},"_coverageSchema":"1a1c01bbd47fc00a2c39e90264f33305004495a9","hash":"d48ba50d46ebd7915ca90f7b4c378b525d6bb1b0"}
,"/home/runner/work/sc-digital-centre/sc-digital-centre/components/molecules/ProfileInfo.js": {"path":"/home/runner/work/sc-digital-centre/sc-digital-centre/components/molecules/ProfileInfo.js","statementMap":{"0":{"start":{"line":5,"column":2},"end":{"line":15,"column":3}},"1":{"start":{"line":8,"column":8},"end":{"line":12,"column":10}},"2":{"start":{"line":18,"column":0},"end":{"line":23,"column":1}}},"fnMap":{"0":{"name":"ProfileInfo","decl":{"start":{"line":4,"column":24},"end":{"line":4,"column":35}},"loc":{"start":{"line":4,"column":43},"end":{"line":16,"column":1}},"line":4},"1":{"name":"(anonymous_1)","decl":{"start":{"line":7,"column":25},"end":{"line":7,"column":26}},"loc":{"start":{"line":8,"column":8},"end":{"line":12,"column":10}},"line":8}},"branchMap":{},"s":{"0":3,"1":6,"2":2},"f":{"0":3,"1":6},"b":{},"_coverageSchema":"1a1c01bbd47fc00a2c39e90264f33305004495a9","hash":"91821351dc6cb366603e08bf190478c0f33d49d2"}
,"/home/runner/work/sc-digital-centre/sc-digital-centre/components/molecules/SplashLanguageSelect.js": {"path":"/home/runner/work/sc-digital-centre/sc-digital-centre/components/molecules/SplashLanguageSelect.js","statementMap":{"0":{"start":{"line":6,"column":2},"end":{"line":72,"column":3}}},"fnMap":{"0":{"name":"SplashLanguageSelect","decl":{"start":{"line":5,"column":24},"end":{"line":5,"column":44}},"loc":{"start":{"line":5,"column":47},"end":{"line":73,"column":1}},"line":5}},"branchMap":{},"s":{"0":3},"f":{"0":3},"b":{},"_coverageSchema":"1a1c01bbd47fc00a2c39e90264f33305004495a9","hash":"d932fb2c7d3ec73ced60e37c09c86a9f4fbd05dd"}
,"/home/runner/work/sc-digital-centre/sc-digital-centre/components/organisms/DashboardUtils.js": {"path":"/home/runner/work/sc-digital-centre/sc-digital-centre/components/organisms/DashboardUtils.js","statementMap":{"0":{"start":{"line":8,"column":16},"end":{"line":12,"column":4}},"1":{"start":{"line":9,"column":4},"end":{"line":11,"column":5}},"2":{"start":{"line":10,"column":6},"end":{"line":10,"column":17}},"3":{"start":{"line":13,"column":2},"end":{"line":13,"column":16}},"4":{"start":{"line":17,"column":16},"end":{"line":21,"column":4}},"5":{"start":{"line":18,"column":4},"end":{"line":20,"column":5}},"6":{"start":{"line":19,"column":6},"end":{"line":19,"column":17}},"7":{"start":{"line":22,"column":2},"end":{"line":22,"column":16}},"8":{"start":{"line":26,"column":13},"end":{"line":30,"column":4}},"9":{"start":{"line":27,"column":4},"end":{"line":29,"column":5}},"10":{"start":{"line":28,"column":6},"end":{"line":28,"column":17}},"11":{"start":{"line":31,"column":2},"end":{"line":31,"column":13}},"12":{"start":{"line":35,"column":18},"end":{"line":35,"column":68}},"13":{"start":{"line":36,"column":2},"end":{"line":36,"column":57}}},"fnMap":{"0":{"name":"getProgramBenefit","decl":{"start":{"line":7,"column":16},"end":{"line":7,"column":33}},"loc":{"start":{"line":7,"column":47},"end":{"line":14,"column":1}},"line":7},"1":{"name":"(anonymous_1)","decl":{"start":{"line":8,"column":37},"end":{"line":8,"column":38}},"loc":{"start":{"line":8,"column":53},"end":{"line":12,"column":3}},"line":8},"2":{"name":"getBenefitCode","decl":{"start":{"line":16,"column":16},"end":{"line":16,"column":30}},"loc":{"start":{"line":16,"column":44},"end":{"line":23,"column":1}},"line":16},"3":{"name":"(anonymous_3)","decl":{"start":{"line":17,"column":37},"end":{"line":17,"column":38}},"loc":{"start":{"line":17,"column":53},"end":{"line":21,"column":3}},"line":17},"4":{"name":"getBenefitType","decl":{"start":{"line":25,"column":16},"end":{"line":25,"column":30}},"loc":{"start":{"line":25,"column":44},"end":{"line":32,"column":1}},"line":25},"5":{"name":"(anonymous_5)","decl":{"start":{"line":26,"column":34},"end":{"line":26,"column":35}},"loc":{"start":{"line":26,"column":50},"end":{"line":30,"column":3}},"line":26},"6":{"name":"formatDate","decl":{"start":{"line":34,"column":16},"end":{"line":34,"column":26}},"loc":{"start":{"line":34,"column":35},"end":{"line":37,"column":1}},"line":34}},"branchMap":{"0":{"loc":{"start":{"line":9,"column":4},"end":{"line":11,"column":5}},"type":"if","locations":[{"start":{"line":9,"column":4},"end":{"line":11,"column":5}},{"start":{},"end":{}}],"line":9},"1":{"loc":{"start":{"line":18,"column":4},"end":{"line":20,"column":5}},"type":"if","locations":[{"start":{"line":18,"column":4},"end":{"line":20,"column":5}},{"start":{},"end":{}}],"line":18},"2":{"loc":{"start":{"line":27,"column":4},"end":{"line":29,"column":5}},"type":"if","locations":[{"start":{"line":27,"column":4},"end":{"line":29,"column":5}},{"start":{},"end":{}}],"line":27}},"s":{"0":0,"1":0,"2":0,"3":0,"4":0,"5":0,"6":0,"7":0,"8":0,"9":0,"10":0,"11":0,"12":0,"13":0},"f":{"0":0,"1":0,"2":0,"3":0,"4":0,"5":0,"6":0},"b":{"0":[0,0],"1":[0,0],"2":[0,0]},"_coverageSchema":"1a1c01bbd47fc00a2c39e90264f33305004495a9","hash":"a7829d4596e2e5219fd774d58554680738ed736e"}
,"/home/runner/work/sc-digital-centre/sc-digital-centre/components/organisms/Layout.js": {"path":"/home/runner/work/sc-digital-centre/sc-digital-centre/components/organisms/Layout.js","statementMap":{"0":{"start":{"line":16,"column":12},"end":{"line":16,"column":43}},"1":{"start":{"line":18,"column":2},"end":{"line":32,"column":20}},"2":{"start":{"line":19,"column":4},"end":{"line":31,"column":5}},"3":{"start":{"line":20,"column":6},"end":{"line":30,"column":8}},"4":{"start":{"line":34,"column":2},"end":{"line":146,"column":3}},"5":{"start":{"line":149,"column":0},"end":{"line":170,"column":1}},"6":{"start":{"line":172,"column":0},"end":{"line":175,"column":1}}},"fnMap":{"0":{"name":"Layout","decl":{"start":{"line":15,"column":24},"end":{"line":15,"column":30}},"loc":{"start":{"line":15,"column":38},"end":{"line":147,"column":1}},"line":15},"1":{"name":"(anonymous_1)","decl":{"start":{"line":18,"column":12},"end":{"line":18,"column":13}},"loc":{"start":{"line":18,"column":18},"end":{"line":32,"column":3}},"line":18}},"branchMap":{"0":{"loc":{"start":{"line":16,"column":12},"end":{"line":16,"column":43}},"type":"cond-expr","locations":[{"start":{"line":16,"column":36},"end":{"line":16,"column":38}},{"start":{"line":16,"column":41},"end":{"line":16,"column":43}}],"line":16},"1":{"loc":{"start":{"line":19,"column":4},"end":{"line":31,"column":5}},"type":"if","locations":[{"start":{"line":19,"column":4},"end":{"line":31,"column":5}},{"start":{},"end":{}}],"line":19},"2":{"loc":{"start":{"line":24,"column":20},"end":{"line":24,"column":57}},"type":"cond-expr","locations":[{"start":{"line":24,"column":44},"end":{"line":24,"column":49}},{"start":{"line":24,"column":52},"end":{"line":24,"column":57}}],"line":24},"3":{"loc":{"start":{"line":36,"column":7},"end":{"line":52,"column":7}},"type":"cond-expr","locations":[{"start":{"line":37,"column":8},"end":{"line":49,"column":11}},{"start":{"line":51,"column":8},"end":{"line":51,"column":10}}],"line":36},"4":{"loc":{"start":{"line":55,"column":7},"end":{"line":70,"column":7}},"type":"cond-expr","locations":[{"start":{"line":56,"column":8},"end":{"line":67,"column":11}},{"start":{"line":69,"column":8},"end":{"line":69,"column":10}}],"line":55},"5":{"loc":{"start":{"line":74,"column":7},"end":{"line":144,"column":7}},"type":"cond-expr","locations":[{"start":{"line":75,"column":8},"end":{"line":141,"column":10}},{"start":{"line":143,"column":8},"end":{"line":143,"column":10}}],"line":74}},"s":{"0":1,"1":1,"2":1,"3":0,"4":1,"5":1,"6":1},"f":{"0":1,"1":1},"b":{"0":[0,1],"1":[0,1],"2":[0,0],"3":[0,1],"4":[0,1],"5":[0,1]},"_coverageSchema":"1a1c01bbd47fc00a2c39e90264f33305004495a9","hash":"ae87d7ec1ddaee74748950bc85fb15cc43850e16"}
,"/home/runner/work/sc-digital-centre/sc-digital-centre/pages/400.js": {"path":"/home/runner/work/sc-digital-centre/sc-digital-centre/pages/400.js","statementMap":{"0":{"start":{"line":5,"column":24},"end":{"line":5,"column":78}},"1":{"start":{"line":6,"column":2},"end":{"line":16,"column":3}},"2":{"start":{"line":20,"column":25},"end":{"line":20,"column":61}},"3":{"start":{"line":21,"column":2},"end":{"line":23,"column":3}}},"fnMap":{"0":{"name":"Error400","decl":{"start":{"line":4,"column":24},"end":{"line":4,"column":32}},"loc":{"start":{"line":4,"column":40},"end":{"line":17,"column":1}},"line":4},"1":{"name":"getStaticProps","decl":{"start":{"line":19,"column":22},"end":{"line":19,"column":36}},"loc":{"start":{"line":19,"column":49},"end":{"line":24,"column":1}},"line":19}},"branchMap":{"0":{"loc":{"start":{"line":5,"column":24},"end":{"line":5,"column":78}},"type":"cond-expr","locations":[{"start":{"line":5,"column":48},"end":{"line":5,"column":60}},{"start":{"line":5,"column":63},"end":{"line":5,"column":78}}],"line":5},"1":{"loc":{"start":{"line":20,"column":25},"end":{"line":20,"column":61}},"type":"cond-expr","locations":[{"start":{"line":20,"column":43},"end":{"line":20,"column":52}},{"start":{"line":20,"column":55},"end":{"line":20,"column":61}}],"line":20}},"s":{"0":2,"1":1,"2":0,"3":0},"f":{"0":2,"1":0},"b":{"0":[0,1],"1":[0,0]},"_coverageSchema":"1a1c01bbd47fc00a2c39e90264f33305004495a9","hash":"6d8e8b1b483c8f4157603f3184caeb2e8627db73"}
,"/home/runner/work/sc-digital-centre/sc-digital-centre/pages/404.js": {"path":"/home/runner/work/sc-digital-centre/sc-digital-centre/pages/404.js","statementMap":{"0":{"start":{"line":5,"column":24},"end":{"line":5,"column":78}},"1":{"start":{"line":6,"column":2},"end":{"line":16,"column":3}},"2":{"start":{"line":20,"column":25},"end":{"line":20,"column":61}},"3":{"start":{"line":21,"column":2},"end":{"line":23,"column":3}}},"fnMap":{"0":{"name":"Error404","decl":{"start":{"line":4,"column":24},"end":{"line":4,"column":32}},"loc":{"start":{"line":4,"column":40},"end":{"line":17,"column":1}},"line":4},"1":{"name":"getStaticProps","decl":{"start":{"line":19,"column":22},"end":{"line":19,"column":36}},"loc":{"start":{"line":19,"column":49},"end":{"line":24,"column":1}},"line":19}},"branchMap":{"0":{"loc":{"start":{"line":5,"column":24},"end":{"line":5,"column":78}},"type":"cond-expr","locations":[{"start":{"line":5,"column":48},"end":{"line":5,"column":60}},{"start":{"line":5,"column":63},"end":{"line":5,"column":78}}],"line":5},"1":{"loc":{"start":{"line":20,"column":25},"end":{"line":20,"column":61}},"type":"cond-expr","locations":[{"start":{"line":20,"column":43},"end":{"line":20,"column":52}},{"start":{"line":20,"column":55},"end":{"line":20,"column":61}}],"line":20}},"s":{"0":2,"1":1,"2":0,"3":0},"f":{"0":2,"1":0},"b":{"0":[0,1],"1":[0,0]},"_coverageSchema":"1a1c01bbd47fc00a2c39e90264f33305004495a9","hash":"3e1a07d36a1eae1d6e36e1ba331c8bffb0822d30"}
,"/home/runner/work/sc-digital-centre/sc-digital-centre/pages/500.js": {"path":"/home/runner/work/sc-digital-centre/sc-digital-centre/pages/500.js","statementMap":{"0":{"start":{"line":5,"column":24},"end":{"line":5,"column":78}},"1":{"start":{"line":6,"column":2},"end":{"line":16,"column":3}},"2":{"start":{"line":20,"column":25},"end":{"line":20,"column":61}},"3":{"start":{"line":21,"column":2},"end":{"line":23,"column":3}}},"fnMap":{"0":{"name":"Error500","decl":{"start":{"line":4,"column":24},"end":{"line":4,"column":32}},"loc":{"start":{"line":4,"column":40},"end":{"line":17,"column":1}},"line":4},"1":{"name":"getStaticProps","decl":{"start":{"line":19,"column":22},"end":{"line":19,"column":36}},"loc":{"start":{"line":19,"column":49},"end":{"line":24,"column":1}},"line":19}},"branchMap":{"0":{"loc":{"start":{"line":5,"column":24},"end":{"line":5,"column":78}},"type":"cond-expr","locations":[{"start":{"line":5,"column":48},"end":{"line":5,"column":60}},{"start":{"line":5,"column":63},"end":{"line":5,"column":78}}],"line":5},"1":{"loc":{"start":{"line":20,"column":25},"end":{"line":20,"column":61}},"type":"cond-expr","locations":[{"start":{"line":20,"column":43},"end":{"line":20,"column":52}},{"start":{"line":20,"column":55},"end":{"line":20,"column":61}}],"line":20}},"s":{"0":2,"1":1,"2":0,"3":0},"f":{"0":2,"1":0},"b":{"0":[0,1],"1":[0,0]},"_coverageSchema":"1a1c01bbd47fc00a2c39e90264f33305004495a9","hash":"33a92bf8b3ef4f3bd7d4b5ed805aa10d1c185456"}
,"/home/runner/work/sc-digital-centre/sc-digital-centre/pages/503.js": {"path":"/home/runner/work/sc-digital-centre/sc-digital-centre/pages/503.js","statementMap":{"0":{"start":{"line":5,"column":24},"end":{"line":5,"column":78}},"1":{"start":{"line":6,"column":2},"end":{"line":16,"column":3}},"2":{"start":{"line":20,"column":25},"end":{"line":20,"column":61}},"3":{"start":{"line":21,"column":2},"end":{"line":23,"column":3}}},"fnMap":{"0":{"name":"Error503","decl":{"start":{"line":4,"column":24},"end":{"line":4,"column":32}},"loc":{"start":{"line":4,"column":40},"end":{"line":17,"column":1}},"line":4},"1":{"name":"getStaticProps","decl":{"start":{"line":19,"column":22},"end":{"line":19,"column":36}},"loc":{"start":{"line":19,"column":49},"end":{"line":24,"column":1}},"line":19}},"branchMap":{"0":{"loc":{"start":{"line":5,"column":24},"end":{"line":5,"column":78}},"type":"cond-expr","locations":[{"start":{"line":5,"column":48},"end":{"line":5,"column":60}},{"start":{"line":5,"column":63},"end":{"line":5,"column":78}}],"line":5},"1":{"loc":{"start":{"line":20,"column":25},"end":{"line":20,"column":61}},"type":"cond-expr","locations":[{"start":{"line":20,"column":43},"end":{"line":20,"column":52}},{"start":{"line":20,"column":55},"end":{"line":20,"column":61}}],"line":20}},"s":{"0":2,"1":1,"2":0,"3":0},"f":{"0":2,"1":0},"b":{"0":[0,1],"1":[0,0]},"_coverageSchema":"1a1c01bbd47fc00a2c39e90264f33305004495a9","hash":"22b9a7f44c92c11e66b14cbd51b0ae22e35d5baa"}
,"/home/runner/work/sc-digital-centre/sc-digital-centre/pages/_app.js": {"path":"/home/runner/work/sc-digital-centre/sc-digital-centre/pages/_app.js","statementMap":{"0":{"start":{"line":5,"column":2},"end":{"line":5,"column":37}}},"fnMap":{"0":{"name":"MyApp","decl":{"start":{"line":4,"column":9},"end":{"line":4,"column":14}},"loc":{"start":{"line":4,"column":41},"end":{"line":6,"column":1}},"line":4}},"branchMap":{},"s":{"0":0},"f":{"0":0},"b":{}}
,"/home/runner/work/sc-digital-centre/sc-digital-centre/pages/_document.js": {"path":"/home/runner/work/sc-digital-centre/sc-digital-centre/pages/_document.js","statementMap":{"0":{"start":{"line":5,"column":25},"end":{"line":5,"column":60}},"1":{"start":{"line":6,"column":4},"end":{"line":6,"column":30}},"2":{"start":{"line":10,"column":4},"end":{"line":22,"column":5}}},"fnMap":{"0":{"name":"(anonymous_0)","decl":{"start":{"line":4,"column":2},"end":{"line":4,"column":3}},"loc":{"start":{"line":4,"column":36},"end":{"line":7,"column":3}},"line":4},"1":{"name":"(anonymous_1)","decl":{"start":{"line":9,"column":2},"end":{"line":9,"column":3}},"loc":{"start":{"line":9,"column":11},"end":{"line":23,"column":3}},"line":9}},"branchMap":{},"s":{"0":0,"1":0,"2":0},"f":{"0":0,"1":0},"b":{}}
,"/home/runner/work/sc-digital-centre/sc-digital-centre/pages/dashboard.js": {"path":"/home/runner/work/sc-digital-centre/sc-digital-centre/pages/dashboard.js","statementMap":{"0":{"start":{"line":71,"column":2},"end":{"line":179,"column":3}},"1":{"start":{"line":145,"column":12},"end":{"line":152,"column":13}},"2":{"start":{"line":183,"column":26},"end":{"line":183,"column":28}},"3":{"start":{"line":185,"column":25},"end":{"line":185,"column":73}},"4":{"start":{"line":193,"column":20},"end":{"line":193,"column":40}},"5":{"start":{"line":194,"column":19},"end":{"line":194,"column":38}},"6":{"start":{"line":195,"column":2},"end":{"line":195,"column":68}},"7":{"start":{"line":196,"column":2},"end":{"line":196,"column":66}},"8":{"start":{"line":198,"column":2},"end":{"line":206,"column":3}},"9":{"start":{"line":210,"column":2},"end":{"line":221,"column":3}},"10":{"start":{"line":211,"column":16},"end":{"line":215,"column":6}},"11":{"start":{"line":216,"column":17},"end":{"line":216,"column":33}},"12":{"start":{"line":217,"column":4},"end":{"line":217,"column":15}},"13":{"start":{"line":219,"column":4},"end":{"line":219,"column":18}},"14":{"start":{"line":220,"column":4},"end":{"line":220,"column":13}},"15":{"start":{"line":225,"column":2},"end":{"line":236,"column":3}},"16":{"start":{"line":226,"column":16},"end":{"line":230,"column":6}},"17":{"start":{"line":231,"column":17},"end":{"line":231,"column":33}},"18":{"start":{"line":232,"column":4},"end":{"line":232,"column":15}},"19":{"start":{"line":234,"column":4},"end":{"line":234,"column":18}},"20":{"start":{"line":235,"column":4},"end":{"line":235,"column":13}},"21":{"start":{"line":242,"column":27},"end":{"line":242,"column":29}},"22":{"start":{"line":243,"column":2},"end":{"line":243,"column":44}},"23":{"start":{"line":244,"column":2},"end":{"line":253,"column":3}},"24":{"start":{"line":252,"column":4},"end":{"line":252,"column":47}},"25":{"start":{"line":254,"column":2},"end":{"line":262,"column":3}},"26":{"start":{"line":261,"column":4},"end":{"line":261,"column":47}},"27":{"start":{"line":263,"column":2},"end":{"line":271,"column":3}},"28":{"start":{"line":270,"column":4},"end":{"line":270,"column":47}},"29":{"start":{"line":272,"column":2},"end":{"line":281,"column":3}},"30":{"start":{"line":280,"column":4},"end":{"line":280,"column":48}},"31":{"start":{"line":282,"column":2},"end":{"line":282,"column":71}},"32":{"start":{"line":283,"column":2},"end":{"line":285,"column":3}},"33":{"start":{"line":286,"column":2},"end":{"line":288,"column":3}},"34":{"start":{"line":289,"column":2},"end":{"line":289,"column":61}},"35":{"start":{"line":290,"column":2},"end":{"line":290,"column":59}},"36":{"start":{"line":291,"column":2},"end":{"line":291,"column":69}},"37":{"start":{"line":292,"column":2},"end":{"line":292,"column":59}},"38":{"start":{"line":294,"column":2},"end":{"line":294,"column":25}},"39":{"start":{"line":304,"column":2},"end":{"line":310,"column":5}},"40":{"start":{"line":306,"column":4},"end":{"line":306,"column":68}},"41":{"start":{"line":306,"column":43},"end":{"line":306,"column":67}},"42":{"start":{"line":308,"column":4},"end":{"line":310,"column":5}},"43":{"start":{"line":309,"column":13},"end":{"line":309,"column":59}},"44":{"start":{"line":312,"column":2},"end":{"line":312,"column":42}},"45":{"start":{"line":312,"column":31},"end":{"line":312,"column":42}},"46":{"start":{"line":316,"column":2},"end":{"line":316,"column":61}},"47":{"start":{"line":316,"column":29},"end":{"line":316,"column":60}}},"fnMap":{"0":{"name":"Dashboard","decl":{"start":{"line":70,"column":24},"end":{"line":70,"column":33}},"loc":{"start":{"line":70,"column":41},"end":{"line":180,"column":1}},"line":70},"1":{"name":"(anonymous_1)","decl":{"start":{"line":144,"column":38},"end":{"line":144,"column":39}},"loc":{"start":{"line":144,"column":56},"end":{"line":153,"column":11}},"line":144},"2":{"name":"getStaticProps","decl":{"start":{"line":182,"column":22},"end":{"line":182,"column":36}},"loc":{"start":{"line":182,"column":49},"end":{"line":207,"column":1}},"line":182},"3":{"name":"getActiveCpp","decl":{"start":{"line":209,"column":15},"end":{"line":209,"column":27}},"loc":{"start":{"line":209,"column":30},"end":{"line":222,"column":1}},"line":209},"4":{"name":"getActiveEi","decl":{"start":{"line":224,"column":15},"end":{"line":224,"column":26}},"loc":{"start":{"line":224,"column":29},"end":{"line":237,"column":1}},"line":224},"5":{"name":"BuildAdvertisingCards","decl":{"start":{"line":239,"column":9},"end":{"line":239,"column":30}},"loc":{"start":{"line":239,"column":48},"end":{"line":295,"column":1}},"line":239},"6":{"name":"CheckAllBenefitsForAdvertising","decl":{"start":{"line":302,"column":9},"end":{"line":302,"column":39}},"loc":{"start":{"line":302,"column":73},"end":{"line":317,"column":1}},"line":302},"7":{"name":"(anonymous_7)","decl":{"start":{"line":306,"column":36},"end":{"line":306,"column":37}},"loc":{"start":{"line":306,"column":43},"end":{"line":306,"column":67}},"line":306},"8":{"name":"(anonymous_8)","decl":{"start":{"line":309,"column":6},"end":{"line":309,"column":7}},"loc":{"start":{"line":309,"column":13},"end":{"line":309,"column":59}},"line":309},"9":{"name":"(anonymous_9)","decl":{"start":{"line":316,"column":22},"end":{"line":316,"column":23}},"loc":{"start":{"line":316,"column":29},"end":{"line":316,"column":60}},"line":316}},"branchMap":{"0":{"loc":{"start":{"line":185,"column":25},"end":{"line":185,"column":73}},"type":"cond-expr","locations":[{"start":{"line":185,"column":43},"end":{"line":185,"column":58}},{"start":{"line":185,"column":61},"end":{"line":185,"column":73}}],"line":185},"1":{"loc":{"start":{"line":244,"column":2},"end":{"line":253,"column":3}},"type":"if","locations":[{"start":{"line":244,"column":2},"end":{"line":253,"column":3}},{"start":{},"end":{}}],"line":244},"2":{"loc":{"start":{"line":254,"column":2},"end":{"line":262,"column":3}},"type":"if","locations":[{"start":{"line":254,"column":2},"end":{"line":262,"column":3}},{"start":{},"end":{}}],"line":254},"3":{"loc":{"start":{"line":263,"column":2},"end":{"line":271,"column":3}},"type":"if","locations":[{"start":{"line":263,"column":2},"end":{"line":271,"column":3}},{"start":{},"end":{}}],"line":263},"4":{"loc":{"start":{"line":272,"column":2},"end":{"line":281,"column":3}},"type":"if","locations":[{"start":{"line":272,"column":2},"end":{"line":281,"column":3}},{"start":{},"end":{}}],"line":272},"5":{"loc":{"start":{"line":304,"column":2},"end":{"line":310,"column":5}},"type":"if","locations":[{"start":{"line":304,"column":2},"end":{"line":310,"column":5}},{"start":{"line":308,"column":4},"end":{"line":310,"column":5}}],"line":304},"6":{"loc":{"start":{"line":309,"column":13},"end":{"line":309,"column":59}},"type":"binary-expr","locations":[{"start":{"line":309,"column":13},"end":{"line":309,"column":37}},{"start":{"line":309,"column":41},"end":{"line":309,"column":59}}],"line":309},"7":{"loc":{"start":{"line":312,"column":2},"end":{"line":312,"column":42}},"type":"if","locations":[{"start":{"line":312,"column":2},"end":{"line":312,"column":42}},{"start":{},"end":{}}],"line":312}},"s":{"0":2,"1":5,"2":0,"3":0,"4":0,"5":0,"6":0,"7":0,"8":0,"9":0,"10":0,"11":0,"12":0,"13":0,"14":0,"15":0,"16":0,"17":0,"18":0,"19":0,"20":0,"21":0,"22":0,"23":0,"24":0,"25":0,"26":0,"27":0,"28":0,"29":0,"30":0,"31":0,"32":0,"33":0,"34":0,"35":0,"36":0,"37":0,"38":0,"39":0,"40":0,"41":0,"42":0,"43":0,"44":0,"45":0,"46":0,"47":0},"f":{"0":2,"1":5,"2":0,"3":0,"4":0,"5":0,"6":0,"7":0,"8":0,"9":0},"b":{"0":[0,0],"1":[0,0],"2":[0,0],"3":[0,0],"4":[0,0],"5":[0,0],"6":[0,0],"7":[0,0]},"_coverageSchema":"1a1c01bbd47fc00a2c39e90264f33305004495a9","hash":"07b6d2f16e8cb2cf67f56c11923eeb6a07750e09"}
,"/home/runner/work/sc-digital-centre/sc-digital-centre/pages/index.js": {"path":"/home/runner/work/sc-digital-centre/sc-digital-centre/pages/index.js","statementMap":{"0":{"start":{"line":9,"column":2},"end":{"line":20,"column":3}},"1":{"start":{"line":24,"column":19},"end":{"line":28,"column":3}},"2":{"start":{"line":30,"column":2},"end":{"line":35,"column":3}},"3":{"start":{"line":38,"column":0},"end":{"line":43,"column":1}}},"fnMap":{"0":{"name":"Index","decl":{"start":{"line":8,"column":24},"end":{"line":8,"column":29}},"loc":{"start":{"line":8,"column":37},"end":{"line":21,"column":1}},"line":8},"1":{"name":"getStaticProps","decl":{"start":{"line":23,"column":22},"end":{"line":23,"column":36}},"loc":{"start":{"line":23,"column":49},"end":{"line":36,"column":1}},"line":23}},"branchMap":{},"s":{"0":1,"1":0,"2":0,"3":1},"f":{"0":1,"1":0},"b":{},"_coverageSchema":"1a1c01bbd47fc00a2c39e90264f33305004495a9","hash":"28b7fb67a88b604c5c5dc9d504ca74b83673ac61"}
,"/home/runner/work/sc-digital-centre/sc-digital-centre/pages/profile.js": {"path":"/home/runner/work/sc-digital-centre/sc-digital-centre/pages/profile.js","statementMap":{"0":{"start":{"line":11,"column":12},"end":{"line":11,"column":43}},"1":{"start":{"line":12,"column":21},"end":{"line":32,"column":3}},"2":{"start":{"line":33,"column":22},"end":{"line":48,"column":3}},"3":{"start":{"line":49,"column":2},"end":{"line":72,"column":3}},"4":{"start":{"line":76,"column":25},"end":{"line":76,"column":69}},"5":{"start":{"line":77,"column":2},"end":{"line":79,"column":3}}},"fnMap":{"0":{"name":"Profile","decl":{"start":{"line":10,"column":24},"end":{"line":10,"column":31}},"loc":{"start":{"line":10,"column":39},"end":{"line":73,"column":1}},"line":10},"1":{"name":"getStaticProps","decl":{"start":{"line":75,"column":22},"end":{"line":75,"column":36}},"loc":{"start":{"line":75,"column":49},"end":{"line":80,"column":1}},"line":75}},"branchMap":{"0":{"loc":{"start":{"line":11,"column":12},"end":{"line":11,"column":43}},"type":"cond-expr","locations":[{"start":{"line":11,"column":36},"end":{"line":11,"column":38}},{"start":{"line":11,"column":41},"end":{"line":11,"column":43}}],"line":11},"1":{"loc":{"start":{"line":76,"column":25},"end":{"line":76,"column":69}},"type":"cond-expr","locations":[{"start":{"line":76,"column":43},"end":{"line":76,"column":56}},{"start":{"line":76,"column":59},"end":{"line":76,"column":69}}],"line":76}},"s":{"0":2,"1":1,"2":1,"3":1,"4":0,"5":0},"f":{"0":2,"1":0},"b":{"0":[0,1],"1":[0,0]},"_coverageSchema":"1a1c01bbd47fc00a2c39e90264f33305004495a9","hash":"f067b921bf4346b9ef11f8cfa4a34692a240a081"}
,"/home/runner/work/sc-digital-centre/sc-digital-centre/pages/api/metrics.js": {"path":"/home/runner/work/sc-digital-centre/sc-digital-centre/pages/api/metrics.js","statementMap":{"0":{"start":{"line":3,"column":0},"end":{"line":3,"column":53}},"1":{"start":{"line":6,"column":2},"end":{"line":6,"column":53}},"2":{"start":{"line":7,"column":2},"end":{"line":7,"column":30}}},"fnMap":{"0":{"name":"handler","decl":{"start":{"line":5,"column":24},"end":{"line":5,"column":31}},"loc":{"start":{"line":5,"column":42},"end":{"line":8,"column":1}},"line":5}},"branchMap":{},"s":{"0":0,"1":0,"2":0},"f":{"0":0},"b":{}}
}
