TN:
SF:components/atoms/ActionButton.js
FN:7,ActionButton
FNF:1
FNH:1
FNDA:54,ActionButton
DA:9,54
DA:12,54
DA:14,54
DA:15,54
DA:16,54
DA:18,54
DA:49,15
LF:7
LH:7
BRDA:15,0,0,20
BRDA:15,0,1,34
BRDA:16,1,0,18
BRDA:16,1,1,36
BRDA:18,2,0,36
BRDA:18,2,1,18
BRDA:21,3,0,36
BRDA:21,3,1,28
BRDA:35,4,0,18
BRDA:35,4,1,18
BRDA:36,5,0,18
BRDA:36,5,1,4
BRF:12
BRH:12
end_of_record
TN:
SF:components/atoms/Breadcrumb.js
FN:7,Breadcrumb
FN:20,(anonymous_1)
FNF:2
FNH:2
FNDA:3,Breadcrumb
FNDA:1,(anonymous_1)
DA:8,3
DA:21,1
DA:41,1
LF:3
LH:3
BRDA:19,0,0,1
BRDA:19,0,1,2
BRF:2
BRH:2
end_of_record
TN:
SF:components/atoms/Card.js
FN:4,Card
FNF:1
FNH:1
FNDA:2,Card
DA:5,2
DA:23,1
LF:2
LH:2
BRF:0
BRH:0
end_of_record
TN:
SF:components/atoms/CardHeader.js
FN:3,CardHeader
FNF:1
FNH:1
FNDA:9,CardHeader
DA:4,9
DA:17,3
LF:2
LH:2
BRDA:6,0,0,0
BRDA:6,0,1,9
BRDA:10,1,0,7
BRDA:10,1,1,2
BRF:4
BRH:3
end_of_record
TN:
SF:components/atoms/DateModified.js
FN:6,DateModified
FNF:1
FNH:1
FNDA:4,DateModified
DA:7,4
DA:15,3
DA:20,3
LF:3
LH:3
BRF:0
BRH:0
end_of_record
TN:
SF:components/atoms/HorizontalRule.js
FN:4,HorizontalRule
FNF:1
FNH:1
FNDA:1152,HorizontalRule
DA:5,1152
DA:6,0
DA:11,1152
DA:12,0
DA:17,1152
DA:18,165
DA:24,987
LF:7
LH:5
BRDA:5,0,0,0
BRDA:5,0,1,1152
BRDA:5,1,0,1152
BRDA:5,1,1,0
BRDA:11,2,0,0
BRDA:11,2,1,1152
BRDA:17,3,0,165
BRDA:17,3,1,987
BRF:8
BRH:5
end_of_record
TN:
SF:components/atoms/InfoSection.js
FN:4,InfoSection
FN:8,(anonymous_1)
FNF:2
FNH:2
FNDA:17,InfoSection
FNDA:24,(anonymous_1)
DA:5,17
DA:9,24
DA:26,4
LF:3
LH:3
BRF:0
BRH:0
end_of_record
TN:
SF:components/atoms/Meta.js
FN:5,Meta
FN:24,(anonymous_1)
FNF:2
FNH:2
FNDA:2,Meta
FNDA:2,(anonymous_1)
DA:6,2
DA:25,2
DA:63,2
DA:69,2
LF:4
LH:4
BRDA:18,0,0,1
BRDA:18,0,1,1
BRDA:39,1,0,2
BRDA:39,1,1,1
BRF:4
BRH:4
end_of_record
TN:
SF:components/atoms/NoBenefitCardHeader.js
FN:5,BenefitCardHeaderActive
FN:9,(anonymous_1)
FNF:2
FNH:2
FNDA:164,BenefitCardHeaderActive
FNDA:328,(anonymous_1)
DA:6,164
DA:7,164
DA:9,164
DA:10,328
DA:13,164
LF:5
LH:5
BRDA:6,0,0,164
BRDA:6,0,1,0
BRF:2
BRH:1
end_of_record
TN:
SF:components/atoms/PhaseBanner.js
FN:7,PhaseBanner
FNF:1
FNH:1
FNDA:2,PhaseBanner
DA:8,2
DA:31,2
LF:2
LH:2
BRF:0
BRH:0
end_of_record
TN:
SF:components/atoms/StatusBadge.js
FN:7,StatusBadge
FNF:1
FNH:1
FNDA:10,StatusBadge
DA:8,10
DA:9,5
DA:22,3
LF:3
LH:3
BRDA:8,0,0,5
BRDA:8,0,1,5
BRF:2
BRH:2
end_of_record
TN:
SF:components/atoms/ViewMoreLessButton.js
FN:4,ViewMoreLessButton
FNF:1
FNH:1
FNDA:13,ViewMoreLessButton
DA:5,13
DA:41,5
LF:2
LH:2
BRDA:19,0,0,1
BRDA:19,0,1,12
BRF:2
BRH:2
end_of_record
TN:
SF:components/molecules/BenefitApplicationCard.js
FN:10,(anonymous_0)
FN:16,(anonymous_1)
FN:24,(anonymous_2)
FNF:3
FNH:3
FNDA:483,(anonymous_0)
FNDA:483,(anonymous_1)
FNDA:966,(anonymous_2)
DA:10,2
DA:11,483
DA:12,483
DA:13,483
DA:14,483
DA:16,483
DA:17,483
DA:24,483
DA:25,966
DA:30,483
DA:105,2
LF:11
LH:11
BRDA:11,0,0,483
BRDA:11,0,1,0
BRDA:18,1,0,483
BRDA:18,1,1,321
BRDA:18,1,2,443
BRDA:25,2,0,404
BRDA:25,2,1,562
BRDA:53,3,0,82
BRDA:53,3,1,401
BRF:9
BRH:8
end_of_record
TN:
SF:components/molecules/BenefitCardHeaderSummary.js
FN:3,BenefitCardHeaderSummary
FNF:1
FNH:1
FNDA:10,BenefitCardHeaderSummary
DA:4,10
DA:32,3
LF:2
LH:2
BRDA:10,0,0,0
BRDA:10,0,1,10
BRDA:15,1,0,10
BRDA:15,1,1,10
BRDA:20,2,0,5
BRDA:20,2,1,5
BRF:6
BRH:5
end_of_record
TN:
SF:components/molecules/BenefitTasks.js
FN:5,BenefitTasks
FN:12,(anonymous_1)
FNF:2
FNH:2
FNDA:164,BenefitTasks
FNDA:486,(anonymous_1)
DA:6,164
DA:13,486
DA:29,4
LF:3
LH:3
BRF:0
BRH:0
end_of_record
TN:
SF:components/molecules/DSFooter.js
FN:3,DSFooter
FNF:1
FNH:1
FNDA:2,DSFooter
DA:4,2
LF:1
LH:1
BRF:0
BRH:0
end_of_record
TN:
SF:components/molecules/DSHeader.js
FN:6,DSHeader
FN:32,(anonymous_1)
FN:38,noRefCheck
FN:39,noRefCheck
FNF:4
FNH:1
FNDA:2,DSHeader
FNDA:0,(anonymous_1)
FNDA:0,noRefCheck
FNDA:0,noRefCheck
DA:7,2
DA:8,2
DA:18,2
DA:32,0
LF:4
LH:3
BRDA:7,0,0,0
BRDA:7,0,1,2
BRDA:24,1,0,0
BRDA:24,1,1,2
BRF:4
BRH:2
end_of_record
TN:
SF:components/molecules/Footer.js
FN:8,Footer
FN:28,(anonymous_1)
FN:54,(anonymous_2)
FNF:3
FNH:3
FNDA:2,Footer
FNDA:3,(anonymous_1)
FNDA:5,(anonymous_2)
DA:9,2
DA:29,3
DA:55,5
DA:90,2
LF:4
LH:4
BRDA:59,0,0,2
BRDA:59,0,1,3
BRF:2
BRH:2
end_of_record
TN:
SF:components/molecules/Greeting.js
FN:3,Greeting
FNF:1
FNH:1
FNDA:42,Greeting
DA:4,42
LF:1
LH:1
BRF:0
BRH:0
end_of_record
TN:
SF:components/molecules/Header.js
FN:7,Header
FN:13,(anonymous_1)
FNF:2
FNH:2
FNDA:3,Header
FNDA:3,(anonymous_1)
DA:8,3
DA:9,3
DA:10,3
DA:12,3
DA:13,3
DA:15,3
DA:16,0
DA:20,3
DA:23,3
DA:129,1
LF:10
LH:9
BRDA:15,0,0,0
BRDA:15,0,1,3
BRDA:15,1,0,3
BRDA:15,1,1,0
BRDA:15,1,2,0
BRDA:47,2,0,2
BRDA:47,2,1,1
BRDA:52,3,0,2
BRDA:52,3,1,1
BRDA:62,4,0,3
BRDA:62,4,1,3
BRDA:63,5,0,2
BRDA:63,5,1,1
BRDA:68,6,0,2
BRDA:68,6,1,1
BRDA:70,7,0,2
BRDA:70,7,1,1
BRDA:79,8,0,3
BRDA:79,8,1,3
BRDA:80,9,0,2
BRDA:80,9,1,1
BRDA:86,10,0,2
BRDA:86,10,1,1
BRDA:88,11,0,2
BRDA:88,11,1,1
BRF:25
BRH:22
end_of_record
TN:
SF:components/molecules/Menu.js
FN:9,Menu
FN:41,(anonymous_1)
FNF:2
FNH:2
FNDA:6,Menu
FNDA:18,(anonymous_1)
DA:11,6
DA:13,6
DA:42,18
DA:44,18
DA:78,2
LF:5
LH:5
BRDA:48,0,0,12
BRDA:48,0,1,6
BRDA:48,1,0,18
BRDA:48,1,1,12
BRDA:53,2,0,15
BRDA:53,2,1,3
BRF:6
BRH:6
end_of_record
TN:
SF:components/molecules/NoBenefitCard.js
FN:9,(anonymous_0)
FN:15,(anonymous_1)
FN:20,(anonymous_2)
FN:46,(anonymous_3)
FNF:4
FNH:1
FNDA:163,(anonymous_0)
FNDA:0,(anonymous_1)
FNDA:0,(anonymous_2)
FNDA:0,(anonymous_3)
DA:9,2
DA:10,163
DA:11,162
DA:12,162
DA:13,162
DA:14,162
DA:15,162
DA:16,0
DA:17,0
DA:20,162
DA:21,0
DA:22,0
DA:33,162
DA:47,0
DA:48,0
DA:60,2
LF:16
LH:10
BRDA:10,0,0,162
BRDA:10,0,1,0
BRDA:16,1,0,0
BRDA:16,1,1,0
BRDA:21,2,0,0
BRDA:21,2,1,0
BRDA:21,3,0,0
BRDA:21,3,1,0
BRDA:22,4,0,0
BRDA:22,4,1,0
BRDA:43,5,0,162
BRDA:43,5,1,0
BRF:12
BRH:2
end_of_record
TN:
SF:components/molecules/ProfileInfo.js
FN:4,ProfileInfo
FN:8,(anonymous_1)
FNF:2
FNH:2
FNDA:1,ProfileInfo
FNDA:6,(anonymous_1)
DA:5,1
DA:9,6
DA:25,2
LF:3
LH:3
BRF:0
BRH:0
end_of_record
TN:
SF:components/molecules/SplashLanguageSelect.js
FN:5,SplashLanguageSelect
FNF:1
FNH:1
FNDA:4,SplashLanguageSelect
DA:6,4
LF:1
LH:1
BRF:0
BRH:0
end_of_record
TN:
SF:components/molecules/UniversalBenefitCard.js
FN:12,UniversalBenefitCard
FN:61,(anonymous_1)
FN:83,(anonymous_2)
FN:104,(anonymous_3)
FNF:4
FNH:2
FNDA:7,UniversalBenefitCard
FNDA:9,(anonymous_1)
FNDA:0,(anonymous_2)
FNDA:0,(anonymous_3)
DA:13,7
DA:15,7
DA:16,7
DA:18,7
DA:62,9
DA:84,0
DA:85,0
DA:86,0
DA:90,0
DA:105,0
DA:124,2
LF:11
LH:6
BRDA:47,0,0,2
BRDA:47,0,1,5
BRDA:47,1,0,7
BRDA:47,1,1,6
BRDA:85,2,0,0
BRDA:85,2,1,0
BRDA:99,3,0,2
BRDA:99,3,1,5
BRDA:99,4,0,7
BRDA:99,4,1,7
BRDA:101,5,0,5
BRDA:101,5,1,0
BRF:12
BRH:9
end_of_record
TN:
SF:components/organisms/Layout.js
FN:17,Layout
FNF:1
FNH:1
FNDA:1,Layout
DA:18,1
DA:20,1
DA:39,1
DA:169,1
DA:207,1
LF:5
LH:5
BRDA:18,0,0,0
BRDA:18,0,1,1
BRDA:20,1,0,1
BRDA:20,1,1,1
BRDA:61,2,0,0
BRDA:61,2,1,1
BRDA:73,3,0,0
BRDA:73,3,1,1
BRDA:85,4,0,0
BRDA:85,4,1,1
BRDA:92,5,0,0
BRDA:92,5,1,1
BRDA:94,6,0,0
BRDA:94,6,1,1
BRF:14
BRH:8
end_of_record
TN:
SF:lib/Utils.js
FN:1,formatDate
FN:12,newNormalizedDate
FN:16,formatMoney
FN:24,getGreeting
FNF:4
FNH:4
FNDA:13,formatDate
FNDA:45,newNormalizedDate
FNDA:4,formatMoney
FNDA:44,getGreeting
DA:2,13
DA:5,13
DA:6,13
DA:8,0
DA:13,45
DA:17,4
DA:21,4
DA:25,44
DA:26,1
DA:27,43
DA:28,41
DA:29,2
DA:30,1
DA:32,1
LF:14
LH:13
BRDA:5,0,0,13
BRDA:5,0,1,0
BRDA:25,1,0,1
BRDA:25,1,1,43
BRDA:27,2,0,41
BRDA:27,2,1,2
BRDA:29,3,0,1
BRDA:29,3,1,1
BRF:8
BRH:7
end_of_record
TN:
SF:lib/auth.js
FN:3,AuthIsDisabled
FN:10,AuthIsValid
FN:16,Redirect
FNF:3
FNH:3
FNDA:14,AuthIsDisabled
FNDA:2,AuthIsValid
FNDA:1,Redirect
DA:4,14
DA:11,2
DA:13,2
DA:17,1
LF:4
LH:4
BRDA:5,0,0,14
BRDA:5,0,1,12
BRDA:13,1,0,1
BRDA:13,1,1,1
BRF:4
BRH:4
end_of_record
TN:
SF:lib/mapCallout.js
FN:3,MapCallout
FNF:1
FNH:1
FNDA:12,MapCallout
DA:6,12
DA:8,1
DA:9,1
DA:10,1
DA:14,3
DA:15,3
DA:16,3
DA:20,3
DA:21,3
DA:22,3
DA:24,5
DA:25,5
DA:27,5
DA:29,12
LF:14
LH:14
BRDA:6,0,0,1
BRDA:6,0,1,1
BRDA:6,0,2,2
BRDA:6,0,3,3
BRDA:6,0,4,1
BRDA:6,0,5,2
BRDA:6,0,6,3
BRDA:6,0,7,5
BRDA:6,0,8,5
BRF:9
BRH:9
end_of_record
TN:
SF:lib/mapSummaries.js
FN:4,MapSummary
FN:6,(anonymous_1)
FNF:2
FNH:2
FNDA:9,MapSummary
FNDA:24,(anonymous_1)
DA:5,9
DA:6,8
DA:8,24
DA:11,24
DA:12,24
DA:13,24
DA:16,2
DA:17,2
DA:18,2
DA:26,11
DA:27,11
DA:31,3
DA:32,3
DA:37,8
DA:39,8
DA:41,24
LF:16
LH:16
BRDA:5,0,0,1
BRDA:5,0,1,8
BRDA:8,1,0,1
BRDA:8,1,1,23
BRDA:13,2,0,1
BRDA:13,2,1,2
BRDA:13,2,2,1
BRDA:13,2,3,2
BRDA:13,2,4,3
BRDA:13,2,5,4
BRDA:13,2,6,5
BRDA:13,2,7,6
BRDA:13,2,8,11
BRDA:13,2,9,1
BRDA:13,2,10,2
BRDA:13,2,11,3
BRDA:13,2,12,1
BRDA:13,2,13,2
BRDA:13,2,14,3
BRDA:13,2,15,8
BRDA:13,2,16,8
BRF:21
BRH:21
end_of_record
TN:
SF:lib/api/mapBenefits.js
FN:18,FormatSummary
FN:30,MapBenefit
FN:52,MapEICard
FN:122,MapCPPCard
FN:194,MapSEBCard
FN:219,MapOASGISCard
FNF:6
FNH:6
FNDA:110,FormatSummary
FNDA:45,MapBenefit
FNDA:9,MapEICard
FNDA:18,MapCPPCard
FNDA:2,MapSEBCard
FNDA:16,MapOASGISCard
DA:19,110
DA:24,110
DA:25,4
DA:27,110
DA:31,45
DA:36,45
DA:38,45
DA:55,9
DA:56,9
DA:59,9
DA:62,2
DA:70,2
DA:73,5
DA:76,5
DA:77,5
DA:86,5
DA:87,2
DA:94,5
DA:97,1
DA:101,1
DA:104,1
DA:106,9
DA:107,9
DA:125,18
DA:126,18
DA:127,18
DA:130,18
DA:132,6
DA:133,6
DA:134,6
DA:136,6
DA:144,6
DA:147,5
DA:148,5
DA:149,5
DA:150,5
DA:155,5
DA:156,4
DA:163,5
DA:166,2
DA:170,2
DA:173,2
DA:188,5
DA:190,18
DA:191,18
DA:196,2
DA:205,2
DA:222,16
DA:223,16
DA:224,16
DA:227,16
DA:230,2
DA:231,2
DA:233,2
DA:235,2
DA:243,2
DA:246,7
DA:247,7
DA:248,7
DA:253,7
DA:254,4
DA:261,7
DA:264,3
DA:268,3
DA:271,2
DA:286,4
DA:289,16
DA:290,16
LF:68
LH:68
BRDA:24,0,0,4
BRDA:24,0,1,106
BRDA:36,1,0,39
BRDA:36,1,1,6
BRDA:59,2,0,1
BRDA:59,2,1,2
BRDA:59,2,2,5
BRDA:59,2,3,1
BRDA:59,2,4,1
BRDA:86,3,0,2
BRDA:86,3,1,3
BRDA:130,4,0,6
BRDA:130,4,1,5
BRDA:130,4,2,2
BRDA:130,4,3,2
BRDA:130,4,4,5
BRDA:133,5,0,6
BRDA:133,5,1,0
BRDA:148,6,0,2
BRDA:148,6,1,3
BRDA:155,7,0,4
BRDA:155,7,1,1
BRDA:227,8,0,2
BRDA:227,8,1,7
BRDA:227,8,2,3
BRDA:227,8,3,2
BRDA:227,8,4,4
BRDA:231,9,0,2
BRDA:231,9,1,0
BRDA:253,10,0,4
BRDA:253,10,1,3
BRF:31
BRH:29
end_of_record
TN:
SF:lib/api/programData.js
FN:5,MapArrayData
FN:8,(anonymous_1)
FN:17,FetchProgramData
FNF:3
FNH:2
FNDA:7,MapArrayData
FNDA:0,(anonymous_1)
FNDA:8,FetchProgramData
DA:6,7
DA:7,7
DA:8,0
DA:9,0
DA:12,7
DA:14,7
DA:24,8
DA:26,8
DA:27,0
DA:28,8
DA:29,8
DA:32,8
DA:33,8
DA:35,8
DA:36,6
DA:37,2
DA:38,2
DA:46,2
DA:47,2
DA:49,0
DA:52,0
DA:55,8
DA:56,8
DA:58,0
DA:61,0
DA:62,0
DA:64,0
DA:66,0
LF:28
LH:18
BRDA:7,0,0,0
BRDA:7,0,1,7
BRDA:24,1,0,8
BRDA:24,1,1,0
BRDA:26,2,0,0
BRDA:26,2,1,8
BRDA:26,3,0,8
BRDA:26,3,1,0
BRDA:32,4,0,8
BRDA:32,4,1,0
BRDA:35,5,0,6
BRDA:35,5,1,2
BRDA:37,6,0,2
BRDA:37,6,1,0
BRDA:46,7,0,2
BRDA:46,7,1,0
BRDA:55,8,0,8
BRDA:55,8,1,0
BRF:18
BRH:10
end_of_record
TN:
SF:pages/400.js
FN:3,Error400
FN:15,getStaticProps
FNF:2
FNH:2
FNDA:1,Error400
FNDA:2,getStaticProps
DA:4,1
DA:5,1
DA:16,2
DA:21,2
DA:24,2
LF:5
LH:5
BRDA:4,0,0,1
BRDA:4,0,1,0
BRF:2
BRH:1
end_of_record
TN:
SF:pages/404.js
FN:3,Error404
FN:15,getStaticProps
FNF:2
FNH:2
FNDA:1,Error404
FNDA:2,getStaticProps
DA:4,1
DA:5,1
DA:16,2
DA:21,2
DA:24,2
LF:5
LH:5
BRDA:4,0,0,1
BRDA:4,0,1,0
BRF:2
BRH:1
end_of_record
TN:
SF:pages/500.js
FN:3,Error500
FN:15,getStaticProps
FNF:2
FNH:2
FNDA:1,Error500
FNDA:2,getStaticProps
DA:4,1
DA:5,1
DA:16,2
DA:21,2
DA:24,2
LF:5
LH:5
BRDA:4,0,0,1
BRDA:4,0,1,0
BRF:2
BRH:1
end_of_record
TN:
SF:pages/503.js
FN:3,Error503
FN:15,getStaticProps
FNF:2
FNH:2
FNDA:1,Error503
FNDA:2,getStaticProps
DA:4,1
DA:5,1
DA:16,2
DA:21,2
DA:24,2
LF:5
LH:5
BRDA:4,0,0,1
BRDA:4,0,1,0
BRF:2
BRH:1
end_of_record
TN:
SF:pages/_app.js
FN:6,MyApp
FNF:1
FNH:1
FNDA:1,MyApp
DA:7,1
DA:8,1
DA:10,1
DA:11,1
LF:4
LH:4
BRDA:10,0,0,0
BRDA:10,0,1,1
BRF:2
BRH:1
end_of_record
TN:
SF:pages/_document.js
FN:4,(anonymous_0)
FN:9,(anonymous_1)
FNF:2
FNH:2
FNDA:1,(anonymous_0)
FNDA:1,(anonymous_1)
DA:5,1
DA:6,1
DA:10,1
LF:3
LH:3
BRF:0
BRH:0
end_of_record
TN:
SF:pages/dashboard.js
FN:20,Dashboard
FN:56,(anonymous_1)
FN:65,fetchProgramData
FN:93,(anonymous_3)
FN:120,(anonymous_4)
FN:122,(anonymous_5)
FN:209,(anonymous_6)
FN:210,(anonymous_7)
FN:239,(anonymous_8)
FN:257,(anonymous_9)
FN:270,getServerSideProps
FNF:11
FNH:11
FNDA:40,Dashboard
FNDA:28,(anonymous_1)
FNDA:24,fetchProgramData
FNDA:32,(anonymous_3)
FNDA:24,(anonymous_4)
FNDA:4,(anonymous_5)
FNDA:32,(anonymous_6)
FNDA:4,(anonymous_7)
FNDA:480,(anonymous_8)
FNDA:160,(anonymous_9)
FNDA:2,getServerSideProps
DA:21,40
DA:22,40
DA:23,40
DA:25,40
DA:28,40
DA:30,40
DA:31,40
DA:32,40
DA:34,40
DA:35,40
DA:36,40
DA:38,40
DA:39,40
DA:40,40
DA:42,40
DA:43,40
DA:44,40
DA:46,40
DA:47,40
DA:48,40
DA:50,40
DA:51,40
DA:52,40
DA:54,40
DA:56,40
DA:57,28
DA:66,24
DA:67,24
DA:68,24
DA:69,20
DA:70,4
DA:73,4
DA:74,4
DA:77,0
DA:78,0
DA:80,24
DA:84,4
DA:85,4
DA:86,4
DA:87,4
DA:88,4
DA:89,4
DA:93,40
DA:94,32
DA:102,4
DA:111,4
DA:112,4
DA:113,4
DA:114,4
DA:115,4
DA:116,4
DA:117,4
DA:118,4
DA:120,4
DA:121,24
DA:122,4
DA:123,4
DA:125,0
DA:126,0
DA:128,0
DA:129,0
DA:131,0
DA:132,0
DA:134,0
DA:135,0
DA:137,0
DA:138,0
DA:140,0
DA:141,0
DA:143,0
DA:144,0
DA:146,4
DA:147,4
DA:153,4
DA:179,40
DA:210,32
DA:212,4
DA:213,4
DA:240,480
DA:241,0
DA:242,480
DA:243,0
DA:245,480
DA:258,160
DA:271,2
DA:273,1
DA:274,1
DA:281,1
DA:287,1
LF:89
LH:71
BRDA:21,0,0,40
BRDA:21,0,1,0
BRDA:57,1,0,4
BRDA:57,1,1,24
BRDA:58,2,0,28
BRDA:58,2,1,4
BRDA:58,2,2,4
BRDA:58,2,3,4
BRDA:58,2,4,4
BRDA:58,2,5,4
BRDA:68,3,0,20
BRDA:68,3,1,4
BRDA:69,4,0,4
BRDA:69,4,1,16
BRDA:94,5,0,4
BRDA:94,5,1,28
BRDA:95,6,0,32
BRDA:95,6,1,28
BRDA:95,6,2,12
BRDA:95,6,3,12
BRDA:95,6,4,12
BRDA:95,6,5,12
BRDA:121,7,0,4
BRDA:121,7,1,20
BRDA:123,8,0,0
BRDA:123,8,1,0
BRDA:123,8,2,0
BRDA:123,8,3,0
BRDA:123,8,4,0
BRDA:123,8,5,0
BRDA:123,8,6,0
BRDA:123,8,7,4
BRDA:191,9,0,32
BRDA:191,9,1,8
BRDA:192,10,0,40
BRDA:192,10,1,40
BRDA:194,11,0,36
BRDA:194,11,1,4
BRDA:195,12,0,40
BRDA:195,12,1,40
BRDA:197,13,0,28
BRDA:197,13,1,12
BRDA:198,14,0,40
BRDA:198,14,1,40
BRDA:200,15,0,24
BRDA:200,15,1,16
BRDA:201,16,0,40
BRDA:201,16,1,40
BRDA:202,17,0,16
BRDA:202,17,1,24
BRDA:203,18,0,40
BRDA:203,18,1,20
BRDA:205,19,0,8
BRDA:205,19,1,32
BRDA:206,20,0,40
BRDA:206,20,1,40
BRDA:208,21,0,4
BRDA:208,21,1,36
BRDA:240,22,0,0
BRDA:240,22,1,480
BRDA:240,23,0,480
BRDA:240,23,1,320
BRDA:242,24,0,0
BRDA:242,24,1,480
BRDA:242,25,0,480
BRDA:242,25,1,40
BRDA:256,26,0,40
BRDA:256,26,1,0
BRDA:271,27,0,1
BRDA:271,27,1,1
BRDA:271,28,0,2
BRDA:271,28,1,2
BRF:72
BRH:61
end_of_record
TN:
SF:pages/index.js
FN:4,Index
FN:12,getStaticProps
FNF:2
FNH:2
FNDA:2,Index
FNDA:1,getStaticProps
DA:5,2
DA:13,1
DA:18,1
DA:24,1
DA:32,2
LF:5
LH:5
BRF:0
BRH:0
end_of_record
TN:
SF:pages/profile.js
FN:11,Profile
FN:125,(anonymous_1)
FN:140,(anonymous_2)
FN:174,getServerSideProps
FNF:4
FNH:3
FNDA:1,Profile
FNDA:3,(anonymous_1)
FNDA:0,(anonymous_2)
FNDA:2,getServerSideProps
DA:12,1
DA:13,1
DA:35,1
DA:51,1
DA:73,1
DA:96,1
DA:97,1
DA:98,1
DA:100,1
DA:120,1
DA:126,3
DA:140,0
DA:175,2
DA:177,2
DA:179,2
DA:185,2
DA:192,2
LF:17
LH:16
BRDA:12,0,0,0
BRDA:12,0,1,1
BRDA:130,1,0,0
BRDA:130,1,1,3
BRDA:141,2,0,3
BRDA:141,2,1,0
BRDA:175,3,0,0
BRDA:175,3,1,2
BRDA:175,4,0,2
BRDA:175,4,1,0
BRDA:177,5,0,1
BRDA:177,5,1,1
BRF:12
BRH:7
end_of_record
TN:
SF:pages/security-settings.js
FN:8,getServerSideProps
FN:26,SecuritySettings
FNF:2
FNH:2
FNDA:2,getServerSideProps
FNDA:2,SecuritySettings
DA:9,2
DA:11,2
DA:12,2
DA:17,2
DA:23,2
DA:27,2
DA:29,2
DA:34,2
LF:8
LH:8
BRDA:9,0,0,0
BRDA:9,0,1,2
BRDA:9,1,0,2
BRDA:9,1,1,0
BRDA:11,2,0,1
BRDA:11,2,1,1
BRDA:27,3,0,1
BRDA:27,3,1,1
BRF:8
BRH:6
end_of_record
TN:
SF:pages/api/metrics.js
FN:5,handler
FNF:1
FNH:0
FNDA:0,handler
DA:3,0
DA:6,0
DA:7,0
LF:3
LH:0
BRF:0
BRH:0
end_of_record
TN:
SF:pages/api/auth/[...nextauth].js
FN:23,(anonymous_0)
FN:36,(anonymous_1)
FNF:2
FNH:0
FNDA:0,(anonymous_0)
FNDA:0,(anonymous_1)
DA:24,0
DA:37,0
DA:38,0
LF:3
LH:0
BRF:0
BRH:0
end_of_record
TN:
SF:pages/api/programData/cpp.js
FN:4,handler
FN:9,(anonymous_1)
FN:9,(anonymous_2)
FN:10,(anonymous_3)
FNF:4
FNH:4
FNDA:2,handler
FNDA:2,(anonymous_1)
FNDA:2,(anonymous_2)
FNDA:1,(anonymous_3)
DA:5,2
DA:9,2
DA:10,1
LF:3
LH:3
BRF:0
BRH:0
end_of_record
TN:
SF:pages/api/programData/cppd.js
FN:4,handler
FN:9,(anonymous_1)
FN:9,(anonymous_2)
FN:10,(anonymous_3)
FNF:4
FNH:4
FNDA:1,handler
FNDA:1,(anonymous_1)
FNDA:1,(anonymous_2)
FNDA:1,(anonymous_3)
DA:5,1
DA:9,1
DA:10,1
LF:3
LH:3
BRF:0
BRH:0
end_of_record
TN:
SF:pages/api/programData/ei.js
FN:4,handler
FN:9,(anonymous_1)
FN:9,(anonymous_2)
FN:10,(anonymous_3)
FNF:4
FNH:4
FNDA:2,handler
FNDA:2,(anonymous_1)
FNDA:2,(anonymous_2)
FNDA:1,(anonymous_3)
DA:5,2
DA:9,2
DA:10,1
LF:3
LH:3
BRF:0
BRH:0
end_of_record
TN:
SF:pages/api/programData/gis.js
FN:4,handler
FN:9,(anonymous_1)
FN:9,(anonymous_2)
FN:10,(anonymous_3)
FNF:4
FNH:4
FNDA:1,handler
FNDA:1,(anonymous_1)
FNDA:1,(anonymous_2)
FNDA:1,(anonymous_3)
DA:5,1
DA:9,1
DA:10,1
LF:3
LH:3
BRF:0
BRH:0
end_of_record
TN:
SF:pages/api/programData/oas.js
FN:4,handler
FN:9,(anonymous_1)
FN:9,(anonymous_2)
FN:10,(anonymous_3)
FNF:4
FNH:4
FNDA:1,handler
FNDA:1,(anonymous_1)
FNDA:1,(anonymous_2)
FNDA:1,(anonymous_3)
DA:5,1
DA:9,1
DA:10,1
LF:3
LH:3
BRF:0
BRH:0
end_of_record
TN:
SF:pages/api/programData/seb.js
FN:4,handler
FN:9,(anonymous_1)
FN:10,(anonymous_2)
FNF:3
FNH:3
FNDA:1,handler
FNDA:1,(anonymous_1)
FNDA:1,(anonymous_2)
DA:5,1
DA:9,1
DA:10,1
LF:3
LH:3
BRF:0
BRH:0
end_of_record
